Log file open, 11/10/19 17:43:14
LogWindows: Failed to load 'aqProf.dll' (GetLastError=126)
LogWindows: File 'aqProf.dll' does not exist
LogWindows: Failed to load 'VtuneApi.dll' (GetLastError=126)
LogWindows: File 'VtuneApi.dll' does not exist
LogWindows: Failed to load 'VtuneApi32e.dll' (GetLastError=126)
LogWindows: File 'VtuneApi32e.dll' does not exist
LogConsoleResponse: Display: Failed to find resolution value strings in scalability ini. Falling back to default.
LogInit: Display: Running engine for game: VRPong
LogPakFile: Registered encryption key '00000000000000000000000000000000': 0 pak files mounted, 0 remain pending
LogPlatformFile: Not using cached read wrapper
LogTaskGraph: Started task graph with 5 named threads and 23 total threads with 3 sets of task threads.
LogStats: Stats thread started at 0.346055
LogD3D11RHI: Loaded GFSDK_Aftermath_Lib.x64.dll
LogICUInternationalization: ICU TimeZone Detection - Raw Offset: -5:00, Platform Override: ''
LogPluginManager: Mounting plugin Paper2D
LogPluginManager: Mounting plugin AISupport
LogPluginManager: Mounting plugin LightPropagationVolume
LogPluginManager: Mounting plugin ActorLayerUtilities
LogPluginManager: Mounting plugin AnimationSharing
LogPluginManager: Mounting plugin CLionSourceCodeAccess
LogPluginManager: Mounting plugin CodeLiteSourceCodeAccess
LogPluginManager: Mounting plugin GitSourceControl
LogPluginManager: Mounting plugin KDevelopSourceCodeAccess
LogPluginManager: Mounting plugin NullSourceCodeAccess
LogPluginManager: Mounting plugin PerforceSourceControl
LogPluginManager: Mounting plugin SubversionSourceControl
LogPluginManager: Mounting plugin UObjectPlugin
LogPluginManager: Mounting plugin VisualStudioCodeSourceCodeAccess
LogPluginManager: Mounting plugin VisualStudioSourceCodeAccess
LogPluginManager: Mounting plugin XCodeSourceCodeAccess
LogPluginManager: Mounting plugin AssetManagerEditor
LogPluginManager: Mounting plugin CryptoKeys
LogPluginManager: Mounting plugin DataValidation
LogPluginManager: Mounting plugin FacialAnimation
LogPluginManager: Mounting plugin GameplayTagsEditor
LogPluginManager: Mounting plugin MacGraphicsSwitching
LogPluginManager: Mounting plugin MaterialAnalyzer
LogPluginManager: Mounting plugin MobileLauncherProfileWizard
LogPluginManager: Mounting plugin PluginBrowser
LogPluginManager: Mounting plugin SpeedTreeImporter
LogPluginManager: Mounting plugin DatasmithContent
LogPluginManager: Mounting plugin VariantManagerContent
LogPluginManager: Mounting plugin AlembicImporter
LogPluginManager: Mounting plugin AppleImageUtils
LogPluginManager: Mounting plugin AppleVision
LogPluginManager: Mounting plugin BackChannel
LogPluginManager: Mounting plugin CharacterAI
LogPluginManager: Mounting plugin GeometryCache
LogPluginManager: Mounting plugin HTML5Networking
LogPluginManager: Mounting plugin ProxyLODPlugin
LogPluginManager: Mounting plugin SkeletalReduction
LogPluginManager: Mounting plugin MagicLeap
LogPluginManager: Mounting plugin MagicLeapMedia
LogPluginManager: Mounting plugin AndroidMedia
LogPluginManager: Mounting plugin AvfMedia
LogPluginManager: Mounting plugin ImgMedia
LogPluginManager: Mounting plugin LinearTimecode
LogPluginManager: Mounting plugin MediaCompositing
LogPluginManager: Mounting plugin MediaPlayerEditor
LogPluginManager: Mounting plugin WebMMedia
LogPluginManager: Mounting plugin WmfMedia
LogPluginManager: Mounting plugin TcpMessaging
LogPluginManager: Mounting plugin UdpMessaging
LogPluginManager: Mounting plugin ActorSequence
LogPluginManager: Mounting plugin LevelSequenceEditor
LogPluginManager: Mounting plugin MatineeToLevelSequence
LogPluginManager: Mounting plugin NetcodeUnitTest
LogPluginManager: Mounting plugin NUTUnrealEngine4
LogPluginManager: Mounting plugin OnlineSubsystemGooglePlay
LogPluginManager: Mounting plugin OnlineSubsystemIOS
LogPluginManager: Mounting plugin OnlineSubsystem
LogPluginManager: Mounting plugin OnlineSubsystemNull
LogPluginManager: Mounting plugin OnlineSubsystemUtils
LogPluginManager: Mounting plugin LauncherChunkInstaller
LogPluginManager: Mounting plugin AndroidDeviceProfileSelector
LogPluginManager: Mounting plugin AndroidMoviePlayer
LogPluginManager: Mounting plugin AndroidPermission
LogPluginManager: Mounting plugin AppleMoviePlayer
LogPluginManager: Mounting plugin ArchVisCharacter
LogPluginManager: Mounting plugin AudioCapture
LogPluginManager: Mounting plugin CableComponent
LogPluginManager: Mounting plugin CustomMeshComponent
LogPluginManager: Mounting plugin EditableMesh
LogPluginManager: Mounting plugin ExampleDeviceProfileSelector
LogPluginManager: Mounting plugin Firebase
LogPluginManager: Mounting plugin GoogleCloudMessaging
LogPluginManager: Mounting plugin IOSDeviceProfileSelector
LogPluginManager: Mounting plugin LinuxDeviceProfileSelector
LogPluginManager: Mounting plugin LocationServicesBPLibrary
LogPluginManager: Mounting plugin MobilePatchingUtils
LogPluginManager: Mounting plugin OculusVR
LogPluginManager: Mounting plugin PhysXVehicles
LogPluginManager: Mounting plugin ProceduralMeshComponent
LogPluginManager: Mounting plugin RuntimePhysXCooking
LogPluginManager: Mounting plugin SignificanceManager
LogPluginManager: Mounting plugin SteamVR
LogPluginManager: Mounting plugin WebMMoviePlayer
LogPluginManager: Mounting plugin WindowsMoviePlayer
LogInit: Using libcurl 7.55.1-DEV
LogInit:  - built for x86_64-pc-win32
LogInit:  - supports SSL with OpenSSL/1.1.1
LogInit:  - supports HTTP deflate (compression) using libz 1.2.8
LogInit:  - other features:
LogInit:      CURL_VERSION_SSL
LogInit:      CURL_VERSION_LIBZ
LogInit:      CURL_VERSION_IPV6
LogInit:      CURL_VERSION_ASYNCHDNS
LogInit:      CURL_VERSION_LARGEFILE
LogInit:      CURL_VERSION_IDN
LogInit:  CurlRequestOptions (configurable via config and command line):
LogInit:  - bVerifyPeer = true  - Libcurl will verify peer certificate
LogInit:  - bUseHttpProxy = false  - Libcurl will NOT use HTTP proxy
LogInit:  - bDontReuseConnections = false  - Libcurl will reuse connections
LogInit:  - MaxHostConnections = 16  - Libcurl will limit the number of connections to a host
LogInit:  - LocalHostAddr = Default
LogInit:  - BufferSize = 65536
LogInit: WinSock: version 1.1 (2.2), MaxSocks=32767, MaxUdp=65467
LogInit: Build: ++UE4+Release-4.22-CL-7053642
LogInit: Engine Version: 4.22.3-7053642+++UE4+Release-4.22
LogInit: Compatible Engine Version: 4.22.0-5660361+++UE4+Release-4.22
LogInit: Net CL: 5660361
LogInit: OS: Windows 10 (Release 1809) (), CPU:        Intel(R) Core(TM) i7-3770K CPU @ 3.50GHz, GPU: NVIDIA GeForce GTX 670
LogInit: Compiled (64-bit): Jun 18 2019 03:09:11
LogInit: Compiled with Visual C++: 19.16.27025.01
LogInit: Build Configuration: Development
LogInit: Branch Name: ++UE4+Release-4.22
LogInit: Command Line:  -skipcompile
LogInit: Base Directory: C:/Program Files/Epic Games/UE_4.22/Engine/Binaries/Win64/
LogInit: Installed Engine Build: 1
LogDevObjectVersion: Number of dev versions registered: 23
LogDevObjectVersion:   Dev-Blueprints (B0D832E4-1F89-4F0D-ACCF-7EB736FD4AA2): 10
LogDevObjectVersion:   Dev-Build (E1C64328-A22C-4D53-A36C-8E866417BD8C): 0
LogDevObjectVersion:   Dev-Core (375EC13C-06E4-48FB-B500-84F0262A717E): 3
LogDevObjectVersion:   Dev-Editor (E4B068ED-F494-42E9-A231-DA0B2E46BB41): 30
LogDevObjectVersion:   Dev-Framework (CFFC743F-43B0-4480-9391-14DF171D2073): 35
LogDevObjectVersion:   Dev-Mobile (B02B49B5-BB20-44E9-A304-32B752E40360): 2
LogDevObjectVersion:   Dev-Networking (A4E4105C-59A1-49B5-A7C5-40C4547EDFEE): 0
LogDevObjectVersion:   Dev-Online (39C831C9-5AE6-47DC-9A44-9C173E1C8E7C): 0
LogDevObjectVersion:   Dev-Physics (78F01B33-EBEA-4F98-B9B4-84EACCB95AA2): 0
LogDevObjectVersion:   Dev-Platform (6631380F-2D4D-43E0-8009-CF276956A95A): 0
LogDevObjectVersion:   Dev-Rendering (12F88B9F-8875-4AFC-A67C-D90C383ABD29): 28
LogDevObjectVersion:   Dev-Sequencer (7B5AE74C-D270-4C10-A958-57980B212A5A): 11
LogDevObjectVersion:   Dev-VR (D7296918-1DD6-4BDD-9DE2-64A83CC13884): 2
LogDevObjectVersion:   Dev-LoadTimes (C2A15278-BFE7-4AFE-6C17-90FF531DF755): 1
LogDevObjectVersion:   Private-Geometry (6EACA3D4-40EC-4CC1-B786-8BED09428FC5): 3
LogDevObjectVersion:   Dev-AnimPhys (29E575DD-E0A3-4627-9D10-D276232CDCEA): 17
LogDevObjectVersion:   Dev-Anim (AF43A65D-7FD3-4947-9873-3E8ED9C1BB05): 2
LogDevObjectVersion:   Dev-ReflectionCapture (6B266CEC-1EC7-4B8F-A30B-E4D90942FC07): 1
LogDevObjectVersion:   Dev-Automation (0DF73D61-A23F-47EA-B727-89E90C41499A): 1
LogDevObjectVersion:   FortniteMain (601D1886-AC64-4F84-AA16-D3DE0DEAC7D6): 25
LogDevObjectVersion:   Dev-Enterprise (9DFFBCD6-494F-0158-E221-12823C92A888): 6
LogDevObjectVersion:   Dev-Niagara (F2AED0AC-9AFE-416F-8664-AA7FFA26D6FC): 1
LogDevObjectVersion:   Dev-Destruction (174F1F0B-B4C6-45A5-B13F-2EE8D0FB917D): 2
LogInit: Presizing for max 16777216 objects, including 0 objects not considered by GC, pre-allocating 0 bytes for permanent pool.
LogInit: Object subsystem initialized
LogConfig: Setting CVar [[con.DebugEarlyDefault:1]]
LogConfig: Setting CVar [[r.setres:1280x720]]
[2019.11.10-22.43.14:890][  0]LogConfig: Setting CVar [[r.VSync:0]]
[2019.11.10-22.43.14:890][  0]LogConfig: Setting CVar [[r.RHICmdBypass:0]]
[2019.11.10-22.43.14:890][  0]LogConfig: Applying CVar settings from Section [/Script/Engine.RendererSettings] File [C:/Users/rako0016/Desktop/HighLevel/Assignment 2/VRPong/Saved/Config/Windows/Engine.ini]
[2019.11.10-22.43.14:890][  0]LogConfig: Setting CVar [[r.GPUCrashDebugging:0]]
[2019.11.10-22.43.14:890][  0]LogConfig: Setting CVar [[r.DefaultFeature.AutoExposure.ExtendDefaultLuminanceRange:1]]
[2019.11.10-22.43.14:890][  0]LogConfig: Applying CVar settings from Section [/Script/Engine.RendererOverrideSettings] File [C:/Users/rako0016/Desktop/HighLevel/Assignment 2/VRPong/Saved/Config/Windows/Engine.ini]
[2019.11.10-22.43.14:890][  0]LogConfig: Applying CVar settings from Section [/Script/Engine.StreamingSettings] File [C:/Users/rako0016/Desktop/HighLevel/Assignment 2/VRPong/Saved/Config/Windows/Engine.ini]
[2019.11.10-22.43.14:890][  0]LogConfig: Setting CVar [[s.MinBulkDataSizeForAsyncLoading:131072]]
[2019.11.10-22.43.14:890][  0]LogConfig: Setting CVar [[s.AsyncLoadingThreadEnabled:0]]
[2019.11.10-22.43.14:890][  0]LogConfig: Setting CVar [[s.EventDrivenLoaderEnabled:1]]
[2019.11.10-22.43.14:890][  0]LogConfig: Setting CVar [[s.WarnIfTimeLimitExceeded:0]]
[2019.11.10-22.43.14:890][  0]LogConfig: Setting CVar [[s.TimeLimitExceededMultiplier:1.5]]
[2019.11.10-22.43.14:890][  0]LogConfig: Setting CVar [[s.TimeLimitExceededMinTime:0.005]]
[2019.11.10-22.43.14:890][  0]LogConfig: Setting CVar [[s.UseBackgroundLevelStreaming:1]]
[2019.11.10-22.43.14:890][  0]LogConfig: Setting CVar [[s.PriorityAsyncLoadingExtraTime:15.0]]
[2019.11.10-22.43.14:890][  0]LogConfig: Setting CVar [[s.LevelStreamingActorsUpdateTimeLimit:5.0]]
[2019.11.10-22.43.14:890][  0]LogConfig: Setting CVar [[s.PriorityLevelStreamingActorsUpdateExtraTime:5.0]]
[2019.11.10-22.43.14:891][  0]LogConfig: Setting CVar [[s.LevelStreamingComponentsRegistrationGranularity:10]]
[2019.11.10-22.43.14:891][  0]LogConfig: Setting CVar [[s.UnregisterComponentsTimeLimit:1.0]]
[2019.11.10-22.43.14:891][  0]LogConfig: Setting CVar [[s.LevelStreamingComponentsUnregistrationGranularity:5]]
[2019.11.10-22.43.14:891][  0]LogConfig: Applying CVar settings from Section [/Script/Engine.GarbageCollectionSettings] File [C:/Users/rako0016/Desktop/HighLevel/Assignment 2/VRPong/Saved/Config/Windows/Engine.ini]
[2019.11.10-22.43.14:891][  0]LogConfig: Setting CVar [[gc.MaxObjectsNotConsideredByGC:1]]
[2019.11.10-22.43.14:891][  0]LogConfig: Setting CVar [[gc.SizeOfPermanentObjectPool:0]]
[2019.11.10-22.43.14:891][  0]LogConfig: Setting CVar [[gc.FlushStreamingOnGC:0]]
[2019.11.10-22.43.14:891][  0]LogConfig: Setting CVar [[gc.NumRetriesBeforeForcingGC:10]]
[2019.11.10-22.43.14:891][  0]LogConfig: Setting CVar [[gc.AllowParallelGC:1]]
[2019.11.10-22.43.14:891][  0]LogConfig: Setting CVar [[gc.TimeBetweenPurgingPendingKillObjects:61.1]]
[2019.11.10-22.43.14:891][  0]LogConfig: Setting CVar [[gc.MaxObjectsInEditor:16777216]]
[2019.11.10-22.43.14:891][  0]LogConfig: Setting CVar [[gc.IncrementalBeginDestroyEnabled:1]]
[2019.11.10-22.43.14:891][  0]LogConfig: Setting CVar [[gc.CreateGCClusters:1]]
[2019.11.10-22.43.14:891][  0]LogConfig: Setting CVar [[gc.MinGCClusterSize:5]]
[2019.11.10-22.43.14:891][  0]LogConfig: Setting CVar [[gc.ActorClusteringEnabled:0]]
[2019.11.10-22.43.14:891][  0]LogConfig: Setting CVar [[gc.BlueprintClusteringEnabled:0]]
[2019.11.10-22.43.14:891][  0]LogConfig: Setting CVar [[gc.UseDisregardForGCOnDedicatedServers:0]]
[2019.11.10-22.43.14:891][  0]LogConfig: Applying CVar settings from Section [/Script/Engine.NetworkSettings] File [C:/Users/rako0016/Desktop/HighLevel/Assignment 2/VRPong/Saved/Config/Windows/Engine.ini]
[2019.11.10-22.43.14:891][  0]LogConfig: Applying CVar settings from Section [/Script/UnrealEd.CookerSettings] File [C:/Users/rako0016/Desktop/HighLevel/Assignment 2/VRPong/Saved/Config/Windows/Engine.ini]
[2019.11.10-22.43.14:903][  0]LogConfig: Applying CVar settings from Section [ViewDistanceQuality@3] File [C:/Users/rako0016/Desktop/HighLevel/Assignment 2/VRPong/Saved/Config/Windows/Scalability.ini]
[2019.11.10-22.43.14:903][  0]LogConfig: Setting CVar [[r.SkeletalMeshLODBias:0]]
[2019.11.10-22.43.14:903][  0]LogConfig: Setting CVar [[r.ViewDistanceScale:1.0]]
[2019.11.10-22.43.14:903][  0]LogConfig: Applying CVar settings from Section [AntiAliasingQuality@3] File [C:/Users/rako0016/Desktop/HighLevel/Assignment 2/VRPong/Saved/Config/Windows/Scalability.ini]
[2019.11.10-22.43.14:903][  0]LogConfig: Setting CVar [[r.PostProcessAAQuality:4]]
[2019.11.10-22.43.14:903][  0]LogConfig: Applying CVar settings from Section [ShadowQuality@3] File [C:/Users/rako0016/Desktop/HighLevel/Assignment 2/VRPong/Saved/Config/Windows/Scalability.ini]
[2019.11.10-22.43.14:903][  0]LogConfig: Setting CVar [[r.LightFunctionQuality:1]]
[2019.11.10-22.43.14:903][  0]LogConfig: Setting CVar [[r.ShadowQuality:5]]
[2019.11.10-22.43.14:903][  0]LogConfig: Setting CVar [[r.Shadow.CSM.MaxCascades:10]]
[2019.11.10-22.43.14:903][  0]LogConfig: Setting CVar [[r.Shadow.MaxResolution:2048]]
[2019.11.10-22.43.14:903][  0]LogConfig: Setting CVar [[r.Shadow.MaxCSMResolution:2048]]
[2019.11.10-22.43.14:903][  0]LogConfig: Setting CVar [[r.Shadow.RadiusThreshold:0.01]]
[2019.11.10-22.43.14:904][  0]LogConfig: Setting CVar [[r.Shadow.DistanceScale:1.0]]
[2019.11.10-22.43.14:904][  0]LogConfig: Setting CVar [[r.Shadow.CSM.TransitionScale:1.0]]
[2019.11.10-22.43.14:904][  0]LogConfig: Setting CVar [[r.Shadow.PreShadowResolutionFactor:1.0]]
[2019.11.10-22.43.14:904][  0]LogConfig: Setting CVar [[r.DistanceFieldShadowing:1]]
[2019.11.10-22.43.14:904][  0]LogConfig: Setting CVar [[r.DistanceFieldAO:1]]
[2019.11.10-22.43.14:904][  0]LogConfig: Setting CVar [[r.AOQuality:2]]
[2019.11.10-22.43.14:904][  0]LogConfig: Setting CVar [[r.VolumetricFog:1]]
[2019.11.10-22.43.14:904][  0]LogConfig: Setting CVar [[r.VolumetricFog.GridPixelSize:8]]
[2019.11.10-22.43.14:904][  0]LogConfig: Setting CVar [[r.VolumetricFog.GridSizeZ:128]]
[2019.11.10-22.43.14:904][  0]LogConfig: Setting CVar [[r.VolumetricFog.HistoryMissSupersampleCount:4]]
[2019.11.10-22.43.14:904][  0]LogConfig: Setting CVar [[r.LightMaxDrawDistanceScale:1]]
[2019.11.10-22.43.14:904][  0]LogConfig: Setting CVar [[r.CapsuleShadows:1]]
[2019.11.10-22.43.14:904][  0]LogConfig: Applying CVar settings from Section [PostProcessQuality@3] File [C:/Users/rako0016/Desktop/HighLevel/Assignment 2/VRPong/Saved/Config/Windows/Scalability.ini]
[2019.11.10-22.43.14:904][  0]LogConfig: Setting CVar [[r.MotionBlurQuality:4]]
[2019.11.10-22.43.14:904][  0]LogConfig: Setting CVar [[r.AmbientOcclusionMipLevelFactor:0.4]]
[2019.11.10-22.43.14:904][  0]LogConfig: Setting CVar [[r.AmbientOcclusionMaxQuality:100]]
[2019.11.10-22.43.14:905][  0]LogConfig: Setting CVar [[r.AmbientOcclusionLevels:-1]]
[2019.11.10-22.43.14:905][  0]LogConfig: Setting CVar [[r.AmbientOcclusionRadiusScale:1.0]]
[2019.11.10-22.43.14:905][  0]LogConfig: Setting CVar [[r.DepthOfFieldQuality:2]]
[2019.11.10-22.43.14:905][  0]LogConfig: Setting CVar [[r.RenderTargetPoolMin:400]]
[2019.11.10-22.43.14:905][  0]LogConfig: Setting CVar [[r.LensFlareQuality:2]]
[2019.11.10-22.43.14:905][  0]LogConfig: Setting CVar [[r.SceneColorFringeQuality:1]]
[2019.11.10-22.43.14:905][  0]LogConfig: Setting CVar [[r.EyeAdaptationQuality:2]]
[2019.11.10-22.43.14:905][  0]LogConfig: Setting CVar [[r.BloomQuality:5]]
[2019.11.10-22.43.14:905][  0]LogConfig: Setting CVar [[r.FastBlurThreshold:100]]
[2019.11.10-22.43.14:905][  0]LogConfig: Setting CVar [[r.Upscale.Quality:3]]
[2019.11.10-22.43.14:905][  0]LogConfig: Setting CVar [[r.Tonemapper.GrainQuantization:1]]
[2019.11.10-22.43.14:905][  0]LogConfig: Setting CVar [[r.LightShaftQuality:1]]
[2019.11.10-22.43.14:905][  0]LogConfig: Setting CVar [[r.Filter.SizeScale:1]]
[2019.11.10-22.43.14:905][  0]LogConfig: Setting CVar [[r.Tonemapper.Quality:5]]
[2019.11.10-22.43.14:905][  0]LogConfig: Setting CVar [[r.DOF.Gather.AccumulatorQuality:1        ; higher gathering accumulator quality]]
[2019.11.10-22.43.14:905][  0]LogConfig: Setting CVar [[r.DOF.Gather.PostfilterMethod:1          ; Median3x3 postfilering method]]
[2019.11.10-22.43.14:905][  0]LogConfig: Setting CVar [[r.DOF.Gather.EnableBokehSettings:0       ; no bokeh simulation when gathering]]
[2019.11.10-22.43.14:905][  0]LogConfig: Setting CVar [[r.DOF.Gather.RingCount:4                 ; medium number of samples when gathering]]
[2019.11.10-22.43.14:905][  0]LogConfig: Setting CVar [[r.DOF.Scatter.ForegroundCompositing:1    ; additive foreground scattering]]
[2019.11.10-22.43.14:906][  0]LogConfig: Setting CVar [[r.DOF.Scatter.BackgroundCompositing:2    ; additive background scattering]]
[2019.11.10-22.43.14:906][  0]LogConfig: Setting CVar [[r.DOF.Scatter.EnableBokehSettings:1      ; bokeh simulation when scattering]]
[2019.11.10-22.43.14:906][  0]LogConfig: Setting CVar [[r.DOF.Scatter.MaxSpriteRatio:0.1         ; only a maximum of 10% of scattered bokeh]]
[2019.11.10-22.43.14:906][  0]LogConfig: Setting CVar [[r.DOF.Recombine.Quality:1                ; cheap slight out of focus]]
[2019.11.10-22.43.14:906][  0]LogConfig: Setting CVar [[r.DOF.Recombine.EnableBokehSettings:0    ; no bokeh simulation on slight out of focus]]
[2019.11.10-22.43.14:906][  0]LogConfig: Setting CVar [[r.DOF.TemporalAAQuality:1                ; more stable temporal accumulation]]
[2019.11.10-22.43.14:906][  0]LogConfig: Setting CVar [[r.DOF.Kernel.MaxForegroundRadius:0.025]]
[2019.11.10-22.43.14:906][  0]LogConfig: Setting CVar [[r.DOF.Kernel.MaxBackgroundRadius:0.025]]
[2019.11.10-22.43.14:906][  0]LogConfig: Applying CVar settings from Section [TextureQuality@3] File [C:/Users/rako0016/Desktop/HighLevel/Assignment 2/VRPong/Saved/Config/Windows/Scalability.ini]
[2019.11.10-22.43.14:906][  0]LogConfig: Setting CVar [[r.Streaming.MipBias:0]]
[2019.11.10-22.43.14:906][  0]LogConfig: Setting CVar [[r.Streaming.AmortizeCPUToGPUCopy:0]]
[2019.11.10-22.43.14:906][  0]LogConfig: Setting CVar [[r.Streaming.MaxNumTexturesToStreamPerFrame:0]]
[2019.11.10-22.43.14:906][  0]LogConfig: Setting CVar [[r.Streaming.Boost:1]]
[2019.11.10-22.43.14:906][  0]LogConfig: Setting CVar [[r.MaxAnisotropy:8]]
[2019.11.10-22.43.14:906][  0]LogConfig: Setting CVar [[r.Streaming.LimitPoolSizeToVRAM:0]]
[2019.11.10-22.43.14:906][  0]LogConfig: Setting CVar [[r.Streaming.PoolSize:1000]]
[2019.11.10-22.43.14:906][  0]LogConfig: Setting CVar [[r.Streaming.MaxEffectiveScreenSize:0]]
[2019.11.10-22.43.14:906][  0]LogConfig: Applying CVar settings from Section [EffectsQuality@3] File [C:/Users/rako0016/Desktop/HighLevel/Assignment 2/VRPong/Saved/Config/Windows/Scalability.ini]
[2019.11.10-22.43.14:906][  0]LogConfig: Setting CVar [[r.TranslucencyLightingVolumeDim:64]]
[2019.11.10-22.43.14:907][  0]LogConfig: Setting CVar [[r.RefractionQuality:2]]
[2019.11.10-22.43.14:907][  0]LogConfig: Setting CVar [[r.SSR.Quality:3]]
[2019.11.10-22.43.14:907][  0]LogConfig: Setting CVar [[r.SceneColorFormat:4]]
[2019.11.10-22.43.14:907][  0]LogConfig: Setting CVar [[r.DetailMode:2]]
[2019.11.10-22.43.14:907][  0]LogConfig: Setting CVar [[r.TranslucencyVolumeBlur:1]]
[2019.11.10-22.43.14:907][  0]LogConfig: Setting CVar [[r.MaterialQualityLevel:1 ; High quality]]
[2019.11.10-22.43.14:907][  0]LogConfig: Setting CVar [[r.SSS.Scale:1]]
[2019.11.10-22.43.14:907][  0]LogConfig: Setting CVar [[r.SSS.SampleSet:2]]
[2019.11.10-22.43.14:907][  0]LogConfig: Setting CVar [[r.SSS.Quality:1]]
[2019.11.10-22.43.14:907][  0]LogConfig: Setting CVar [[r.SSS.HalfRes:1]]
[2019.11.10-22.43.14:907][  0]LogConfig: Setting CVar [[r.EmitterSpawnRateScale:1.0]]
[2019.11.10-22.43.14:907][  0]LogConfig: Setting CVar [[r.ParticleLightQuality:2]]
[2019.11.10-22.43.14:907][  0]LogConfig: Applying CVar settings from Section [FoliageQuality@3] File [C:/Users/rako0016/Desktop/HighLevel/Assignment 2/VRPong/Saved/Config/Windows/Scalability.ini]
[2019.11.10-22.43.14:907][  0]LogConfig: Setting CVar [[foliage.DensityScale:1.0]]
[2019.11.10-22.43.14:907][  0]LogConfig: Setting CVar [[grass.DensityScale:1.0]]
[2019.11.10-22.43.14:907][  0]LogInit: Selected Device Profile: [Windows]
[2019.11.10-22.43.14:907][  0]LogInit: Applying CVar settings loaded from the selected device profile: [Windows]
[2019.11.10-22.43.14:926][  0]LogHAL: Display: Platform has ~ 16 GB [17121820672 / 17179869184 / 16], which maps to Larger [LargestMinGB=32, LargerMinGB=12, DefaultMinGB=8, SmallerMinGB=6, SmallestMinGB=0)
[2019.11.10-22.43.14:926][  0]LogConfig: Setting CVar [[r.Vulkan.UseRealUBs:0		; Required until we fix HLR fall-out]]
[2019.11.10-22.43.14:926][  0]LogInit: Going up to parent DeviceProfile []
[2019.11.10-22.43.14:926][  0]LogConfig: Applying CVar settings from Section [ViewDistanceQuality@3] File [C:/Users/rako0016/Desktop/HighLevel/Assignment 2/VRPong/Saved/Config/Windows/Scalability.ini]
[2019.11.10-22.43.14:927][  0]LogConfig: Setting CVar [[r.SkeletalMeshLODBias:0]]
[2019.11.10-22.43.14:927][  0]LogConfig: Setting CVar [[r.ViewDistanceScale:1.0]]
[2019.11.10-22.43.14:927][  0]LogConfig: Applying CVar settings from Section [AntiAliasingQuality@3] File [C:/Users/rako0016/Desktop/HighLevel/Assignment 2/VRPong/Saved/Config/Windows/Scalability.ini]
[2019.11.10-22.43.14:927][  0]LogConfig: Setting CVar [[r.PostProcessAAQuality:4]]
[2019.11.10-22.43.14:927][  0]LogConfig: Applying CVar settings from Section [ShadowQuality@3] File [C:/Users/rako0016/Desktop/HighLevel/Assignment 2/VRPong/Saved/Config/Windows/Scalability.ini]
[2019.11.10-22.43.14:927][  0]LogConfig: Setting CVar [[r.LightFunctionQuality:1]]
[2019.11.10-22.43.14:927][  0]LogConfig: Setting CVar [[r.ShadowQuality:5]]
[2019.11.10-22.43.14:927][  0]LogConfig: Setting CVar [[r.Shadow.CSM.MaxCascades:10]]
[2019.11.10-22.43.14:927][  0]LogConfig: Setting CVar [[r.Shadow.MaxResolution:2048]]
[2019.11.10-22.43.14:927][  0]LogConfig: Setting CVar [[r.Shadow.MaxCSMResolution:2048]]
[2019.11.10-22.43.14:927][  0]LogConfig: Setting CVar [[r.Shadow.RadiusThreshold:0.01]]
[2019.11.10-22.43.14:927][  0]LogConfig: Setting CVar [[r.Shadow.DistanceScale:1.0]]
[2019.11.10-22.43.14:927][  0]LogConfig: Setting CVar [[r.Shadow.CSM.TransitionScale:1.0]]
[2019.11.10-22.43.14:927][  0]LogConfig: Setting CVar [[r.Shadow.PreShadowResolutionFactor:1.0]]
[2019.11.10-22.43.14:927][  0]LogConfig: Setting CVar [[r.DistanceFieldShadowing:1]]
[2019.11.10-22.43.14:927][  0]LogConfig: Setting CVar [[r.DistanceFieldAO:1]]
[2019.11.10-22.43.14:927][  0]LogConfig: Setting CVar [[r.AOQuality:2]]
[2019.11.10-22.43.14:927][  0]LogConfig: Setting CVar [[r.VolumetricFog:1]]
[2019.11.10-22.43.14:928][  0]LogConfig: Setting CVar [[r.VolumetricFog.GridPixelSize:8]]
[2019.11.10-22.43.14:928][  0]LogConfig: Setting CVar [[r.VolumetricFog.GridSizeZ:128]]
[2019.11.10-22.43.14:928][  0]LogConfig: Setting CVar [[r.VolumetricFog.HistoryMissSupersampleCount:4]]
[2019.11.10-22.43.14:928][  0]LogConfig: Setting CVar [[r.LightMaxDrawDistanceScale:1]]
[2019.11.10-22.43.14:928][  0]LogConfig: Setting CVar [[r.CapsuleShadows:1]]
[2019.11.10-22.43.14:928][  0]LogConfig: Applying CVar settings from Section [PostProcessQuality@3] File [C:/Users/rako0016/Desktop/HighLevel/Assignment 2/VRPong/Saved/Config/Windows/Scalability.ini]
[2019.11.10-22.43.14:928][  0]LogConfig: Setting CVar [[r.MotionBlurQuality:4]]
[2019.11.10-22.43.14:928][  0]LogConfig: Setting CVar [[r.AmbientOcclusionMipLevelFactor:0.4]]
[2019.11.10-22.43.14:928][  0]LogConfig: Setting CVar [[r.AmbientOcclusionMaxQuality:100]]
[2019.11.10-22.43.14:928][  0]LogConfig: Setting CVar [[r.AmbientOcclusionLevels:-1]]
[2019.11.10-22.43.14:928][  0]LogConfig: Setting CVar [[r.AmbientOcclusionRadiusScale:1.0]]
[2019.11.10-22.43.14:928][  0]LogConfig: Setting CVar [[r.DepthOfFieldQuality:2]]
[2019.11.10-22.43.14:928][  0]LogConfig: Setting CVar [[r.RenderTargetPoolMin:400]]
[2019.11.10-22.43.14:928][  0]LogConfig: Setting CVar [[r.LensFlareQuality:2]]
[2019.11.10-22.43.14:928][  0]LogConfig: Setting CVar [[r.SceneColorFringeQuality:1]]
[2019.11.10-22.43.14:928][  0]LogConfig: Setting CVar [[r.EyeAdaptationQuality:2]]
[2019.11.10-22.43.14:928][  0]LogConfig: Setting CVar [[r.BloomQuality:5]]
[2019.11.10-22.43.14:928][  0]LogConfig: Setting CVar [[r.FastBlurThreshold:100]]
[2019.11.10-22.43.14:928][  0]LogConfig: Setting CVar [[r.Upscale.Quality:3]]
[2019.11.10-22.43.14:928][  0]LogConfig: Setting CVar [[r.Tonemapper.GrainQuantization:1]]
[2019.11.10-22.43.14:929][  0]LogConfig: Setting CVar [[r.LightShaftQuality:1]]
[2019.11.10-22.43.14:929][  0]LogConfig: Setting CVar [[r.Filter.SizeScale:1]]
[2019.11.10-22.43.14:929][  0]LogConfig: Setting CVar [[r.Tonemapper.Quality:5]]
[2019.11.10-22.43.14:929][  0]LogConfig: Setting CVar [[r.DOF.Gather.AccumulatorQuality:1        ; higher gathering accumulator quality]]
[2019.11.10-22.43.14:929][  0]LogConfig: Setting CVar [[r.DOF.Gather.PostfilterMethod:1          ; Median3x3 postfilering method]]
[2019.11.10-22.43.14:929][  0]LogConfig: Setting CVar [[r.DOF.Gather.EnableBokehSettings:0       ; no bokeh simulation when gathering]]
[2019.11.10-22.43.14:929][  0]LogConfig: Setting CVar [[r.DOF.Gather.RingCount:4                 ; medium number of samples when gathering]]
[2019.11.10-22.43.14:929][  0]LogConfig: Setting CVar [[r.DOF.Scatter.ForegroundCompositing:1    ; additive foreground scattering]]
[2019.11.10-22.43.14:929][  0]LogConfig: Setting CVar [[r.DOF.Scatter.BackgroundCompositing:2    ; additive background scattering]]
[2019.11.10-22.43.14:929][  0]LogConfig: Setting CVar [[r.DOF.Scatter.EnableBokehSettings:1      ; bokeh simulation when scattering]]
[2019.11.10-22.43.14:929][  0]LogConfig: Setting CVar [[r.DOF.Scatter.MaxSpriteRatio:0.1         ; only a maximum of 10% of scattered bokeh]]
[2019.11.10-22.43.14:929][  0]LogConfig: Setting CVar [[r.DOF.Recombine.Quality:1                ; cheap slight out of focus]]
[2019.11.10-22.43.14:929][  0]LogConfig: Setting CVar [[r.DOF.Recombine.EnableBokehSettings:0    ; no bokeh simulation on slight out of focus]]
[2019.11.10-22.43.14:929][  0]LogConfig: Setting CVar [[r.DOF.TemporalAAQuality:1                ; more stable temporal accumulation]]
[2019.11.10-22.43.14:929][  0]LogConfig: Setting CVar [[r.DOF.Kernel.MaxForegroundRadius:0.025]]
[2019.11.10-22.43.14:929][  0]LogConfig: Setting CVar [[r.DOF.Kernel.MaxBackgroundRadius:0.025]]
[2019.11.10-22.43.14:929][  0]LogConfig: Applying CVar settings from Section [TextureQuality@3] File [C:/Users/rako0016/Desktop/HighLevel/Assignment 2/VRPong/Saved/Config/Windows/Scalability.ini]
[2019.11.10-22.43.14:930][  0]LogConfig: Setting CVar [[r.Streaming.MipBias:0]]
[2019.11.10-22.43.14:930][  0]LogConfig: Setting CVar [[r.Streaming.AmortizeCPUToGPUCopy:0]]
[2019.11.10-22.43.14:930][  0]LogConfig: Setting CVar [[r.Streaming.MaxNumTexturesToStreamPerFrame:0]]
[2019.11.10-22.43.14:930][  0]LogConfig: Setting CVar [[r.Streaming.Boost:1]]
[2019.11.10-22.43.14:930][  0]LogConfig: Setting CVar [[r.MaxAnisotropy:8]]
[2019.11.10-22.43.14:930][  0]LogConfig: Setting CVar [[r.Streaming.LimitPoolSizeToVRAM:0]]
[2019.11.10-22.43.14:930][  0]LogConfig: Setting CVar [[r.Streaming.PoolSize:1000]]
[2019.11.10-22.43.14:930][  0]LogConfig: Setting CVar [[r.Streaming.MaxEffectiveScreenSize:0]]
[2019.11.10-22.43.14:930][  0]LogConfig: Applying CVar settings from Section [EffectsQuality@3] File [C:/Users/rako0016/Desktop/HighLevel/Assignment 2/VRPong/Saved/Config/Windows/Scalability.ini]
[2019.11.10-22.43.14:930][  0]LogConfig: Setting CVar [[r.TranslucencyLightingVolumeDim:64]]
[2019.11.10-22.43.14:930][  0]LogConfig: Setting CVar [[r.RefractionQuality:2]]
[2019.11.10-22.43.14:930][  0]LogConfig: Setting CVar [[r.SSR.Quality:3]]
[2019.11.10-22.43.14:930][  0]LogConfig: Setting CVar [[r.SceneColorFormat:4]]
[2019.11.10-22.43.14:930][  0]LogConfig: Setting CVar [[r.DetailMode:2]]
[2019.11.10-22.43.14:930][  0]LogConfig: Setting CVar [[r.TranslucencyVolumeBlur:1]]
[2019.11.10-22.43.14:930][  0]LogConfig: Setting CVar [[r.MaterialQualityLevel:1 ; High quality]]
[2019.11.10-22.43.14:930][  0]LogConfig: Setting CVar [[r.SSS.Scale:1]]
[2019.11.10-22.43.14:930][  0]LogConfig: Setting CVar [[r.SSS.SampleSet:2]]
[2019.11.10-22.43.14:931][  0]LogConfig: Setting CVar [[r.SSS.Quality:1]]
[2019.11.10-22.43.14:931][  0]LogConfig: Setting CVar [[r.SSS.HalfRes:1]]
[2019.11.10-22.43.14:931][  0]LogConfig: Setting CVar [[r.EmitterSpawnRateScale:1.0]]
[2019.11.10-22.43.14:931][  0]LogConfig: Setting CVar [[r.ParticleLightQuality:2]]
[2019.11.10-22.43.14:931][  0]LogConfig: Applying CVar settings from Section [FoliageQuality@3] File [C:/Users/rako0016/Desktop/HighLevel/Assignment 2/VRPong/Saved/Config/Windows/Scalability.ini]
[2019.11.10-22.43.14:931][  0]LogConfig: Setting CVar [[foliage.DensityScale:1.0]]
[2019.11.10-22.43.14:931][  0]LogConfig: Setting CVar [[grass.DensityScale:1.0]]
[2019.11.10-22.43.14:931][  0]LogConfig: Applying CVar settings from Section [Startup] File [../../../Engine/Config/ConsoleVariables.ini]
[2019.11.10-22.43.14:931][  0]LogConfig: Setting CVar [[net.UseAdaptiveNetUpdateFrequency:0]]
[2019.11.10-22.43.14:931][  0]LogConfig: Setting CVar [[p.chaos.AllowCreatePhysxBodies:1]]
[2019.11.10-22.43.14:931][  0]LogConfig: Applying CVar settings from Section [ConsoleVariables] File [C:/Users/rako0016/Desktop/HighLevel/Assignment 2/VRPong/Saved/Config/Windows/Engine.ini]
[2019.11.10-22.43.14:931][  0]LogInit: Computer: WJ316-05
[2019.11.10-22.43.14:932][  0]LogInit: User: rako0016
[2019.11.10-22.43.14:932][  0]LogInit: CPU Page size=4096, Cores=4
[2019.11.10-22.43.14:932][  0]LogInit: High frequency timer resolution =10.000000 MHz
[2019.11.10-22.43.14:932][  0]LogMemory: Memory total: Physical=15.9GB (16GB approx)
[2019.11.10-22.43.14:932][  0]LogMemory: Platform Memory Stats for Windows
[2019.11.10-22.43.14:932][  0]LogMemory: Process Physical Memory: 96.39 MB used, 96.40 MB peak
[2019.11.10-22.43.14:932][  0]LogMemory: Process Virtual Memory: 90.45 MB used, 90.45 MB peak
[2019.11.10-22.43.14:932][  0]LogMemory: Physical Memory: 6811.60 MB used,  9517.04 MB free, 16328.64 MB total
[2019.11.10-22.43.14:932][  0]LogMemory: Virtual Memory: 4658.35 MB used,  134213072.00 MB free, 134217728.00 MB total
[2019.11.10-22.43.15:136][  0]LogInit: Using OS detected language (en-US).
[2019.11.10-22.43.15:136][  0]LogInit: Using OS detected locale (en-US).
[2019.11.10-22.43.15:137][  0]LogTextLocalizationManager: No specific localization for 'en-US' exists, so the 'en' localization will be used.
[2019.11.10-22.43.15:297][  0]LogInit: Setting process to per monitor DPI aware
[2019.11.10-22.43.15:357][  0]LogSlate: New Slate User Created.  User Index 0, Is Virtual User: 0
[2019.11.10-22.43.15:357][  0]LogSlate: Slate User Registered.  User Index 0, Is Virtual User: 0
[2019.11.10-22.43.15:637][  0]LogHMD: Failed to initialize OpenVR with code 110
[2019.11.10-22.43.15:637][  0]LogD3D11RHI: D3D11 adapters:
[2019.11.10-22.43.15:716][  0]LogD3D11RHI:    0. 'NVIDIA GeForce GTX 670' (Feature Level 11_0)
[2019.11.10-22.43.15:717][  0]LogD3D11RHI:       4052/0/8164 MB DedicatedVideo/DedicatedSystem/SharedSystem, Outputs:1, VendorId:0x10de
[2019.11.10-22.43.15:721][  0]LogD3D11RHI:    1. 'Microsoft Basic Render Driver' (Feature Level 11_0)
[2019.11.10-22.43.15:721][  0]LogD3D11RHI:       0/0/8164 MB DedicatedVideo/DedicatedSystem/SharedSystem, Outputs:0, VendorId:0x1414
[2019.11.10-22.43.15:722][  0]LogD3D11RHI: Chosen D3D11 Adapter: 0
[2019.11.10-22.43.15:727][  0]LogD3D11RHI: Creating new Direct3DDevice
[2019.11.10-22.43.15:727][  0]LogD3D11RHI:     GPU DeviceId: 0x1189 (for the marketing name, search the web for "GPU Device Id")
[2019.11.10-22.43.15:727][  0]LogWindows: EnumDisplayDevices:
[2019.11.10-22.43.15:727][  0]LogWindows:    0. 'NVIDIA GeForce GTX 670' (P:1 D:1)
[2019.11.10-22.43.15:727][  0]LogWindows:    1. 'NVIDIA GeForce GTX 670' (P:0 D:0)
[2019.11.10-22.43.15:728][  0]LogWindows:    2. 'NVIDIA GeForce GTX 670' (P:0 D:0)
[2019.11.10-22.43.15:728][  0]LogWindows:    3. 'NVIDIA GeForce GTX 670' (P:0 D:0)
[2019.11.10-22.43.15:728][  0]LogWindows: DebugString: FoundDriverCount:4 
[2019.11.10-22.43.15:728][  0]LogD3D11RHI:     Adapter Name: NVIDIA GeForce GTX 670
[2019.11.10-22.43.15:728][  0]LogD3D11RHI:   Driver Version: 430.86 (internal:26.21.14.3086, unified:430.86)
[2019.11.10-22.43.15:728][  0]LogD3D11RHI:      Driver Date: 5-22-2019
[2019.11.10-22.43.15:728][  0]LogRHI: Texture pool is 2836 MB (70% of 4052 MB)
[2019.11.10-22.43.15:781][  0]LogD3D11RHI: Async texture creation enabled
[2019.11.10-22.43.15:784][  0]LogRendererCore: FGlobalReadBuffer::InitRHI
[2019.11.10-22.43.15:785][  0]LogRendererCore: FGlobalReadBuffer::InitRHI
[2019.11.10-22.43.15:785][  0]LogRendererCore: FGlobalReadBuffer::InitRHI
[2019.11.10-22.43.15:799][  0]LogD3D11RHI: GPU Timing Frequency: 1000.000000 (Debug: 2 2)
[2019.11.10-22.43.16:094][  0]LogTemp: Display: Module 'AllDesktopTargetPlatform' loaded TargetPlatform 'AllDesktop'
[2019.11.10-22.43.16:112][  0]LogTemp: Display: Module 'MacClientTargetPlatform' loaded TargetPlatform 'MacClient'
[2019.11.10-22.43.16:129][  0]LogTemp: Display: Module 'MacNoEditorTargetPlatform' loaded TargetPlatform 'MacNoEditor'
[2019.11.10-22.43.16:148][  0]LogTemp: Display: Module 'MacServerTargetPlatform' loaded TargetPlatform 'MacServer'
[2019.11.10-22.43.16:166][  0]LogTemp: Display: Module 'MacTargetPlatform' loaded TargetPlatform 'Mac'
[2019.11.10-22.43.16:184][  0]LogTemp: Display: Module 'WindowsClientTargetPlatform' loaded TargetPlatform 'WindowsClient'
[2019.11.10-22.43.16:202][  0]LogTemp: Display: Module 'WindowsNoEditorTargetPlatform' loaded TargetPlatform 'WindowsNoEditor'
[2019.11.10-22.43.16:221][  0]LogTemp: Display: Module 'WindowsServerTargetPlatform' loaded TargetPlatform 'WindowsServer'
[2019.11.10-22.43.16:234][  0]LogTemp: Display: Module 'WindowsTargetPlatform' loaded TargetPlatform 'Windows'
[2019.11.10-22.43.16:327][  0]LogTemp: Display: Module 'AndroidTargetPlatform' loaded TargetPlatform 'Android'
[2019.11.10-22.43.16:328][  0]LogTemp: Display: Module 'AndroidTargetPlatform' loaded TargetPlatform 'Android_ASTC'
[2019.11.10-22.43.16:328][  0]LogTemp: Display: Module 'AndroidTargetPlatform' loaded TargetPlatform 'Android_ATC'
[2019.11.10-22.43.16:328][  0]LogTemp: Display: Module 'AndroidTargetPlatform' loaded TargetPlatform 'Android_DXT'
[2019.11.10-22.43.16:328][  0]LogTemp: Display: Module 'AndroidTargetPlatform' loaded TargetPlatform 'Android_ETC1'
[2019.11.10-22.43.16:328][  0]LogTemp: Display: Module 'AndroidTargetPlatform' loaded TargetPlatform 'Android_ETC1a'
[2019.11.10-22.43.16:328][  0]LogTemp: Display: Module 'AndroidTargetPlatform' loaded TargetPlatform 'Android_ETC2'
[2019.11.10-22.43.16:328][  0]LogTemp: Display: Module 'AndroidTargetPlatform' loaded TargetPlatform 'Android_PVRTC'
[2019.11.10-22.43.16:328][  0]LogTemp: Display: Module 'AndroidTargetPlatform' loaded TargetPlatform 'AndroidClient'
[2019.11.10-22.43.16:328][  0]LogTemp: Display: Module 'AndroidTargetPlatform' loaded TargetPlatform 'Android_ASTCClient'
[2019.11.10-22.43.16:328][  0]LogTemp: Display: Module 'AndroidTargetPlatform' loaded TargetPlatform 'Android_ATCClient'
[2019.11.10-22.43.16:328][  0]LogTemp: Display: Module 'AndroidTargetPlatform' loaded TargetPlatform 'Android_DXTClient'
[2019.11.10-22.43.16:328][  0]LogTemp: Display: Module 'AndroidTargetPlatform' loaded TargetPlatform 'Android_ETC1Client'
[2019.11.10-22.43.16:328][  0]LogTemp: Display: Module 'AndroidTargetPlatform' loaded TargetPlatform 'Android_ETC1aClient'
[2019.11.10-22.43.16:328][  0]LogTemp: Display: Module 'AndroidTargetPlatform' loaded TargetPlatform 'Android_ETC2Client'
[2019.11.10-22.43.16:329][  0]LogTemp: Display: Module 'AndroidTargetPlatform' loaded TargetPlatform 'Android_PVRTCClient'
[2019.11.10-22.43.16:329][  0]LogTemp: Display: Module 'AndroidTargetPlatform' loaded TargetPlatform 'Android_Multi'
[2019.11.10-22.43.16:329][  0]LogTemp: Display: Module 'AndroidTargetPlatform' loaded TargetPlatform 'Android_MultiClient'
[2019.11.10-22.43.16:332][  0]LogTemp: Display: Module 'HTML5TargetPlatform' loaded TargetPlatform 'HTML5'
[2019.11.10-22.43.16:395][  0]LogTemp: Display: Module 'IOSTargetPlatform' loaded TargetPlatform 'IOSClient'
[2019.11.10-22.43.16:395][  0]LogTemp: Display: Module 'IOSTargetPlatform' loaded TargetPlatform 'IOS'
[2019.11.10-22.43.16:426][  0]LogTemp: Display: Module 'TVOSTargetPlatform' loaded TargetPlatform 'TVOSClient'
[2019.11.10-22.43.16:426][  0]LogTemp: Display: Module 'TVOSTargetPlatform' loaded TargetPlatform 'TVOS'
[2019.11.10-22.43.16:443][  0]LogTemp: Display: Module 'LinuxClientTargetPlatform' loaded TargetPlatform 'LinuxClient'
[2019.11.10-22.43.16:460][  0]LogTemp: Display: Module 'LinuxNoEditorTargetPlatform' loaded TargetPlatform 'LinuxNoEditor'
[2019.11.10-22.43.16:478][  0]LogTemp: Display: Module 'LinuxServerTargetPlatform' loaded TargetPlatform 'LinuxServer'
[2019.11.10-22.43.16:495][  0]LogTemp: Display: Module 'LinuxTargetPlatform' loaded TargetPlatform 'Linux'
[2019.11.10-22.43.16:546][  0]LogTemp: Display: Module 'LuminTargetPlatform' loaded TargetPlatform 'Lumin'
[2019.11.10-22.43.16:546][  0]LogTemp: Display: Module 'LuminTargetPlatform' loaded TargetPlatform 'LuminClient'
[2019.11.10-22.43.16:546][  0]LogTargetPlatformManager: Display: Building Assets For Windows
[2019.11.10-22.43.16:570][  0]LogAudioDebug: Display: Lib vorbis DLL was dynamically loaded.
[2019.11.10-22.43.16:669][  0]LogShaderCompilers: Guid format shader working directory is -22 characters bigger than the processId version (../../../../../../Users/rako0016/Desktop/HighLevel/Assignment 2/VRPong/Intermediate/Shaders/WorkingDirectory/11780/).
[2019.11.10-22.43.16:669][  0]LogShaderCompilers: Cleaned the shader compiler working directory 'C:/Users/rako0016/AppData/Local/Temp/UnrealShaderWorkingDir/979ED45348F847EAEB3BE18712E25264/'.
[2019.11.10-22.43.16:672][  0]LogXGEController: Cleaning working directory: C:/Users/rako0016/AppData/Local/Temp/UnrealXGEWorkingDir/
[2019.11.10-22.43.16:672][  0]LogXGEController: Cannot use XGE Controller as Incredibuild is not installed on this machine.
[2019.11.10-22.43.16:672][  0]LogShaderCompilers: Cannot use XGE Shader Compiler as Incredibuild is not installed on this machine.
[2019.11.10-22.43.16:673][  0]LogShaderCompilers: Display: Using Local Shader Compiler.
[2019.11.10-22.43.17:337][  0]LogDerivedDataCache: Display: Max Cache Size: 512 MB
[2019.11.10-22.43.17:384][  0]LogDerivedDataCache: Loaded boot cache 0.05s 71MB C:/Users/rako0016/AppData/Local/UnrealEngine/4.22/DerivedDataCache/Boot.ddc.
[2019.11.10-22.43.17:385][  0]LogDerivedDataCache: Display: Loaded Boot cache: C:/Users/rako0016/AppData/Local/UnrealEngine/4.22/DerivedDataCache/Boot.ddc
[2019.11.10-22.43.17:385][  0]LogDerivedDataCache: FDerivedDataBackendGraph:  Pak pak cache file ../../../../../../Users/rako0016/Desktop/HighLevel/Assignment 2/VRPong/DerivedDataCache/DDC.ddp not found, will not use a pak cache.
[2019.11.10-22.43.17:385][  0]LogDerivedDataCache: Unable to find inner node Pak for hierarchical cache Hierarchy.
[2019.11.10-22.43.17:385][  0]LogDerivedDataCache: FDerivedDataBackendGraph:  CompressedPak pak cache file ../../../../../../Users/rako0016/Desktop/HighLevel/Assignment 2/VRPong/DerivedDataCache/Compressed.ddp not found, will not use a pak cache.
[2019.11.10-22.43.17:385][  0]LogDerivedDataCache: Unable to find inner node CompressedPak for hierarchical cache Hierarchy.
[2019.11.10-22.43.17:397][  0]LogDerivedDataCache: Display: Pak cache opened for reading ../../../Engine/DerivedDataCache/Compressed.ddp.
[2019.11.10-22.43.17:397][  0]LogDerivedDataCache: FDerivedDataBackendGraph:  EnterprisePak pak cache file ../../../Enterprise/DerivedDataCache/Compressed.ddp not found, will not use a pak cache.
[2019.11.10-22.43.17:397][  0]LogDerivedDataCache: Unable to find inner node EnterprisePak for hierarchical cache Hierarchy.
[2019.11.10-22.43.17:410][  0]LogDerivedDataCache: Using Local data cache path C:/Users/rako0016/AppData/Local/UnrealEngine/Common/DerivedDataCache: Writable
[2019.11.10-22.43.17:410][  0]LogDerivedDataCache: Shared data cache path not found in *engine.ini, will not use an Shared cache.
[2019.11.10-22.43.17:410][  0]LogDerivedDataCache: Unable to find inner node Shared for hierarchical cache Hierarchy.
[2019.11.10-22.43.17:436][  0]LogMaterial: Verifying Global Shaders for PCD3D_SM5
[2019.11.10-22.43.17:438][  0]LogSlate: Using FreeType 2.6.0
[2019.11.10-22.43.17:439][  0]LogSlate: SlateFontServices - WITH_FREETYPE: 1, WITH_HARFBUZZ: 1
[2019.11.10-22.43.17:550][  0]LogAssetRegistry: FAssetRegistry took 0.0362 seconds to start up
[2019.11.10-22.43.17:921][  0]LogInit: Selected Device Profile: [Windows]
[2019.11.10-22.43.18:090][  0]LogMeshReduction: Using QuadricMeshReduction for automatic static mesh reduction
[2019.11.10-22.43.18:090][  0]LogMeshReduction: Using SimplygonMeshReduction for automatic skeletal mesh reduction
[2019.11.10-22.43.18:090][  0]LogMeshReduction: Using ProxyLODMeshReduction for automatic mesh merging
[2019.11.10-22.43.18:090][  0]LogMeshReduction: No distributed automatic mesh merging module available
[2019.11.10-22.43.18:090][  0]LogMeshMerging: No distributed automatic mesh merging module available
[2019.11.10-22.43.18:102][  0]LogNetVersion: VRPong 1.0.0, NetCL: 5660361, EngineNetVer: 10, GameNetVer: 0 (Checksum: 3296189037)
[2019.11.10-22.43.18:519][  0]LogPackageLocalizationCache: Processed 10 localized package path(s) for 1 prioritized culture(s) in 0.043827 seconds
[2019.11.10-22.43.18:527][  0]LogUObjectArray: 42205 objects as part of root set at end of initial load.
[2019.11.10-22.43.18:527][  0]LogUObjectAllocator: 7325032 out of 0 bytes used by permanent object pool.
[2019.11.10-22.43.18:527][  0]LogUObjectArray: CloseDisregardForGC: 0/0 objects in disregard for GC pool
[2019.11.10-22.43.19:767][  0]LogTcpMessaging: Initializing TcpMessaging bridge
[2019.11.10-22.43.19:784][  0]LogUdpMessaging: Initializing bridge on interface 0.0.0.0:0 to multicast group 230.0.0.1:6666.
[2019.11.10-22.43.19:945][  0]SourceControl: Source control is disabled
[2019.11.10-22.43.19:946][  0]SourceControl: Source control is disabled
[2019.11.10-22.43.19:949][  0]SourceControl: Source control is disabled
[2019.11.10-22.43.19:952][  0]SourceControl: Source control is disabled
[2019.11.10-22.43.20:117][  0]LogAndroidPermission: UAndroidPermissionCallbackProxy::GetInstance
[2019.11.10-22.43.20:257][  0]LogOcInput: OculusInput pre-init called
[2019.11.10-22.43.21:200][  0]LogEngine: Initializing Engine...
[2019.11.10-22.43.21:201][  0]LogHMD: Failed to initialize OpenVR with code 110
[2019.11.10-22.43.21:202][  0]LogStats: UGameplayTagsManager::InitializeManager -  0.000 s
[2019.11.10-22.43.21:421][  0]LogInit: Initializing FReadOnlyCVARCache
[2019.11.10-22.43.21:438][  0]LogAIModule: Creating AISystem for world Untitled
[2019.11.10-22.43.21:457][  0]LogInit: XAudio2 using 'Realtek Digital Output(Optical) (Realtek High Definition Audio)' : 2 channels at 48 kHz using 16 bits per sample (channel mask 0x3)
[2019.11.10-22.43.21:488][  0]LogInit: FAudioDevice initialized.
[2019.11.10-22.43.21:488][  0]LogNetVersion: Set ProjectVersion to 1.0.0.0. Version Checksum will be recalculated on next use.
[2019.11.10-22.43.21:572][  0]LogDerivedDataCache: Saved boot cache 0.09s 71MB C:/Users/rako0016/AppData/Local/UnrealEngine/4.22/DerivedDataCache/Boot.ddc.
[2019.11.10-22.43.21:579][  0]LogInit: Texture streaming: Enabled
[2019.11.10-22.43.21:606][  0]LogEngineSessionManager: EngineSessionManager initialized
[2019.11.10-22.43.21:606][  0]LogEngineSessionManager: EngineSessionManager sent abnormal shutdown report. Type=Debugger, SessionId={7C53F673-44AB-2698-DD01-A4B925475CEE}
[2019.11.10-22.43.21:606][  0]LogEngineSessionManager: EngineSessionManager sent abnormal shutdown report. Type=Debugger, SessionId={DC2879ED-435F-7634-04E8-B9A5B96DFC1C}
[2019.11.10-22.43.21:626][  0]LogInit: Transaction tracking system initialized
[2019.11.10-22.43.21:662][  0]BlueprintLog: New page: Editor Load
[2019.11.10-22.43.21:799][  0]LocalizationService: Localization service is disabled
[2019.11.10-22.43.22:129][  0]LogFileCache: Scanning file cache for directory 'C:/Users/rako0016/Desktop/HighLevel/Assignment 2/VRPong/Content/' took 0.01s
[2019.11.10-22.43.22:130][  0]LogCook: Display: Max memory allowance for cook 16384mb min free memory 0mb
[2019.11.10-22.43.22:130][  0]LogCook: Display: Mobile HDR setting 1
[2019.11.10-22.43.22:407][  0]SourceControl: Source control is disabled
[2019.11.10-22.43.22:407][  0]Cmd: MAP LOAD FILE="../../../../../../Users/rako0016/Desktop/HighLevel/Assignment 2/VRPong/Content/Maps/Pong.umap" TEMPLATE=0 SHOWPROGRESS=1 FEATURELEVEL=3
[2019.11.10-22.43.22:408][  0]LightingResults: New page: Lighting Build
[2019.11.10-22.43.22:410][  0]MapCheck: New page: Map Check
[2019.11.10-22.43.22:410][  0]LightingResults: New page: Lighting Build
[2019.11.10-22.43.22:433][  0]LogUObjectHash: Compacting FUObjectHashTables data took   1.71ms
[2019.11.10-22.43.22:485][  0]LogAIModule: Creating AISystem for world Pong
[2019.11.10-22.43.22:489][  0]LogEditorServer: Finished looking for orphan Actors (0.000 secs)
[2019.11.10-22.43.22:516][  0]LogUObjectHash: Compacting FUObjectHashTables data took   1.64ms
[2019.11.10-22.43.22:517][  0]Cmd: MAP CHECKDEP NOCLEARLOG
[2019.11.10-22.43.22:517][  0]MapCheck: Map check complete: 0 Error(s), 0 Warning(s), took 0.106ms to complete.
[2019.11.10-22.43.22:517][  0]LogFileHelpers: Loading map 'Pong' took 0.110
[2019.11.10-22.43.22:624][  0]LogSlate: Updating window title bar state: overlay mode, drag disabled, window buttons hidden, title bar hidden
[2019.11.10-22.43.22:634][  0]LogSlate: Updating window title bar state: overlay mode, drag disabled, window buttons hidden, title bar hidden
[2019.11.10-22.43.22:643][  0]LogSlate: Updating window title bar state: overlay mode, drag disabled, window buttons hidden, title bar hidden
[2019.11.10-22.43.22:651][  0]LogSlate: Updating window title bar state: overlay mode, drag disabled, window buttons hidden, title bar hidden
[2019.11.10-22.43.22:659][  0]LogCollectionManager: Loaded 0 collections in 0.001611 seconds
[2019.11.10-22.43.22:691][  0]LogFileCache: Scanning file cache for directory 'C:/Users/rako0016/Desktop/HighLevel/Assignment 2/VRPong/Saved/Collections/' took 0.01s
[2019.11.10-22.43.22:691][  0]LogFileCache: Scanning file cache for directory 'C:/Users/rako0016/Desktop/HighLevel/Assignment 2/VRPong/Content/Developers/rako0016/Collections/' took 0.00s
[2019.11.10-22.43.22:691][  0]LogFileCache: Scanning file cache for directory 'C:/Users/rako0016/Desktop/HighLevel/Assignment 2/VRPong/Content/Collections/' took 0.01s
[2019.11.10-22.43.22:691][  0]LogCollectionManager: Rebuilt the GUID cache for 0 collections in 0.000000 seconds
[2019.11.10-22.43.22:702][  0]LogContentBrowser: Native class hierarchy populated in 0.0110 seconds. Added 2737 classes and 662 folders.
[2019.11.10-22.43.22:709][  0]LogContentBrowser: Native class hierarchy updated for 'WidgetCarousel' in 0.0003 seconds. Added 0 classes and 0 folders.
[2019.11.10-22.43.22:712][  0]LogPakFile: Registered encryption key '00000000000000000000000000000000': 0 pak files mounted, 0 remain pending
[2019.11.10-22.43.22:712][  0]LogPakFile: Registered encryption key '00000000000000000000000000000000': 0 pak files mounted, 0 remain pending
[2019.11.10-22.43.22:713][  0]LogPakFile: Registered encryption key '00000000000000000000000000000000': 0 pak files mounted, 0 remain pending
[2019.11.10-22.43.22:713][  0]LogPakFile: Registered encryption key '00000000000000000000000000000000': 0 pak files mounted, 0 remain pending
[2019.11.10-22.43.22:714][  0]LogPakFile: Registered encryption key '00000000000000000000000000000000': 0 pak files mounted, 0 remain pending
[2019.11.10-22.43.22:715][  0]LogPakFile: Registered encryption key '00000000000000000000000000000000': 0 pak files mounted, 0 remain pending
[2019.11.10-22.43.22:715][  0]LogPakFile: Registered encryption key '00000000000000000000000000000000': 0 pak files mounted, 0 remain pending
[2019.11.10-22.43.22:716][  0]LogPakFile: Registered encryption key '00000000000000000000000000000000': 0 pak files mounted, 0 remain pending
[2019.11.10-22.43.22:716][  0]LogPakFile: Registered encryption key '00000000000000000000000000000000': 0 pak files mounted, 0 remain pending
[2019.11.10-22.43.22:717][  0]LogPakFile: Registered encryption key '00000000000000000000000000000000': 0 pak files mounted, 0 remain pending
[2019.11.10-22.43.22:717][  0]LogPakFile: Registered encryption key '00000000000000000000000000000000': 0 pak files mounted, 0 remain pending
[2019.11.10-22.43.22:718][  0]LogPakFile: Registered encryption key '00000000000000000000000000000000': 0 pak files mounted, 0 remain pending
[2019.11.10-22.43.22:718][  0]LogPakFile: Registered encryption key '00000000000000000000000000000000': 0 pak files mounted, 0 remain pending
[2019.11.10-22.43.22:719][  0]LogPakFile: Registered encryption key '00000000000000000000000000000000': 0 pak files mounted, 0 remain pending
[2019.11.10-22.43.22:720][  0]LogPakFile: Registered encryption key '00000000000000000000000000000000': 0 pak files mounted, 0 remain pending
[2019.11.10-22.43.22:720][  0]LogPakFile: Registered encryption key '00000000000000000000000000000000': 0 pak files mounted, 0 remain pending
[2019.11.10-22.43.22:721][  0]LogPakFile: Registered encryption key '00000000000000000000000000000000': 0 pak files mounted, 0 remain pending
[2019.11.10-22.43.22:721][  0]LogPakFile: Registered encryption key '00000000000000000000000000000000': 0 pak files mounted, 0 remain pending
[2019.11.10-22.43.22:722][  0]LogPakFile: Registered encryption key '00000000000000000000000000000000': 0 pak files mounted, 0 remain pending
[2019.11.10-22.43.22:722][  0]LogPakFile: Registered encryption key '00000000000000000000000000000000': 0 pak files mounted, 0 remain pending
[2019.11.10-22.43.22:723][  0]LogPakFile: Registered encryption key '00000000000000000000000000000000': 0 pak files mounted, 0 remain pending
[2019.11.10-22.43.22:723][  0]LogPakFile: Registered encryption key '00000000000000000000000000000000': 0 pak files mounted, 0 remain pending
[2019.11.10-22.43.22:724][  0]LogPakFile: Registered encryption key '00000000000000000000000000000000': 0 pak files mounted, 0 remain pending
[2019.11.10-22.43.22:725][  0]LogPakFile: Registered encryption key '00000000000000000000000000000000': 0 pak files mounted, 0 remain pending
[2019.11.10-22.43.22:725][  0]LogPakFile: Registered encryption key '00000000000000000000000000000000': 0 pak files mounted, 0 remain pending
[2019.11.10-22.43.22:726][  0]LogPakFile: Registered encryption key '00000000000000000000000000000000': 0 pak files mounted, 0 remain pending
[2019.11.10-22.43.22:758][  0]LogContentBrowser: Native class hierarchy updated for 'AddContentDialog' in 0.0004 seconds. Added 0 classes and 0 folders.
[2019.11.10-22.43.22:764][  0]LogContentBrowser: Native class hierarchy updated for 'SceneOutliner' in 0.0005 seconds. Added 1 classes and 2 folders.
[2019.11.10-22.43.22:778][  0]LogSlate: Took 0.000438 seconds to synchronously load lazily loaded font '../../../Engine/Content/Slate/Fonts/Roboto-Regular.ttf' (155K)
[2019.11.10-22.43.22:781][  0]LogSlate: Took 0.000385 seconds to synchronously load lazily loaded font '../../../Engine/Content/Slate/Fonts/Roboto-Bold.ttf' (160K)
[2019.11.10-22.43.22:787][  0]LogSlate: Took 0.000416 seconds to synchronously load lazily loaded font '../../../Engine/Content/Editor/Slate/Fonts/FontAwesome.ttf' (139K)
[2019.11.10-22.43.22:853][  0]LogRenderer: Reallocating scene render targets to support 1208x572 Format 10 NumSamples 1 (Frame:1).
[2019.11.10-22.43.22:960][  0]LogContentBrowser: Native class hierarchy updated for 'HierarchicalLODOutliner' in 0.0004 seconds. Added 0 classes and 0 folders.
[2019.11.10-22.43.22:960][  0]LogLoad: (Engine Initialization) Total time: 9.95 seconds
[2019.11.10-22.43.22:961][  0]LogLoad: (Engine Initialization) Total Blueprint compile time: 0.00 seconds
[2019.11.10-22.43.22:995][  0]LogAssetRegistry: Asset discovery search completed in 5.4696 seconds
[2019.11.10-22.43.22:998][  0]LogCollectionManager: Rebuilt the object cache for 0 collections in 0.000001 seconds (found 0 objects)
[2019.11.10-22.43.22:998][  0]LogCollectionManager: Fixed up redirectors for 0 collections in 0.000129 seconds (updated 0 objects)
[2019.11.10-22.43.23:000][  0]LogContentStreaming: Texture pool size now 1000 MB
[2019.11.10-22.43.23:030][  0]LogSlate: Took 0.000451 seconds to synchronously load lazily loaded font '../../../Engine/Content/Slate/Fonts/Roboto-Light.ttf' (167K)
[2019.11.10-22.43.29:757][803]LogSlate: FSceneViewport::OnFocusLost() reason 0
[2019.11.10-22.43.32:715][ 47]LogSlate: Only BGRA pngs, bmps or icos are supported in by External Image Picker
[2019.11.10-22.43.42:840][235]LogSlate: Window 'Project Settings' being destroyed
[2019.11.10-22.43.42:843][235]LogSlate: Window 'Project Settings' being destroyed
[2019.11.10-22.43.56:031][797]LogTemp: Repeating last play command: Selected Viewport
[2019.11.10-22.43.56:047][797]LogBlueprintUserMessages: Early PlayInEditor Detection: Level '/Game/Maps/Pong.Pong:PersistentLevel' has LevelScriptBlueprint '/Game/Maps/Pong.Pong:PersistentLevel.Pong' with GeneratedClass '/Game/Maps/Pong.Pong_C' with ClassGeneratedBy '/Game/Maps/Pong.Pong:PersistentLevel.Pong'
[2019.11.10-22.43.56:047][797]LogPlayLevel: PlayLevel: No blueprints needed recompiling
[2019.11.10-22.43.56:047][797]PIE: New page: PIE session: Pong (Nov 10, 2019, 12:43:56 PM)
[2019.11.10-22.43.56:061][797]LogPlayLevel: Creating play world package: /Game/Maps/UEDPIE_0_Pong
[2019.11.10-22.43.56:063][797]LogPlayLevel: PIE: StaticDuplicateObject took: (0.001819s)
[2019.11.10-22.43.56:064][797]LogAIModule: Creating AISystem for world Pong
[2019.11.10-22.43.56:064][797]LogPlayLevel: PIE: World Init took: (0.000941s)
[2019.11.10-22.43.56:064][797]LogPlayLevel: PIE: Created PIE world by copying editor world from /Game/Maps/Pong.Pong to /Game/Maps/UEDPIE_0_Pong.Pong (0.003202s)
[2019.11.10-22.43.56:088][797]LogUObjectHash: Compacting FUObjectHashTables data took   2.01ms
[2019.11.10-22.43.56:105][797]LogInit: XAudio2 using 'Realtek Digital Output(Optical) (Realtek High Definition Audio)' : 2 channels at 48 kHz using 16 bits per sample (channel mask 0x3)
[2019.11.10-22.43.56:121][797]LogInit: FAudioDevice initialized.
[2019.11.10-22.43.56:170][797]LogLoad: Game class is 'BP_VRPongGameModeBase_C'
[2019.11.10-22.43.56:172][797]LogWorld: Bringing World /Game/Maps/UEDPIE_0_Pong.Pong up for play (max tick rate 0) at 2019.11.10-17.43.56
[2019.11.10-22.43.56:175][797]LogWorld: Bringing up level for play took: 0.003542
[2019.11.10-22.43.56:194][797]LogContentBrowser: Native class hierarchy updated for 'MovieSceneCapture' in 0.0005 seconds. Added 20 classes and 0 folders.
[2019.11.10-22.43.56:194][797]PIE: Play in editor start time for /Game/Maps/UEDPIE_0_Pong 0.433
[2019.11.10-22.43.56:195][797]LogBlueprintUserMessages: Late PlayInEditor Detection: Level '/Game/Maps/Pong.Pong:PersistentLevel' has LevelScriptBlueprint '/Game/Maps/Pong.Pong:PersistentLevel.Pong' with GeneratedClass '/Game/Maps/Pong.Pong_C' with ClassGeneratedBy '/Game/Maps/Pong.Pong:PersistentLevel.Pong'
[2019.11.10-22.44.07:441][145]LogBlueprintUserMessages: Early EndPlayMap Detection: Level '/Game/Maps/Pong.Pong:PersistentLevel' has LevelScriptBlueprint '/Game/Maps/Pong.Pong:PersistentLevel.Pong' with GeneratedClass '/Game/Maps/Pong.Pong_C' with ClassGeneratedBy '/Game/Maps/Pong.Pong:PersistentLevel.Pong'
[2019.11.10-22.44.07:442][145]LogSlate: Updating window title bar state: overlay mode, drag disabled, window buttons hidden, title bar hidden
[2019.11.10-22.44.07:478][145]LogPlayLevel: Display: Shutting down PIE online subsystems
[2019.11.10-22.44.07:478][145]LogBlueprintUserMessages: Late EndPlayMap Detection: Level '/Game/Maps/Pong.Pong:PersistentLevel' has LevelScriptBlueprint '/Game/Maps/Pong.Pong:PersistentLevel.Pong' with GeneratedClass '/Game/Maps/Pong.Pong_C' with ClassGeneratedBy '/Game/Maps/Pong.Pong:PersistentLevel.Pong'
[2019.11.10-22.44.07:504][145]LogSlate: Updating window title bar state: overlay mode, drag disabled, window buttons hidden, title bar hidden
[2019.11.10-22.44.07:508][145]LogUObjectHash: Compacting FUObjectHashTables data took   1.79ms
[2019.11.10-22.44.07:543][149]LogPlayLevel: Display: Destroying online subsystem :Context_2
[2019.11.10-22.44.12:698][722]LogEditorViewport: Clicking on Actor (LMB): BP_Board_C (BP_Board)
[2019.11.10-22.44.13:521][800]LogEditorViewport: Clicking on Actor (LMB): BP_Paddle_C (BP_Paddle)
[2019.11.10-22.44.15:472][ 22]LogSlate: FSceneViewport::OnFocusLost() reason 0
[2019.11.10-22.44.15:521][ 28]LogTemp: Repeating last play command: Selected Viewport
[2019.11.10-22.44.15:532][ 28]LogBlueprintUserMessages: Early PlayInEditor Detection: Level '/Game/Maps/Pong.Pong:PersistentLevel' has LevelScriptBlueprint '/Game/Maps/Pong.Pong:PersistentLevel.Pong' with GeneratedClass '/Game/Maps/Pong.Pong_C' with ClassGeneratedBy '/Game/Maps/Pong.Pong:PersistentLevel.Pong'
[2019.11.10-22.44.15:533][ 28]LogPlayLevel: PlayLevel: No blueprints needed recompiling
[2019.11.10-22.44.15:533][ 28]PIE: New page: PIE session: Pong (Nov 10, 2019, 12:44:15 PM)
[2019.11.10-22.44.15:533][ 28]LogPlayLevel: Creating play world package: /Game/Maps/UEDPIE_0_Pong
[2019.11.10-22.44.15:535][ 28]LogPlayLevel: PIE: StaticDuplicateObject took: (0.001756s)
[2019.11.10-22.44.15:536][ 28]LogAIModule: Creating AISystem for world Pong
[2019.11.10-22.44.15:536][ 28]LogPlayLevel: PIE: World Init took: (0.000663s)
[2019.11.10-22.44.15:536][ 28]LogPlayLevel: PIE: Created PIE world by copying editor world from /Game/Maps/Pong.Pong to /Game/Maps/UEDPIE_0_Pong.Pong (0.002904s)
[2019.11.10-22.44.15:559][ 28]LogUObjectHash: Compacting FUObjectHashTables data took   1.34ms
[2019.11.10-22.44.15:575][ 28]LogInit: XAudio2 using 'Realtek Digital Output(Optical) (Realtek High Definition Audio)' : 2 channels at 48 kHz using 16 bits per sample (channel mask 0x3)
[2019.11.10-22.44.15:590][ 28]LogInit: FAudioDevice initialized.
[2019.11.10-22.44.15:620][ 28]LogLoad: Game class is 'BP_VRPongGameModeBase_C'
[2019.11.10-22.44.15:622][ 28]LogWorld: Bringing World /Game/Maps/UEDPIE_0_Pong.Pong up for play (max tick rate 0) at 2019.11.10-17.44.15
[2019.11.10-22.44.15:622][ 28]LogWorld: Bringing up level for play took: 0.001018
[2019.11.10-22.44.15:635][ 28]PIE: Play in editor start time for /Game/Maps/UEDPIE_0_Pong -0.125
[2019.11.10-22.44.15:635][ 28]LogBlueprintUserMessages: Late PlayInEditor Detection: Level '/Game/Maps/Pong.Pong:PersistentLevel' has LevelScriptBlueprint '/Game/Maps/Pong.Pong:PersistentLevel.Pong' with GeneratedClass '/Game/Maps/Pong.Pong_C' with ClassGeneratedBy '/Game/Maps/Pong.Pong:PersistentLevel.Pong'
[2019.11.10-22.44.18:907][420]LogBlueprintUserMessages: Early EndPlayMap Detection: Level '/Game/Maps/Pong.Pong:PersistentLevel' has LevelScriptBlueprint '/Game/Maps/Pong.Pong:PersistentLevel.Pong' with GeneratedClass '/Game/Maps/Pong.Pong_C' with ClassGeneratedBy '/Game/Maps/Pong.Pong:PersistentLevel.Pong'
[2019.11.10-22.44.18:908][420]LogSlate: Updating window title bar state: overlay mode, drag disabled, window buttons hidden, title bar hidden
[2019.11.10-22.44.18:941][420]LogPlayLevel: Display: Shutting down PIE online subsystems
[2019.11.10-22.44.18:942][420]LogBlueprintUserMessages: Late EndPlayMap Detection: Level '/Game/Maps/Pong.Pong:PersistentLevel' has LevelScriptBlueprint '/Game/Maps/Pong.Pong:PersistentLevel.Pong' with GeneratedClass '/Game/Maps/Pong.Pong_C' with ClassGeneratedBy '/Game/Maps/Pong.Pong:PersistentLevel.Pong'
[2019.11.10-22.44.18:968][420]LogSlate: Updating window title bar state: overlay mode, drag disabled, window buttons hidden, title bar hidden
[2019.11.10-22.44.18:970][420]LogUObjectHash: Compacting FUObjectHashTables data took   1.26ms
[2019.11.10-22.44.19:013][424]LogPlayLevel: Display: Destroying online subsystem :Context_3
[2019.11.10-22.44.21:897][744]LogEditorViewport: Clicking on Actor (LMB): BP_Paddle_C (BP_Paddle)
[2019.11.10-22.44.23:308][893]LogSlate: FSceneViewport::OnFocusLost() reason 2
[2019.11.10-22.44.32:814][896]LogSlate: Only BGRA pngs, bmps or icos are supported in by External Image Picker
[2019.11.10-22.44.36:092][214]LogSlate: Took 0.000276 seconds to synchronously load lazily loaded font '../../../Engine/Content/Slate/Fonts/Roboto-Light.ttf' (167K)
[2019.11.10-22.44.48:631][515]LogSlate: Window 'Project Settings' being destroyed
[2019.11.10-22.44.48:635][515]LogSlate: Window 'Project Settings' being destroyed
[2019.11.10-22.44.49:554][619]LogSlate: Took 0.000445 seconds to synchronously load lazily loaded font '../../../Engine/Content/Slate/Fonts/Roboto-Italic.ttf' (157K)
[2019.11.10-22.44.52:545][969]LogAssetEditorManager: Opening Asset editor for Blueprint /Game/Blueprints/BP_Paddle.BP_Paddle
[2019.11.10-22.44.52:880][969]LogContentBrowser: Native class hierarchy updated for 'BlueprintGraph' in 0.0007 seconds. Added 121 classes and 0 folders.
[2019.11.10-22.44.57:100][307]LogSlate: Window 'BP_Paddle' being destroyed
[2019.11.10-22.44.57:165][307]LogAssetEditorManager: Opening Asset editor for Blueprint /Game/Blueprints/BP_Paddle.BP_Paddle
[2019.11.10-22.44.57:548][307]LogSlate: Took 0.000452 seconds to synchronously load lazily loaded font '../../../Engine/Content/Slate/Fonts/Roboto-BoldCondensed.ttf' (158K)
[2019.11.10-22.45.09:440][334]BlueprintLog: New page: Compile BP_Paddle
[2019.11.10-22.45.09:695][334]LogUObjectHash: Compacting FUObjectHashTables data took   3.96ms
[2019.11.10-22.45.10:185][369]LogTemp: Repeating last play command: Selected Viewport
[2019.11.10-22.45.10:205][369]LogBlueprintUserMessages: Early PlayInEditor Detection: Level '/Game/Maps/Pong.Pong:PersistentLevel' has LevelScriptBlueprint '/Game/Maps/Pong.Pong:PersistentLevel.Pong' with GeneratedClass '/Game/Maps/Pong.Pong_C' with ClassGeneratedBy '/Game/Maps/Pong.Pong:PersistentLevel.Pong'
[2019.11.10-22.45.10:205][369]LogPlayLevel: PlayLevel: No blueprints needed recompiling
[2019.11.10-22.45.10:206][369]PIE: New page: PIE session: Pong (Nov 10, 2019, 12:45:10 PM)
[2019.11.10-22.45.10:206][369]LogPlayLevel: Creating play world package: /Game/Maps/UEDPIE_0_Pong
[2019.11.10-22.45.10:208][369]LogPlayLevel: PIE: StaticDuplicateObject took: (0.002069s)
[2019.11.10-22.45.10:209][369]LogAIModule: Creating AISystem for world Pong
[2019.11.10-22.45.10:209][369]LogPlayLevel: PIE: World Init took: (0.000751s)
[2019.11.10-22.45.10:209][369]LogPlayLevel: PIE: Created PIE world by copying editor world from /Game/Maps/Pong.Pong to /Game/Maps/UEDPIE_0_Pong.Pong (0.003369s)
[2019.11.10-22.45.10:243][369]LogUObjectHash: Compacting FUObjectHashTables data took   2.48ms
[2019.11.10-22.45.10:261][369]LogInit: XAudio2 using 'Realtek Digital Output(Optical) (Realtek High Definition Audio)' : 2 channels at 48 kHz using 16 bits per sample (channel mask 0x3)
[2019.11.10-22.45.10:277][369]LogInit: FAudioDevice initialized.
[2019.11.10-22.45.10:316][369]LogLoad: Game class is 'BP_VRPongGameModeBase_C'
[2019.11.10-22.45.10:318][369]LogWorld: Bringing World /Game/Maps/UEDPIE_0_Pong.Pong up for play (max tick rate 0) at 2019.11.10-17.45.10
[2019.11.10-22.45.10:318][369]LogWorld: Bringing up level for play took: 0.001562
[2019.11.10-22.45.10:332][369]PIE: Play in editor start time for /Game/Maps/UEDPIE_0_Pong 0.573
[2019.11.10-22.45.10:332][369]LogBlueprintUserMessages: Late PlayInEditor Detection: Level '/Game/Maps/Pong.Pong:PersistentLevel' has LevelScriptBlueprint '/Game/Maps/Pong.Pong:PersistentLevel.Pong' with GeneratedClass '/Game/Maps/Pong.Pong_C' with ClassGeneratedBy '/Game/Maps/Pong.Pong:PersistentLevel.Pong'
[2019.11.10-22.45.16:664][ 10]LogBlueprintUserMessages: Early EndPlayMap Detection: Level '/Game/Maps/Pong.Pong:PersistentLevel' has LevelScriptBlueprint '/Game/Maps/Pong.Pong:PersistentLevel.Pong' with GeneratedClass '/Game/Maps/Pong.Pong_C' with ClassGeneratedBy '/Game/Maps/Pong.Pong:PersistentLevel.Pong'
[2019.11.10-22.45.16:666][ 10]LogSlate: Updating window title bar state: overlay mode, drag disabled, window buttons hidden, title bar hidden
[2019.11.10-22.45.16:702][ 10]LogPlayLevel: Display: Shutting down PIE online subsystems
[2019.11.10-22.45.16:702][ 10]LogBlueprintUserMessages: Late EndPlayMap Detection: Level '/Game/Maps/Pong.Pong:PersistentLevel' has LevelScriptBlueprint '/Game/Maps/Pong.Pong:PersistentLevel.Pong' with GeneratedClass '/Game/Maps/Pong.Pong_C' with ClassGeneratedBy '/Game/Maps/Pong.Pong:PersistentLevel.Pong'
[2019.11.10-22.45.16:737][ 10]LogSlate: Updating window title bar state: overlay mode, drag disabled, window buttons hidden, title bar hidden
[2019.11.10-22.45.16:741][ 10]LogUObjectHash: Compacting FUObjectHashTables data took   1.92ms
[2019.11.10-22.45.16:775][ 11]LogPlayLevel: Display: Destroying online subsystem :Context_6
[2019.11.10-22.45.21:577][501]LogSlate: FSceneViewport::OnFocusLost() reason 0
[2019.11.10-22.45.25:081][846]LogSlate: Window 'BP_Paddle' being destroyed
[2019.11.10-22.45.25:085][846]LogSlate: Window 'BP_Paddle' being destroyed
[2019.11.10-22.47.12:946][384]LogTemp: Repeating last play command: Selected Viewport
[2019.11.10-22.47.12:956][384]LogBlueprintUserMessages: Early PlayInEditor Detection: Level '/Game/Maps/Pong.Pong:PersistentLevel' has LevelScriptBlueprint '/Game/Maps/Pong.Pong:PersistentLevel.Pong' with GeneratedClass '/Game/Maps/Pong.Pong_C' with ClassGeneratedBy '/Game/Maps/Pong.Pong:PersistentLevel.Pong'
[2019.11.10-22.47.12:956][384]LogPlayLevel: PlayLevel: No blueprints needed recompiling
[2019.11.10-22.47.12:957][384]PIE: New page: PIE session: Pong (Nov 10, 2019, 12:47:12 PM)
[2019.11.10-22.47.12:957][384]LogPlayLevel: Creating play world package: /Game/Maps/UEDPIE_0_Pong
[2019.11.10-22.47.12:959][384]LogPlayLevel: PIE: StaticDuplicateObject took: (0.001751s)
[2019.11.10-22.47.12:959][384]LogAIModule: Creating AISystem for world Pong
[2019.11.10-22.47.12:959][384]LogPlayLevel: PIE: World Init took: (0.000701s)
[2019.11.10-22.47.12:959][384]LogPlayLevel: PIE: Created PIE world by copying editor world from /Game/Maps/Pong.Pong to /Game/Maps/UEDPIE_0_Pong.Pong (0.002742s)
[2019.11.10-22.47.12:990][384]LogUObjectHash: Compacting FUObjectHashTables data took   2.45ms
[2019.11.10-22.47.13:004][384]LogInit: XAudio2 using 'Realtek Digital Output(Optical) (Realtek High Definition Audio)' : 2 channels at 48 kHz using 16 bits per sample (channel mask 0x3)
[2019.11.10-22.47.13:020][384]LogInit: FAudioDevice initialized.
[2019.11.10-22.47.13:055][384]LogLoad: Game class is 'BP_VRPongGameModeBase_C'
[2019.11.10-22.47.13:056][384]LogWorld: Bringing World /Game/Maps/UEDPIE_0_Pong.Pong up for play (max tick rate 0) at 2019.11.10-17.47.13
[2019.11.10-22.47.13:057][384]LogWorld: Bringing up level for play took: 0.001021
[2019.11.10-22.47.13:070][384]PIE: Play in editor start time for /Game/Maps/UEDPIE_0_Pong -0.685
[2019.11.10-22.47.13:070][384]LogBlueprintUserMessages: Late PlayInEditor Detection: Level '/Game/Maps/Pong.Pong:PersistentLevel' has LevelScriptBlueprint '/Game/Maps/Pong.Pong:PersistentLevel.Pong' with GeneratedClass '/Game/Maps/Pong.Pong_C' with ClassGeneratedBy '/Game/Maps/Pong.Pong:PersistentLevel.Pong'
[2019.11.10-22.47.16:867][839]LogBlueprintUserMessages: Early EndPlayMap Detection: Level '/Game/Maps/Pong.Pong:PersistentLevel' has LevelScriptBlueprint '/Game/Maps/Pong.Pong:PersistentLevel.Pong' with GeneratedClass '/Game/Maps/Pong.Pong_C' with ClassGeneratedBy '/Game/Maps/Pong.Pong:PersistentLevel.Pong'
[2019.11.10-22.47.16:867][839]LogSlate: Updating window title bar state: overlay mode, drag disabled, window buttons hidden, title bar hidden
[2019.11.10-22.47.16:902][839]LogPlayLevel: Display: Shutting down PIE online subsystems
[2019.11.10-22.47.16:903][839]LogBlueprintUserMessages: Late EndPlayMap Detection: Level '/Game/Maps/Pong.Pong:PersistentLevel' has LevelScriptBlueprint '/Game/Maps/Pong.Pong:PersistentLevel.Pong' with GeneratedClass '/Game/Maps/Pong.Pong_C' with ClassGeneratedBy '/Game/Maps/Pong.Pong:PersistentLevel.Pong'
[2019.11.10-22.47.16:934][839]LogSlate: Updating window title bar state: overlay mode, drag disabled, window buttons hidden, title bar hidden
[2019.11.10-22.47.16:937][839]LogUObjectHash: Compacting FUObjectHashTables data took   1.82ms
[2019.11.10-22.47.16:973][841]LogPlayLevel: Display: Destroying online subsystem :Context_7
[2019.11.10-22.47.19:607][157]LogEditorViewport: Clicking on Actor (LMB): BP_Paddle_C (BP_Paddle)
[2019.11.10-22.47.23:983][671]LogSlate: FSceneViewport::OnFocusLost() reason 2
[2019.11.10-22.47.29:837][361]LogTemp: Repeating last play command: Selected Viewport
[2019.11.10-22.47.29:849][361]LogBlueprintUserMessages: Early PlayInEditor Detection: Level '/Game/Maps/Pong.Pong:PersistentLevel' has LevelScriptBlueprint '/Game/Maps/Pong.Pong:PersistentLevel.Pong' with GeneratedClass '/Game/Maps/Pong.Pong_C' with ClassGeneratedBy '/Game/Maps/Pong.Pong:PersistentLevel.Pong'
[2019.11.10-22.47.29:850][361]LogPlayLevel: PlayLevel: No blueprints needed recompiling
[2019.11.10-22.47.29:850][361]PIE: New page: PIE session: Pong (Nov 10, 2019, 12:47:29 PM)
[2019.11.10-22.47.29:850][361]LogPlayLevel: Creating play world package: /Game/Maps/UEDPIE_0_Pong
[2019.11.10-22.47.29:852][361]LogPlayLevel: PIE: StaticDuplicateObject took: (0.001749s)
[2019.11.10-22.47.29:852][361]LogAIModule: Creating AISystem for world Pong
[2019.11.10-22.47.29:853][361]LogPlayLevel: PIE: World Init took: (0.000835s)
[2019.11.10-22.47.29:853][361]LogPlayLevel: PIE: Created PIE world by copying editor world from /Game/Maps/Pong.Pong to /Game/Maps/UEDPIE_0_Pong.Pong (0.002905s)
[2019.11.10-22.47.29:883][361]LogUObjectHash: Compacting FUObjectHashTables data took   2.48ms
[2019.11.10-22.47.29:904][361]LogInit: XAudio2 using 'Realtek Digital Output(Optical) (Realtek High Definition Audio)' : 2 channels at 48 kHz using 16 bits per sample (channel mask 0x3)
[2019.11.10-22.47.29:922][361]LogInit: FAudioDevice initialized.
[2019.11.10-22.47.29:954][361]LogLoad: Game class is 'BP_VRPongGameModeBase_C'
[2019.11.10-22.47.29:956][361]LogWorld: Bringing World /Game/Maps/UEDPIE_0_Pong.Pong up for play (max tick rate 0) at 2019.11.10-17.47.29
[2019.11.10-22.47.29:957][361]LogWorld: Bringing up level for play took: 0.001289
[2019.11.10-22.47.29:970][361]LogPawn: Error: EnableInput can only be specified on a Pawn for its Controller
[2019.11.10-22.47.29:970][361]PIE: Play in editor start time for /Game/Maps/UEDPIE_0_Pong 0.217
[2019.11.10-22.47.29:971][361]LogBlueprintUserMessages: Late PlayInEditor Detection: Level '/Game/Maps/Pong.Pong:PersistentLevel' has LevelScriptBlueprint '/Game/Maps/Pong.Pong:PersistentLevel.Pong' with GeneratedClass '/Game/Maps/Pong.Pong_C' with ClassGeneratedBy '/Game/Maps/Pong.Pong:PersistentLevel.Pong'
[2019.11.10-22.47.32:819][702]LogBlueprintUserMessages: Early EndPlayMap Detection: Level '/Game/Maps/Pong.Pong:PersistentLevel' has LevelScriptBlueprint '/Game/Maps/Pong.Pong:PersistentLevel.Pong' with GeneratedClass '/Game/Maps/Pong.Pong_C' with ClassGeneratedBy '/Game/Maps/Pong.Pong:PersistentLevel.Pong'
[2019.11.10-22.47.32:820][702]LogSlate: Updating window title bar state: overlay mode, drag disabled, window buttons hidden, title bar hidden
[2019.11.10-22.47.32:854][702]LogPlayLevel: Display: Shutting down PIE online subsystems
[2019.11.10-22.47.32:855][702]LogBlueprintUserMessages: Late EndPlayMap Detection: Level '/Game/Maps/Pong.Pong:PersistentLevel' has LevelScriptBlueprint '/Game/Maps/Pong.Pong:PersistentLevel.Pong' with GeneratedClass '/Game/Maps/Pong.Pong_C' with ClassGeneratedBy '/Game/Maps/Pong.Pong:PersistentLevel.Pong'
[2019.11.10-22.47.32:887][702]LogSlate: Updating window title bar state: overlay mode, drag disabled, window buttons hidden, title bar hidden
[2019.11.10-22.47.32:891][702]LogUObjectHash: Compacting FUObjectHashTables data took   2.13ms
[2019.11.10-22.47.32:922][704]LogPlayLevel: Display: Destroying online subsystem :Context_8
[2019.11.10-22.47.34:289][868]LogEditorViewport: Clicking on Actor (LMB): BP_Paddle_C (BP_Paddle)
[2019.11.10-22.47.35:278][980]LogSlate: FSceneViewport::OnFocusLost() reason 2
[2019.11.10-22.47.39:706][504]LogSlate: FSceneViewport::OnFocusLost() reason 2
[2019.11.10-22.47.39:714][504]LogSlate: Prevented a slow task dialog from being summoned while a context menu was open
[2019.11.10-22.47.46:457][272]LogAssetEditorManager: Opening Asset editor for Blueprint /Game/Blueprints/BP_Paddle.BP_Paddle
[2019.11.10-22.47.52:222][753]LogSlate: FSceneViewport::OnFocusLost() reason 0
[2019.11.10-22.47.57:703][200]LogSlate: Window 'BP_Paddle' being destroyed
[2019.11.10-22.47.57:707][200]LogSlate: Window 'BP_Paddle' being destroyed
