Log file open, 11/10/19 17:29:38
LogWindows: Failed to load 'aqProf.dll' (GetLastError=126)
LogWindows: File 'aqProf.dll' does not exist
LogWindows: Failed to load 'VtuneApi.dll' (GetLastError=126)
LogWindows: File 'VtuneApi.dll' does not exist
LogWindows: Failed to load 'VtuneApi32e.dll' (GetLastError=126)
LogWindows: File 'VtuneApi32e.dll' does not exist
LogConsoleResponse: Display: Failed to find resolution value strings in scalability ini. Falling back to default.
LogInit: Display: Running engine for game: VRPong
LogPakFile: Registered encryption key '00000000000000000000000000000000': 0 pak files mounted, 0 remain pending
LogPlatformFile: Not using cached read wrapper
LogTaskGraph: Started task graph with 5 named threads and 23 total threads with 3 sets of task threads.
LogStats: Stats thread started at 0.368832
LogD3D11RHI: Loaded GFSDK_Aftermath_Lib.x64.dll
LogICUInternationalization: ICU TimeZone Detection - Raw Offset: -5:00, Platform Override: ''
LogPluginManager: Mounting plugin Paper2D
LogPluginManager: Mounting plugin AISupport
LogPluginManager: Mounting plugin LightPropagationVolume
LogPluginManager: Mounting plugin ActorLayerUtilities
LogPluginManager: Mounting plugin AnimationSharing
LogPluginManager: Mounting plugin CLionSourceCodeAccess
LogPluginManager: Mounting plugin CodeLiteSourceCodeAccess
LogPluginManager: Mounting plugin GitSourceControl
LogPluginManager: Mounting plugin KDevelopSourceCodeAccess
LogPluginManager: Mounting plugin NullSourceCodeAccess
LogPluginManager: Mounting plugin PerforceSourceControl
LogPluginManager: Mounting plugin SubversionSourceControl
LogPluginManager: Mounting plugin UObjectPlugin
LogPluginManager: Mounting plugin VisualStudioCodeSourceCodeAccess
LogPluginManager: Mounting plugin VisualStudioSourceCodeAccess
LogPluginManager: Mounting plugin XCodeSourceCodeAccess
LogPluginManager: Mounting plugin AssetManagerEditor
LogPluginManager: Mounting plugin CryptoKeys
LogPluginManager: Mounting plugin DataValidation
LogPluginManager: Mounting plugin FacialAnimation
LogPluginManager: Mounting plugin GameplayTagsEditor
LogPluginManager: Mounting plugin MacGraphicsSwitching
LogPluginManager: Mounting plugin MaterialAnalyzer
LogPluginManager: Mounting plugin MobileLauncherProfileWizard
LogPluginManager: Mounting plugin PluginBrowser
LogPluginManager: Mounting plugin SpeedTreeImporter
LogPluginManager: Mounting plugin DatasmithContent
LogPluginManager: Mounting plugin VariantManagerContent
LogPluginManager: Mounting plugin AlembicImporter
LogPluginManager: Mounting plugin AppleImageUtils
LogPluginManager: Mounting plugin AppleVision
LogPluginManager: Mounting plugin BackChannel
LogPluginManager: Mounting plugin CharacterAI
LogPluginManager: Mounting plugin GeometryCache
LogPluginManager: Mounting plugin HTML5Networking
LogPluginManager: Mounting plugin ProxyLODPlugin
LogPluginManager: Mounting plugin SkeletalReduction
LogPluginManager: Mounting plugin MagicLeap
LogPluginManager: Mounting plugin MagicLeapMedia
LogPluginManager: Mounting plugin AndroidMedia
LogPluginManager: Mounting plugin AvfMedia
LogPluginManager: Mounting plugin ImgMedia
LogPluginManager: Mounting plugin LinearTimecode
LogPluginManager: Mounting plugin MediaCompositing
LogPluginManager: Mounting plugin MediaPlayerEditor
LogPluginManager: Mounting plugin WebMMedia
LogPluginManager: Mounting plugin WmfMedia
LogPluginManager: Mounting plugin TcpMessaging
LogPluginManager: Mounting plugin UdpMessaging
LogPluginManager: Mounting plugin ActorSequence
LogPluginManager: Mounting plugin LevelSequenceEditor
LogPluginManager: Mounting plugin MatineeToLevelSequence
LogPluginManager: Mounting plugin NetcodeUnitTest
LogPluginManager: Mounting plugin NUTUnrealEngine4
LogPluginManager: Mounting plugin OnlineSubsystemGooglePlay
LogPluginManager: Mounting plugin OnlineSubsystemIOS
LogPluginManager: Mounting plugin OnlineSubsystem
LogPluginManager: Mounting plugin OnlineSubsystemNull
LogPluginManager: Mounting plugin OnlineSubsystemUtils
LogPluginManager: Mounting plugin LauncherChunkInstaller
LogPluginManager: Mounting plugin AndroidDeviceProfileSelector
LogPluginManager: Mounting plugin AndroidMoviePlayer
LogPluginManager: Mounting plugin AndroidPermission
LogPluginManager: Mounting plugin AppleMoviePlayer
LogPluginManager: Mounting plugin ArchVisCharacter
LogPluginManager: Mounting plugin AudioCapture
LogPluginManager: Mounting plugin CableComponent
LogPluginManager: Mounting plugin CustomMeshComponent
LogPluginManager: Mounting plugin EditableMesh
LogPluginManager: Mounting plugin ExampleDeviceProfileSelector
LogPluginManager: Mounting plugin Firebase
LogPluginManager: Mounting plugin GoogleCloudMessaging
LogPluginManager: Mounting plugin IOSDeviceProfileSelector
LogPluginManager: Mounting plugin LinuxDeviceProfileSelector
LogPluginManager: Mounting plugin LocationServicesBPLibrary
LogPluginManager: Mounting plugin MobilePatchingUtils
LogPluginManager: Mounting plugin OculusVR
LogPluginManager: Mounting plugin PhysXVehicles
LogPluginManager: Mounting plugin ProceduralMeshComponent
LogPluginManager: Mounting plugin RuntimePhysXCooking
LogPluginManager: Mounting plugin SignificanceManager
LogPluginManager: Mounting plugin SteamVR
LogPluginManager: Mounting plugin WebMMoviePlayer
LogPluginManager: Mounting plugin WindowsMoviePlayer
LogInit: Using libcurl 7.55.1-DEV
LogInit:  - built for x86_64-pc-win32
LogInit:  - supports SSL with OpenSSL/1.1.1
LogInit:  - supports HTTP deflate (compression) using libz 1.2.8
LogInit:  - other features:
LogInit:      CURL_VERSION_SSL
LogInit:      CURL_VERSION_LIBZ
LogInit:      CURL_VERSION_IPV6
LogInit:      CURL_VERSION_ASYNCHDNS
LogInit:      CURL_VERSION_LARGEFILE
LogInit:      CURL_VERSION_IDN
LogInit:  CurlRequestOptions (configurable via config and command line):
LogInit:  - bVerifyPeer = true  - Libcurl will verify peer certificate
LogInit:  - bUseHttpProxy = false  - Libcurl will NOT use HTTP proxy
LogInit:  - bDontReuseConnections = false  - Libcurl will reuse connections
LogInit:  - MaxHostConnections = 16  - Libcurl will limit the number of connections to a host
LogInit:  - LocalHostAddr = Default
LogInit:  - BufferSize = 65536
LogInit: WinSock: version 1.1 (2.2), MaxSocks=32767, MaxUdp=65467
LogInit: Build: ++UE4+Release-4.22-CL-7053642
LogInit: Engine Version: 4.22.3-7053642+++UE4+Release-4.22
LogInit: Compatible Engine Version: 4.22.0-5660361+++UE4+Release-4.22
LogInit: Net CL: 5660361
LogInit: OS: Windows 10 (Release 1809) (), CPU:        Intel(R) Core(TM) i7-3770K CPU @ 3.50GHz, GPU: NVIDIA GeForce GTX 670
LogInit: Compiled (64-bit): Jun 18 2019 03:09:11
LogInit: Compiled with Visual C++: 19.16.27025.01
LogInit: Build Configuration: Development
LogInit: Branch Name: ++UE4+Release-4.22
LogInit: Command Line:  -skipcompile
LogInit: Base Directory: C:/Program Files/Epic Games/UE_4.22/Engine/Binaries/Win64/
LogInit: Installed Engine Build: 1
LogDevObjectVersion: Number of dev versions registered: 23
LogDevObjectVersion:   Dev-Blueprints (B0D832E4-1F89-4F0D-ACCF-7EB736FD4AA2): 10
LogDevObjectVersion:   Dev-Build (E1C64328-A22C-4D53-A36C-8E866417BD8C): 0
LogDevObjectVersion:   Dev-Core (375EC13C-06E4-48FB-B500-84F0262A717E): 3
LogDevObjectVersion:   Dev-Editor (E4B068ED-F494-42E9-A231-DA0B2E46BB41): 30
LogDevObjectVersion:   Dev-Framework (CFFC743F-43B0-4480-9391-14DF171D2073): 35
LogDevObjectVersion:   Dev-Mobile (B02B49B5-BB20-44E9-A304-32B752E40360): 2
LogDevObjectVersion:   Dev-Networking (A4E4105C-59A1-49B5-A7C5-40C4547EDFEE): 0
LogDevObjectVersion:   Dev-Online (39C831C9-5AE6-47DC-9A44-9C173E1C8E7C): 0
LogDevObjectVersion:   Dev-Physics (78F01B33-EBEA-4F98-B9B4-84EACCB95AA2): 0
LogDevObjectVersion:   Dev-Platform (6631380F-2D4D-43E0-8009-CF276956A95A): 0
LogDevObjectVersion:   Dev-Rendering (12F88B9F-8875-4AFC-A67C-D90C383ABD29): 28
LogDevObjectVersion:   Dev-Sequencer (7B5AE74C-D270-4C10-A958-57980B212A5A): 11
LogDevObjectVersion:   Dev-VR (D7296918-1DD6-4BDD-9DE2-64A83CC13884): 2
LogDevObjectVersion:   Dev-LoadTimes (C2A15278-BFE7-4AFE-6C17-90FF531DF755): 1
LogDevObjectVersion:   Private-Geometry (6EACA3D4-40EC-4CC1-B786-8BED09428FC5): 3
LogDevObjectVersion:   Dev-AnimPhys (29E575DD-E0A3-4627-9D10-D276232CDCEA): 17
LogDevObjectVersion:   Dev-Anim (AF43A65D-7FD3-4947-9873-3E8ED9C1BB05): 2
LogDevObjectVersion:   Dev-ReflectionCapture (6B266CEC-1EC7-4B8F-A30B-E4D90942FC07): 1
LogDevObjectVersion:   Dev-Automation (0DF73D61-A23F-47EA-B727-89E90C41499A): 1
LogDevObjectVersion:   FortniteMain (601D1886-AC64-4F84-AA16-D3DE0DEAC7D6): 25
LogDevObjectVersion:   Dev-Enterprise (9DFFBCD6-494F-0158-E221-12823C92A888): 6
LogDevObjectVersion:   Dev-Niagara (F2AED0AC-9AFE-416F-8664-AA7FFA26D6FC): 1
LogDevObjectVersion:   Dev-Destruction (174F1F0B-B4C6-45A5-B13F-2EE8D0FB917D): 2
LogInit: Presizing for max 16777216 objects, including 0 objects not considered by GC, pre-allocating 0 bytes for permanent pool.
LogInit: Object subsystem initialized
LogConfig: Setting CVar [[con.DebugEarlyDefault:1]]
LogConfig: Setting CVar [[r.setres:1280x720]]
[2019.11.10-22.29.39:195][  0]LogConfig: Setting CVar [[r.VSync:0]]
[2019.11.10-22.29.39:195][  0]LogConfig: Setting CVar [[r.RHICmdBypass:0]]
[2019.11.10-22.29.39:195][  0]LogConfig: Applying CVar settings from Section [/Script/Engine.RendererSettings] File [C:/Users/rako0016/Desktop/HighLevel/Assignment 2/VRPong/Saved/Config/Windows/Engine.ini]
[2019.11.10-22.29.39:195][  0]LogConfig: Setting CVar [[r.GPUCrashDebugging:0]]
[2019.11.10-22.29.39:195][  0]LogConfig: Setting CVar [[r.DefaultFeature.AutoExposure.ExtendDefaultLuminanceRange:1]]
[2019.11.10-22.29.39:195][  0]LogConfig: Applying CVar settings from Section [/Script/Engine.RendererOverrideSettings] File [C:/Users/rako0016/Desktop/HighLevel/Assignment 2/VRPong/Saved/Config/Windows/Engine.ini]
[2019.11.10-22.29.39:195][  0]LogConfig: Applying CVar settings from Section [/Script/Engine.StreamingSettings] File [C:/Users/rako0016/Desktop/HighLevel/Assignment 2/VRPong/Saved/Config/Windows/Engine.ini]
[2019.11.10-22.29.39:195][  0]LogConfig: Setting CVar [[s.MinBulkDataSizeForAsyncLoading:131072]]
[2019.11.10-22.29.39:195][  0]LogConfig: Setting CVar [[s.AsyncLoadingThreadEnabled:0]]
[2019.11.10-22.29.39:195][  0]LogConfig: Setting CVar [[s.EventDrivenLoaderEnabled:1]]
[2019.11.10-22.29.39:195][  0]LogConfig: Setting CVar [[s.WarnIfTimeLimitExceeded:0]]
[2019.11.10-22.29.39:195][  0]LogConfig: Setting CVar [[s.TimeLimitExceededMultiplier:1.5]]
[2019.11.10-22.29.39:195][  0]LogConfig: Setting CVar [[s.TimeLimitExceededMinTime:0.005]]
[2019.11.10-22.29.39:195][  0]LogConfig: Setting CVar [[s.UseBackgroundLevelStreaming:1]]
[2019.11.10-22.29.39:195][  0]LogConfig: Setting CVar [[s.PriorityAsyncLoadingExtraTime:15.0]]
[2019.11.10-22.29.39:196][  0]LogConfig: Setting CVar [[s.LevelStreamingActorsUpdateTimeLimit:5.0]]
[2019.11.10-22.29.39:196][  0]LogConfig: Setting CVar [[s.PriorityLevelStreamingActorsUpdateExtraTime:5.0]]
[2019.11.10-22.29.39:196][  0]LogConfig: Setting CVar [[s.LevelStreamingComponentsRegistrationGranularity:10]]
[2019.11.10-22.29.39:196][  0]LogConfig: Setting CVar [[s.UnregisterComponentsTimeLimit:1.0]]
[2019.11.10-22.29.39:196][  0]LogConfig: Setting CVar [[s.LevelStreamingComponentsUnregistrationGranularity:5]]
[2019.11.10-22.29.39:196][  0]LogConfig: Applying CVar settings from Section [/Script/Engine.GarbageCollectionSettings] File [C:/Users/rako0016/Desktop/HighLevel/Assignment 2/VRPong/Saved/Config/Windows/Engine.ini]
[2019.11.10-22.29.39:196][  0]LogConfig: Setting CVar [[gc.MaxObjectsNotConsideredByGC:1]]
[2019.11.10-22.29.39:196][  0]LogConfig: Setting CVar [[gc.SizeOfPermanentObjectPool:0]]
[2019.11.10-22.29.39:196][  0]LogConfig: Setting CVar [[gc.FlushStreamingOnGC:0]]
[2019.11.10-22.29.39:196][  0]LogConfig: Setting CVar [[gc.NumRetriesBeforeForcingGC:10]]
[2019.11.10-22.29.39:196][  0]LogConfig: Setting CVar [[gc.AllowParallelGC:1]]
[2019.11.10-22.29.39:196][  0]LogConfig: Setting CVar [[gc.TimeBetweenPurgingPendingKillObjects:61.1]]
[2019.11.10-22.29.39:196][  0]LogConfig: Setting CVar [[gc.MaxObjectsInEditor:16777216]]
[2019.11.10-22.29.39:196][  0]LogConfig: Setting CVar [[gc.IncrementalBeginDestroyEnabled:1]]
[2019.11.10-22.29.39:196][  0]LogConfig: Setting CVar [[gc.CreateGCClusters:1]]
[2019.11.10-22.29.39:196][  0]LogConfig: Setting CVar [[gc.MinGCClusterSize:5]]
[2019.11.10-22.29.39:196][  0]LogConfig: Setting CVar [[gc.ActorClusteringEnabled:0]]
[2019.11.10-22.29.39:196][  0]LogConfig: Setting CVar [[gc.BlueprintClusteringEnabled:0]]
[2019.11.10-22.29.39:196][  0]LogConfig: Setting CVar [[gc.UseDisregardForGCOnDedicatedServers:0]]
[2019.11.10-22.29.39:197][  0]LogConfig: Applying CVar settings from Section [/Script/Engine.NetworkSettings] File [C:/Users/rako0016/Desktop/HighLevel/Assignment 2/VRPong/Saved/Config/Windows/Engine.ini]
[2019.11.10-22.29.39:197][  0]LogConfig: Applying CVar settings from Section [/Script/UnrealEd.CookerSettings] File [C:/Users/rako0016/Desktop/HighLevel/Assignment 2/VRPong/Saved/Config/Windows/Engine.ini]
[2019.11.10-22.29.39:203][  0]LogConfig: Applying CVar settings from Section [ViewDistanceQuality@3] File [C:/Users/rako0016/Desktop/HighLevel/Assignment 2/VRPong/Saved/Config/Windows/Scalability.ini]
[2019.11.10-22.29.39:203][  0]LogConfig: Setting CVar [[r.SkeletalMeshLODBias:0]]
[2019.11.10-22.29.39:203][  0]LogConfig: Setting CVar [[r.ViewDistanceScale:1.0]]
[2019.11.10-22.29.39:203][  0]LogConfig: Applying CVar settings from Section [AntiAliasingQuality@3] File [C:/Users/rako0016/Desktop/HighLevel/Assignment 2/VRPong/Saved/Config/Windows/Scalability.ini]
[2019.11.10-22.29.39:203][  0]LogConfig: Setting CVar [[r.PostProcessAAQuality:4]]
[2019.11.10-22.29.39:203][  0]LogConfig: Applying CVar settings from Section [ShadowQuality@3] File [C:/Users/rako0016/Desktop/HighLevel/Assignment 2/VRPong/Saved/Config/Windows/Scalability.ini]
[2019.11.10-22.29.39:204][  0]LogConfig: Setting CVar [[r.LightFunctionQuality:1]]
[2019.11.10-22.29.39:204][  0]LogConfig: Setting CVar [[r.ShadowQuality:5]]
[2019.11.10-22.29.39:204][  0]LogConfig: Setting CVar [[r.Shadow.CSM.MaxCascades:10]]
[2019.11.10-22.29.39:204][  0]LogConfig: Setting CVar [[r.Shadow.MaxResolution:2048]]
[2019.11.10-22.29.39:204][  0]LogConfig: Setting CVar [[r.Shadow.MaxCSMResolution:2048]]
[2019.11.10-22.29.39:204][  0]LogConfig: Setting CVar [[r.Shadow.RadiusThreshold:0.01]]
[2019.11.10-22.29.39:204][  0]LogConfig: Setting CVar [[r.Shadow.DistanceScale:1.0]]
[2019.11.10-22.29.39:204][  0]LogConfig: Setting CVar [[r.Shadow.CSM.TransitionScale:1.0]]
[2019.11.10-22.29.39:204][  0]LogConfig: Setting CVar [[r.Shadow.PreShadowResolutionFactor:1.0]]
[2019.11.10-22.29.39:204][  0]LogConfig: Setting CVar [[r.DistanceFieldShadowing:1]]
[2019.11.10-22.29.39:204][  0]LogConfig: Setting CVar [[r.DistanceFieldAO:1]]
[2019.11.10-22.29.39:204][  0]LogConfig: Setting CVar [[r.AOQuality:2]]
[2019.11.10-22.29.39:204][  0]LogConfig: Setting CVar [[r.VolumetricFog:1]]
[2019.11.10-22.29.39:204][  0]LogConfig: Setting CVar [[r.VolumetricFog.GridPixelSize:8]]
[2019.11.10-22.29.39:204][  0]LogConfig: Setting CVar [[r.VolumetricFog.GridSizeZ:128]]
[2019.11.10-22.29.39:204][  0]LogConfig: Setting CVar [[r.VolumetricFog.HistoryMissSupersampleCount:4]]
[2019.11.10-22.29.39:204][  0]LogConfig: Setting CVar [[r.LightMaxDrawDistanceScale:1]]
[2019.11.10-22.29.39:204][  0]LogConfig: Setting CVar [[r.CapsuleShadows:1]]
[2019.11.10-22.29.39:205][  0]LogConfig: Applying CVar settings from Section [PostProcessQuality@3] File [C:/Users/rako0016/Desktop/HighLevel/Assignment 2/VRPong/Saved/Config/Windows/Scalability.ini]
[2019.11.10-22.29.39:205][  0]LogConfig: Setting CVar [[r.MotionBlurQuality:4]]
[2019.11.10-22.29.39:205][  0]LogConfig: Setting CVar [[r.AmbientOcclusionMipLevelFactor:0.4]]
[2019.11.10-22.29.39:205][  0]LogConfig: Setting CVar [[r.AmbientOcclusionMaxQuality:100]]
[2019.11.10-22.29.39:205][  0]LogConfig: Setting CVar [[r.AmbientOcclusionLevels:-1]]
[2019.11.10-22.29.39:205][  0]LogConfig: Setting CVar [[r.AmbientOcclusionRadiusScale:1.0]]
[2019.11.10-22.29.39:205][  0]LogConfig: Setting CVar [[r.DepthOfFieldQuality:2]]
[2019.11.10-22.29.39:205][  0]LogConfig: Setting CVar [[r.RenderTargetPoolMin:400]]
[2019.11.10-22.29.39:205][  0]LogConfig: Setting CVar [[r.LensFlareQuality:2]]
[2019.11.10-22.29.39:205][  0]LogConfig: Setting CVar [[r.SceneColorFringeQuality:1]]
[2019.11.10-22.29.39:205][  0]LogConfig: Setting CVar [[r.EyeAdaptationQuality:2]]
[2019.11.10-22.29.39:205][  0]LogConfig: Setting CVar [[r.BloomQuality:5]]
[2019.11.10-22.29.39:205][  0]LogConfig: Setting CVar [[r.FastBlurThreshold:100]]
[2019.11.10-22.29.39:205][  0]LogConfig: Setting CVar [[r.Upscale.Quality:3]]
[2019.11.10-22.29.39:205][  0]LogConfig: Setting CVar [[r.Tonemapper.GrainQuantization:1]]
[2019.11.10-22.29.39:205][  0]LogConfig: Setting CVar [[r.LightShaftQuality:1]]
[2019.11.10-22.29.39:205][  0]LogConfig: Setting CVar [[r.Filter.SizeScale:1]]
[2019.11.10-22.29.39:205][  0]LogConfig: Setting CVar [[r.Tonemapper.Quality:5]]
[2019.11.10-22.29.39:205][  0]LogConfig: Setting CVar [[r.DOF.Gather.AccumulatorQuality:1        ; higher gathering accumulator quality]]
[2019.11.10-22.29.39:206][  0]LogConfig: Setting CVar [[r.DOF.Gather.PostfilterMethod:1          ; Median3x3 postfilering method]]
[2019.11.10-22.29.39:206][  0]LogConfig: Setting CVar [[r.DOF.Gather.EnableBokehSettings:0       ; no bokeh simulation when gathering]]
[2019.11.10-22.29.39:206][  0]LogConfig: Setting CVar [[r.DOF.Gather.RingCount:4                 ; medium number of samples when gathering]]
[2019.11.10-22.29.39:206][  0]LogConfig: Setting CVar [[r.DOF.Scatter.ForegroundCompositing:1    ; additive foreground scattering]]
[2019.11.10-22.29.39:206][  0]LogConfig: Setting CVar [[r.DOF.Scatter.BackgroundCompositing:2    ; additive background scattering]]
[2019.11.10-22.29.39:206][  0]LogConfig: Setting CVar [[r.DOF.Scatter.EnableBokehSettings:1      ; bokeh simulation when scattering]]
[2019.11.10-22.29.39:206][  0]LogConfig: Setting CVar [[r.DOF.Scatter.MaxSpriteRatio:0.1         ; only a maximum of 10% of scattered bokeh]]
[2019.11.10-22.29.39:206][  0]LogConfig: Setting CVar [[r.DOF.Recombine.Quality:1                ; cheap slight out of focus]]
[2019.11.10-22.29.39:206][  0]LogConfig: Setting CVar [[r.DOF.Recombine.EnableBokehSettings:0    ; no bokeh simulation on slight out of focus]]
[2019.11.10-22.29.39:206][  0]LogConfig: Setting CVar [[r.DOF.TemporalAAQuality:1                ; more stable temporal accumulation]]
[2019.11.10-22.29.39:206][  0]LogConfig: Setting CVar [[r.DOF.Kernel.MaxForegroundRadius:0.025]]
[2019.11.10-22.29.39:206][  0]LogConfig: Setting CVar [[r.DOF.Kernel.MaxBackgroundRadius:0.025]]
[2019.11.10-22.29.39:206][  0]LogConfig: Applying CVar settings from Section [TextureQuality@3] File [C:/Users/rako0016/Desktop/HighLevel/Assignment 2/VRPong/Saved/Config/Windows/Scalability.ini]
[2019.11.10-22.29.39:206][  0]LogConfig: Setting CVar [[r.Streaming.MipBias:0]]
[2019.11.10-22.29.39:206][  0]LogConfig: Setting CVar [[r.Streaming.AmortizeCPUToGPUCopy:0]]
[2019.11.10-22.29.39:206][  0]LogConfig: Setting CVar [[r.Streaming.MaxNumTexturesToStreamPerFrame:0]]
[2019.11.10-22.29.39:207][  0]LogConfig: Setting CVar [[r.Streaming.Boost:1]]
[2019.11.10-22.29.39:207][  0]LogConfig: Setting CVar [[r.MaxAnisotropy:8]]
[2019.11.10-22.29.39:207][  0]LogConfig: Setting CVar [[r.Streaming.LimitPoolSizeToVRAM:0]]
[2019.11.10-22.29.39:207][  0]LogConfig: Setting CVar [[r.Streaming.PoolSize:1000]]
[2019.11.10-22.29.39:207][  0]LogConfig: Setting CVar [[r.Streaming.MaxEffectiveScreenSize:0]]
[2019.11.10-22.29.39:207][  0]LogConfig: Applying CVar settings from Section [EffectsQuality@3] File [C:/Users/rako0016/Desktop/HighLevel/Assignment 2/VRPong/Saved/Config/Windows/Scalability.ini]
[2019.11.10-22.29.39:207][  0]LogConfig: Setting CVar [[r.TranslucencyLightingVolumeDim:64]]
[2019.11.10-22.29.39:207][  0]LogConfig: Setting CVar [[r.RefractionQuality:2]]
[2019.11.10-22.29.39:207][  0]LogConfig: Setting CVar [[r.SSR.Quality:3]]
[2019.11.10-22.29.39:207][  0]LogConfig: Setting CVar [[r.SceneColorFormat:4]]
[2019.11.10-22.29.39:207][  0]LogConfig: Setting CVar [[r.DetailMode:2]]
[2019.11.10-22.29.39:207][  0]LogConfig: Setting CVar [[r.TranslucencyVolumeBlur:1]]
[2019.11.10-22.29.39:207][  0]LogConfig: Setting CVar [[r.MaterialQualityLevel:1 ; High quality]]
[2019.11.10-22.29.39:207][  0]LogConfig: Setting CVar [[r.SSS.Scale:1]]
[2019.11.10-22.29.39:207][  0]LogConfig: Setting CVar [[r.SSS.SampleSet:2]]
[2019.11.10-22.29.39:207][  0]LogConfig: Setting CVar [[r.SSS.Quality:1]]
[2019.11.10-22.29.39:207][  0]LogConfig: Setting CVar [[r.SSS.HalfRes:1]]
[2019.11.10-22.29.39:207][  0]LogConfig: Setting CVar [[r.EmitterSpawnRateScale:1.0]]
[2019.11.10-22.29.39:208][  0]LogConfig: Setting CVar [[r.ParticleLightQuality:2]]
[2019.11.10-22.29.39:208][  0]LogConfig: Applying CVar settings from Section [FoliageQuality@3] File [C:/Users/rako0016/Desktop/HighLevel/Assignment 2/VRPong/Saved/Config/Windows/Scalability.ini]
[2019.11.10-22.29.39:208][  0]LogConfig: Setting CVar [[foliage.DensityScale:1.0]]
[2019.11.10-22.29.39:208][  0]LogConfig: Setting CVar [[grass.DensityScale:1.0]]
[2019.11.10-22.29.39:208][  0]LogInit: Selected Device Profile: [Windows]
[2019.11.10-22.29.39:208][  0]LogInit: Applying CVar settings loaded from the selected device profile: [Windows]
[2019.11.10-22.29.39:219][  0]LogHAL: Display: Platform has ~ 16 GB [17121820672 / 17179869184 / 16], which maps to Larger [LargestMinGB=32, LargerMinGB=12, DefaultMinGB=8, SmallerMinGB=6, SmallestMinGB=0)
[2019.11.10-22.29.39:219][  0]LogConfig: Setting CVar [[r.Vulkan.UseRealUBs:0		; Required until we fix HLR fall-out]]
[2019.11.10-22.29.39:220][  0]LogInit: Going up to parent DeviceProfile []
[2019.11.10-22.29.39:220][  0]LogConfig: Applying CVar settings from Section [ViewDistanceQuality@3] File [C:/Users/rako0016/Desktop/HighLevel/Assignment 2/VRPong/Saved/Config/Windows/Scalability.ini]
[2019.11.10-22.29.39:220][  0]LogConfig: Setting CVar [[r.SkeletalMeshLODBias:0]]
[2019.11.10-22.29.39:220][  0]LogConfig: Setting CVar [[r.ViewDistanceScale:1.0]]
[2019.11.10-22.29.39:220][  0]LogConfig: Applying CVar settings from Section [AntiAliasingQuality@3] File [C:/Users/rako0016/Desktop/HighLevel/Assignment 2/VRPong/Saved/Config/Windows/Scalability.ini]
[2019.11.10-22.29.39:220][  0]LogConfig: Setting CVar [[r.PostProcessAAQuality:4]]
[2019.11.10-22.29.39:220][  0]LogConfig: Applying CVar settings from Section [ShadowQuality@3] File [C:/Users/rako0016/Desktop/HighLevel/Assignment 2/VRPong/Saved/Config/Windows/Scalability.ini]
[2019.11.10-22.29.39:220][  0]LogConfig: Setting CVar [[r.LightFunctionQuality:1]]
[2019.11.10-22.29.39:220][  0]LogConfig: Setting CVar [[r.ShadowQuality:5]]
[2019.11.10-22.29.39:220][  0]LogConfig: Setting CVar [[r.Shadow.CSM.MaxCascades:10]]
[2019.11.10-22.29.39:220][  0]LogConfig: Setting CVar [[r.Shadow.MaxResolution:2048]]
[2019.11.10-22.29.39:220][  0]LogConfig: Setting CVar [[r.Shadow.MaxCSMResolution:2048]]
[2019.11.10-22.29.39:220][  0]LogConfig: Setting CVar [[r.Shadow.RadiusThreshold:0.01]]
[2019.11.10-22.29.39:220][  0]LogConfig: Setting CVar [[r.Shadow.DistanceScale:1.0]]
[2019.11.10-22.29.39:220][  0]LogConfig: Setting CVar [[r.Shadow.CSM.TransitionScale:1.0]]
[2019.11.10-22.29.39:220][  0]LogConfig: Setting CVar [[r.Shadow.PreShadowResolutionFactor:1.0]]
[2019.11.10-22.29.39:220][  0]LogConfig: Setting CVar [[r.DistanceFieldShadowing:1]]
[2019.11.10-22.29.39:221][  0]LogConfig: Setting CVar [[r.DistanceFieldAO:1]]
[2019.11.10-22.29.39:221][  0]LogConfig: Setting CVar [[r.AOQuality:2]]
[2019.11.10-22.29.39:221][  0]LogConfig: Setting CVar [[r.VolumetricFog:1]]
[2019.11.10-22.29.39:221][  0]LogConfig: Setting CVar [[r.VolumetricFog.GridPixelSize:8]]
[2019.11.10-22.29.39:221][  0]LogConfig: Setting CVar [[r.VolumetricFog.GridSizeZ:128]]
[2019.11.10-22.29.39:221][  0]LogConfig: Setting CVar [[r.VolumetricFog.HistoryMissSupersampleCount:4]]
[2019.11.10-22.29.39:221][  0]LogConfig: Setting CVar [[r.LightMaxDrawDistanceScale:1]]
[2019.11.10-22.29.39:221][  0]LogConfig: Setting CVar [[r.CapsuleShadows:1]]
[2019.11.10-22.29.39:221][  0]LogConfig: Applying CVar settings from Section [PostProcessQuality@3] File [C:/Users/rako0016/Desktop/HighLevel/Assignment 2/VRPong/Saved/Config/Windows/Scalability.ini]
[2019.11.10-22.29.39:221][  0]LogConfig: Setting CVar [[r.MotionBlurQuality:4]]
[2019.11.10-22.29.39:221][  0]LogConfig: Setting CVar [[r.AmbientOcclusionMipLevelFactor:0.4]]
[2019.11.10-22.29.39:221][  0]LogConfig: Setting CVar [[r.AmbientOcclusionMaxQuality:100]]
[2019.11.10-22.29.39:221][  0]LogConfig: Setting CVar [[r.AmbientOcclusionLevels:-1]]
[2019.11.10-22.29.39:221][  0]LogConfig: Setting CVar [[r.AmbientOcclusionRadiusScale:1.0]]
[2019.11.10-22.29.39:221][  0]LogConfig: Setting CVar [[r.DepthOfFieldQuality:2]]
[2019.11.10-22.29.39:221][  0]LogConfig: Setting CVar [[r.RenderTargetPoolMin:400]]
[2019.11.10-22.29.39:221][  0]LogConfig: Setting CVar [[r.LensFlareQuality:2]]
[2019.11.10-22.29.39:221][  0]LogConfig: Setting CVar [[r.SceneColorFringeQuality:1]]
[2019.11.10-22.29.39:221][  0]LogConfig: Setting CVar [[r.EyeAdaptationQuality:2]]
[2019.11.10-22.29.39:222][  0]LogConfig: Setting CVar [[r.BloomQuality:5]]
[2019.11.10-22.29.39:222][  0]LogConfig: Setting CVar [[r.FastBlurThreshold:100]]
[2019.11.10-22.29.39:222][  0]LogConfig: Setting CVar [[r.Upscale.Quality:3]]
[2019.11.10-22.29.39:222][  0]LogConfig: Setting CVar [[r.Tonemapper.GrainQuantization:1]]
[2019.11.10-22.29.39:222][  0]LogConfig: Setting CVar [[r.LightShaftQuality:1]]
[2019.11.10-22.29.39:222][  0]LogConfig: Setting CVar [[r.Filter.SizeScale:1]]
[2019.11.10-22.29.39:222][  0]LogConfig: Setting CVar [[r.Tonemapper.Quality:5]]
[2019.11.10-22.29.39:222][  0]LogConfig: Setting CVar [[r.DOF.Gather.AccumulatorQuality:1        ; higher gathering accumulator quality]]
[2019.11.10-22.29.39:222][  0]LogConfig: Setting CVar [[r.DOF.Gather.PostfilterMethod:1          ; Median3x3 postfilering method]]
[2019.11.10-22.29.39:222][  0]LogConfig: Setting CVar [[r.DOF.Gather.EnableBokehSettings:0       ; no bokeh simulation when gathering]]
[2019.11.10-22.29.39:222][  0]LogConfig: Setting CVar [[r.DOF.Gather.RingCount:4                 ; medium number of samples when gathering]]
[2019.11.10-22.29.39:222][  0]LogConfig: Setting CVar [[r.DOF.Scatter.ForegroundCompositing:1    ; additive foreground scattering]]
[2019.11.10-22.29.39:222][  0]LogConfig: Setting CVar [[r.DOF.Scatter.BackgroundCompositing:2    ; additive background scattering]]
[2019.11.10-22.29.39:222][  0]LogConfig: Setting CVar [[r.DOF.Scatter.EnableBokehSettings:1      ; bokeh simulation when scattering]]
[2019.11.10-22.29.39:222][  0]LogConfig: Setting CVar [[r.DOF.Scatter.MaxSpriteRatio:0.1         ; only a maximum of 10% of scattered bokeh]]
[2019.11.10-22.29.39:222][  0]LogConfig: Setting CVar [[r.DOF.Recombine.Quality:1                ; cheap slight out of focus]]
[2019.11.10-22.29.39:222][  0]LogConfig: Setting CVar [[r.DOF.Recombine.EnableBokehSettings:0    ; no bokeh simulation on slight out of focus]]
[2019.11.10-22.29.39:223][  0]LogConfig: Setting CVar [[r.DOF.TemporalAAQuality:1                ; more stable temporal accumulation]]
[2019.11.10-22.29.39:223][  0]LogConfig: Setting CVar [[r.DOF.Kernel.MaxForegroundRadius:0.025]]
[2019.11.10-22.29.39:223][  0]LogConfig: Setting CVar [[r.DOF.Kernel.MaxBackgroundRadius:0.025]]
[2019.11.10-22.29.39:223][  0]LogConfig: Applying CVar settings from Section [TextureQuality@3] File [C:/Users/rako0016/Desktop/HighLevel/Assignment 2/VRPong/Saved/Config/Windows/Scalability.ini]
[2019.11.10-22.29.39:223][  0]LogConfig: Setting CVar [[r.Streaming.MipBias:0]]
[2019.11.10-22.29.39:223][  0]LogConfig: Setting CVar [[r.Streaming.AmortizeCPUToGPUCopy:0]]
[2019.11.10-22.29.39:223][  0]LogConfig: Setting CVar [[r.Streaming.MaxNumTexturesToStreamPerFrame:0]]
[2019.11.10-22.29.39:223][  0]LogConfig: Setting CVar [[r.Streaming.Boost:1]]
[2019.11.10-22.29.39:223][  0]LogConfig: Setting CVar [[r.MaxAnisotropy:8]]
[2019.11.10-22.29.39:223][  0]LogConfig: Setting CVar [[r.Streaming.LimitPoolSizeToVRAM:0]]
[2019.11.10-22.29.39:223][  0]LogConfig: Setting CVar [[r.Streaming.PoolSize:1000]]
[2019.11.10-22.29.39:223][  0]LogConfig: Setting CVar [[r.Streaming.MaxEffectiveScreenSize:0]]
[2019.11.10-22.29.39:223][  0]LogConfig: Applying CVar settings from Section [EffectsQuality@3] File [C:/Users/rako0016/Desktop/HighLevel/Assignment 2/VRPong/Saved/Config/Windows/Scalability.ini]
[2019.11.10-22.29.39:223][  0]LogConfig: Setting CVar [[r.TranslucencyLightingVolumeDim:64]]
[2019.11.10-22.29.39:223][  0]LogConfig: Setting CVar [[r.RefractionQuality:2]]
[2019.11.10-22.29.39:223][  0]LogConfig: Setting CVar [[r.SSR.Quality:3]]
[2019.11.10-22.29.39:223][  0]LogConfig: Setting CVar [[r.SceneColorFormat:4]]
[2019.11.10-22.29.39:223][  0]LogConfig: Setting CVar [[r.DetailMode:2]]
[2019.11.10-22.29.39:224][  0]LogConfig: Setting CVar [[r.TranslucencyVolumeBlur:1]]
[2019.11.10-22.29.39:224][  0]LogConfig: Setting CVar [[r.MaterialQualityLevel:1 ; High quality]]
[2019.11.10-22.29.39:224][  0]LogConfig: Setting CVar [[r.SSS.Scale:1]]
[2019.11.10-22.29.39:224][  0]LogConfig: Setting CVar [[r.SSS.SampleSet:2]]
[2019.11.10-22.29.39:224][  0]LogConfig: Setting CVar [[r.SSS.Quality:1]]
[2019.11.10-22.29.39:224][  0]LogConfig: Setting CVar [[r.SSS.HalfRes:1]]
[2019.11.10-22.29.39:224][  0]LogConfig: Setting CVar [[r.EmitterSpawnRateScale:1.0]]
[2019.11.10-22.29.39:224][  0]LogConfig: Setting CVar [[r.ParticleLightQuality:2]]
[2019.11.10-22.29.39:224][  0]LogConfig: Applying CVar settings from Section [FoliageQuality@3] File [C:/Users/rako0016/Desktop/HighLevel/Assignment 2/VRPong/Saved/Config/Windows/Scalability.ini]
[2019.11.10-22.29.39:224][  0]LogConfig: Setting CVar [[foliage.DensityScale:1.0]]
[2019.11.10-22.29.39:224][  0]LogConfig: Setting CVar [[grass.DensityScale:1.0]]
[2019.11.10-22.29.39:224][  0]LogConfig: Applying CVar settings from Section [Startup] File [../../../Engine/Config/ConsoleVariables.ini]
[2019.11.10-22.29.39:225][  0]LogConfig: Setting CVar [[net.UseAdaptiveNetUpdateFrequency:0]]
[2019.11.10-22.29.39:225][  0]LogConfig: Setting CVar [[p.chaos.AllowCreatePhysxBodies:1]]
[2019.11.10-22.29.39:225][  0]LogConfig: Applying CVar settings from Section [ConsoleVariables] File [C:/Users/rako0016/Desktop/HighLevel/Assignment 2/VRPong/Saved/Config/Windows/Engine.ini]
[2019.11.10-22.29.39:225][  0]LogInit: Computer: WJ316-05
[2019.11.10-22.29.39:225][  0]LogInit: User: rako0016
[2019.11.10-22.29.39:225][  0]LogInit: CPU Page size=4096, Cores=4
[2019.11.10-22.29.39:225][  0]LogInit: High frequency timer resolution =10.000000 MHz
[2019.11.10-22.29.39:225][  0]LogMemory: Memory total: Physical=15.9GB (16GB approx)
[2019.11.10-22.29.39:225][  0]LogMemory: Platform Memory Stats for Windows
[2019.11.10-22.29.39:225][  0]LogMemory: Process Physical Memory: 96.42 MB used, 96.43 MB peak
[2019.11.10-22.29.39:225][  0]LogMemory: Process Virtual Memory: 90.48 MB used, 90.48 MB peak
[2019.11.10-22.29.39:226][  0]LogMemory: Physical Memory: 6823.86 MB used,  9504.79 MB free, 16328.64 MB total
[2019.11.10-22.29.39:226][  0]LogMemory: Virtual Memory: 4658.35 MB used,  134213072.00 MB free, 134217728.00 MB total
[2019.11.10-22.29.39:415][  0]LogInit: Using OS detected language (en-US).
[2019.11.10-22.29.39:415][  0]LogInit: Using OS detected locale (en-US).
[2019.11.10-22.29.39:416][  0]LogTextLocalizationManager: No specific localization for 'en-US' exists, so the 'en' localization will be used.
[2019.11.10-22.29.39:578][  0]LogInit: Setting process to per monitor DPI aware
[2019.11.10-22.29.39:636][  0]LogSlate: New Slate User Created.  User Index 0, Is Virtual User: 0
[2019.11.10-22.29.39:637][  0]LogSlate: Slate User Registered.  User Index 0, Is Virtual User: 0
[2019.11.10-22.29.39:999][  0]LogHMD: Failed to initialize OpenVR with code 110
[2019.11.10-22.29.39:999][  0]LogD3D11RHI: D3D11 adapters:
[2019.11.10-22.29.40:095][  0]LogD3D11RHI:    0. 'NVIDIA GeForce GTX 670' (Feature Level 11_0)
[2019.11.10-22.29.40:095][  0]LogD3D11RHI:       4052/0/8164 MB DedicatedVideo/DedicatedSystem/SharedSystem, Outputs:1, VendorId:0x10de
[2019.11.10-22.29.40:101][  0]LogD3D11RHI:    1. 'Microsoft Basic Render Driver' (Feature Level 11_0)
[2019.11.10-22.29.40:101][  0]LogD3D11RHI:       0/0/8164 MB DedicatedVideo/DedicatedSystem/SharedSystem, Outputs:0, VendorId:0x1414
[2019.11.10-22.29.40:101][  0]LogD3D11RHI: Chosen D3D11 Adapter: 0
[2019.11.10-22.29.40:107][  0]LogD3D11RHI: Creating new Direct3DDevice
[2019.11.10-22.29.40:107][  0]LogD3D11RHI:     GPU DeviceId: 0x1189 (for the marketing name, search the web for "GPU Device Id")
[2019.11.10-22.29.40:107][  0]LogWindows: EnumDisplayDevices:
[2019.11.10-22.29.40:107][  0]LogWindows:    0. 'NVIDIA GeForce GTX 670' (P:1 D:1)
[2019.11.10-22.29.40:107][  0]LogWindows:    1. 'NVIDIA GeForce GTX 670' (P:0 D:0)
[2019.11.10-22.29.40:108][  0]LogWindows:    2. 'NVIDIA GeForce GTX 670' (P:0 D:0)
[2019.11.10-22.29.40:108][  0]LogWindows:    3. 'NVIDIA GeForce GTX 670' (P:0 D:0)
[2019.11.10-22.29.40:108][  0]LogWindows: DebugString: FoundDriverCount:4 
[2019.11.10-22.29.40:108][  0]LogD3D11RHI:     Adapter Name: NVIDIA GeForce GTX 670
[2019.11.10-22.29.40:108][  0]LogD3D11RHI:   Driver Version: 430.86 (internal:26.21.14.3086, unified:430.86)
[2019.11.10-22.29.40:108][  0]LogD3D11RHI:      Driver Date: 5-22-2019
[2019.11.10-22.29.40:108][  0]LogRHI: Texture pool is 2836 MB (70% of 4052 MB)
[2019.11.10-22.29.40:161][  0]LogD3D11RHI: Async texture creation enabled
[2019.11.10-22.29.40:164][  0]LogRendererCore: FGlobalReadBuffer::InitRHI
[2019.11.10-22.29.40:165][  0]LogRendererCore: FGlobalReadBuffer::InitRHI
[2019.11.10-22.29.40:165][  0]LogRendererCore: FGlobalReadBuffer::InitRHI
[2019.11.10-22.29.40:179][  0]LogD3D11RHI: GPU Timing Frequency: 1000.000000 (Debug: 2 2)
[2019.11.10-22.29.40:460][  0]LogTemp: Display: Module 'AllDesktopTargetPlatform' loaded TargetPlatform 'AllDesktop'
[2019.11.10-22.29.40:478][  0]LogTemp: Display: Module 'MacClientTargetPlatform' loaded TargetPlatform 'MacClient'
[2019.11.10-22.29.40:495][  0]LogTemp: Display: Module 'MacNoEditorTargetPlatform' loaded TargetPlatform 'MacNoEditor'
[2019.11.10-22.29.40:514][  0]LogTemp: Display: Module 'MacServerTargetPlatform' loaded TargetPlatform 'MacServer'
[2019.11.10-22.29.40:531][  0]LogTemp: Display: Module 'MacTargetPlatform' loaded TargetPlatform 'Mac'
[2019.11.10-22.29.40:550][  0]LogTemp: Display: Module 'WindowsClientTargetPlatform' loaded TargetPlatform 'WindowsClient'
[2019.11.10-22.29.40:569][  0]LogTemp: Display: Module 'WindowsNoEditorTargetPlatform' loaded TargetPlatform 'WindowsNoEditor'
[2019.11.10-22.29.40:586][  0]LogTemp: Display: Module 'WindowsServerTargetPlatform' loaded TargetPlatform 'WindowsServer'
[2019.11.10-22.29.40:596][  0]LogTemp: Display: Module 'WindowsTargetPlatform' loaded TargetPlatform 'Windows'
[2019.11.10-22.29.40:693][  0]LogTemp: Display: Module 'AndroidTargetPlatform' loaded TargetPlatform 'Android'
[2019.11.10-22.29.40:693][  0]LogTemp: Display: Module 'AndroidTargetPlatform' loaded TargetPlatform 'Android_ASTC'
[2019.11.10-22.29.40:693][  0]LogTemp: Display: Module 'AndroidTargetPlatform' loaded TargetPlatform 'Android_ATC'
[2019.11.10-22.29.40:693][  0]LogTemp: Display: Module 'AndroidTargetPlatform' loaded TargetPlatform 'Android_DXT'
[2019.11.10-22.29.40:693][  0]LogTemp: Display: Module 'AndroidTargetPlatform' loaded TargetPlatform 'Android_ETC1'
[2019.11.10-22.29.40:693][  0]LogTemp: Display: Module 'AndroidTargetPlatform' loaded TargetPlatform 'Android_ETC1a'
[2019.11.10-22.29.40:693][  0]LogTemp: Display: Module 'AndroidTargetPlatform' loaded TargetPlatform 'Android_ETC2'
[2019.11.10-22.29.40:693][  0]LogTemp: Display: Module 'AndroidTargetPlatform' loaded TargetPlatform 'Android_PVRTC'
[2019.11.10-22.29.40:693][  0]LogTemp: Display: Module 'AndroidTargetPlatform' loaded TargetPlatform 'AndroidClient'
[2019.11.10-22.29.40:693][  0]LogTemp: Display: Module 'AndroidTargetPlatform' loaded TargetPlatform 'Android_ASTCClient'
[2019.11.10-22.29.40:693][  0]LogTemp: Display: Module 'AndroidTargetPlatform' loaded TargetPlatform 'Android_ATCClient'
[2019.11.10-22.29.40:693][  0]LogTemp: Display: Module 'AndroidTargetPlatform' loaded TargetPlatform 'Android_DXTClient'
[2019.11.10-22.29.40:693][  0]LogTemp: Display: Module 'AndroidTargetPlatform' loaded TargetPlatform 'Android_ETC1Client'
[2019.11.10-22.29.40:693][  0]LogTemp: Display: Module 'AndroidTargetPlatform' loaded TargetPlatform 'Android_ETC1aClient'
[2019.11.10-22.29.40:693][  0]LogTemp: Display: Module 'AndroidTargetPlatform' loaded TargetPlatform 'Android_ETC2Client'
[2019.11.10-22.29.40:694][  0]LogTemp: Display: Module 'AndroidTargetPlatform' loaded TargetPlatform 'Android_PVRTCClient'
[2019.11.10-22.29.40:694][  0]LogTemp: Display: Module 'AndroidTargetPlatform' loaded TargetPlatform 'Android_Multi'
[2019.11.10-22.29.40:694][  0]LogTemp: Display: Module 'AndroidTargetPlatform' loaded TargetPlatform 'Android_MultiClient'
[2019.11.10-22.29.40:697][  0]LogTemp: Display: Module 'HTML5TargetPlatform' loaded TargetPlatform 'HTML5'
[2019.11.10-22.29.40:763][  0]LogTemp: Display: Module 'IOSTargetPlatform' loaded TargetPlatform 'IOSClient'
[2019.11.10-22.29.40:763][  0]LogTemp: Display: Module 'IOSTargetPlatform' loaded TargetPlatform 'IOS'
[2019.11.10-22.29.40:797][  0]LogTemp: Display: Module 'TVOSTargetPlatform' loaded TargetPlatform 'TVOSClient'
[2019.11.10-22.29.40:797][  0]LogTemp: Display: Module 'TVOSTargetPlatform' loaded TargetPlatform 'TVOS'
[2019.11.10-22.29.40:816][  0]LogTemp: Display: Module 'LinuxClientTargetPlatform' loaded TargetPlatform 'LinuxClient'
[2019.11.10-22.29.40:832][  0]LogTemp: Display: Module 'LinuxNoEditorTargetPlatform' loaded TargetPlatform 'LinuxNoEditor'
[2019.11.10-22.29.40:854][  0]LogTemp: Display: Module 'LinuxServerTargetPlatform' loaded TargetPlatform 'LinuxServer'
[2019.11.10-22.29.40:871][  0]LogTemp: Display: Module 'LinuxTargetPlatform' loaded TargetPlatform 'Linux'
[2019.11.10-22.29.40:926][  0]LogTemp: Display: Module 'LuminTargetPlatform' loaded TargetPlatform 'Lumin'
[2019.11.10-22.29.40:926][  0]LogTemp: Display: Module 'LuminTargetPlatform' loaded TargetPlatform 'LuminClient'
[2019.11.10-22.29.40:926][  0]LogTargetPlatformManager: Display: Building Assets For Windows
[2019.11.10-22.29.40:949][  0]LogAudioDebug: Display: Lib vorbis DLL was dynamically loaded.
[2019.11.10-22.29.41:083][  0]LogShaderCompilers: Guid format shader working directory is -21 characters bigger than the processId version (../../../../../../Users/rako0016/Desktop/HighLevel/Assignment 2/VRPong/Intermediate/Shaders/WorkingDirectory/2052/).
[2019.11.10-22.29.41:084][  0]LogShaderCompilers: Cleaned the shader compiler working directory 'C:/Users/rako0016/AppData/Local/Temp/UnrealShaderWorkingDir/9F8B45DD4BBCE3BCA917B8AB4DD0FD70/'.
[2019.11.10-22.29.41:087][  0]LogXGEController: Cleaning working directory: C:/Users/rako0016/AppData/Local/Temp/UnrealXGEWorkingDir/
[2019.11.10-22.29.41:087][  0]LogXGEController: Cannot use XGE Controller as Incredibuild is not installed on this machine.
[2019.11.10-22.29.41:087][  0]LogShaderCompilers: Cannot use XGE Shader Compiler as Incredibuild is not installed on this machine.
[2019.11.10-22.29.41:087][  0]LogShaderCompilers: Display: Using Local Shader Compiler.
[2019.11.10-22.29.41:830][  0]LogDerivedDataCache: Display: Max Cache Size: 512 MB
[2019.11.10-22.29.41:881][  0]LogDerivedDataCache: Loaded boot cache 0.05s 71MB C:/Users/rako0016/AppData/Local/UnrealEngine/4.22/DerivedDataCache/Boot.ddc.
[2019.11.10-22.29.41:881][  0]LogDerivedDataCache: Display: Loaded Boot cache: C:/Users/rako0016/AppData/Local/UnrealEngine/4.22/DerivedDataCache/Boot.ddc
[2019.11.10-22.29.41:881][  0]LogDerivedDataCache: FDerivedDataBackendGraph:  Pak pak cache file ../../../../../../Users/rako0016/Desktop/HighLevel/Assignment 2/VRPong/DerivedDataCache/DDC.ddp not found, will not use a pak cache.
[2019.11.10-22.29.41:881][  0]LogDerivedDataCache: Unable to find inner node Pak for hierarchical cache Hierarchy.
[2019.11.10-22.29.41:882][  0]LogDerivedDataCache: FDerivedDataBackendGraph:  CompressedPak pak cache file ../../../../../../Users/rako0016/Desktop/HighLevel/Assignment 2/VRPong/DerivedDataCache/Compressed.ddp not found, will not use a pak cache.
[2019.11.10-22.29.41:882][  0]LogDerivedDataCache: Unable to find inner node CompressedPak for hierarchical cache Hierarchy.
[2019.11.10-22.29.41:894][  0]LogDerivedDataCache: Display: Pak cache opened for reading ../../../Engine/DerivedDataCache/Compressed.ddp.
[2019.11.10-22.29.41:894][  0]LogDerivedDataCache: FDerivedDataBackendGraph:  EnterprisePak pak cache file ../../../Enterprise/DerivedDataCache/Compressed.ddp not found, will not use a pak cache.
[2019.11.10-22.29.41:894][  0]LogDerivedDataCache: Unable to find inner node EnterprisePak for hierarchical cache Hierarchy.
[2019.11.10-22.29.41:908][  0]LogDerivedDataCache: Using Local data cache path C:/Users/rako0016/AppData/Local/UnrealEngine/Common/DerivedDataCache: Writable
[2019.11.10-22.29.41:908][  0]LogDerivedDataCache: Shared data cache path not found in *engine.ini, will not use an Shared cache.
[2019.11.10-22.29.41:908][  0]LogDerivedDataCache: Unable to find inner node Shared for hierarchical cache Hierarchy.
[2019.11.10-22.29.41:934][  0]LogMaterial: Verifying Global Shaders for PCD3D_SM5
[2019.11.10-22.29.41:935][  0]LogSlate: Using FreeType 2.6.0
[2019.11.10-22.29.41:936][  0]LogSlate: SlateFontServices - WITH_FREETYPE: 1, WITH_HARFBUZZ: 1
[2019.11.10-22.29.42:057][  0]LogAssetRegistry: FAssetRegistry took 0.0373 seconds to start up
[2019.11.10-22.29.42:436][  0]LogInit: Selected Device Profile: [Windows]
[2019.11.10-22.29.42:616][  0]LogMeshReduction: Using QuadricMeshReduction for automatic static mesh reduction
[2019.11.10-22.29.42:616][  0]LogMeshReduction: Using SimplygonMeshReduction for automatic skeletal mesh reduction
[2019.11.10-22.29.42:616][  0]LogMeshReduction: Using ProxyLODMeshReduction for automatic mesh merging
[2019.11.10-22.29.42:616][  0]LogMeshReduction: No distributed automatic mesh merging module available
[2019.11.10-22.29.42:616][  0]LogMeshMerging: No distributed automatic mesh merging module available
[2019.11.10-22.29.42:629][  0]LogNetVersion: VRPong 1.0.0, NetCL: 5660361, EngineNetVer: 10, GameNetVer: 0 (Checksum: 3296189037)
[2019.11.10-22.29.43:068][  0]LogPackageLocalizationCache: Processed 10 localized package path(s) for 1 prioritized culture(s) in 0.043136 seconds
[2019.11.10-22.29.43:077][  0]LogUObjectArray: 42205 objects as part of root set at end of initial load.
[2019.11.10-22.29.43:077][  0]LogUObjectAllocator: 7325032 out of 0 bytes used by permanent object pool.
[2019.11.10-22.29.43:077][  0]LogUObjectArray: CloseDisregardForGC: 0/0 objects in disregard for GC pool
[2019.11.10-22.29.44:422][  0]LogTcpMessaging: Initializing TcpMessaging bridge
[2019.11.10-22.29.44:440][  0]LogUdpMessaging: Initializing bridge on interface 0.0.0.0:0 to multicast group 230.0.0.1:6666.
[2019.11.10-22.29.44:631][  0]SourceControl: Source control is disabled
[2019.11.10-22.29.44:631][  0]SourceControl: Source control is disabled
[2019.11.10-22.29.44:635][  0]SourceControl: Source control is disabled
[2019.11.10-22.29.44:638][  0]SourceControl: Source control is disabled
[2019.11.10-22.29.44:815][  0]LogAndroidPermission: UAndroidPermissionCallbackProxy::GetInstance
[2019.11.10-22.29.44:953][  0]LogOcInput: OculusInput pre-init called
[2019.11.10-22.29.45:949][  0]LogEngine: Initializing Engine...
[2019.11.10-22.29.45:950][  0]LogHMD: Failed to initialize OpenVR with code 110
[2019.11.10-22.29.45:951][  0]LogStats: UGameplayTagsManager::InitializeManager -  0.000 s
[2019.11.10-22.29.46:171][  0]LogInit: Initializing FReadOnlyCVARCache
[2019.11.10-22.29.46:191][  0]LogAIModule: Creating AISystem for world Untitled
[2019.11.10-22.29.46:212][  0]LogInit: XAudio2 using 'Realtek Digital Output(Optical) (Realtek High Definition Audio)' : 2 channels at 48 kHz using 16 bits per sample (channel mask 0x3)
[2019.11.10-22.29.46:244][  0]LogInit: FAudioDevice initialized.
[2019.11.10-22.29.46:244][  0]LogNetVersion: Set ProjectVersion to 1.0.0.0. Version Checksum will be recalculated on next use.
[2019.11.10-22.29.46:322][  0]LogDerivedDataCache: Saved boot cache 0.08s 71MB C:/Users/rako0016/AppData/Local/UnrealEngine/4.22/DerivedDataCache/Boot.ddc.
[2019.11.10-22.29.46:331][  0]LogInit: Texture streaming: Enabled
[2019.11.10-22.29.46:359][  0]LogEngineSessionManager: EngineSessionManager initialized
[2019.11.10-22.29.46:379][  0]LogInit: Transaction tracking system initialized
[2019.11.10-22.29.46:416][  0]BlueprintLog: New page: Editor Load
[2019.11.10-22.29.46:556][  0]LocalizationService: Localization service is disabled
[2019.11.10-22.29.46:896][  0]LogFileCache: Scanning file cache for directory 'C:/Users/rako0016/Desktop/HighLevel/Assignment 2/VRPong/Content/' took 0.01s
[2019.11.10-22.29.46:896][  0]LogCook: Display: Max memory allowance for cook 16384mb min free memory 0mb
[2019.11.10-22.29.46:896][  0]LogCook: Display: Mobile HDR setting 1
[2019.11.10-22.29.47:180][  0]SourceControl: Source control is disabled
[2019.11.10-22.29.47:180][  0]Cmd: MAP LOAD FILE="../../../../../../Users/rako0016/Desktop/HighLevel/Assignment 2/VRPong/Content/Maps/Pong.umap" TEMPLATE=0 SHOWPROGRESS=1 FEATURELEVEL=3
[2019.11.10-22.29.47:181][  0]LightingResults: New page: Lighting Build
[2019.11.10-22.29.47:184][  0]MapCheck: New page: Map Check
[2019.11.10-22.29.47:184][  0]LightingResults: New page: Lighting Build
[2019.11.10-22.29.47:207][  0]LogUObjectHash: Compacting FUObjectHashTables data took   1.72ms
[2019.11.10-22.29.47:267][  0]LogAIModule: Creating AISystem for world Pong
[2019.11.10-22.29.47:280][  0]LogEditorServer: Finished looking for orphan Actors (0.000 secs)
[2019.11.10-22.29.47:304][  0]LogUObjectHash: Compacting FUObjectHashTables data took   1.65ms
[2019.11.10-22.29.47:305][  0]Cmd: MAP CHECKDEP NOCLEARLOG
[2019.11.10-22.29.47:305][  0]MapCheck: Map check complete: 0 Error(s), 0 Warning(s), took 0.133ms to complete.
[2019.11.10-22.29.47:305][  0]LogFileHelpers: Loading map 'Pong' took 0.125
[2019.11.10-22.29.47:417][  0]LogSlate: Updating window title bar state: overlay mode, drag disabled, window buttons hidden, title bar hidden
[2019.11.10-22.29.47:426][  0]LogSlate: Updating window title bar state: overlay mode, drag disabled, window buttons hidden, title bar hidden
[2019.11.10-22.29.47:434][  0]LogSlate: Updating window title bar state: overlay mode, drag disabled, window buttons hidden, title bar hidden
[2019.11.10-22.29.47:442][  0]LogSlate: Updating window title bar state: overlay mode, drag disabled, window buttons hidden, title bar hidden
[2019.11.10-22.29.47:450][  0]LogCollectionManager: Loaded 0 collections in 0.001592 seconds
[2019.11.10-22.29.47:481][  0]LogFileCache: Scanning file cache for directory 'C:/Users/rako0016/Desktop/HighLevel/Assignment 2/VRPong/Saved/Collections/' took 0.01s
[2019.11.10-22.29.47:481][  0]LogFileCache: Scanning file cache for directory 'C:/Users/rako0016/Desktop/HighLevel/Assignment 2/VRPong/Content/Developers/rako0016/Collections/' took 0.01s
[2019.11.10-22.29.47:481][  0]LogFileCache: Scanning file cache for directory 'C:/Users/rako0016/Desktop/HighLevel/Assignment 2/VRPong/Content/Collections/' took 0.00s
[2019.11.10-22.29.47:481][  0]LogCollectionManager: Rebuilt the GUID cache for 0 collections in 0.000000 seconds
[2019.11.10-22.29.47:491][  0]LogContentBrowser: Native class hierarchy populated in 0.0091 seconds. Added 2737 classes and 662 folders.
[2019.11.10-22.29.47:497][  0]LogContentBrowser: Native class hierarchy updated for 'WidgetCarousel' in 0.0003 seconds. Added 0 classes and 0 folders.
[2019.11.10-22.29.47:500][  0]LogPakFile: Registered encryption key '00000000000000000000000000000000': 0 pak files mounted, 0 remain pending
[2019.11.10-22.29.47:501][  0]LogPakFile: Registered encryption key '00000000000000000000000000000000': 0 pak files mounted, 0 remain pending
[2019.11.10-22.29.47:501][  0]LogPakFile: Registered encryption key '00000000000000000000000000000000': 0 pak files mounted, 0 remain pending
[2019.11.10-22.29.47:502][  0]LogPakFile: Registered encryption key '00000000000000000000000000000000': 0 pak files mounted, 0 remain pending
[2019.11.10-22.29.47:503][  0]LogPakFile: Registered encryption key '00000000000000000000000000000000': 0 pak files mounted, 0 remain pending
[2019.11.10-22.29.47:503][  0]LogPakFile: Registered encryption key '00000000000000000000000000000000': 0 pak files mounted, 0 remain pending
[2019.11.10-22.29.47:504][  0]LogPakFile: Registered encryption key '00000000000000000000000000000000': 0 pak files mounted, 0 remain pending
[2019.11.10-22.29.47:504][  0]LogPakFile: Registered encryption key '00000000000000000000000000000000': 0 pak files mounted, 0 remain pending
[2019.11.10-22.29.47:505][  0]LogPakFile: Registered encryption key '00000000000000000000000000000000': 0 pak files mounted, 0 remain pending
[2019.11.10-22.29.47:506][  0]LogPakFile: Registered encryption key '00000000000000000000000000000000': 0 pak files mounted, 0 remain pending
[2019.11.10-22.29.47:506][  0]LogPakFile: Registered encryption key '00000000000000000000000000000000': 0 pak files mounted, 0 remain pending
[2019.11.10-22.29.47:507][  0]LogPakFile: Registered encryption key '00000000000000000000000000000000': 0 pak files mounted, 0 remain pending
[2019.11.10-22.29.47:507][  0]LogPakFile: Registered encryption key '00000000000000000000000000000000': 0 pak files mounted, 0 remain pending
[2019.11.10-22.29.47:508][  0]LogPakFile: Registered encryption key '00000000000000000000000000000000': 0 pak files mounted, 0 remain pending
[2019.11.10-22.29.47:509][  0]LogPakFile: Registered encryption key '00000000000000000000000000000000': 0 pak files mounted, 0 remain pending
[2019.11.10-22.29.47:509][  0]LogPakFile: Registered encryption key '00000000000000000000000000000000': 0 pak files mounted, 0 remain pending
[2019.11.10-22.29.47:510][  0]LogPakFile: Registered encryption key '00000000000000000000000000000000': 0 pak files mounted, 0 remain pending
[2019.11.10-22.29.47:510][  0]LogPakFile: Registered encryption key '00000000000000000000000000000000': 0 pak files mounted, 0 remain pending
[2019.11.10-22.29.47:511][  0]LogPakFile: Registered encryption key '00000000000000000000000000000000': 0 pak files mounted, 0 remain pending
[2019.11.10-22.29.47:511][  0]LogPakFile: Registered encryption key '00000000000000000000000000000000': 0 pak files mounted, 0 remain pending
[2019.11.10-22.29.47:512][  0]LogPakFile: Registered encryption key '00000000000000000000000000000000': 0 pak files mounted, 0 remain pending
[2019.11.10-22.29.47:512][  0]LogPakFile: Registered encryption key '00000000000000000000000000000000': 0 pak files mounted, 0 remain pending
[2019.11.10-22.29.47:513][  0]LogPakFile: Registered encryption key '00000000000000000000000000000000': 0 pak files mounted, 0 remain pending
[2019.11.10-22.29.47:514][  0]LogPakFile: Registered encryption key '00000000000000000000000000000000': 0 pak files mounted, 0 remain pending
[2019.11.10-22.29.47:514][  0]LogPakFile: Registered encryption key '00000000000000000000000000000000': 0 pak files mounted, 0 remain pending
[2019.11.10-22.29.47:515][  0]LogPakFile: Registered encryption key '00000000000000000000000000000000': 0 pak files mounted, 0 remain pending
[2019.11.10-22.29.47:546][  0]LogContentBrowser: Native class hierarchy updated for 'AddContentDialog' in 0.0004 seconds. Added 0 classes and 0 folders.
[2019.11.10-22.29.47:553][  0]LogContentBrowser: Native class hierarchy updated for 'SceneOutliner' in 0.0005 seconds. Added 1 classes and 2 folders.
[2019.11.10-22.29.47:567][  0]LogSlate: Took 0.000386 seconds to synchronously load lazily loaded font '../../../Engine/Content/Slate/Fonts/Roboto-Regular.ttf' (155K)
[2019.11.10-22.29.47:570][  0]LogSlate: Took 0.000365 seconds to synchronously load lazily loaded font '../../../Engine/Content/Slate/Fonts/Roboto-Bold.ttf' (160K)
[2019.11.10-22.29.47:576][  0]LogSlate: Took 0.000442 seconds to synchronously load lazily loaded font '../../../Engine/Content/Editor/Slate/Fonts/FontAwesome.ttf' (139K)
[2019.11.10-22.29.47:645][  0]LogRenderer: Reallocating scene render targets to support 1208x572 Format 10 NumSamples 1 (Frame:1).
[2019.11.10-22.29.47:765][  0]LogContentBrowser: Native class hierarchy updated for 'HierarchicalLODOutliner' in 0.0004 seconds. Added 0 classes and 0 folders.
[2019.11.10-22.29.47:765][  0]LogLoad: (Engine Initialization) Total time: 10.45 seconds
[2019.11.10-22.29.47:766][  0]LogLoad: (Engine Initialization) Total Blueprint compile time: 0.00 seconds
[2019.11.10-22.29.47:801][  0]LogAssetRegistry: Asset discovery search completed in 5.7690 seconds
[2019.11.10-22.29.47:804][  0]LogCollectionManager: Rebuilt the object cache for 0 collections in 0.000001 seconds (found 0 objects)
[2019.11.10-22.29.47:804][  0]LogCollectionManager: Fixed up redirectors for 0 collections in 0.000199 seconds (updated 0 objects)
[2019.11.10-22.29.47:805][  0]LogContentStreaming: Texture pool size now 1000 MB
[2019.11.10-22.29.47:872][  0]LogSlate: Took 0.000739 seconds to synchronously load lazily loaded font '../../../Engine/Content/Slate/Fonts/Roboto-Light.ttf' (167K)
[2019.11.10-22.29.51:529][436]LogSlate: FSceneViewport::OnFocusLost() reason 0
[2019.11.10-22.29.51:679][454]LogTemp: Repeating last play command: Selected Viewport
[2019.11.10-22.29.51:691][454]LogBlueprintUserMessages: Early PlayInEditor Detection: Level '/Game/Maps/Pong.Pong:PersistentLevel' has LevelScriptBlueprint '/Game/Maps/Pong.Pong:PersistentLevel.Pong' with GeneratedClass '/Game/Maps/Pong.Pong_C' with ClassGeneratedBy '/Game/Maps/Pong.Pong:PersistentLevel.Pong'
[2019.11.10-22.29.51:691][454]LogPlayLevel: PlayLevel: No blueprints needed recompiling
[2019.11.10-22.29.51:691][454]PIE: New page: PIE session: Pong (Nov 10, 2019, 12:29:51 PM)
[2019.11.10-22.29.51:705][454]LogPlayLevel: Creating play world package: /Game/Maps/UEDPIE_0_Pong
[2019.11.10-22.29.51:708][454]LogPlayLevel: PIE: StaticDuplicateObject took: (0.002139s)
[2019.11.10-22.29.51:708][454]LogAIModule: Creating AISystem for world Pong
[2019.11.10-22.29.51:709][454]LogPlayLevel: PIE: World Init took: (0.000831s)
[2019.11.10-22.29.51:709][454]LogPlayLevel: PIE: Created PIE world by copying editor world from /Game/Maps/Pong.Pong to /Game/Maps/UEDPIE_0_Pong.Pong (0.003492s)
[2019.11.10-22.29.51:731][454]LogUObjectHash: Compacting FUObjectHashTables data took   1.22ms
[2019.11.10-22.29.51:751][454]LogInit: XAudio2 using 'Realtek Digital Output(Optical) (Realtek High Definition Audio)' : 2 channels at 48 kHz using 16 bits per sample (channel mask 0x3)
[2019.11.10-22.29.51:768][454]LogInit: FAudioDevice initialized.
[2019.11.10-22.29.51:815][454]LogLoad: Game class is 'VRPongGameModeBase'
[2019.11.10-22.29.51:817][454]LogWorld: Bringing World /Game/Maps/UEDPIE_0_Pong.Pong up for play (max tick rate 0) at 2019.11.10-17.29.51
[2019.11.10-22.29.51:818][454]LogWorld: Bringing up level for play took: 0.001591
[2019.11.10-22.29.51:837][454]LogContentBrowser: Native class hierarchy updated for 'MovieSceneCapture' in 0.0005 seconds. Added 20 classes and 0 folders.
[2019.11.10-22.29.51:838][454]PIE: Play in editor start time for /Game/Maps/UEDPIE_0_Pong 0.062
[2019.11.10-22.29.51:838][454]LogBlueprintUserMessages: Late PlayInEditor Detection: Level '/Game/Maps/Pong.Pong:PersistentLevel' has LevelScriptBlueprint '/Game/Maps/Pong.Pong:PersistentLevel.Pong' with GeneratedClass '/Game/Maps/Pong.Pong_C' with ClassGeneratedBy '/Game/Maps/Pong.Pong:PersistentLevel.Pong'
[2019.11.10-22.30.03:085][802]LogBlueprintUserMessages: Early EndPlayMap Detection: Level '/Game/Maps/Pong.Pong:PersistentLevel' has LevelScriptBlueprint '/Game/Maps/Pong.Pong:PersistentLevel.Pong' with GeneratedClass '/Game/Maps/Pong.Pong_C' with ClassGeneratedBy '/Game/Maps/Pong.Pong:PersistentLevel.Pong'
[2019.11.10-22.30.03:085][802]LogSlate: Updating window title bar state: overlay mode, drag disabled, window buttons hidden, title bar hidden
[2019.11.10-22.30.03:118][802]LogPlayLevel: Display: Shutting down PIE online subsystems
[2019.11.10-22.30.03:119][802]LogBlueprintUserMessages: Late EndPlayMap Detection: Level '/Game/Maps/Pong.Pong:PersistentLevel' has LevelScriptBlueprint '/Game/Maps/Pong.Pong:PersistentLevel.Pong' with GeneratedClass '/Game/Maps/Pong.Pong_C' with ClassGeneratedBy '/Game/Maps/Pong.Pong:PersistentLevel.Pong'
[2019.11.10-22.30.03:144][802]LogSlate: Updating window title bar state: overlay mode, drag disabled, window buttons hidden, title bar hidden
[2019.11.10-22.30.03:147][802]LogUObjectHash: Compacting FUObjectHashTables data took   1.57ms
[2019.11.10-22.30.03:191][805]LogPlayLevel: Display: Destroying online subsystem :Context_1
[2019.11.10-22.30.06:177][162]LogSlate: FSceneViewport::OnFocusLost() reason 0
[2019.11.10-22.30.07:520][318]LogSlate: Took 0.000756 seconds to synchronously load lazily loaded font '../../../Engine/Content/Slate/Fonts/Roboto-Italic.ttf' (157K)
[2019.11.10-22.30.50:420][395]LogSlate: Took 0.000723 seconds to synchronously load lazily loaded font '../../../Engine/Content/Slate/Fonts/Roboto-Light.ttf' (167K)
[2019.11.10-22.30.50:426][395]LogAssetEditorManager: Opening Asset editor for Blueprint /Game/Blueprints/BP_Paddle.BP_Paddle
[2019.11.10-22.30.50:740][395]LogContentBrowser: Native class hierarchy updated for 'BlueprintGraph' in 0.0007 seconds. Added 121 classes and 0 folders.
[2019.11.10-22.30.55:848][854]LogSlate: Window 'BP_Paddle' being destroyed
[2019.11.10-22.30.55:908][854]LogAssetEditorManager: Opening Asset editor for Blueprint /Game/Blueprints/BP_Paddle.BP_Paddle
[2019.11.10-22.30.56:301][854]LogSlate: Took 0.000757 seconds to synchronously load lazily loaded font '../../../Engine/Content/Slate/Fonts/Roboto-BoldCondensed.ttf' (158K)
[2019.11.10-22.32.07:749][323]LogSlate: Window 'BP_Paddle' being destroyed
[2019.11.10-22.32.07:753][323]LogSlate: Window 'BP_Paddle' being destroyed
[2019.11.10-22.32.11:020][694]LogBlueprintActionDatabase: Requesting refresh due to module change: ExternalImagePicker (loaded)
[2019.11.10-22.32.12:117][694]LogSlate: Only BGRA pngs, bmps or icos are supported in by External Image Picker
[2019.11.10-22.34.34:476][991]LogSlate: Window 'Project Settings' being destroyed
[2019.11.10-22.34.34:482][991]LogSlate: Window 'Project Settings' being destroyed
[2019.11.10-22.34.37:528][243]LogSlate: Only BGRA pngs, bmps or icos are supported in by External Image Picker
[2019.11.10-22.34.52:263][781]LogSlate: Window 'Project Settings' being destroyed
[2019.11.10-22.34.52:267][781]LogSlate: Window 'Project Settings' being destroyed
[2019.11.10-22.35.05:132][296]LogAssetEditorManager: Opening Asset editor for Blueprint /Game/BP_VRPongGameModeBase.BP_VRPongGameModeBase
[2019.11.10-22.35.05:571][296]LogSlate: Window 'Add Blueprint Class' being destroyed
[2019.11.10-22.35.06:967][406]LogSlate: Window 'BP_VRPongGameModeBase' being destroyed
[2019.11.10-22.35.06:972][406]LogSlate: Window 'BP_VRPongGameModeBase' being destroyed
[2019.11.10-22.35.08:918][617]LogMetaData: Removing '/Game/Blueprints/BP_VRPongGameModeBase.BP_VRPongGameModeBase:UserConstructionScript.K2Node_FunctionEntry_0' ref from Metadata '/Game/BP_VRPongGameModeBase.PackageMetaData'
[2019.11.10-22.35.08:919][617]LogMetaData: Removing '/Game/Blueprints/BP_VRPongGameModeBase.SKEL_BP_VRPongGameModeBase_C:DefaultSceneRoot' ref from Metadata '/Game/BP_VRPongGameModeBase.PackageMetaData'
[2019.11.10-22.35.08:919][617]LogMetaData: Removing '/Game/Blueprints/BP_VRPongGameModeBase.SKEL_BP_VRPongGameModeBase_C:UserConstructionScript' ref from Metadata '/Game/BP_VRPongGameModeBase.PackageMetaData'
[2019.11.10-22.35.08:919][617]LogMetaData: Removing '/Game/Blueprints/BP_VRPongGameModeBase.SKEL_BP_VRPongGameModeBase_C' ref from Metadata '/Game/BP_VRPongGameModeBase.PackageMetaData'
[2019.11.10-22.35.08:919][617]LogMetaData: Removing '/Game/Blueprints/BP_VRPongGameModeBase.BP_VRPongGameModeBase_C:DefaultSceneRoot' ref from Metadata '/Game/BP_VRPongGameModeBase.PackageMetaData'
[2019.11.10-22.35.08:919][617]LogMetaData: Removing '/Game/Blueprints/BP_VRPongGameModeBase.BP_VRPongGameModeBase_C' ref from Metadata '/Game/BP_VRPongGameModeBase.PackageMetaData'
[2019.11.10-22.35.08:919][617]LogMetaData: Removing '/Game/Blueprints/BP_VRPongGameModeBase.BP_VRPongGameModeBase:EventGraph.K2Node_Event_0' ref from Metadata '/Game/BP_VRPongGameModeBase.PackageMetaData'
[2019.11.10-22.35.08:919][617]LogMetaData: Removing '/Game/Blueprints/BP_VRPongGameModeBase.BP_VRPongGameModeBase:EventGraph.K2Node_Event_1' ref from Metadata '/Game/BP_VRPongGameModeBase.PackageMetaData'
[2019.11.10-22.35.08:950][617]LogSavePackage: Moving '../../../../../../Users/rako0016/Desktop/HighLevel/Assignment 2/VRPong/Saved/BP_VRPongGameModeBaseC6366EE045E18E2AFBF8E798A139BFC8.tmp' to '../../../../../../Users/rako0016/Desktop/HighLevel/Assignment 2/VRPong/Content/Blueprints/BP_VRPongGameModeBase.uasset'
[2019.11.10-22.35.09:225][617]LogUObjectHash: Compacting FUObjectHashTables data took   9.59ms
[2019.11.10-22.35.09:307][617]LogUObjectHash: Compacting FUObjectHashTables data took   5.53ms
[2019.11.10-22.35.09:343][617]LogUObjectHash: Compacting FUObjectHashTables data took   1.45ms
[2019.11.10-22.35.12:995][912]LogSlate: Only BGRA pngs, bmps or icos are supported in by External Image Picker
[2019.11.10-22.35.14:894][109]LogSlate: Prevented a slow task dialog from being summoned while a context menu was open
[2019.11.10-22.35.26:324][191]LogSlate: Window 'Project Settings' being destroyed
[2019.11.10-22.35.26:328][191]LogSlate: Window 'Project Settings' being destroyed
[2019.11.10-22.35.28:464][434]LogUObjectHash: Compacting FUObjectHashTables data took   2.87ms
[2019.11.10-22.35.28:488][434]LogSavePackage: Moving '../../../../../../Users/rako0016/Desktop/HighLevel/Assignment 2/VRPong/Saved/BP_VRPongGameModeBase346E32C142F3AE26D76E6ABE87FEA30A.tmp' to '../../../../../../Users/rako0016/Desktop/HighLevel/Assignment 2/VRPong/Content/Blueprints/BP_VRPongGameModeBase.uasset'
[2019.11.10-22.35.29:174][505]LogTemp: Repeating last play command: Selected Viewport
[2019.11.10-22.35.29:184][505]LogBlueprintUserMessages: Early PlayInEditor Detection: Level '/Game/Maps/Pong.Pong:PersistentLevel' has LevelScriptBlueprint '/Game/Maps/Pong.Pong:PersistentLevel.Pong' with GeneratedClass '/Game/Maps/Pong.Pong_C' with ClassGeneratedBy '/Game/Maps/Pong.Pong:PersistentLevel.Pong'
[2019.11.10-22.35.29:184][505]LogPlayLevel: PlayLevel: No blueprints needed recompiling
[2019.11.10-22.35.29:184][505]PIE: New page: PIE session: Pong (Nov 10, 2019, 12:35:29 PM)
[2019.11.10-22.35.29:184][505]LogPlayLevel: Creating play world package: /Game/Maps/UEDPIE_0_Pong
[2019.11.10-22.35.29:186][505]LogPlayLevel: PIE: StaticDuplicateObject took: (0.001790s)
[2019.11.10-22.35.29:187][505]LogAIModule: Creating AISystem for world Pong
[2019.11.10-22.35.29:187][505]LogPlayLevel: PIE: World Init took: (0.000650s)
[2019.11.10-22.35.29:187][505]LogPlayLevel: PIE: Created PIE world by copying editor world from /Game/Maps/Pong.Pong to /Game/Maps/UEDPIE_0_Pong.Pong (0.002723s)
[2019.11.10-22.35.29:218][505]LogUObjectHash: Compacting FUObjectHashTables data took   2.39ms
[2019.11.10-22.35.29:237][505]LogInit: XAudio2 using 'Realtek Digital Output(Optical) (Realtek High Definition Audio)' : 2 channels at 48 kHz using 16 bits per sample (channel mask 0x3)
[2019.11.10-22.35.29:254][505]LogInit: FAudioDevice initialized.
[2019.11.10-22.35.29:290][505]LogLoad: Game class is 'BP_VRPongGameModeBase_C'
[2019.11.10-22.35.29:291][505]LogWorld: Bringing World /Game/Maps/UEDPIE_0_Pong.Pong up for play (max tick rate 0) at 2019.11.10-17.35.29
[2019.11.10-22.35.29:292][505]LogWorld: Bringing up level for play took: 0.001219
[2019.11.10-22.35.29:309][505]PIE: Play in editor start time for /Game/Maps/UEDPIE_0_Pong -0.458
[2019.11.10-22.35.29:310][505]LogBlueprintUserMessages: Late PlayInEditor Detection: Level '/Game/Maps/Pong.Pong:PersistentLevel' has LevelScriptBlueprint '/Game/Maps/Pong.Pong:PersistentLevel.Pong' with GeneratedClass '/Game/Maps/Pong.Pong_C' with ClassGeneratedBy '/Game/Maps/Pong.Pong:PersistentLevel.Pong'
[2019.11.10-22.35.32:995][945]LogBlueprintUserMessages: Early EndPlayMap Detection: Level '/Game/Maps/Pong.Pong:PersistentLevel' has LevelScriptBlueprint '/Game/Maps/Pong.Pong:PersistentLevel.Pong' with GeneratedClass '/Game/Maps/Pong.Pong_C' with ClassGeneratedBy '/Game/Maps/Pong.Pong:PersistentLevel.Pong'
[2019.11.10-22.35.32:995][945]LogSlate: Updating window title bar state: overlay mode, drag disabled, window buttons hidden, title bar hidden
[2019.11.10-22.35.33:032][945]LogPlayLevel: Display: Shutting down PIE online subsystems
[2019.11.10-22.35.33:033][945]LogBlueprintUserMessages: Late EndPlayMap Detection: Level '/Game/Maps/Pong.Pong:PersistentLevel' has LevelScriptBlueprint '/Game/Maps/Pong.Pong:PersistentLevel.Pong' with GeneratedClass '/Game/Maps/Pong.Pong_C' with ClassGeneratedBy '/Game/Maps/Pong.Pong:PersistentLevel.Pong'
[2019.11.10-22.35.33:070][945]LogSlate: Updating window title bar state: overlay mode, drag disabled, window buttons hidden, title bar hidden
[2019.11.10-22.35.33:075][945]LogUObjectHash: Compacting FUObjectHashTables data took   2.33ms
[2019.11.10-22.35.33:094][946]LogPlayLevel: Display: Destroying online subsystem :Context_6
