Log file open, 11/10/19 16:20:57
LogWindows: Failed to load 'aqProf.dll' (GetLastError=126)
LogWindows: File 'aqProf.dll' does not exist
LogWindows: Failed to load 'VtuneApi.dll' (GetLastError=126)
LogWindows: File 'VtuneApi.dll' does not exist
LogWindows: Failed to load 'VtuneApi32e.dll' (GetLastError=126)
LogWindows: File 'VtuneApi32e.dll' does not exist
LogConsoleResponse: Display: Failed to find resolution value strings in scalability ini. Falling back to default.
LogInit: Display: Running engine for game: VRPong
LogPakFile: Registered encryption key '00000000000000000000000000000000': 0 pak files mounted, 0 remain pending
LogPlatformFile: Not using cached read wrapper
LogTaskGraph: Started task graph with 5 named threads and 23 total threads with 3 sets of task threads.
LogStats: Stats thread started at 0.440219
LogD3D11RHI: Loaded GFSDK_Aftermath_Lib.x64.dll
LogICUInternationalization: ICU TimeZone Detection - Raw Offset: -5:00, Platform Override: ''
LogPluginManager: Mounting plugin Paper2D
LogPluginManager: Mounting plugin AISupport
LogPluginManager: Mounting plugin LightPropagationVolume
LogPluginManager: Mounting plugin ActorLayerUtilities
LogPluginManager: Mounting plugin AnimationSharing
LogPluginManager: Mounting plugin CLionSourceCodeAccess
LogPluginManager: Mounting plugin CodeLiteSourceCodeAccess
LogPluginManager: Mounting plugin GitSourceControl
LogPluginManager: Mounting plugin KDevelopSourceCodeAccess
LogPluginManager: Mounting plugin NullSourceCodeAccess
LogPluginManager: Mounting plugin PerforceSourceControl
LogPluginManager: Mounting plugin SubversionSourceControl
LogPluginManager: Mounting plugin UObjectPlugin
LogPluginManager: Mounting plugin VisualStudioCodeSourceCodeAccess
LogPluginManager: Mounting plugin VisualStudioSourceCodeAccess
LogPluginManager: Mounting plugin XCodeSourceCodeAccess
LogPluginManager: Mounting plugin AssetManagerEditor
LogPluginManager: Mounting plugin CryptoKeys
LogPluginManager: Mounting plugin DataValidation
LogPluginManager: Mounting plugin FacialAnimation
LogPluginManager: Mounting plugin GameplayTagsEditor
LogPluginManager: Mounting plugin MacGraphicsSwitching
LogPluginManager: Mounting plugin MaterialAnalyzer
LogPluginManager: Mounting plugin MobileLauncherProfileWizard
LogPluginManager: Mounting plugin PluginBrowser
LogPluginManager: Mounting plugin SpeedTreeImporter
LogPluginManager: Mounting plugin DatasmithContent
LogPluginManager: Mounting plugin VariantManagerContent
LogPluginManager: Mounting plugin AlembicImporter
LogPluginManager: Mounting plugin AppleImageUtils
LogPluginManager: Mounting plugin AppleVision
LogPluginManager: Mounting plugin BackChannel
LogPluginManager: Mounting plugin CharacterAI
LogPluginManager: Mounting plugin GeometryCache
LogPluginManager: Mounting plugin HTML5Networking
LogPluginManager: Mounting plugin ProxyLODPlugin
LogPluginManager: Mounting plugin SkeletalReduction
LogPluginManager: Mounting plugin MagicLeap
LogPluginManager: Mounting plugin MagicLeapMedia
LogPluginManager: Mounting plugin AndroidMedia
LogPluginManager: Mounting plugin AvfMedia
LogPluginManager: Mounting plugin ImgMedia
LogPluginManager: Mounting plugin LinearTimecode
LogPluginManager: Mounting plugin MediaCompositing
LogPluginManager: Mounting plugin MediaPlayerEditor
LogPluginManager: Mounting plugin WebMMedia
LogPluginManager: Mounting plugin WmfMedia
LogPluginManager: Mounting plugin TcpMessaging
LogPluginManager: Mounting plugin UdpMessaging
LogPluginManager: Mounting plugin ActorSequence
LogPluginManager: Mounting plugin LevelSequenceEditor
LogPluginManager: Mounting plugin MatineeToLevelSequence
LogPluginManager: Mounting plugin NetcodeUnitTest
LogPluginManager: Mounting plugin NUTUnrealEngine4
LogPluginManager: Mounting plugin OnlineSubsystemGooglePlay
LogPluginManager: Mounting plugin OnlineSubsystemIOS
LogPluginManager: Mounting plugin OnlineSubsystem
LogPluginManager: Mounting plugin OnlineSubsystemNull
LogPluginManager: Mounting plugin OnlineSubsystemUtils
LogPluginManager: Mounting plugin LauncherChunkInstaller
LogPluginManager: Mounting plugin AndroidDeviceProfileSelector
LogPluginManager: Mounting plugin AndroidMoviePlayer
LogPluginManager: Mounting plugin AndroidPermission
LogPluginManager: Mounting plugin AppleMoviePlayer
LogPluginManager: Mounting plugin ArchVisCharacter
LogPluginManager: Mounting plugin AudioCapture
LogPluginManager: Mounting plugin CableComponent
LogPluginManager: Mounting plugin CustomMeshComponent
LogPluginManager: Mounting plugin EditableMesh
LogPluginManager: Mounting plugin ExampleDeviceProfileSelector
LogPluginManager: Mounting plugin Firebase
LogPluginManager: Mounting plugin GoogleCloudMessaging
LogPluginManager: Mounting plugin IOSDeviceProfileSelector
LogPluginManager: Mounting plugin LinuxDeviceProfileSelector
LogPluginManager: Mounting plugin LocationServicesBPLibrary
LogPluginManager: Mounting plugin MobilePatchingUtils
LogPluginManager: Mounting plugin OculusVR
LogPluginManager: Mounting plugin PhysXVehicles
LogPluginManager: Mounting plugin ProceduralMeshComponent
LogPluginManager: Mounting plugin RuntimePhysXCooking
LogPluginManager: Mounting plugin SignificanceManager
LogPluginManager: Mounting plugin SteamVR
LogPluginManager: Mounting plugin WebMMoviePlayer
LogPluginManager: Mounting plugin WindowsMoviePlayer
LogInit: Using libcurl 7.55.1-DEV
LogInit:  - built for x86_64-pc-win32
LogInit:  - supports SSL with OpenSSL/1.1.1
LogInit:  - supports HTTP deflate (compression) using libz 1.2.8
LogInit:  - other features:
LogInit:      CURL_VERSION_SSL
LogInit:      CURL_VERSION_LIBZ
LogInit:      CURL_VERSION_IPV6
LogInit:      CURL_VERSION_ASYNCHDNS
LogInit:      CURL_VERSION_LARGEFILE
LogInit:      CURL_VERSION_IDN
LogInit:  CurlRequestOptions (configurable via config and command line):
LogInit:  - bVerifyPeer = true  - Libcurl will verify peer certificate
LogInit:  - bUseHttpProxy = false  - Libcurl will NOT use HTTP proxy
LogInit:  - bDontReuseConnections = false  - Libcurl will reuse connections
LogInit:  - MaxHostConnections = 16  - Libcurl will limit the number of connections to a host
LogInit:  - LocalHostAddr = Default
LogInit:  - BufferSize = 65536
LogInit: WinSock: version 1.1 (2.2), MaxSocks=32767, MaxUdp=65467
LogInit: Build: ++UE4+Release-4.22-CL-7053642
LogInit: Engine Version: 4.22.3-7053642+++UE4+Release-4.22
LogInit: Compatible Engine Version: 4.22.0-5660361+++UE4+Release-4.22
LogInit: Net CL: 5660361
LogInit: OS: Windows 10 (Release 1809) (), CPU:        Intel(R) Core(TM) i7-3770K CPU @ 3.50GHz, GPU: NVIDIA GeForce GTX 670
LogInit: Compiled (64-bit): Jun 18 2019 03:09:11
LogInit: Compiled with Visual C++: 19.16.27025.01
LogInit: Build Configuration: Development
LogInit: Branch Name: ++UE4+Release-4.22
LogInit: Command Line:  -skipcompile
LogInit: Base Directory: C:/Program Files/Epic Games/UE_4.22/Engine/Binaries/Win64/
LogInit: Installed Engine Build: 1
LogDevObjectVersion: Number of dev versions registered: 23
LogDevObjectVersion:   Dev-Blueprints (B0D832E4-1F89-4F0D-ACCF-7EB736FD4AA2): 10
LogDevObjectVersion:   Dev-Build (E1C64328-A22C-4D53-A36C-8E866417BD8C): 0
LogDevObjectVersion:   Dev-Core (375EC13C-06E4-48FB-B500-84F0262A717E): 3
LogDevObjectVersion:   Dev-Editor (E4B068ED-F494-42E9-A231-DA0B2E46BB41): 30
LogDevObjectVersion:   Dev-Framework (CFFC743F-43B0-4480-9391-14DF171D2073): 35
LogDevObjectVersion:   Dev-Mobile (B02B49B5-BB20-44E9-A304-32B752E40360): 2
LogDevObjectVersion:   Dev-Networking (A4E4105C-59A1-49B5-A7C5-40C4547EDFEE): 0
LogDevObjectVersion:   Dev-Online (39C831C9-5AE6-47DC-9A44-9C173E1C8E7C): 0
LogDevObjectVersion:   Dev-Physics (78F01B33-EBEA-4F98-B9B4-84EACCB95AA2): 0
LogDevObjectVersion:   Dev-Platform (6631380F-2D4D-43E0-8009-CF276956A95A): 0
LogDevObjectVersion:   Dev-Rendering (12F88B9F-8875-4AFC-A67C-D90C383ABD29): 28
LogDevObjectVersion:   Dev-Sequencer (7B5AE74C-D270-4C10-A958-57980B212A5A): 11
LogDevObjectVersion:   Dev-VR (D7296918-1DD6-4BDD-9DE2-64A83CC13884): 2
LogDevObjectVersion:   Dev-LoadTimes (C2A15278-BFE7-4AFE-6C17-90FF531DF755): 1
LogDevObjectVersion:   Private-Geometry (6EACA3D4-40EC-4CC1-B786-8BED09428FC5): 3
LogDevObjectVersion:   Dev-AnimPhys (29E575DD-E0A3-4627-9D10-D276232CDCEA): 17
LogDevObjectVersion:   Dev-Anim (AF43A65D-7FD3-4947-9873-3E8ED9C1BB05): 2
LogDevObjectVersion:   Dev-ReflectionCapture (6B266CEC-1EC7-4B8F-A30B-E4D90942FC07): 1
LogDevObjectVersion:   Dev-Automation (0DF73D61-A23F-47EA-B727-89E90C41499A): 1
LogDevObjectVersion:   FortniteMain (601D1886-AC64-4F84-AA16-D3DE0DEAC7D6): 25
LogDevObjectVersion:   Dev-Enterprise (9DFFBCD6-494F-0158-E221-12823C92A888): 6
LogDevObjectVersion:   Dev-Niagara (F2AED0AC-9AFE-416F-8664-AA7FFA26D6FC): 1
LogDevObjectVersion:   Dev-Destruction (174F1F0B-B4C6-45A5-B13F-2EE8D0FB917D): 2
LogInit: Presizing for max 16777216 objects, including 0 objects not considered by GC, pre-allocating 0 bytes for permanent pool.
LogInit: Object subsystem initialized
LogConfig: Setting CVar [[con.DebugEarlyDefault:1]]
LogConfig: Setting CVar [[r.setres:1280x720]]
[2019.11.10-21.20.58:283][  0]LogConfig: Setting CVar [[r.VSync:0]]
[2019.11.10-21.20.58:283][  0]LogConfig: Setting CVar [[r.RHICmdBypass:0]]
[2019.11.10-21.20.58:283][  0]LogConfig: Applying CVar settings from Section [/Script/Engine.RendererSettings] File [C:/Users/rako0016/Desktop/HighLevel/Assignment 2/VRPong/Saved/Config/Windows/Engine.ini]
[2019.11.10-21.20.58:283][  0]LogConfig: Setting CVar [[r.GPUCrashDebugging:0]]
[2019.11.10-21.20.58:283][  0]LogConfig: Setting CVar [[r.DefaultFeature.AutoExposure.ExtendDefaultLuminanceRange:1]]
[2019.11.10-21.20.58:283][  0]LogConfig: Applying CVar settings from Section [/Script/Engine.RendererOverrideSettings] File [C:/Users/rako0016/Desktop/HighLevel/Assignment 2/VRPong/Saved/Config/Windows/Engine.ini]
[2019.11.10-21.20.58:283][  0]LogConfig: Applying CVar settings from Section [/Script/Engine.StreamingSettings] File [C:/Users/rako0016/Desktop/HighLevel/Assignment 2/VRPong/Saved/Config/Windows/Engine.ini]
[2019.11.10-21.20.58:283][  0]LogConfig: Setting CVar [[s.MinBulkDataSizeForAsyncLoading:131072]]
[2019.11.10-21.20.58:283][  0]LogConfig: Setting CVar [[s.AsyncLoadingThreadEnabled:0]]
[2019.11.10-21.20.58:283][  0]LogConfig: Setting CVar [[s.EventDrivenLoaderEnabled:1]]
[2019.11.10-21.20.58:283][  0]LogConfig: Setting CVar [[s.WarnIfTimeLimitExceeded:0]]
[2019.11.10-21.20.58:283][  0]LogConfig: Setting CVar [[s.TimeLimitExceededMultiplier:1.5]]
[2019.11.10-21.20.58:283][  0]LogConfig: Setting CVar [[s.TimeLimitExceededMinTime:0.005]]
[2019.11.10-21.20.58:283][  0]LogConfig: Setting CVar [[s.UseBackgroundLevelStreaming:1]]
[2019.11.10-21.20.58:283][  0]LogConfig: Setting CVar [[s.PriorityAsyncLoadingExtraTime:15.0]]
[2019.11.10-21.20.58:283][  0]LogConfig: Setting CVar [[s.LevelStreamingActorsUpdateTimeLimit:5.0]]
[2019.11.10-21.20.58:283][  0]LogConfig: Setting CVar [[s.PriorityLevelStreamingActorsUpdateExtraTime:5.0]]
[2019.11.10-21.20.58:283][  0]LogConfig: Setting CVar [[s.LevelStreamingComponentsRegistrationGranularity:10]]
[2019.11.10-21.20.58:283][  0]LogConfig: Setting CVar [[s.UnregisterComponentsTimeLimit:1.0]]
[2019.11.10-21.20.58:283][  0]LogConfig: Setting CVar [[s.LevelStreamingComponentsUnregistrationGranularity:5]]
[2019.11.10-21.20.58:283][  0]LogConfig: Applying CVar settings from Section [/Script/Engine.GarbageCollectionSettings] File [C:/Users/rako0016/Desktop/HighLevel/Assignment 2/VRPong/Saved/Config/Windows/Engine.ini]
[2019.11.10-21.20.58:283][  0]LogConfig: Setting CVar [[gc.MaxObjectsNotConsideredByGC:1]]
[2019.11.10-21.20.58:283][  0]LogConfig: Setting CVar [[gc.SizeOfPermanentObjectPool:0]]
[2019.11.10-21.20.58:283][  0]LogConfig: Setting CVar [[gc.FlushStreamingOnGC:0]]
[2019.11.10-21.20.58:283][  0]LogConfig: Setting CVar [[gc.NumRetriesBeforeForcingGC:10]]
[2019.11.10-21.20.58:283][  0]LogConfig: Setting CVar [[gc.AllowParallelGC:1]]
[2019.11.10-21.20.58:283][  0]LogConfig: Setting CVar [[gc.TimeBetweenPurgingPendingKillObjects:61.1]]
[2019.11.10-21.20.58:283][  0]LogConfig: Setting CVar [[gc.MaxObjectsInEditor:16777216]]
[2019.11.10-21.20.58:283][  0]LogConfig: Setting CVar [[gc.IncrementalBeginDestroyEnabled:1]]
[2019.11.10-21.20.58:283][  0]LogConfig: Setting CVar [[gc.CreateGCClusters:1]]
[2019.11.10-21.20.58:283][  0]LogConfig: Setting CVar [[gc.MinGCClusterSize:5]]
[2019.11.10-21.20.58:283][  0]LogConfig: Setting CVar [[gc.ActorClusteringEnabled:0]]
[2019.11.10-21.20.58:283][  0]LogConfig: Setting CVar [[gc.BlueprintClusteringEnabled:0]]
[2019.11.10-21.20.58:283][  0]LogConfig: Setting CVar [[gc.UseDisregardForGCOnDedicatedServers:0]]
[2019.11.10-21.20.58:283][  0]LogConfig: Applying CVar settings from Section [/Script/Engine.NetworkSettings] File [C:/Users/rako0016/Desktop/HighLevel/Assignment 2/VRPong/Saved/Config/Windows/Engine.ini]
[2019.11.10-21.20.58:283][  0]LogConfig: Applying CVar settings from Section [/Script/UnrealEd.CookerSettings] File [C:/Users/rako0016/Desktop/HighLevel/Assignment 2/VRPong/Saved/Config/Windows/Engine.ini]
[2019.11.10-21.20.58:283][  0]LogConfig: Applying CVar settings from Section [ViewDistanceQuality@3] File [C:/Users/rako0016/Desktop/HighLevel/Assignment 2/VRPong/Saved/Config/Windows/Scalability.ini]
[2019.11.10-21.20.58:283][  0]LogConfig: Setting CVar [[r.SkeletalMeshLODBias:0]]
[2019.11.10-21.20.58:283][  0]LogConfig: Setting CVar [[r.ViewDistanceScale:1.0]]
[2019.11.10-21.20.58:283][  0]LogConfig: Applying CVar settings from Section [AntiAliasingQuality@3] File [C:/Users/rako0016/Desktop/HighLevel/Assignment 2/VRPong/Saved/Config/Windows/Scalability.ini]
[2019.11.10-21.20.58:283][  0]LogConfig: Setting CVar [[r.PostProcessAAQuality:4]]
[2019.11.10-21.20.58:283][  0]LogConfig: Applying CVar settings from Section [ShadowQuality@3] File [C:/Users/rako0016/Desktop/HighLevel/Assignment 2/VRPong/Saved/Config/Windows/Scalability.ini]
[2019.11.10-21.20.58:283][  0]LogConfig: Setting CVar [[r.LightFunctionQuality:1]]
[2019.11.10-21.20.58:283][  0]LogConfig: Setting CVar [[r.ShadowQuality:5]]
[2019.11.10-21.20.58:283][  0]LogConfig: Setting CVar [[r.Shadow.CSM.MaxCascades:10]]
[2019.11.10-21.20.58:283][  0]LogConfig: Setting CVar [[r.Shadow.MaxResolution:2048]]
[2019.11.10-21.20.58:283][  0]LogConfig: Setting CVar [[r.Shadow.MaxCSMResolution:2048]]
[2019.11.10-21.20.58:283][  0]LogConfig: Setting CVar [[r.Shadow.RadiusThreshold:0.01]]
[2019.11.10-21.20.58:283][  0]LogConfig: Setting CVar [[r.Shadow.DistanceScale:1.0]]
[2019.11.10-21.20.58:283][  0]LogConfig: Setting CVar [[r.Shadow.CSM.TransitionScale:1.0]]
[2019.11.10-21.20.58:283][  0]LogConfig: Setting CVar [[r.Shadow.PreShadowResolutionFactor:1.0]]
[2019.11.10-21.20.58:283][  0]LogConfig: Setting CVar [[r.DistanceFieldShadowing:1]]
[2019.11.10-21.20.58:283][  0]LogConfig: Setting CVar [[r.DistanceFieldAO:1]]
[2019.11.10-21.20.58:283][  0]LogConfig: Setting CVar [[r.AOQuality:2]]
[2019.11.10-21.20.58:283][  0]LogConfig: Setting CVar [[r.VolumetricFog:1]]
[2019.11.10-21.20.58:283][  0]LogConfig: Setting CVar [[r.VolumetricFog.GridPixelSize:8]]
[2019.11.10-21.20.58:283][  0]LogConfig: Setting CVar [[r.VolumetricFog.GridSizeZ:128]]
[2019.11.10-21.20.58:283][  0]LogConfig: Setting CVar [[r.VolumetricFog.HistoryMissSupersampleCount:4]]
[2019.11.10-21.20.58:283][  0]LogConfig: Setting CVar [[r.LightMaxDrawDistanceScale:1]]
[2019.11.10-21.20.58:283][  0]LogConfig: Setting CVar [[r.CapsuleShadows:1]]
[2019.11.10-21.20.58:283][  0]LogConfig: Applying CVar settings from Section [PostProcessQuality@3] File [C:/Users/rako0016/Desktop/HighLevel/Assignment 2/VRPong/Saved/Config/Windows/Scalability.ini]
[2019.11.10-21.20.58:283][  0]LogConfig: Setting CVar [[r.MotionBlurQuality:4]]
[2019.11.10-21.20.58:283][  0]LogConfig: Setting CVar [[r.AmbientOcclusionMipLevelFactor:0.4]]
[2019.11.10-21.20.58:283][  0]LogConfig: Setting CVar [[r.AmbientOcclusionMaxQuality:100]]
[2019.11.10-21.20.58:283][  0]LogConfig: Setting CVar [[r.AmbientOcclusionLevels:-1]]
[2019.11.10-21.20.58:283][  0]LogConfig: Setting CVar [[r.AmbientOcclusionRadiusScale:1.0]]
[2019.11.10-21.20.58:283][  0]LogConfig: Setting CVar [[r.DepthOfFieldQuality:2]]
[2019.11.10-21.20.58:283][  0]LogConfig: Setting CVar [[r.RenderTargetPoolMin:400]]
[2019.11.10-21.20.58:283][  0]LogConfig: Setting CVar [[r.LensFlareQuality:2]]
[2019.11.10-21.20.58:283][  0]LogConfig: Setting CVar [[r.SceneColorFringeQuality:1]]
[2019.11.10-21.20.58:283][  0]LogConfig: Setting CVar [[r.EyeAdaptationQuality:2]]
[2019.11.10-21.20.58:283][  0]LogConfig: Setting CVar [[r.BloomQuality:5]]
[2019.11.10-21.20.58:283][  0]LogConfig: Setting CVar [[r.FastBlurThreshold:100]]
[2019.11.10-21.20.58:283][  0]LogConfig: Setting CVar [[r.Upscale.Quality:3]]
[2019.11.10-21.20.58:283][  0]LogConfig: Setting CVar [[r.Tonemapper.GrainQuantization:1]]
[2019.11.10-21.20.58:283][  0]LogConfig: Setting CVar [[r.LightShaftQuality:1]]
[2019.11.10-21.20.58:283][  0]LogConfig: Setting CVar [[r.Filter.SizeScale:1]]
[2019.11.10-21.20.58:283][  0]LogConfig: Setting CVar [[r.Tonemapper.Quality:5]]
[2019.11.10-21.20.58:283][  0]LogConfig: Setting CVar [[r.DOF.Gather.AccumulatorQuality:1        ; higher gathering accumulator quality]]
[2019.11.10-21.20.58:283][  0]LogConfig: Setting CVar [[r.DOF.Gather.PostfilterMethod:1          ; Median3x3 postfilering method]]
[2019.11.10-21.20.58:283][  0]LogConfig: Setting CVar [[r.DOF.Gather.EnableBokehSettings:0       ; no bokeh simulation when gathering]]
[2019.11.10-21.20.58:283][  0]LogConfig: Setting CVar [[r.DOF.Gather.RingCount:4                 ; medium number of samples when gathering]]
[2019.11.10-21.20.58:283][  0]LogConfig: Setting CVar [[r.DOF.Scatter.ForegroundCompositing:1    ; additive foreground scattering]]
[2019.11.10-21.20.58:283][  0]LogConfig: Setting CVar [[r.DOF.Scatter.BackgroundCompositing:2    ; additive background scattering]]
[2019.11.10-21.20.58:283][  0]LogConfig: Setting CVar [[r.DOF.Scatter.EnableBokehSettings:1      ; bokeh simulation when scattering]]
[2019.11.10-21.20.58:283][  0]LogConfig: Setting CVar [[r.DOF.Scatter.MaxSpriteRatio:0.1         ; only a maximum of 10% of scattered bokeh]]
[2019.11.10-21.20.58:283][  0]LogConfig: Setting CVar [[r.DOF.Recombine.Quality:1                ; cheap slight out of focus]]
[2019.11.10-21.20.58:283][  0]LogConfig: Setting CVar [[r.DOF.Recombine.EnableBokehSettings:0    ; no bokeh simulation on slight out of focus]]
[2019.11.10-21.20.58:283][  0]LogConfig: Setting CVar [[r.DOF.TemporalAAQuality:1                ; more stable temporal accumulation]]
[2019.11.10-21.20.58:283][  0]LogConfig: Setting CVar [[r.DOF.Kernel.MaxForegroundRadius:0.025]]
[2019.11.10-21.20.58:283][  0]LogConfig: Setting CVar [[r.DOF.Kernel.MaxBackgroundRadius:0.025]]
[2019.11.10-21.20.58:283][  0]LogConfig: Applying CVar settings from Section [TextureQuality@3] File [C:/Users/rako0016/Desktop/HighLevel/Assignment 2/VRPong/Saved/Config/Windows/Scalability.ini]
[2019.11.10-21.20.58:283][  0]LogConfig: Setting CVar [[r.Streaming.MipBias:0]]
[2019.11.10-21.20.58:283][  0]LogConfig: Setting CVar [[r.Streaming.AmortizeCPUToGPUCopy:0]]
[2019.11.10-21.20.58:283][  0]LogConfig: Setting CVar [[r.Streaming.MaxNumTexturesToStreamPerFrame:0]]
[2019.11.10-21.20.58:283][  0]LogConfig: Setting CVar [[r.Streaming.Boost:1]]
[2019.11.10-21.20.58:283][  0]LogConfig: Setting CVar [[r.MaxAnisotropy:8]]
[2019.11.10-21.20.58:283][  0]LogConfig: Setting CVar [[r.Streaming.LimitPoolSizeToVRAM:0]]
[2019.11.10-21.20.58:283][  0]LogConfig: Setting CVar [[r.Streaming.PoolSize:1000]]
[2019.11.10-21.20.58:283][  0]LogConfig: Setting CVar [[r.Streaming.MaxEffectiveScreenSize:0]]
[2019.11.10-21.20.58:283][  0]LogConfig: Applying CVar settings from Section [EffectsQuality@3] File [C:/Users/rako0016/Desktop/HighLevel/Assignment 2/VRPong/Saved/Config/Windows/Scalability.ini]
[2019.11.10-21.20.58:283][  0]LogConfig: Setting CVar [[r.TranslucencyLightingVolumeDim:64]]
[2019.11.10-21.20.58:283][  0]LogConfig: Setting CVar [[r.RefractionQuality:2]]
[2019.11.10-21.20.58:283][  0]LogConfig: Setting CVar [[r.SSR.Quality:3]]
[2019.11.10-21.20.58:283][  0]LogConfig: Setting CVar [[r.SceneColorFormat:4]]
[2019.11.10-21.20.58:283][  0]LogConfig: Setting CVar [[r.DetailMode:2]]
[2019.11.10-21.20.58:283][  0]LogConfig: Setting CVar [[r.TranslucencyVolumeBlur:1]]
[2019.11.10-21.20.58:283][  0]LogConfig: Setting CVar [[r.MaterialQualityLevel:1 ; High quality]]
[2019.11.10-21.20.58:283][  0]LogConfig: Setting CVar [[r.SSS.Scale:1]]
[2019.11.10-21.20.58:283][  0]LogConfig: Setting CVar [[r.SSS.SampleSet:2]]
[2019.11.10-21.20.58:283][  0]LogConfig: Setting CVar [[r.SSS.Quality:1]]
[2019.11.10-21.20.58:283][  0]LogConfig: Setting CVar [[r.SSS.HalfRes:1]]
[2019.11.10-21.20.58:283][  0]LogConfig: Setting CVar [[r.EmitterSpawnRateScale:1.0]]
[2019.11.10-21.20.58:283][  0]LogConfig: Setting CVar [[r.ParticleLightQuality:2]]
[2019.11.10-21.20.58:283][  0]LogConfig: Applying CVar settings from Section [FoliageQuality@3] File [C:/Users/rako0016/Desktop/HighLevel/Assignment 2/VRPong/Saved/Config/Windows/Scalability.ini]
[2019.11.10-21.20.58:283][  0]LogConfig: Setting CVar [[foliage.DensityScale:1.0]]
[2019.11.10-21.20.58:283][  0]LogConfig: Setting CVar [[grass.DensityScale:1.0]]
[2019.11.10-21.20.58:283][  0]LogInit: Selected Device Profile: [Windows]
[2019.11.10-21.20.58:283][  0]LogInit: Applying CVar settings loaded from the selected device profile: [Windows]
[2019.11.10-21.20.58:299][  0]LogHAL: Display: Platform has ~ 16 GB [17121820672 / 17179869184 / 16], which maps to Larger [LargestMinGB=32, LargerMinGB=12, DefaultMinGB=8, SmallerMinGB=6, SmallestMinGB=0)
[2019.11.10-21.20.58:299][  0]LogConfig: Setting CVar [[r.Vulkan.UseRealUBs:0		; Required until we fix HLR fall-out]]
[2019.11.10-21.20.58:299][  0]LogInit: Going up to parent DeviceProfile []
[2019.11.10-21.20.58:299][  0]LogConfig: Applying CVar settings from Section [ViewDistanceQuality@3] File [C:/Users/rako0016/Desktop/HighLevel/Assignment 2/VRPong/Saved/Config/Windows/Scalability.ini]
[2019.11.10-21.20.58:299][  0]LogConfig: Setting CVar [[r.SkeletalMeshLODBias:0]]
[2019.11.10-21.20.58:299][  0]LogConfig: Setting CVar [[r.ViewDistanceScale:1.0]]
[2019.11.10-21.20.58:299][  0]LogConfig: Applying CVar settings from Section [AntiAliasingQuality@3] File [C:/Users/rako0016/Desktop/HighLevel/Assignment 2/VRPong/Saved/Config/Windows/Scalability.ini]
[2019.11.10-21.20.58:299][  0]LogConfig: Setting CVar [[r.PostProcessAAQuality:4]]
[2019.11.10-21.20.58:299][  0]LogConfig: Applying CVar settings from Section [ShadowQuality@3] File [C:/Users/rako0016/Desktop/HighLevel/Assignment 2/VRPong/Saved/Config/Windows/Scalability.ini]
[2019.11.10-21.20.58:299][  0]LogConfig: Setting CVar [[r.LightFunctionQuality:1]]
[2019.11.10-21.20.58:299][  0]LogConfig: Setting CVar [[r.ShadowQuality:5]]
[2019.11.10-21.20.58:299][  0]LogConfig: Setting CVar [[r.Shadow.CSM.MaxCascades:10]]
[2019.11.10-21.20.58:299][  0]LogConfig: Setting CVar [[r.Shadow.MaxResolution:2048]]
[2019.11.10-21.20.58:299][  0]LogConfig: Setting CVar [[r.Shadow.MaxCSMResolution:2048]]
[2019.11.10-21.20.58:299][  0]LogConfig: Setting CVar [[r.Shadow.RadiusThreshold:0.01]]
[2019.11.10-21.20.58:299][  0]LogConfig: Setting CVar [[r.Shadow.DistanceScale:1.0]]
[2019.11.10-21.20.58:299][  0]LogConfig: Setting CVar [[r.Shadow.CSM.TransitionScale:1.0]]
[2019.11.10-21.20.58:299][  0]LogConfig: Setting CVar [[r.Shadow.PreShadowResolutionFactor:1.0]]
[2019.11.10-21.20.58:299][  0]LogConfig: Setting CVar [[r.DistanceFieldShadowing:1]]
[2019.11.10-21.20.58:299][  0]LogConfig: Setting CVar [[r.DistanceFieldAO:1]]
[2019.11.10-21.20.58:299][  0]LogConfig: Setting CVar [[r.AOQuality:2]]
[2019.11.10-21.20.58:299][  0]LogConfig: Setting CVar [[r.VolumetricFog:1]]
[2019.11.10-21.20.58:299][  0]LogConfig: Setting CVar [[r.VolumetricFog.GridPixelSize:8]]
[2019.11.10-21.20.58:299][  0]LogConfig: Setting CVar [[r.VolumetricFog.GridSizeZ:128]]
[2019.11.10-21.20.58:299][  0]LogConfig: Setting CVar [[r.VolumetricFog.HistoryMissSupersampleCount:4]]
[2019.11.10-21.20.58:299][  0]LogConfig: Setting CVar [[r.LightMaxDrawDistanceScale:1]]
[2019.11.10-21.20.58:299][  0]LogConfig: Setting CVar [[r.CapsuleShadows:1]]
[2019.11.10-21.20.58:299][  0]LogConfig: Applying CVar settings from Section [PostProcessQuality@3] File [C:/Users/rako0016/Desktop/HighLevel/Assignment 2/VRPong/Saved/Config/Windows/Scalability.ini]
[2019.11.10-21.20.58:299][  0]LogConfig: Setting CVar [[r.MotionBlurQuality:4]]
[2019.11.10-21.20.58:299][  0]LogConfig: Setting CVar [[r.AmbientOcclusionMipLevelFactor:0.4]]
[2019.11.10-21.20.58:299][  0]LogConfig: Setting CVar [[r.AmbientOcclusionMaxQuality:100]]
[2019.11.10-21.20.58:299][  0]LogConfig: Setting CVar [[r.AmbientOcclusionLevels:-1]]
[2019.11.10-21.20.58:299][  0]LogConfig: Setting CVar [[r.AmbientOcclusionRadiusScale:1.0]]
[2019.11.10-21.20.58:299][  0]LogConfig: Setting CVar [[r.DepthOfFieldQuality:2]]
[2019.11.10-21.20.58:299][  0]LogConfig: Setting CVar [[r.RenderTargetPoolMin:400]]
[2019.11.10-21.20.58:299][  0]LogConfig: Setting CVar [[r.LensFlareQuality:2]]
[2019.11.10-21.20.58:299][  0]LogConfig: Setting CVar [[r.SceneColorFringeQuality:1]]
[2019.11.10-21.20.58:299][  0]LogConfig: Setting CVar [[r.EyeAdaptationQuality:2]]
[2019.11.10-21.20.58:299][  0]LogConfig: Setting CVar [[r.BloomQuality:5]]
[2019.11.10-21.20.58:299][  0]LogConfig: Setting CVar [[r.FastBlurThreshold:100]]
[2019.11.10-21.20.58:299][  0]LogConfig: Setting CVar [[r.Upscale.Quality:3]]
[2019.11.10-21.20.58:299][  0]LogConfig: Setting CVar [[r.Tonemapper.GrainQuantization:1]]
[2019.11.10-21.20.58:299][  0]LogConfig: Setting CVar [[r.LightShaftQuality:1]]
[2019.11.10-21.20.58:299][  0]LogConfig: Setting CVar [[r.Filter.SizeScale:1]]
[2019.11.10-21.20.58:299][  0]LogConfig: Setting CVar [[r.Tonemapper.Quality:5]]
[2019.11.10-21.20.58:299][  0]LogConfig: Setting CVar [[r.DOF.Gather.AccumulatorQuality:1        ; higher gathering accumulator quality]]
[2019.11.10-21.20.58:299][  0]LogConfig: Setting CVar [[r.DOF.Gather.PostfilterMethod:1          ; Median3x3 postfilering method]]
[2019.11.10-21.20.58:299][  0]LogConfig: Setting CVar [[r.DOF.Gather.EnableBokehSettings:0       ; no bokeh simulation when gathering]]
[2019.11.10-21.20.58:299][  0]LogConfig: Setting CVar [[r.DOF.Gather.RingCount:4                 ; medium number of samples when gathering]]
[2019.11.10-21.20.58:299][  0]LogConfig: Setting CVar [[r.DOF.Scatter.ForegroundCompositing:1    ; additive foreground scattering]]
[2019.11.10-21.20.58:299][  0]LogConfig: Setting CVar [[r.DOF.Scatter.BackgroundCompositing:2    ; additive background scattering]]
[2019.11.10-21.20.58:299][  0]LogConfig: Setting CVar [[r.DOF.Scatter.EnableBokehSettings:1      ; bokeh simulation when scattering]]
[2019.11.10-21.20.58:299][  0]LogConfig: Setting CVar [[r.DOF.Scatter.MaxSpriteRatio:0.1         ; only a maximum of 10% of scattered bokeh]]
[2019.11.10-21.20.58:299][  0]LogConfig: Setting CVar [[r.DOF.Recombine.Quality:1                ; cheap slight out of focus]]
[2019.11.10-21.20.58:299][  0]LogConfig: Setting CVar [[r.DOF.Recombine.EnableBokehSettings:0    ; no bokeh simulation on slight out of focus]]
[2019.11.10-21.20.58:299][  0]LogConfig: Setting CVar [[r.DOF.TemporalAAQuality:1                ; more stable temporal accumulation]]
[2019.11.10-21.20.58:299][  0]LogConfig: Setting CVar [[r.DOF.Kernel.MaxForegroundRadius:0.025]]
[2019.11.10-21.20.58:299][  0]LogConfig: Setting CVar [[r.DOF.Kernel.MaxBackgroundRadius:0.025]]
[2019.11.10-21.20.58:299][  0]LogConfig: Applying CVar settings from Section [TextureQuality@3] File [C:/Users/rako0016/Desktop/HighLevel/Assignment 2/VRPong/Saved/Config/Windows/Scalability.ini]
[2019.11.10-21.20.58:299][  0]LogConfig: Setting CVar [[r.Streaming.MipBias:0]]
[2019.11.10-21.20.58:299][  0]LogConfig: Setting CVar [[r.Streaming.AmortizeCPUToGPUCopy:0]]
[2019.11.10-21.20.58:299][  0]LogConfig: Setting CVar [[r.Streaming.MaxNumTexturesToStreamPerFrame:0]]
[2019.11.10-21.20.58:299][  0]LogConfig: Setting CVar [[r.Streaming.Boost:1]]
[2019.11.10-21.20.58:299][  0]LogConfig: Setting CVar [[r.MaxAnisotropy:8]]
[2019.11.10-21.20.58:299][  0]LogConfig: Setting CVar [[r.Streaming.LimitPoolSizeToVRAM:0]]
[2019.11.10-21.20.58:299][  0]LogConfig: Setting CVar [[r.Streaming.PoolSize:1000]]
[2019.11.10-21.20.58:299][  0]LogConfig: Setting CVar [[r.Streaming.MaxEffectiveScreenSize:0]]
[2019.11.10-21.20.58:299][  0]LogConfig: Applying CVar settings from Section [EffectsQuality@3] File [C:/Users/rako0016/Desktop/HighLevel/Assignment 2/VRPong/Saved/Config/Windows/Scalability.ini]
[2019.11.10-21.20.58:299][  0]LogConfig: Setting CVar [[r.TranslucencyLightingVolumeDim:64]]
[2019.11.10-21.20.58:299][  0]LogConfig: Setting CVar [[r.RefractionQuality:2]]
[2019.11.10-21.20.58:299][  0]LogConfig: Setting CVar [[r.SSR.Quality:3]]
[2019.11.10-21.20.58:299][  0]LogConfig: Setting CVar [[r.SceneColorFormat:4]]
[2019.11.10-21.20.58:299][  0]LogConfig: Setting CVar [[r.DetailMode:2]]
[2019.11.10-21.20.58:299][  0]LogConfig: Setting CVar [[r.TranslucencyVolumeBlur:1]]
[2019.11.10-21.20.58:299][  0]LogConfig: Setting CVar [[r.MaterialQualityLevel:1 ; High quality]]
[2019.11.10-21.20.58:299][  0]LogConfig: Setting CVar [[r.SSS.Scale:1]]
[2019.11.10-21.20.58:299][  0]LogConfig: Setting CVar [[r.SSS.SampleSet:2]]
[2019.11.10-21.20.58:299][  0]LogConfig: Setting CVar [[r.SSS.Quality:1]]
[2019.11.10-21.20.58:299][  0]LogConfig: Setting CVar [[r.SSS.HalfRes:1]]
[2019.11.10-21.20.58:299][  0]LogConfig: Setting CVar [[r.EmitterSpawnRateScale:1.0]]
[2019.11.10-21.20.58:299][  0]LogConfig: Setting CVar [[r.ParticleLightQuality:2]]
[2019.11.10-21.20.58:299][  0]LogConfig: Applying CVar settings from Section [FoliageQuality@3] File [C:/Users/rako0016/Desktop/HighLevel/Assignment 2/VRPong/Saved/Config/Windows/Scalability.ini]
[2019.11.10-21.20.58:299][  0]LogConfig: Setting CVar [[foliage.DensityScale:1.0]]
[2019.11.10-21.20.58:299][  0]LogConfig: Setting CVar [[grass.DensityScale:1.0]]
[2019.11.10-21.20.58:299][  0]LogConfig: Applying CVar settings from Section [Startup] File [../../../Engine/Config/ConsoleVariables.ini]
[2019.11.10-21.20.58:299][  0]LogConfig: Setting CVar [[net.UseAdaptiveNetUpdateFrequency:0]]
[2019.11.10-21.20.58:299][  0]LogConfig: Setting CVar [[p.chaos.AllowCreatePhysxBodies:1]]
[2019.11.10-21.20.58:299][  0]LogConfig: Applying CVar settings from Section [ConsoleVariables] File [C:/Users/rako0016/Desktop/HighLevel/Assignment 2/VRPong/Saved/Config/Windows/Engine.ini]
[2019.11.10-21.20.58:311][  0]LogInit: Computer: WJ316-05
[2019.11.10-21.20.58:311][  0]LogInit: User: rako0016
[2019.11.10-21.20.58:311][  0]LogInit: CPU Page size=4096, Cores=4
[2019.11.10-21.20.58:311][  0]LogInit: High frequency timer resolution =10.000000 MHz
[2019.11.10-21.20.58:311][  0]LogMemory: Memory total: Physical=15.9GB (16GB approx)
[2019.11.10-21.20.58:311][  0]LogMemory: Platform Memory Stats for Windows
[2019.11.10-21.20.58:311][  0]LogMemory: Process Physical Memory: 99.70 MB used, 99.71 MB peak
[2019.11.10-21.20.58:311][  0]LogMemory: Process Virtual Memory: 90.60 MB used, 90.60 MB peak
[2019.11.10-21.20.58:311][  0]LogMemory: Physical Memory: 5970.88 MB used,  10357.76 MB free, 16328.64 MB total
[2019.11.10-21.20.58:311][  0]LogMemory: Virtual Memory: 4658.90 MB used,  134213072.00 MB free, 134217728.00 MB total
[2019.11.10-21.20.58:496][  0]LogInit: Using OS detected language (en-US).
[2019.11.10-21.20.58:496][  0]LogInit: Using OS detected locale (en-US).
[2019.11.10-21.20.58:497][  0]LogTextLocalizationManager: No specific localization for 'en-US' exists, so the 'en' localization will be used.
[2019.11.10-21.20.58:649][  0]LogInit: Setting process to per monitor DPI aware
[2019.11.10-21.20.58:693][  0]LogSlate: New Slate User Created.  User Index 0, Is Virtual User: 0
[2019.11.10-21.20.58:693][  0]LogSlate: Slate User Registered.  User Index 0, Is Virtual User: 0
[2019.11.10-21.20.59:008][  0]LogHMD: Failed to initialize OpenVR with code 110
[2019.11.10-21.20.59:008][  0]LogD3D11RHI: D3D11 adapters:
[2019.11.10-21.20.59:091][  0]LogD3D11RHI:    0. 'NVIDIA GeForce GTX 670' (Feature Level 11_0)
[2019.11.10-21.20.59:091][  0]LogD3D11RHI:       4052/0/8164 MB DedicatedVideo/DedicatedSystem/SharedSystem, Outputs:1, VendorId:0x10de
[2019.11.10-21.20.59:097][  0]LogD3D11RHI:    1. 'Microsoft Basic Render Driver' (Feature Level 11_0)
[2019.11.10-21.20.59:097][  0]LogD3D11RHI:       0/0/8164 MB DedicatedVideo/DedicatedSystem/SharedSystem, Outputs:0, VendorId:0x1414
[2019.11.10-21.20.59:097][  0]LogD3D11RHI: Chosen D3D11 Adapter: 0
[2019.11.10-21.20.59:102][  0]LogD3D11RHI: Creating new Direct3DDevice
[2019.11.10-21.20.59:102][  0]LogD3D11RHI:     GPU DeviceId: 0x1189 (for the marketing name, search the web for "GPU Device Id")
[2019.11.10-21.20.59:102][  0]LogWindows: EnumDisplayDevices:
[2019.11.10-21.20.59:102][  0]LogWindows:    0. 'NVIDIA GeForce GTX 670' (P:1 D:1)
[2019.11.10-21.20.59:103][  0]LogWindows:    1. 'NVIDIA GeForce GTX 670' (P:0 D:0)
[2019.11.10-21.20.59:103][  0]LogWindows:    2. 'NVIDIA GeForce GTX 670' (P:0 D:0)
[2019.11.10-21.20.59:103][  0]LogWindows:    3. 'NVIDIA GeForce GTX 670' (P:0 D:0)
[2019.11.10-21.20.59:104][  0]LogWindows: DebugString: FoundDriverCount:4 
[2019.11.10-21.20.59:104][  0]LogD3D11RHI:     Adapter Name: NVIDIA GeForce GTX 670
[2019.11.10-21.20.59:104][  0]LogD3D11RHI:   Driver Version: 430.86 (internal:26.21.14.3086, unified:430.86)
[2019.11.10-21.20.59:104][  0]LogD3D11RHI:      Driver Date: 5-22-2019
[2019.11.10-21.20.59:104][  0]LogRHI: Texture pool is 2836 MB (70% of 4052 MB)
[2019.11.10-21.20.59:156][  0]LogD3D11RHI: Async texture creation enabled
[2019.11.10-21.20.59:159][  0]LogRendererCore: FGlobalReadBuffer::InitRHI
[2019.11.10-21.20.59:160][  0]LogRendererCore: FGlobalReadBuffer::InitRHI
[2019.11.10-21.20.59:160][  0]LogRendererCore: FGlobalReadBuffer::InitRHI
[2019.11.10-21.20.59:174][  0]LogD3D11RHI: GPU Timing Frequency: 1000.000000 (Debug: 2 2)
[2019.11.10-21.20.59:425][  0]LogTemp: Display: Module 'AllDesktopTargetPlatform' loaded TargetPlatform 'AllDesktop'
[2019.11.10-21.20.59:441][  0]LogTemp: Display: Module 'MacClientTargetPlatform' loaded TargetPlatform 'MacClient'
[2019.11.10-21.20.59:458][  0]LogTemp: Display: Module 'MacNoEditorTargetPlatform' loaded TargetPlatform 'MacNoEditor'
[2019.11.10-21.20.59:474][  0]LogTemp: Display: Module 'MacServerTargetPlatform' loaded TargetPlatform 'MacServer'
[2019.11.10-21.20.59:491][  0]LogTemp: Display: Module 'MacTargetPlatform' loaded TargetPlatform 'Mac'
[2019.11.10-21.20.59:508][  0]LogTemp: Display: Module 'WindowsClientTargetPlatform' loaded TargetPlatform 'WindowsClient'
[2019.11.10-21.20.59:524][  0]LogTemp: Display: Module 'WindowsNoEditorTargetPlatform' loaded TargetPlatform 'WindowsNoEditor'
[2019.11.10-21.20.59:540][  0]LogTemp: Display: Module 'WindowsServerTargetPlatform' loaded TargetPlatform 'WindowsServer'
[2019.11.10-21.20.59:552][  0]LogTemp: Display: Module 'WindowsTargetPlatform' loaded TargetPlatform 'Windows'
[2019.11.10-21.20.59:636][  0]LogTemp: Display: Module 'AndroidTargetPlatform' loaded TargetPlatform 'Android'
[2019.11.10-21.20.59:636][  0]LogTemp: Display: Module 'AndroidTargetPlatform' loaded TargetPlatform 'Android_ASTC'
[2019.11.10-21.20.59:636][  0]LogTemp: Display: Module 'AndroidTargetPlatform' loaded TargetPlatform 'Android_ATC'
[2019.11.10-21.20.59:636][  0]LogTemp: Display: Module 'AndroidTargetPlatform' loaded TargetPlatform 'Android_DXT'
[2019.11.10-21.20.59:636][  0]LogTemp: Display: Module 'AndroidTargetPlatform' loaded TargetPlatform 'Android_ETC1'
[2019.11.10-21.20.59:636][  0]LogTemp: Display: Module 'AndroidTargetPlatform' loaded TargetPlatform 'Android_ETC1a'
[2019.11.10-21.20.59:636][  0]LogTemp: Display: Module 'AndroidTargetPlatform' loaded TargetPlatform 'Android_ETC2'
[2019.11.10-21.20.59:636][  0]LogTemp: Display: Module 'AndroidTargetPlatform' loaded TargetPlatform 'Android_PVRTC'
[2019.11.10-21.20.59:637][  0]LogTemp: Display: Module 'AndroidTargetPlatform' loaded TargetPlatform 'AndroidClient'
[2019.11.10-21.20.59:637][  0]LogTemp: Display: Module 'AndroidTargetPlatform' loaded TargetPlatform 'Android_ASTCClient'
[2019.11.10-21.20.59:637][  0]LogTemp: Display: Module 'AndroidTargetPlatform' loaded TargetPlatform 'Android_ATCClient'
[2019.11.10-21.20.59:637][  0]LogTemp: Display: Module 'AndroidTargetPlatform' loaded TargetPlatform 'Android_DXTClient'
[2019.11.10-21.20.59:637][  0]LogTemp: Display: Module 'AndroidTargetPlatform' loaded TargetPlatform 'Android_ETC1Client'
[2019.11.10-21.20.59:637][  0]LogTemp: Display: Module 'AndroidTargetPlatform' loaded TargetPlatform 'Android_ETC1aClient'
[2019.11.10-21.20.59:637][  0]LogTemp: Display: Module 'AndroidTargetPlatform' loaded TargetPlatform 'Android_ETC2Client'
[2019.11.10-21.20.59:637][  0]LogTemp: Display: Module 'AndroidTargetPlatform' loaded TargetPlatform 'Android_PVRTCClient'
[2019.11.10-21.20.59:637][  0]LogTemp: Display: Module 'AndroidTargetPlatform' loaded TargetPlatform 'Android_Multi'
[2019.11.10-21.20.59:637][  0]LogTemp: Display: Module 'AndroidTargetPlatform' loaded TargetPlatform 'Android_MultiClient'
[2019.11.10-21.20.59:640][  0]LogTemp: Display: Module 'HTML5TargetPlatform' loaded TargetPlatform 'HTML5'
[2019.11.10-21.20.59:700][  0]LogTemp: Display: Module 'IOSTargetPlatform' loaded TargetPlatform 'IOSClient'
[2019.11.10-21.20.59:700][  0]LogTemp: Display: Module 'IOSTargetPlatform' loaded TargetPlatform 'IOS'
[2019.11.10-21.20.59:727][  0]LogTemp: Display: Module 'TVOSTargetPlatform' loaded TargetPlatform 'TVOSClient'
[2019.11.10-21.20.59:728][  0]LogTemp: Display: Module 'TVOSTargetPlatform' loaded TargetPlatform 'TVOS'
[2019.11.10-21.20.59:743][  0]LogTemp: Display: Module 'LinuxClientTargetPlatform' loaded TargetPlatform 'LinuxClient'
[2019.11.10-21.20.59:758][  0]LogTemp: Display: Module 'LinuxNoEditorTargetPlatform' loaded TargetPlatform 'LinuxNoEditor'
[2019.11.10-21.20.59:773][  0]LogTemp: Display: Module 'LinuxServerTargetPlatform' loaded TargetPlatform 'LinuxServer'
[2019.11.10-21.20.59:789][  0]LogTemp: Display: Module 'LinuxTargetPlatform' loaded TargetPlatform 'Linux'
[2019.11.10-21.20.59:838][  0]LogTemp: Display: Module 'LuminTargetPlatform' loaded TargetPlatform 'Lumin'
[2019.11.10-21.20.59:839][  0]LogTemp: Display: Module 'LuminTargetPlatform' loaded TargetPlatform 'LuminClient'
[2019.11.10-21.20.59:839][  0]LogTargetPlatformManager: Display: Building Assets For Windows
[2019.11.10-21.20.59:860][  0]LogAudioDebug: Display: Lib vorbis DLL was dynamically loaded.
[2019.11.10-21.20.59:957][  0]LogShaderCompilers: Guid format shader working directory is -22 characters bigger than the processId version (../../../../../../Users/rako0016/Desktop/HighLevel/Assignment 2/VRPong/Intermediate/Shaders/WorkingDirectory/10192/).
[2019.11.10-21.20.59:957][  0]LogShaderCompilers: Cleaned the shader compiler working directory 'C:/Users/rako0016/AppData/Local/Temp/UnrealShaderWorkingDir/784089B9458868854FA6CDA22047ABF5/'.
[2019.11.10-21.20.59:960][  0]LogXGEController: Cleaning working directory: C:/Users/rako0016/AppData/Local/Temp/UnrealXGEWorkingDir/
[2019.11.10-21.20.59:960][  0]LogXGEController: Cannot use XGE Controller as Incredibuild is not installed on this machine.
[2019.11.10-21.20.59:960][  0]LogShaderCompilers: Cannot use XGE Shader Compiler as Incredibuild is not installed on this machine.
[2019.11.10-21.20.59:960][  0]LogShaderCompilers: Display: Using Local Shader Compiler.
[2019.11.10-21.21.00:651][  0]LogDerivedDataCache: Display: Max Cache Size: 512 MB
[2019.11.10-21.21.00:698][  0]LogDerivedDataCache: Loaded boot cache 0.05s 73MB C:/Users/rako0016/AppData/Local/UnrealEngine/4.22/DerivedDataCache/Boot.ddc.
[2019.11.10-21.21.00:698][  0]LogDerivedDataCache: Display: Loaded Boot cache: C:/Users/rako0016/AppData/Local/UnrealEngine/4.22/DerivedDataCache/Boot.ddc
[2019.11.10-21.21.00:699][  0]LogDerivedDataCache: FDerivedDataBackendGraph:  Pak pak cache file ../../../../../../Users/rako0016/Desktop/HighLevel/Assignment 2/VRPong/DerivedDataCache/DDC.ddp not found, will not use a pak cache.
[2019.11.10-21.21.00:699][  0]LogDerivedDataCache: Unable to find inner node Pak for hierarchical cache Hierarchy.
[2019.11.10-21.21.00:699][  0]LogDerivedDataCache: FDerivedDataBackendGraph:  CompressedPak pak cache file ../../../../../../Users/rako0016/Desktop/HighLevel/Assignment 2/VRPong/DerivedDataCache/Compressed.ddp not found, will not use a pak cache.
[2019.11.10-21.21.00:699][  0]LogDerivedDataCache: Unable to find inner node CompressedPak for hierarchical cache Hierarchy.
[2019.11.10-21.21.00:711][  0]LogDerivedDataCache: Display: Pak cache opened for reading ../../../Engine/DerivedDataCache/Compressed.ddp.
[2019.11.10-21.21.00:712][  0]LogDerivedDataCache: FDerivedDataBackendGraph:  EnterprisePak pak cache file ../../../Enterprise/DerivedDataCache/Compressed.ddp not found, will not use a pak cache.
[2019.11.10-21.21.00:712][  0]LogDerivedDataCache: Unable to find inner node EnterprisePak for hierarchical cache Hierarchy.
[2019.11.10-21.21.00:725][  0]LogDerivedDataCache: Using Local data cache path C:/Users/rako0016/AppData/Local/UnrealEngine/Common/DerivedDataCache: Writable
[2019.11.10-21.21.00:725][  0]LogDerivedDataCache: Shared data cache path not found in *engine.ini, will not use an Shared cache.
[2019.11.10-21.21.00:725][  0]LogDerivedDataCache: Unable to find inner node Shared for hierarchical cache Hierarchy.
[2019.11.10-21.21.00:749][  0]LogMaterial: Verifying Global Shaders for PCD3D_SM5
[2019.11.10-21.21.00:751][  0]LogSlate: Using FreeType 2.6.0
[2019.11.10-21.21.00:752][  0]LogSlate: SlateFontServices - WITH_FREETYPE: 1, WITH_HARFBUZZ: 1
[2019.11.10-21.21.00:864][  0]LogAssetRegistry: FAssetRegistry took 0.0356 seconds to start up
[2019.11.10-21.21.01:247][  0]LogInit: Selected Device Profile: [Windows]
[2019.11.10-21.21.01:409][  0]LogMeshReduction: Using QuadricMeshReduction for automatic static mesh reduction
[2019.11.10-21.21.01:409][  0]LogMeshReduction: Using SimplygonMeshReduction for automatic skeletal mesh reduction
[2019.11.10-21.21.01:409][  0]LogMeshReduction: Using ProxyLODMeshReduction for automatic mesh merging
[2019.11.10-21.21.01:409][  0]LogMeshReduction: No distributed automatic mesh merging module available
[2019.11.10-21.21.01:409][  0]LogMeshMerging: No distributed automatic mesh merging module available
[2019.11.10-21.21.01:420][  0]LogNetVersion: VRPong 1.0.0, NetCL: 5660361, EngineNetVer: 10, GameNetVer: 0 (Checksum: 3296189037)
[2019.11.10-21.21.01:839][  0]LogPackageLocalizationCache: Processed 10 localized package path(s) for 1 prioritized culture(s) in 0.043806 seconds
[2019.11.10-21.21.01:847][  0]LogUObjectArray: 42205 objects as part of root set at end of initial load.
[2019.11.10-21.21.01:847][  0]LogUObjectAllocator: 7325032 out of 0 bytes used by permanent object pool.
[2019.11.10-21.21.01:847][  0]LogUObjectArray: CloseDisregardForGC: 0/0 objects in disregard for GC pool
[2019.11.10-21.21.03:126][  0]LogTcpMessaging: Initializing TcpMessaging bridge
[2019.11.10-21.21.03:143][  0]LogUdpMessaging: Initializing bridge on interface 0.0.0.0:0 to multicast group 230.0.0.1:6666.
[2019.11.10-21.21.03:308][  0]SourceControl: Source control is disabled
[2019.11.10-21.21.03:308][  0]SourceControl: Source control is disabled
[2019.11.10-21.21.03:312][  0]SourceControl: Source control is disabled
[2019.11.10-21.21.03:317][  0]SourceControl: Source control is disabled
[2019.11.10-21.21.03:485][  0]LogAndroidPermission: UAndroidPermissionCallbackProxy::GetInstance
[2019.11.10-21.21.03:628][  0]LogOcInput: OculusInput pre-init called
[2019.11.10-21.21.04:566][  0]LogEngine: Initializing Engine...
[2019.11.10-21.21.04:567][  0]LogHMD: Failed to initialize OpenVR with code 110
[2019.11.10-21.21.04:568][  0]LogStats: UGameplayTagsManager::InitializeManager -  0.000 s
[2019.11.10-21.21.04:770][  0]LogInit: Initializing FReadOnlyCVARCache
[2019.11.10-21.21.04:787][  0]LogAIModule: Creating AISystem for world Untitled
[2019.11.10-21.21.04:808][  0]LogInit: XAudio2 using 'Realtek Digital Output(Optical) (Realtek High Definition Audio)' : 2 channels at 48 kHz using 16 bits per sample (channel mask 0x3)
[2019.11.10-21.21.04:857][  0]LogInit: FAudioDevice initialized.
[2019.11.10-21.21.04:857][  0]LogNetVersion: Set ProjectVersion to 1.0.0.0. Version Checksum will be recalculated on next use.
[2019.11.10-21.21.04:943][  0]LogDerivedDataCache: Saved boot cache 0.09s 71MB C:/Users/rako0016/AppData/Local/UnrealEngine/4.22/DerivedDataCache/Boot.ddc.
[2019.11.10-21.21.04:949][  0]LogInit: Texture streaming: Enabled
[2019.11.10-21.21.04:976][  0]LogEngineSessionManager: EngineSessionManager initialized
[2019.11.10-21.21.04:976][  0]LogEngineSessionManager: EngineSessionManager sent abnormal shutdown report. Type=Debugger, SessionId={0C02E985-4D29-F4FA-AD14-74881A74455A}
[2019.11.10-21.21.05:000][  0]LogInit: Transaction tracking system initialized
[2019.11.10-21.21.05:037][  0]BlueprintLog: New page: Editor Load
[2019.11.10-21.21.05:174][  0]LocalizationService: Localization service is disabled
[2019.11.10-21.21.05:501][  0]LogFileCache: Scanning file cache for directory 'C:/Users/rako0016/Desktop/HighLevel/Assignment 2/VRPong/Content/' took 0.01s
[2019.11.10-21.21.05:502][  0]LogCook: Display: Max memory allowance for cook 16384mb min free memory 0mb
[2019.11.10-21.21.05:502][  0]LogCook: Display: Mobile HDR setting 1
[2019.11.10-21.21.05:782][  0]SourceControl: Source control is disabled
[2019.11.10-21.21.05:782][  0]Cmd: MAP LOAD FILE="../../../../../../Users/rako0016/Desktop/HighLevel/Assignment 2/VRPong/Content/Level/PongMain.umap" TEMPLATE=0 SHOWPROGRESS=1 FEATURELEVEL=3
[2019.11.10-21.21.05:782][  0]LogEditorServer: Warning: Can't find file '../../../../../../Users/rako0016/Desktop/HighLevel/Assignment 2/VRPong/Content/Level/PongMain.umap'
[2019.11.10-21.21.05:783][  0]Cmd: MAP CHECKDEP NOCLEARLOG
[2019.11.10-21.21.05:783][  0]MapCheck: Map check complete: 0 Error(s), 0 Warning(s), took 0.13ms to complete.
[2019.11.10-21.21.05:783][  0]LogFileHelpers: Loading map 'PongMain' took 0.001
[2019.11.10-21.21.05:893][  0]LogSlate: Updating window title bar state: overlay mode, drag disabled, window buttons hidden, title bar hidden
[2019.11.10-21.21.05:900][  0]LogSlate: Updating window title bar state: overlay mode, drag disabled, window buttons hidden, title bar hidden
[2019.11.10-21.21.05:909][  0]LogSlate: Updating window title bar state: overlay mode, drag disabled, window buttons hidden, title bar hidden
[2019.11.10-21.21.05:917][  0]LogSlate: Updating window title bar state: overlay mode, drag disabled, window buttons hidden, title bar hidden
[2019.11.10-21.21.05:925][  0]LogCollectionManager: Loaded 0 collections in 0.001821 seconds
[2019.11.10-21.21.05:963][  0]LogFileCache: Scanning file cache for directory 'C:/Users/rako0016/Desktop/HighLevel/Assignment 2/VRPong/Saved/Collections/' took 0.01s
[2019.11.10-21.21.05:963][  0]LogFileCache: Scanning file cache for directory 'C:/Users/rako0016/Desktop/HighLevel/Assignment 2/VRPong/Content/Developers/rako0016/Collections/' took 0.00s
[2019.11.10-21.21.05:964][  0]LogFileCache: Scanning file cache for directory 'C:/Users/rako0016/Desktop/HighLevel/Assignment 2/VRPong/Content/Collections/' took 0.01s
[2019.11.10-21.21.05:964][  0]LogCollectionManager: Rebuilt the GUID cache for 0 collections in 0.000001 seconds
[2019.11.10-21.21.05:985][  0]LogContentBrowser: Native class hierarchy populated in 0.0204 seconds. Added 2736 classes and 662 folders.
[2019.11.10-21.21.05:997][  0]LogContentBrowser: Native class hierarchy updated for 'WidgetCarousel' in 0.0005 seconds. Added 0 classes and 0 folders.
[2019.11.10-21.21.06:001][  0]LogPakFile: Registered encryption key '00000000000000000000000000000000': 0 pak files mounted, 0 remain pending
[2019.11.10-21.21.06:002][  0]LogPakFile: Registered encryption key '00000000000000000000000000000000': 0 pak files mounted, 0 remain pending
[2019.11.10-21.21.06:003][  0]LogPakFile: Registered encryption key '00000000000000000000000000000000': 0 pak files mounted, 0 remain pending
[2019.11.10-21.21.06:004][  0]LogPakFile: Registered encryption key '00000000000000000000000000000000': 0 pak files mounted, 0 remain pending
[2019.11.10-21.21.06:004][  0]LogPakFile: Registered encryption key '00000000000000000000000000000000': 0 pak files mounted, 0 remain pending
[2019.11.10-21.21.06:005][  0]LogPakFile: Registered encryption key '00000000000000000000000000000000': 0 pak files mounted, 0 remain pending
[2019.11.10-21.21.06:006][  0]LogPakFile: Registered encryption key '00000000000000000000000000000000': 0 pak files mounted, 0 remain pending
[2019.11.10-21.21.06:007][  0]LogPakFile: Registered encryption key '00000000000000000000000000000000': 0 pak files mounted, 0 remain pending
[2019.11.10-21.21.06:008][  0]LogPakFile: Registered encryption key '00000000000000000000000000000000': 0 pak files mounted, 0 remain pending
[2019.11.10-21.21.06:009][  0]LogPakFile: Registered encryption key '00000000000000000000000000000000': 0 pak files mounted, 0 remain pending
[2019.11.10-21.21.06:009][  0]LogPakFile: Registered encryption key '00000000000000000000000000000000': 0 pak files mounted, 0 remain pending
[2019.11.10-21.21.06:010][  0]LogPakFile: Registered encryption key '00000000000000000000000000000000': 0 pak files mounted, 0 remain pending
[2019.11.10-21.21.06:011][  0]LogPakFile: Registered encryption key '00000000000000000000000000000000': 0 pak files mounted, 0 remain pending
[2019.11.10-21.21.06:012][  0]LogPakFile: Registered encryption key '00000000000000000000000000000000': 0 pak files mounted, 0 remain pending
[2019.11.10-21.21.06:012][  0]LogPakFile: Registered encryption key '00000000000000000000000000000000': 0 pak files mounted, 0 remain pending
[2019.11.10-21.21.06:013][  0]LogPakFile: Registered encryption key '00000000000000000000000000000000': 0 pak files mounted, 0 remain pending
[2019.11.10-21.21.06:014][  0]LogPakFile: Registered encryption key '00000000000000000000000000000000': 0 pak files mounted, 0 remain pending
[2019.11.10-21.21.06:015][  0]LogPakFile: Registered encryption key '00000000000000000000000000000000': 0 pak files mounted, 0 remain pending
[2019.11.10-21.21.06:015][  0]LogPakFile: Registered encryption key '00000000000000000000000000000000': 0 pak files mounted, 0 remain pending
[2019.11.10-21.21.06:016][  0]LogPakFile: Registered encryption key '00000000000000000000000000000000': 0 pak files mounted, 0 remain pending
[2019.11.10-21.21.06:017][  0]LogPakFile: Registered encryption key '00000000000000000000000000000000': 0 pak files mounted, 0 remain pending
[2019.11.10-21.21.06:018][  0]LogPakFile: Registered encryption key '00000000000000000000000000000000': 0 pak files mounted, 0 remain pending
[2019.11.10-21.21.06:018][  0]LogPakFile: Registered encryption key '00000000000000000000000000000000': 0 pak files mounted, 0 remain pending
[2019.11.10-21.21.06:019][  0]LogPakFile: Registered encryption key '00000000000000000000000000000000': 0 pak files mounted, 0 remain pending
[2019.11.10-21.21.06:020][  0]LogPakFile: Registered encryption key '00000000000000000000000000000000': 0 pak files mounted, 0 remain pending
[2019.11.10-21.21.06:021][  0]LogPakFile: Registered encryption key '00000000000000000000000000000000': 0 pak files mounted, 0 remain pending
[2019.11.10-21.21.06:059][  0]LogContentBrowser: Native class hierarchy updated for 'AddContentDialog' in 0.0004 seconds. Added 0 classes and 0 folders.
[2019.11.10-21.21.06:067][  0]LogContentBrowser: Native class hierarchy updated for 'SceneOutliner' in 0.0005 seconds. Added 1 classes and 2 folders.
[2019.11.10-21.21.06:081][  0]LogSlate: Took 0.000371 seconds to synchronously load lazily loaded font '../../../Engine/Content/Slate/Fonts/Roboto-Regular.ttf' (155K)
[2019.11.10-21.21.06:083][  0]LogSlate: Took 0.000385 seconds to synchronously load lazily loaded font '../../../Engine/Content/Slate/Fonts/Roboto-Bold.ttf' (160K)
[2019.11.10-21.21.06:089][  0]LogSlate: Took 0.000418 seconds to synchronously load lazily loaded font '../../../Engine/Content/Editor/Slate/Fonts/FontAwesome.ttf' (139K)
[2019.11.10-21.21.06:161][  0]LogRenderer: Reallocating scene render targets to support 1208x572 Format 10 NumSamples 1 (Frame:1).
[2019.11.10-21.21.06:304][  0]LogContentBrowser: Native class hierarchy updated for 'HierarchicalLODOutliner' in 0.0008 seconds. Added 0 classes and 0 folders.
[2019.11.10-21.21.06:305][  0]LogLoad: (Engine Initialization) Total time: 10.02 seconds
[2019.11.10-21.21.06:305][  0]LogLoad: (Engine Initialization) Total Blueprint compile time: 0.00 seconds
[2019.11.10-21.21.06:361][  0]LogAssetRegistry: Asset discovery search completed in 5.5204 seconds
[2019.11.10-21.21.06:363][  0]LogCollectionManager: Rebuilt the object cache for 0 collections in 0.000000 seconds (found 0 objects)
[2019.11.10-21.21.06:363][  0]LogCollectionManager: Fixed up redirectors for 0 collections in 0.000106 seconds (updated 0 objects)
[2019.11.10-21.21.06:365][  0]LogContentStreaming: Texture pool size now 1000 MB
[2019.11.10-21.21.06:392][  0]LogSlate: Took 0.000630 seconds to synchronously load lazily loaded font '../../../Engine/Content/Slate/Fonts/Roboto-Light.ttf' (167K)
[2019.11.10-21.21.28:691][675]LogSlate: FSceneViewport::OnFocusLost() reason 0
[2019.11.10-21.21.29:691][793]LogSlate: Took 0.000236 seconds to synchronously load lazily loaded font '../../../Engine/Content/Slate/Fonts/Roboto-Light.ttf' (167K)
[2019.11.10-21.21.29:754][793]LogAIModule: Creating AISystem for world Pong
[2019.11.10-21.21.29:774][793]LogAssetEditorManager: Opening Asset editor for World /Game/Maps/Pong.Pong
[2019.11.10-21.21.29:796][793]LogUObjectHash: Compacting FUObjectHashTables data took   2.00ms
[2019.11.10-21.21.29:797][793]Cmd: MAP LOAD FILE="../../../../../../Users/rako0016/Desktop/HighLevel/Assignment 2/VRPong/Content/Maps/Pong.umap" TEMPLATE=0 SHOWPROGRESS=1 FEATURELEVEL=3
[2019.11.10-21.21.29:798][793]LightingResults: New page: Lighting Build
[2019.11.10-21.21.29:801][793]LogContentBrowser: Native class hierarchy updated for 'StatsViewer' in 0.0004 seconds. Added 5 classes and 0 folders.
[2019.11.10-21.21.29:802][793]LoadErrors: New page: Loading map: Pong.umap
[2019.11.10-21.21.29:802][793]MapCheck: New page: Map Check
[2019.11.10-21.21.29:802][793]LightingResults: New page: Lighting Build
[2019.11.10-21.21.29:824][793]LogUObjectHash: Compacting FUObjectHashTables data took   1.72ms
[2019.11.10-21.21.29:827][793]LogEditorServer: Finished looking for orphan Actors (0.000 secs)
[2019.11.10-21.21.29:852][793]LogUObjectHash: Compacting FUObjectHashTables data took   1.42ms
[2019.11.10-21.21.29:872][793]Cmd: MAP CHECKDEP NOCLEARLOG
[2019.11.10-21.21.29:872][793]MapCheck: Map check complete: 0 Error(s), 0 Warning(s), took 0.115ms to complete.
[2019.11.10-21.21.29:872][793]LogFileHelpers: Loading map 'Pong' took 0.075
[2019.11.10-21.21.31:729][  9]LogTemp: Repeating last play command: Selected Viewport
[2019.11.10-21.21.31:738][  9]LogBlueprintUserMessages: Early PlayInEditor Detection: Level '/Game/Maps/Pong.Pong:PersistentLevel' has LevelScriptBlueprint '/Game/Maps/Pong.Pong:PersistentLevel.Pong' with GeneratedClass '/Game/Maps/Pong.Pong_C' with ClassGeneratedBy '/Game/Maps/Pong.Pong:PersistentLevel.Pong'
[2019.11.10-21.21.31:738][  9]LogPlayLevel: PlayLevel: No blueprints needed recompiling
[2019.11.10-21.21.31:738][  9]PIE: New page: PIE session: Pong (Nov 10, 2019, 11:21:31 AM)
[2019.11.10-21.21.31:752][  9]LogPlayLevel: Creating play world package: /Game/Maps/UEDPIE_0_Pong
[2019.11.10-21.21.31:754][  9]LogPlayLevel: PIE: StaticDuplicateObject took: (0.001913s)
[2019.11.10-21.21.31:755][  9]LogAIModule: Creating AISystem for world Pong
[2019.11.10-21.21.31:757][  9]LogPlayLevel: PIE: World Init took: (0.002811s)
[2019.11.10-21.21.31:757][  9]LogPlayLevel: PIE: Created PIE world by copying editor world from /Game/Maps/Pong.Pong to /Game/Maps/UEDPIE_0_Pong.Pong (0.005231s)
[2019.11.10-21.21.31:777][  9]LogUObjectHash: Compacting FUObjectHashTables data took   1.08ms
[2019.11.10-21.21.31:791][  9]LogInit: XAudio2 using 'Realtek Digital Output(Optical) (Realtek High Definition Audio)' : 2 channels at 48 kHz using 16 bits per sample (channel mask 0x3)
[2019.11.10-21.21.31:806][  9]LogInit: FAudioDevice initialized.
[2019.11.10-21.21.31:849][  9]LogLoad: Game class is 'VRPongGameModeBase'
[2019.11.10-21.21.31:851][  9]LogWorld: Bringing World /Game/Maps/UEDPIE_0_Pong.Pong up for play (max tick rate 0) at 2019.11.10-16.21.31
[2019.11.10-21.21.31:852][  9]LogWorld: Bringing up level for play took: 0.001821
[2019.11.10-21.21.31:871][  9]LogContentBrowser: Native class hierarchy updated for 'MovieSceneCapture' in 0.0004 seconds. Added 20 classes and 0 folders.
[2019.11.10-21.21.31:871][  9]PIE: Play in editor start time for /Game/Maps/UEDPIE_0_Pong 0.037
[2019.11.10-21.21.31:872][  9]LogBlueprintUserMessages: Late PlayInEditor Detection: Level '/Game/Maps/Pong.Pong:PersistentLevel' has LevelScriptBlueprint '/Game/Maps/Pong.Pong:PersistentLevel.Pong' with GeneratedClass '/Game/Maps/Pong.Pong_C' with ClassGeneratedBy '/Game/Maps/Pong.Pong:PersistentLevel.Pong'
[2019.11.10-21.21.39:360][906]LogBlueprintUserMessages: Early EndPlayMap Detection: Level '/Game/Maps/Pong.Pong:PersistentLevel' has LevelScriptBlueprint '/Game/Maps/Pong.Pong:PersistentLevel.Pong' with GeneratedClass '/Game/Maps/Pong.Pong_C' with ClassGeneratedBy '/Game/Maps/Pong.Pong:PersistentLevel.Pong'
[2019.11.10-21.21.39:360][906]LogSlate: Updating window title bar state: overlay mode, drag disabled, window buttons hidden, title bar hidden
[2019.11.10-21.21.39:395][906]LogPlayLevel: Display: Shutting down PIE online subsystems
[2019.11.10-21.21.39:395][906]LogBlueprintUserMessages: Late EndPlayMap Detection: Level '/Game/Maps/Pong.Pong:PersistentLevel' has LevelScriptBlueprint '/Game/Maps/Pong.Pong:PersistentLevel.Pong' with GeneratedClass '/Game/Maps/Pong.Pong_C' with ClassGeneratedBy '/Game/Maps/Pong.Pong:PersistentLevel.Pong'
[2019.11.10-21.21.39:421][906]LogSlate: Updating window title bar state: overlay mode, drag disabled, window buttons hidden, title bar hidden
[2019.11.10-21.21.39:424][906]LogUObjectHash: Compacting FUObjectHashTables data took   1.55ms
[2019.11.10-21.21.39:468][911]LogPlayLevel: Display: Destroying online subsystem :Context_1
[2019.11.10-21.21.41:814][190]LogAssetEditorManager: Opening Asset editor for Blueprint /Game/Blueprints/BP_Board.BP_Board
[2019.11.10-21.21.42:140][190]LogContentBrowser: Native class hierarchy updated for 'BlueprintGraph' in 0.0007 seconds. Added 121 classes and 0 folders.
[2019.11.10-21.21.43:181][190]LogSlate: Took 0.000407 seconds to synchronously load lazily loaded font '../../../Engine/Content/Slate/Fonts/Roboto-BoldCondensed.ttf' (158K)
[2019.11.10-21.21.47:425][603]LogSlate: Window 'BP_Board' being destroyed
[2019.11.10-21.21.47:427][603]LogSlate: Window 'BP_Board' being destroyed
[2019.11.10-21.22.05:978][753]LogSlate: Window 'Color Picker' being destroyed
[2019.11.10-21.22.07:513][929]Cmd: TRANSACTION UNDO
[2019.11.10-21.22.07:513][929]LogEditorTransaction: Undo Edit Sprite Color
[2019.11.10-21.22.29:462][468]LogSlate: Window 'Color Picker' being destroyed
[2019.11.10-21.22.30:298][563]LogSlate: Took 0.000432 seconds to synchronously load lazily loaded font '../../../Engine/Content/Slate/Fonts/Roboto-Italic.ttf' (157K)
[2019.11.10-21.22.50:793][959]LogSlate: FSceneViewport::OnFocusLost() reason 0
[2019.11.10-21.22.50:960][978]LogAssetEditorManager: Opening Asset editor for Blueprint /Game/Blueprints/BP_Board.BP_Board
[2019.11.10-21.23.13:555][776]BlueprintLog: New page: Compile BP_Board
[2019.11.10-21.23.13:911][776]LogUObjectHash: Compacting FUObjectHashTables data took   3.77ms
[2019.11.10-21.23.14:834][844]Cmd: OBJ SAVEPACKAGE PACKAGE="/Game/Blueprints/BP_Board" FILE="../../../../../../Users/rako0016/Desktop/HighLevel/Assignment 2/VRPong/Content/Blueprints/BP_Board.uasset" SILENT=true
[2019.11.10-21.23.14:846][844]LogSavePackage: Moving '../../../../../../Users/rako0016/Desktop/HighLevel/Assignment 2/VRPong/Saved/BP_BoardB542A35D487ACF7C8C071795DB4F6B0F.tmp' to '../../../../../../Users/rako0016/Desktop/HighLevel/Assignment 2/VRPong/Content/Blueprints/BP_Board.uasset'
[2019.11.10-21.23.16:216][954]LogSlate: Window 'BP_Board' being destroyed
[2019.11.10-21.23.16:219][954]LogSlate: Window 'BP_Board' being destroyed
[2019.11.10-21.23.17:191][ 54]LogTemp: Repeating last play command: Selected Viewport
[2019.11.10-21.23.17:210][ 54]LogBlueprintUserMessages: Early PlayInEditor Detection: Level '/Game/Maps/Pong.Pong:PersistentLevel' has LevelScriptBlueprint '/Game/Maps/Pong.Pong:PersistentLevel.Pong' with GeneratedClass '/Game/Maps/Pong.Pong_C' with ClassGeneratedBy '/Game/Maps/Pong.Pong:PersistentLevel.Pong'
[2019.11.10-21.23.17:210][ 54]LogPlayLevel: PlayLevel: No blueprints needed recompiling
[2019.11.10-21.23.17:210][ 54]PIE: New page: PIE session: Pong (Nov 10, 2019, 11:23:17 AM)
[2019.11.10-21.23.17:211][ 54]LogPlayLevel: Creating play world package: /Game/Maps/UEDPIE_0_Pong
[2019.11.10-21.23.17:214][ 54]LogPlayLevel: PIE: StaticDuplicateObject took: (0.002877s)
[2019.11.10-21.23.17:214][ 54]LogAIModule: Creating AISystem for world Pong
[2019.11.10-21.23.17:215][ 54]LogPlayLevel: PIE: World Init took: (0.000877s)
[2019.11.10-21.23.17:215][ 54]LogPlayLevel: PIE: Created PIE world by copying editor world from /Game/Maps/Pong.Pong to /Game/Maps/UEDPIE_0_Pong.Pong (0.004201s)
[2019.11.10-21.23.17:249][ 54]LogUObjectHash: Compacting FUObjectHashTables data took   3.40ms
[2019.11.10-21.23.17:267][ 54]LogInit: XAudio2 using 'Realtek Digital Output(Optical) (Realtek High Definition Audio)' : 2 channels at 48 kHz using 16 bits per sample (channel mask 0x3)
[2019.11.10-21.23.17:283][ 54]LogInit: FAudioDevice initialized.
[2019.11.10-21.23.17:312][ 54]LogLoad: Game class is 'VRPongGameModeBase'
[2019.11.10-21.23.17:314][ 54]LogWorld: Bringing World /Game/Maps/UEDPIE_0_Pong.Pong up for play (max tick rate 0) at 2019.11.10-16.23.17
[2019.11.10-21.23.17:314][ 54]LogWorld: Bringing up level for play took: 0.001156
[2019.11.10-21.23.17:328][ 54]PIE: Play in editor start time for /Game/Maps/UEDPIE_0_Pong -0.505
[2019.11.10-21.23.17:328][ 54]LogBlueprintUserMessages: Late PlayInEditor Detection: Level '/Game/Maps/Pong.Pong:PersistentLevel' has LevelScriptBlueprint '/Game/Maps/Pong.Pong:PersistentLevel.Pong' with GeneratedClass '/Game/Maps/Pong.Pong_C' with ClassGeneratedBy '/Game/Maps/Pong.Pong:PersistentLevel.Pong'
[2019.11.10-21.23.22:450][664]LogBlueprintUserMessages: Early EndPlayMap Detection: Level '/Game/Maps/Pong.Pong:PersistentLevel' has LevelScriptBlueprint '/Game/Maps/Pong.Pong:PersistentLevel.Pong' with GeneratedClass '/Game/Maps/Pong.Pong_C' with ClassGeneratedBy '/Game/Maps/Pong.Pong:PersistentLevel.Pong'
[2019.11.10-21.23.22:450][664]LogSlate: Updating window title bar state: overlay mode, drag disabled, window buttons hidden, title bar hidden
[2019.11.10-21.23.22:483][664]LogPlayLevel: Display: Shutting down PIE online subsystems
[2019.11.10-21.23.22:483][664]LogBlueprintUserMessages: Late EndPlayMap Detection: Level '/Game/Maps/Pong.Pong:PersistentLevel' has LevelScriptBlueprint '/Game/Maps/Pong.Pong:PersistentLevel.Pong' with GeneratedClass '/Game/Maps/Pong.Pong_C' with ClassGeneratedBy '/Game/Maps/Pong.Pong:PersistentLevel.Pong'
[2019.11.10-21.23.22:513][664]LogSlate: Updating window title bar state: overlay mode, drag disabled, window buttons hidden, title bar hidden
[2019.11.10-21.23.22:518][664]LogUObjectHash: Compacting FUObjectHashTables data took   2.60ms
[2019.11.10-21.23.22:554][668]LogPlayLevel: Display: Destroying online subsystem :Context_4
[2019.11.10-21.23.31:872][782]LogTemp: Repeating last play command: Selected Viewport
[2019.11.10-21.23.31:881][782]LogBlueprintUserMessages: Early PlayInEditor Detection: Level '/Game/Maps/Pong.Pong:PersistentLevel' has LevelScriptBlueprint '/Game/Maps/Pong.Pong:PersistentLevel.Pong' with GeneratedClass '/Game/Maps/Pong.Pong_C' with ClassGeneratedBy '/Game/Maps/Pong.Pong:PersistentLevel.Pong'
[2019.11.10-21.23.31:881][782]LogPlayLevel: PlayLevel: No blueprints needed recompiling
[2019.11.10-21.23.31:882][782]PIE: New page: PIE session: Pong (Nov 10, 2019, 11:23:31 AM)
[2019.11.10-21.23.31:882][782]LogPlayLevel: Creating play world package: /Game/Maps/UEDPIE_0_Pong
[2019.11.10-21.23.31:884][782]LogPlayLevel: PIE: StaticDuplicateObject took: (0.001860s)
[2019.11.10-21.23.31:884][782]LogAIModule: Creating AISystem for world Pong
[2019.11.10-21.23.31:885][782]LogPlayLevel: PIE: World Init took: (0.000833s)
[2019.11.10-21.23.31:885][782]LogPlayLevel: PIE: Created PIE world by copying editor world from /Game/Maps/Pong.Pong to /Game/Maps/UEDPIE_0_Pong.Pong (0.003019s)
[2019.11.10-21.23.31:915][782]LogUObjectHash: Compacting FUObjectHashTables data took   2.17ms
[2019.11.10-21.23.31:934][782]LogInit: XAudio2 using 'Realtek Digital Output(Optical) (Realtek High Definition Audio)' : 2 channels at 48 kHz using 16 bits per sample (channel mask 0x3)
[2019.11.10-21.23.31:953][782]LogInit: FAudioDevice initialized.
[2019.11.10-21.23.31:987][782]LogLoad: Game class is 'VRPongGameModeBase'
[2019.11.10-21.23.31:989][782]LogWorld: Bringing World /Game/Maps/UEDPIE_0_Pong.Pong up for play (max tick rate 0) at 2019.11.10-16.23.31
[2019.11.10-21.23.31:989][782]LogWorld: Bringing up level for play took: 0.001097
[2019.11.10-21.23.32:003][782]PIE: Play in editor start time for /Game/Maps/UEDPIE_0_Pong 0.17
[2019.11.10-21.23.32:004][782]LogBlueprintUserMessages: Late PlayInEditor Detection: Level '/Game/Maps/Pong.Pong:PersistentLevel' has LevelScriptBlueprint '/Game/Maps/Pong.Pong:PersistentLevel.Pong' with GeneratedClass '/Game/Maps/Pong.Pong_C' with ClassGeneratedBy '/Game/Maps/Pong.Pong:PersistentLevel.Pong'
[2019.11.10-21.23.36:735][349]LogBlueprintUserMessages: Early EndPlayMap Detection: Level '/Game/Maps/Pong.Pong:PersistentLevel' has LevelScriptBlueprint '/Game/Maps/Pong.Pong:PersistentLevel.Pong' with GeneratedClass '/Game/Maps/Pong.Pong_C' with ClassGeneratedBy '/Game/Maps/Pong.Pong:PersistentLevel.Pong'
[2019.11.10-21.23.36:736][349]LogSlate: Updating window title bar state: overlay mode, drag disabled, window buttons hidden, title bar hidden
[2019.11.10-21.23.36:769][349]LogPlayLevel: Display: Shutting down PIE online subsystems
[2019.11.10-21.23.36:769][349]LogBlueprintUserMessages: Late EndPlayMap Detection: Level '/Game/Maps/Pong.Pong:PersistentLevel' has LevelScriptBlueprint '/Game/Maps/Pong.Pong:PersistentLevel.Pong' with GeneratedClass '/Game/Maps/Pong.Pong_C' with ClassGeneratedBy '/Game/Maps/Pong.Pong:PersistentLevel.Pong'
[2019.11.10-21.23.36:799][349]LogSlate: Updating window title bar state: overlay mode, drag disabled, window buttons hidden, title bar hidden
[2019.11.10-21.23.36:802][349]LogUObjectHash: Compacting FUObjectHashTables data took   1.87ms
[2019.11.10-21.23.36:839][353]LogPlayLevel: Display: Destroying online subsystem :Context_5
[2019.11.10-21.24.27:236][397]LogAssetEditorManager: Opening Asset editor for Blueprint /Game/Blueprints/BP_Board.BP_Board
[2019.11.10-21.24.46:170][376]BlueprintLog: New page: Compile BP_Board
[2019.11.10-21.24.46:350][376]LogUObjectHash: Compacting FUObjectHashTables data took   3.28ms
[2019.11.10-21.24.49:687][678]LogSlate: Window 'BP_Board' being destroyed
[2019.11.10-21.24.49:690][678]LogSlate: Window 'BP_Board' being destroyed
[2019.11.10-21.24.52:724][ 33]LogAssetEditorManager: Opening Asset editor for World /Game/Maps/Pong.Pong
[2019.11.10-21.24.52:752][ 33]LogUObjectHash: Compacting FUObjectHashTables data took   2.95ms
[2019.11.10-21.24.54:541][ 33]LogSlate: Window 'Save Content' being destroyed
[2019.11.10-21.24.54:546][ 33]Cmd: OBJ SAVEPACKAGE PACKAGE="/Game/Blueprints/BP_Board" FILE="../../../../../../Users/rako0016/Desktop/HighLevel/Assignment 2/VRPong/Content/Blueprints/BP_Board.uasset" SILENT=true
[2019.11.10-21.24.54:557][ 33]LogSavePackage: Moving '../../../../../../Users/rako0016/Desktop/HighLevel/Assignment 2/VRPong/Saved/BP_Board607E380B44D72A62245A66A70F723467.tmp' to '../../../../../../Users/rako0016/Desktop/HighLevel/Assignment 2/VRPong/Content/Blueprints/BP_Board.uasset'
[2019.11.10-21.24.54:560][ 33]Cmd: OBJ SAVEPACKAGE PACKAGE="/Game/Maps/Pong" FILE="../../../../../../Users/rako0016/Desktop/HighLevel/Assignment 2/VRPong/Content/Maps/Pong.umap" SILENT=true AUTOSAVING=false KEEPDIRTY=false
[2019.11.10-21.24.54:585][ 33]LogUObjectHash: Compacting FUObjectHashTables data took   0.75ms
[2019.11.10-21.24.54:740][ 33]LogSavePackage: Moving '../../../../../../Users/rako0016/Desktop/HighLevel/Assignment 2/VRPong/Saved/Pong5142AA3641E85FE15CC748A0C6F3E879.tmp' to '../../../../../../Users/rako0016/Desktop/HighLevel/Assignment 2/VRPong/Content/Maps/Pong.umap'
[2019.11.10-21.24.54:767][ 33]LogFileHelpers: Saving map 'Pong' took 0.207
[2019.11.10-21.24.54:775][ 33]Cmd: MAP LOAD FILE="../../../../../../Users/rako0016/Desktop/HighLevel/Assignment 2/VRPong/Content/Maps/Pong.umap" TEMPLATE=0 SHOWPROGRESS=1 FEATURELEVEL=3
[2019.11.10-21.24.54:775][ 33]LightingResults: New page: Lighting Build
[2019.11.10-21.24.54:776][ 33]LoadErrors: New page: Loading map: Pong.umap
[2019.11.10-21.24.54:776][ 33]MapCheck: New page: Map Check
[2019.11.10-21.24.54:777][ 33]LightingResults: New page: Lighting Build
[2019.11.10-21.24.54:815][ 33]LogUObjectHash: Compacting FUObjectHashTables data took   3.72ms
[2019.11.10-21.24.54:825][ 33]LogAIModule: Creating AISystem for world Pong
[2019.11.10-21.24.54:828][ 33]LogEditorServer: Finished looking for orphan Actors (0.000 secs)
[2019.11.10-21.24.54:856][ 33]LogUObjectHash: Compacting FUObjectHashTables data took   2.11ms
[2019.11.10-21.24.54:873][ 33]Cmd: MAP CHECKDEP NOCLEARLOG
[2019.11.10-21.24.54:873][ 33]MapCheck: Map check complete: 0 Error(s), 0 Warning(s), took 0.082ms to complete.
[2019.11.10-21.24.54:875][ 33]LogFileHelpers: Loading map 'Pong' took 0.102
[2019.11.10-21.24.56:169][183]LogTemp: Repeating last play command: Selected Viewport
[2019.11.10-21.24.56:180][183]LogBlueprintUserMessages: Early PlayInEditor Detection: Level '/Game/Maps/Pong.Pong:PersistentLevel' has LevelScriptBlueprint '/Game/Maps/Pong.Pong:PersistentLevel.Pong' with GeneratedClass '/Game/Maps/Pong.Pong_C' with ClassGeneratedBy '/Game/Maps/Pong.Pong:PersistentLevel.Pong'
[2019.11.10-21.24.56:181][183]LogPlayLevel: PlayLevel: No blueprints needed recompiling
[2019.11.10-21.24.56:181][183]PIE: New page: PIE session: Pong (Nov 10, 2019, 11:24:56 AM)
[2019.11.10-21.24.56:181][183]LogPlayLevel: Creating play world package: /Game/Maps/UEDPIE_0_Pong
[2019.11.10-21.24.56:183][183]LogPlayLevel: PIE: StaticDuplicateObject took: (0.001600s)
[2019.11.10-21.24.56:183][183]LogAIModule: Creating AISystem for world Pong
[2019.11.10-21.24.56:184][183]LogPlayLevel: PIE: World Init took: (0.000674s)
[2019.11.10-21.24.56:184][183]LogPlayLevel: PIE: Created PIE world by copying editor world from /Game/Maps/Pong.Pong to /Game/Maps/UEDPIE_0_Pong.Pong (0.002642s)
[2019.11.10-21.24.56:209][183]LogUObjectHash: Compacting FUObjectHashTables data took   1.79ms
[2019.11.10-21.24.56:223][183]LogInit: XAudio2 using 'Realtek Digital Output(Optical) (Realtek High Definition Audio)' : 2 channels at 48 kHz using 16 bits per sample (channel mask 0x3)
[2019.11.10-21.24.56:237][183]LogInit: FAudioDevice initialized.
[2019.11.10-21.24.56:270][183]LogLoad: Game class is 'VRPongGameModeBase'
[2019.11.10-21.24.56:272][183]LogWorld: Bringing World /Game/Maps/UEDPIE_0_Pong.Pong up for play (max tick rate 0) at 2019.11.10-16.24.56
[2019.11.10-21.24.56:272][183]LogWorld: Bringing up level for play took: 0.000937
[2019.11.10-21.24.56:286][183]PIE: Play in editor start time for /Game/Maps/UEDPIE_0_Pong 0.453
[2019.11.10-21.24.56:287][183]LogBlueprintUserMessages: Late PlayInEditor Detection: Level '/Game/Maps/Pong.Pong:PersistentLevel' has LevelScriptBlueprint '/Game/Maps/Pong.Pong:PersistentLevel.Pong' with GeneratedClass '/Game/Maps/Pong.Pong_C' with ClassGeneratedBy '/Game/Maps/Pong.Pong:PersistentLevel.Pong'
[2019.11.10-21.25.02:614][940]LogBlueprintUserMessages: Early EndPlayMap Detection: Level '/Game/Maps/Pong.Pong:PersistentLevel' has LevelScriptBlueprint '/Game/Maps/Pong.Pong:PersistentLevel.Pong' with GeneratedClass '/Game/Maps/Pong.Pong_C' with ClassGeneratedBy '/Game/Maps/Pong.Pong:PersistentLevel.Pong'
[2019.11.10-21.25.02:614][940]LogSlate: Updating window title bar state: overlay mode, drag disabled, window buttons hidden, title bar hidden
[2019.11.10-21.25.02:646][940]LogPlayLevel: Display: Shutting down PIE online subsystems
[2019.11.10-21.25.02:646][940]LogBlueprintUserMessages: Late EndPlayMap Detection: Level '/Game/Maps/Pong.Pong:PersistentLevel' has LevelScriptBlueprint '/Game/Maps/Pong.Pong:PersistentLevel.Pong' with GeneratedClass '/Game/Maps/Pong.Pong_C' with ClassGeneratedBy '/Game/Maps/Pong.Pong:PersistentLevel.Pong'
[2019.11.10-21.25.02:676][940]LogSlate: Updating window title bar state: overlay mode, drag disabled, window buttons hidden, title bar hidden
[2019.11.10-21.25.02:680][940]LogUObjectHash: Compacting FUObjectHashTables data took   2.02ms
[2019.11.10-21.25.02:716][944]LogPlayLevel: Display: Destroying online subsystem :Context_7
[2019.11.10-21.25.07:853][557]LogAssetEditorManager: Opening Asset editor for Blueprint /Game/Blueprints/BP_Board.BP_Board
[2019.11.10-21.25.20:348][859]BlueprintLog: New page: Compile BP_Board
[2019.11.10-21.25.20:520][859]LogUObjectHash: Compacting FUObjectHashTables data took   2.91ms
[2019.11.10-21.25.23:276][122]Cmd: OBJ SAVEPACKAGE PACKAGE="/Game/Blueprints/BP_Board" FILE="../../../../../../Users/rako0016/Desktop/HighLevel/Assignment 2/VRPong/Content/Blueprints/BP_Board.uasset" SILENT=true
[2019.11.10-21.25.23:289][122]LogSavePackage: Moving '../../../../../../Users/rako0016/Desktop/HighLevel/Assignment 2/VRPong/Saved/BP_Board9C66BB714521A9EDD4A627BF260CD73B.tmp' to '../../../../../../Users/rako0016/Desktop/HighLevel/Assignment 2/VRPong/Content/Blueprints/BP_Board.uasset'
[2019.11.10-21.25.24:189][204]LogSlate: Window 'BP_Board' being destroyed
[2019.11.10-21.25.24:192][204]LogSlate: Window 'BP_Board' being destroyed
[2019.11.10-21.25.27:727][619]LogTemp: Repeating last play command: Selected Viewport
[2019.11.10-21.25.27:742][619]LogBlueprintUserMessages: Early PlayInEditor Detection: Level '/Game/Maps/Pong.Pong:PersistentLevel' has LevelScriptBlueprint '/Game/Maps/Pong.Pong:PersistentLevel.Pong' with GeneratedClass '/Game/Maps/Pong.Pong_C' with ClassGeneratedBy '/Game/Maps/Pong.Pong:PersistentLevel.Pong'
[2019.11.10-21.25.27:742][619]LogPlayLevel: PlayLevel: No blueprints needed recompiling
[2019.11.10-21.25.27:742][619]PIE: New page: PIE session: Pong (Nov 10, 2019, 11:25:27 AM)
[2019.11.10-21.25.27:742][619]LogPlayLevel: Creating play world package: /Game/Maps/UEDPIE_0_Pong
[2019.11.10-21.25.27:744][619]LogPlayLevel: PIE: StaticDuplicateObject took: (0.001619s)
[2019.11.10-21.25.27:745][619]LogAIModule: Creating AISystem for world Pong
[2019.11.10-21.25.27:745][619]LogPlayLevel: PIE: World Init took: (0.000848s)
[2019.11.10-21.25.27:745][619]LogPlayLevel: PIE: Created PIE world by copying editor world from /Game/Maps/Pong.Pong to /Game/Maps/UEDPIE_0_Pong.Pong (0.002859s)
[2019.11.10-21.25.27:776][619]LogUObjectHash: Compacting FUObjectHashTables data took   3.92ms
[2019.11.10-21.25.27:794][619]LogInit: XAudio2 using 'Realtek Digital Output(Optical) (Realtek High Definition Audio)' : 2 channels at 48 kHz using 16 bits per sample (channel mask 0x3)
[2019.11.10-21.25.27:811][619]LogInit: FAudioDevice initialized.
[2019.11.10-21.25.27:844][619]LogLoad: Game class is 'VRPongGameModeBase'
[2019.11.10-21.25.27:846][619]LogWorld: Bringing World /Game/Maps/UEDPIE_0_Pong.Pong up for play (max tick rate 0) at 2019.11.10-16.25.27
[2019.11.10-21.25.27:846][619]LogWorld: Bringing up level for play took: 0.001254
[2019.11.10-21.25.27:861][619]PIE: Play in editor start time for /Game/Maps/UEDPIE_0_Pong 0.028
[2019.11.10-21.25.27:861][619]LogBlueprintUserMessages: Late PlayInEditor Detection: Level '/Game/Maps/Pong.Pong:PersistentLevel' has LevelScriptBlueprint '/Game/Maps/Pong.Pong:PersistentLevel.Pong' with GeneratedClass '/Game/Maps/Pong.Pong_C' with ClassGeneratedBy '/Game/Maps/Pong.Pong:PersistentLevel.Pong'
[2019.11.10-21.25.29:259][786]LogBlueprintUserMessages: Early EndPlayMap Detection: Level '/Game/Maps/Pong.Pong:PersistentLevel' has LevelScriptBlueprint '/Game/Maps/Pong.Pong:PersistentLevel.Pong' with GeneratedClass '/Game/Maps/Pong.Pong_C' with ClassGeneratedBy '/Game/Maps/Pong.Pong:PersistentLevel.Pong'
[2019.11.10-21.25.29:260][786]LogSlate: Updating window title bar state: overlay mode, drag disabled, window buttons hidden, title bar hidden
[2019.11.10-21.25.29:294][786]LogPlayLevel: Display: Shutting down PIE online subsystems
[2019.11.10-21.25.29:294][786]LogBlueprintUserMessages: Late EndPlayMap Detection: Level '/Game/Maps/Pong.Pong:PersistentLevel' has LevelScriptBlueprint '/Game/Maps/Pong.Pong:PersistentLevel.Pong' with GeneratedClass '/Game/Maps/Pong.Pong_C' with ClassGeneratedBy '/Game/Maps/Pong.Pong:PersistentLevel.Pong'
[2019.11.10-21.25.29:327][786]LogSlate: Updating window title bar state: overlay mode, drag disabled, window buttons hidden, title bar hidden
[2019.11.10-21.25.29:331][786]LogUObjectHash: Compacting FUObjectHashTables data took   2.56ms
[2019.11.10-21.25.29:361][788]LogPlayLevel: Display: Destroying online subsystem :Context_9
[2019.11.10-21.25.29:940][857]LogAssetEditorManager: Opening Asset editor for World /Game/Maps/Pong.Pong
[2019.11.10-21.25.29:965][857]LogUObjectHash: Compacting FUObjectHashTables data took   0.76ms
[2019.11.10-21.25.31:157][857]LogSlate: Window 'Save Content' being destroyed
[2019.11.10-21.25.31:163][857]Cmd: OBJ SAVEPACKAGE PACKAGE="/Game/Maps/Pong" FILE="../../../../../../Users/rako0016/Desktop/HighLevel/Assignment 2/VRPong/Content/Maps/Pong.umap" SILENT=true AUTOSAVING=false KEEPDIRTY=false
[2019.11.10-21.25.31:190][857]LogUObjectHash: Compacting FUObjectHashTables data took   1.05ms
[2019.11.10-21.25.31:337][857]LogSavePackage: Moving '../../../../../../Users/rako0016/Desktop/HighLevel/Assignment 2/VRPong/Saved/Pong41A523064CC8C7F1EF751CA59F9BCAC3.tmp' to '../../../../../../Users/rako0016/Desktop/HighLevel/Assignment 2/VRPong/Content/Maps/Pong.umap'
[2019.11.10-21.25.31:356][857]LogFileHelpers: Saving map 'Pong' took 0.193
[2019.11.10-21.25.31:359][857]Cmd: MAP LOAD FILE="../../../../../../Users/rako0016/Desktop/HighLevel/Assignment 2/VRPong/Content/Maps/Pong.umap" TEMPLATE=0 SHOWPROGRESS=1 FEATURELEVEL=3
[2019.11.10-21.25.31:359][857]LightingResults: New page: Lighting Build
[2019.11.10-21.25.31:359][857]LoadErrors: New page: Loading map: Pong.umap
[2019.11.10-21.25.31:360][857]MapCheck: New page: Map Check
[2019.11.10-21.25.31:360][857]LightingResults: New page: Lighting Build
[2019.11.10-21.25.31:388][857]LogUObjectHash: Compacting FUObjectHashTables data took   2.15ms
[2019.11.10-21.25.31:396][857]LogAIModule: Creating AISystem for world Pong
[2019.11.10-21.25.31:399][857]LogEditorServer: Finished looking for orphan Actors (0.000 secs)
[2019.11.10-21.25.31:431][857]LogUObjectHash: Compacting FUObjectHashTables data took   2.18ms
[2019.11.10-21.25.31:451][857]Cmd: MAP CHECKDEP NOCLEARLOG
[2019.11.10-21.25.31:452][857]MapCheck: Map check complete: 0 Error(s), 0 Warning(s), took 0.076ms to complete.
[2019.11.10-21.25.31:453][857]LogFileHelpers: Loading map 'Pong' took 0.096
[2019.11.10-21.25.32:326][956]LogTemp: Repeating last play command: Selected Viewport
[2019.11.10-21.25.32:337][956]LogBlueprintUserMessages: Early PlayInEditor Detection: Level '/Game/Maps/Pong.Pong:PersistentLevel' has LevelScriptBlueprint '/Game/Maps/Pong.Pong:PersistentLevel.Pong' with GeneratedClass '/Game/Maps/Pong.Pong_C' with ClassGeneratedBy '/Game/Maps/Pong.Pong:PersistentLevel.Pong'
[2019.11.10-21.25.32:338][956]LogPlayLevel: PlayLevel: No blueprints needed recompiling
[2019.11.10-21.25.32:338][956]PIE: New page: PIE session: Pong (Nov 10, 2019, 11:25:32 AM)
[2019.11.10-21.25.32:338][956]LogPlayLevel: Creating play world package: /Game/Maps/UEDPIE_0_Pong
[2019.11.10-21.25.32:340][956]LogPlayLevel: PIE: StaticDuplicateObject took: (0.002138s)
[2019.11.10-21.25.32:341][956]LogAIModule: Creating AISystem for world Pong
[2019.11.10-21.25.32:341][956]LogPlayLevel: PIE: World Init took: (0.000712s)
[2019.11.10-21.25.32:341][956]LogPlayLevel: PIE: Created PIE world by copying editor world from /Game/Maps/Pong.Pong to /Game/Maps/UEDPIE_0_Pong.Pong (0.003181s)
[2019.11.10-21.25.32:371][956]LogUObjectHash: Compacting FUObjectHashTables data took   1.87ms
[2019.11.10-21.25.32:386][956]LogInit: XAudio2 using 'Realtek Digital Output(Optical) (Realtek High Definition Audio)' : 2 channels at 48 kHz using 16 bits per sample (channel mask 0x3)
[2019.11.10-21.25.32:400][956]LogInit: FAudioDevice initialized.
[2019.11.10-21.25.32:434][956]LogLoad: Game class is 'VRPongGameModeBase'
[2019.11.10-21.25.32:435][956]LogWorld: Bringing World /Game/Maps/UEDPIE_0_Pong.Pong up for play (max tick rate 0) at 2019.11.10-16.25.32
[2019.11.10-21.25.32:436][956]LogWorld: Bringing up level for play took: 0.000953
[2019.11.10-21.25.32:449][956]PIE: Play in editor start time for /Game/Maps/UEDPIE_0_Pong 0.616
[2019.11.10-21.25.32:449][956]LogBlueprintUserMessages: Late PlayInEditor Detection: Level '/Game/Maps/Pong.Pong:PersistentLevel' has LevelScriptBlueprint '/Game/Maps/Pong.Pong:PersistentLevel.Pong' with GeneratedClass '/Game/Maps/Pong.Pong_C' with ClassGeneratedBy '/Game/Maps/Pong.Pong:PersistentLevel.Pong'
[2019.11.10-21.25.34:377][187]LogBlueprintUserMessages: Early EndPlayMap Detection: Level '/Game/Maps/Pong.Pong:PersistentLevel' has LevelScriptBlueprint '/Game/Maps/Pong.Pong:PersistentLevel.Pong' with GeneratedClass '/Game/Maps/Pong.Pong_C' with ClassGeneratedBy '/Game/Maps/Pong.Pong:PersistentLevel.Pong'
[2019.11.10-21.25.34:378][187]LogSlate: Updating window title bar state: overlay mode, drag disabled, window buttons hidden, title bar hidden
[2019.11.10-21.25.34:412][187]LogPlayLevel: Display: Shutting down PIE online subsystems
[2019.11.10-21.25.34:412][187]LogBlueprintUserMessages: Late EndPlayMap Detection: Level '/Game/Maps/Pong.Pong:PersistentLevel' has LevelScriptBlueprint '/Game/Maps/Pong.Pong:PersistentLevel.Pong' with GeneratedClass '/Game/Maps/Pong.Pong_C' with ClassGeneratedBy '/Game/Maps/Pong.Pong:PersistentLevel.Pong'
[2019.11.10-21.25.34:445][187]LogSlate: Updating window title bar state: overlay mode, drag disabled, window buttons hidden, title bar hidden
[2019.11.10-21.25.34:451][187]LogUObjectHash: Compacting FUObjectHashTables data took   2.90ms
[2019.11.10-21.25.34:484][189]LogPlayLevel: Display: Destroying online subsystem :Context_10
[2019.11.10-21.26.10:945][506]LogEditorViewport: Clicking Background
[2019.11.10-21.26.11:792][602]Cmd: TRANSACTION UNDO
[2019.11.10-21.26.11:792][602]LogEditorTransaction: Undo Clicking Background
[2019.11.10-21.26.13:351][746]Cmd: TRANSACTION UNDO
[2019.11.10-21.26.13:351][746]LogEditorTransaction: Undo Set Scale
[2019.11.10-21.26.18:175][262]LogSlate: FSceneViewport::OnFocusLost() reason 0
[2019.11.10-21.26.29:935][590]Cmd: TRANSACTION UNDO
[2019.11.10-21.26.29:935][590]LogEditorTransaction: Undo Clicking on Actors
[2019.11.10-21.26.33:505][982]LogUObjectHash: Compacting FUObjectHashTables data took   2.91ms
[2019.11.10-21.26.35:469][982]LogSlate: Window 'Delete Assets' being destroyed
[2019.11.10-21.26.39:333][424]LogUObjectHash: Compacting FUObjectHashTables data took   0.83ms
[2019.11.10-21.26.41:884][424]LogSlate: Window 'Delete Assets' being destroyed
[2019.11.10-21.26.41:888][424]LogUObjectGlobals: Force Deleting 1 Package(s):
	Asset Name: /Game/Blueprints/BP_Ball.BP_Ball
[2019.11.10-21.26.42:434][424]LogUObjectHash: Compacting FUObjectHashTables data took   2.73ms
[2019.11.10-21.26.42:663][424]LogUObjectHash: Compacting FUObjectHashTables data took   2.59ms
[2019.11.10-21.26.42:694][424]LogUObjectHash: Compacting FUObjectHashTables data took   2.26ms
[2019.11.10-21.26.42:721][424]LogUObjectHash: Compacting FUObjectHashTables data took   0.94ms
[2019.11.10-21.27.01:856][682]LogUObjectHash: Compacting FUObjectHashTables data took   1.31ms
[2019.11.10-21.27.03:498][682]LogSlate: Window 'Save Content' being destroyed
[2019.11.10-21.27.03:570][682]LogSlate: Window 'VRPong - Unreal Editor' being destroyed
[2019.11.10-21.27.03:776][683]Cmd: QUIT_EDITOR
[2019.11.10-21.27.04:730][683]LogWindowsTextInputMethodSystem: Display: IME system now deactivated.
[2019.11.10-21.27.04:743][683]LogExit: Preparing to exit.
