Log file open, 12/06/19 16:41:43
LogWindows: Failed to load 'aqProf.dll' (GetLastError=126)
LogWindows: File 'aqProf.dll' does not exist
LogWindows: Failed to load 'VtuneApi.dll' (GetLastError=126)
LogWindows: File 'VtuneApi.dll' does not exist
LogWindows: Failed to load 'VtuneApi32e.dll' (GetLastError=126)
LogWindows: File 'VtuneApi32e.dll' does not exist
LogConsoleResponse: Display: Failed to find resolution value strings in scalability ini. Falling back to default.
LogInit: Display: Running engine for game: VRDigiWrangler
LogPakFile: Registered encryption key '00000000000000000000000000000000': 0 pak files mounted, 0 remain pending
LogPlatformFile: Not using cached read wrapper
LogTaskGraph: Started task graph with 5 named threads and 35 total threads with 3 sets of task threads.
LogStats: Stats thread started at 0.852756
LogD3D11RHI: Loaded GFSDK_Aftermath_Lib.x64.dll
LogICUInternationalization: ICU TimeZone Detection - Raw Offset: -5:00, Platform Override: ''
LogPluginManager: Mounting plugin Paper2D
LogPluginManager: Mounting plugin AISupport
LogPluginManager: Mounting plugin LightPropagationVolume
LogPluginManager: Mounting plugin ActorLayerUtilities
LogPluginManager: Mounting plugin AnimationSharing
LogPluginManager: Mounting plugin CLionSourceCodeAccess
LogPluginManager: Mounting plugin CodeLiteSourceCodeAccess
LogPluginManager: Mounting plugin GitSourceControl
LogPluginManager: Mounting plugin KDevelopSourceCodeAccess
LogPluginManager: Mounting plugin NullSourceCodeAccess
LogPluginManager: Mounting plugin PerforceSourceControl
LogPluginManager: Mounting plugin SubversionSourceControl
LogPluginManager: Mounting plugin UObjectPlugin
LogPluginManager: Mounting plugin VisualStudioCodeSourceCodeAccess
LogPluginManager: Mounting plugin VisualStudioSourceCodeAccess
LogPluginManager: Mounting plugin XCodeSourceCodeAccess
LogPluginManager: Mounting plugin AssetManagerEditor
LogPluginManager: Mounting plugin CryptoKeys
LogPluginManager: Mounting plugin DataValidation
LogPluginManager: Mounting plugin FacialAnimation
LogPluginManager: Mounting plugin GameplayTagsEditor
LogPluginManager: Mounting plugin MacGraphicsSwitching
LogPluginManager: Mounting plugin MaterialAnalyzer
LogPluginManager: Mounting plugin MobileLauncherProfileWizard
LogPluginManager: Mounting plugin PluginBrowser
LogPluginManager: Mounting plugin SpeedTreeImporter
LogPluginManager: Mounting plugin DatasmithContent
LogPluginManager: Mounting plugin VariantManagerContent
LogPluginManager: Mounting plugin AlembicImporter
LogPluginManager: Mounting plugin AppleImageUtils
LogPluginManager: Mounting plugin AppleVision
LogPluginManager: Mounting plugin BackChannel
LogPluginManager: Mounting plugin CharacterAI
LogPluginManager: Mounting plugin GeometryCache
LogPluginManager: Mounting plugin HTML5Networking
LogPluginManager: Mounting plugin ProxyLODPlugin
LogPluginManager: Mounting plugin SkeletalReduction
LogPluginManager: Mounting plugin MagicLeap
LogPluginManager: Mounting plugin MagicLeapMedia
LogPluginManager: Mounting plugin AndroidMedia
LogPluginManager: Mounting plugin AvfMedia
LogPluginManager: Mounting plugin ImgMedia
LogPluginManager: Mounting plugin LinearTimecode
LogPluginManager: Mounting plugin MediaCompositing
LogPluginManager: Mounting plugin MediaPlayerEditor
LogPluginManager: Mounting plugin WebMMedia
LogPluginManager: Mounting plugin WmfMedia
LogPluginManager: Mounting plugin TcpMessaging
LogPluginManager: Mounting plugin UdpMessaging
LogPluginManager: Mounting plugin ActorSequence
LogPluginManager: Mounting plugin LevelSequenceEditor
LogPluginManager: Mounting plugin MatineeToLevelSequence
LogPluginManager: Mounting plugin NetcodeUnitTest
LogPluginManager: Mounting plugin NUTUnrealEngine4
LogPluginManager: Mounting plugin OnlineSubsystemGooglePlay
LogPluginManager: Mounting plugin OnlineSubsystemIOS
LogPluginManager: Mounting plugin OnlineSubsystem
LogPluginManager: Mounting plugin OnlineSubsystemNull
LogPluginManager: Mounting plugin OnlineSubsystemUtils
LogPluginManager: Mounting plugin LauncherChunkInstaller
LogPluginManager: Mounting plugin AndroidDeviceProfileSelector
LogPluginManager: Mounting plugin AndroidMoviePlayer
LogPluginManager: Mounting plugin AndroidPermission
LogPluginManager: Mounting plugin AppleMoviePlayer
LogPluginManager: Mounting plugin ArchVisCharacter
LogPluginManager: Mounting plugin AudioCapture
LogPluginManager: Mounting plugin CableComponent
LogPluginManager: Mounting plugin CustomMeshComponent
LogPluginManager: Mounting plugin EditableMesh
LogPluginManager: Mounting plugin ExampleDeviceProfileSelector
LogPluginManager: Mounting plugin Firebase
LogPluginManager: Mounting plugin GoogleCloudMessaging
LogPluginManager: Mounting plugin IOSDeviceProfileSelector
LogPluginManager: Mounting plugin LinuxDeviceProfileSelector
LogPluginManager: Mounting plugin LocationServicesBPLibrary
LogPluginManager: Mounting plugin MobilePatchingUtils
LogPluginManager: Mounting plugin OculusVR
LogPluginManager: Mounting plugin PhysXVehicles
LogPluginManager: Mounting plugin ProceduralMeshComponent
LogPluginManager: Mounting plugin RuntimePhysXCooking
LogPluginManager: Mounting plugin SignificanceManager
LogPluginManager: Mounting plugin SteamVR
LogPluginManager: Mounting plugin WebMMoviePlayer
LogPluginManager: Mounting plugin WindowsMoviePlayer
LogInit: Using libcurl 7.55.1-DEV
LogInit:  - built for x86_64-pc-win32
LogInit:  - supports SSL with OpenSSL/1.1.1
LogInit:  - supports HTTP deflate (compression) using libz 1.2.8
LogInit:  - other features:
LogInit:      CURL_VERSION_SSL
LogInit:      CURL_VERSION_LIBZ
LogInit:      CURL_VERSION_IPV6
LogInit:      CURL_VERSION_ASYNCHDNS
LogInit:      CURL_VERSION_LARGEFILE
LogInit:      CURL_VERSION_IDN
LogInit:  CurlRequestOptions (configurable via config and command line):
LogInit:  - bVerifyPeer = true  - Libcurl will verify peer certificate
LogInit:  - bUseHttpProxy = false  - Libcurl will NOT use HTTP proxy
LogInit:  - bDontReuseConnections = false  - Libcurl will reuse connections
LogInit:  - MaxHostConnections = 16  - Libcurl will limit the number of connections to a host
LogInit:  - LocalHostAddr = Default
LogInit:  - BufferSize = 65536
LogInit: WinSock: version 1.1 (2.2), MaxSocks=32767, MaxUdp=65467
LogInit: Build: ++UE4+Release-4.22-CL-7053642
LogInit: Engine Version: 4.22.3-7053642+++UE4+Release-4.22
LogInit: Compatible Engine Version: 4.22.0-5660361+++UE4+Release-4.22
LogInit: Net CL: 5660361
LogInit: OS: Windows 10 (Release 1809) (), CPU: Intel(R) Core(TM) i7-9750H CPU @ 2.60GHz, GPU: Intel(R) UHD Graphics 630
LogInit: Compiled (64-bit): Jun 18 2019 03:09:11
LogInit: Compiled with Visual C++: 19.16.27025.01
LogInit: Build Configuration: Development
LogInit: Branch Name: ++UE4+Release-4.22
LogInit: Command Line:  -skipcompile
LogInit: Base Directory: C:/Program Files/Epic Games/UE_4.22/Engine/Binaries/Win64/
LogInit: Installed Engine Build: 1
LogDevObjectVersion: Number of dev versions registered: 23
LogDevObjectVersion:   Dev-Blueprints (B0D832E4-1F89-4F0D-ACCF-7EB736FD4AA2): 10
LogDevObjectVersion:   Dev-Build (E1C64328-A22C-4D53-A36C-8E866417BD8C): 0
LogDevObjectVersion:   Dev-Core (375EC13C-06E4-48FB-B500-84F0262A717E): 3
LogDevObjectVersion:   Dev-Editor (E4B068ED-F494-42E9-A231-DA0B2E46BB41): 30
LogDevObjectVersion:   Dev-Framework (CFFC743F-43B0-4480-9391-14DF171D2073): 35
LogDevObjectVersion:   Dev-Mobile (B02B49B5-BB20-44E9-A304-32B752E40360): 2
LogDevObjectVersion:   Dev-Networking (A4E4105C-59A1-49B5-A7C5-40C4547EDFEE): 0
LogDevObjectVersion:   Dev-Online (39C831C9-5AE6-47DC-9A44-9C173E1C8E7C): 0
LogDevObjectVersion:   Dev-Physics (78F01B33-EBEA-4F98-B9B4-84EACCB95AA2): 0
LogDevObjectVersion:   Dev-Platform (6631380F-2D4D-43E0-8009-CF276956A95A): 0
LogDevObjectVersion:   Dev-Rendering (12F88B9F-8875-4AFC-A67C-D90C383ABD29): 28
LogDevObjectVersion:   Dev-Sequencer (7B5AE74C-D270-4C10-A958-57980B212A5A): 11
LogDevObjectVersion:   Dev-VR (D7296918-1DD6-4BDD-9DE2-64A83CC13884): 2
LogDevObjectVersion:   Dev-LoadTimes (C2A15278-BFE7-4AFE-6C17-90FF531DF755): 1
LogDevObjectVersion:   Private-Geometry (6EACA3D4-40EC-4CC1-B786-8BED09428FC5): 3
LogDevObjectVersion:   Dev-AnimPhys (29E575DD-E0A3-4627-9D10-D276232CDCEA): 17
LogDevObjectVersion:   Dev-Anim (AF43A65D-7FD3-4947-9873-3E8ED9C1BB05): 2
LogDevObjectVersion:   Dev-ReflectionCapture (6B266CEC-1EC7-4B8F-A30B-E4D90942FC07): 1
LogDevObjectVersion:   Dev-Automation (0DF73D61-A23F-47EA-B727-89E90C41499A): 1
LogDevObjectVersion:   FortniteMain (601D1886-AC64-4F84-AA16-D3DE0DEAC7D6): 25
LogDevObjectVersion:   Dev-Enterprise (9DFFBCD6-494F-0158-E221-12823C92A888): 6
LogDevObjectVersion:   Dev-Niagara (F2AED0AC-9AFE-416F-8664-AA7FFA26D6FC): 1
LogDevObjectVersion:   Dev-Destruction (174F1F0B-B4C6-45A5-B13F-2EE8D0FB917D): 2
LogInit: Presizing for max 16777216 objects, including 0 objects not considered by GC, pre-allocating 0 bytes for permanent pool.
LogInit: Object subsystem initialized
LogConfig: Setting CVar [[con.DebugEarlyDefault:1]]
LogConfig: Setting CVar [[r.setres:1280x720]]
[2019.12.06-21.41.44:107][  0]LogConfig: Setting CVar [[r.VSync:0]]
[2019.12.06-21.41.44:107][  0]LogConfig: Setting CVar [[r.RHICmdBypass:0]]
[2019.12.06-21.41.44:107][  0]LogConfig: Applying CVar settings from Section [/Script/Engine.RendererSettings] File [C:/Users/nesac/Desktop/HighLevel/Assignment 3/VRDigiWrangler/Saved/Config/Windows/Engine.ini]
[2019.12.06-21.41.44:107][  0]LogConfig: Setting CVar [[r.GPUCrashDebugging:0]]
[2019.12.06-21.41.44:107][  0]LogConfig: Setting CVar [[r.DefaultFeature.AutoExposure.ExtendDefaultLuminanceRange:1]]
[2019.12.06-21.41.44:107][  0]LogConfig: Applying CVar settings from Section [/Script/Engine.RendererOverrideSettings] File [C:/Users/nesac/Desktop/HighLevel/Assignment 3/VRDigiWrangler/Saved/Config/Windows/Engine.ini]
[2019.12.06-21.41.44:107][  0]LogConfig: Applying CVar settings from Section [/Script/Engine.StreamingSettings] File [C:/Users/nesac/Desktop/HighLevel/Assignment 3/VRDigiWrangler/Saved/Config/Windows/Engine.ini]
[2019.12.06-21.41.44:107][  0]LogConfig: Setting CVar [[s.MinBulkDataSizeForAsyncLoading:131072]]
[2019.12.06-21.41.44:108][  0]LogConfig: Setting CVar [[s.AsyncLoadingThreadEnabled:0]]
[2019.12.06-21.41.44:108][  0]LogConfig: Setting CVar [[s.EventDrivenLoaderEnabled:1]]
[2019.12.06-21.41.44:108][  0]LogConfig: Setting CVar [[s.WarnIfTimeLimitExceeded:0]]
[2019.12.06-21.41.44:108][  0]LogConfig: Setting CVar [[s.TimeLimitExceededMultiplier:1.5]]
[2019.12.06-21.41.44:108][  0]LogConfig: Setting CVar [[s.TimeLimitExceededMinTime:0.005]]
[2019.12.06-21.41.44:108][  0]LogConfig: Setting CVar [[s.UseBackgroundLevelStreaming:1]]
[2019.12.06-21.41.44:108][  0]LogConfig: Setting CVar [[s.PriorityAsyncLoadingExtraTime:15.0]]
[2019.12.06-21.41.44:108][  0]LogConfig: Setting CVar [[s.LevelStreamingActorsUpdateTimeLimit:5.0]]
[2019.12.06-21.41.44:108][  0]LogConfig: Setting CVar [[s.PriorityLevelStreamingActorsUpdateExtraTime:5.0]]
[2019.12.06-21.41.44:109][  0]LogConfig: Setting CVar [[s.LevelStreamingComponentsRegistrationGranularity:10]]
[2019.12.06-21.41.44:109][  0]LogConfig: Setting CVar [[s.UnregisterComponentsTimeLimit:1.0]]
[2019.12.06-21.41.44:109][  0]LogConfig: Setting CVar [[s.LevelStreamingComponentsUnregistrationGranularity:5]]
[2019.12.06-21.41.44:109][  0]LogConfig: Applying CVar settings from Section [/Script/Engine.GarbageCollectionSettings] File [C:/Users/nesac/Desktop/HighLevel/Assignment 3/VRDigiWrangler/Saved/Config/Windows/Engine.ini]
[2019.12.06-21.41.44:109][  0]LogConfig: Setting CVar [[gc.MaxObjectsNotConsideredByGC:1]]
[2019.12.06-21.41.44:109][  0]LogConfig: Setting CVar [[gc.SizeOfPermanentObjectPool:0]]
[2019.12.06-21.41.44:109][  0]LogConfig: Setting CVar [[gc.FlushStreamingOnGC:0]]
[2019.12.06-21.41.44:109][  0]LogConfig: Setting CVar [[gc.NumRetriesBeforeForcingGC:10]]
[2019.12.06-21.41.44:109][  0]LogConfig: Setting CVar [[gc.AllowParallelGC:1]]
[2019.12.06-21.41.44:109][  0]LogConfig: Setting CVar [[gc.TimeBetweenPurgingPendingKillObjects:61.1]]
[2019.12.06-21.41.44:110][  0]LogConfig: Setting CVar [[gc.MaxObjectsInEditor:16777216]]
[2019.12.06-21.41.44:110][  0]LogConfig: Setting CVar [[gc.IncrementalBeginDestroyEnabled:1]]
[2019.12.06-21.41.44:110][  0]LogConfig: Setting CVar [[gc.CreateGCClusters:1]]
[2019.12.06-21.41.44:110][  0]LogConfig: Setting CVar [[gc.MinGCClusterSize:5]]
[2019.12.06-21.41.44:110][  0]LogConfig: Setting CVar [[gc.ActorClusteringEnabled:0]]
[2019.12.06-21.41.44:110][  0]LogConfig: Setting CVar [[gc.BlueprintClusteringEnabled:0]]
[2019.12.06-21.41.44:110][  0]LogConfig: Setting CVar [[gc.UseDisregardForGCOnDedicatedServers:0]]
[2019.12.06-21.41.44:110][  0]LogConfig: Applying CVar settings from Section [/Script/Engine.NetworkSettings] File [C:/Users/nesac/Desktop/HighLevel/Assignment 3/VRDigiWrangler/Saved/Config/Windows/Engine.ini]
[2019.12.06-21.41.44:110][  0]LogConfig: Applying CVar settings from Section [/Script/UnrealEd.CookerSettings] File [C:/Users/nesac/Desktop/HighLevel/Assignment 3/VRDigiWrangler/Saved/Config/Windows/Engine.ini]
[2019.12.06-21.41.44:128][  0]LogConfig: Applying CVar settings from Section [ViewDistanceQuality@3] File [C:/Users/nesac/Desktop/HighLevel/Assignment 3/VRDigiWrangler/Saved/Config/Windows/Scalability.ini]
[2019.12.06-21.41.44:129][  0]LogConfig: Setting CVar [[r.SkeletalMeshLODBias:0]]
[2019.12.06-21.41.44:129][  0]LogConfig: Setting CVar [[r.ViewDistanceScale:1.0]]
[2019.12.06-21.41.44:129][  0]LogConfig: Applying CVar settings from Section [AntiAliasingQuality@3] File [C:/Users/nesac/Desktop/HighLevel/Assignment 3/VRDigiWrangler/Saved/Config/Windows/Scalability.ini]
[2019.12.06-21.41.44:131][  0]LogConfig: Setting CVar [[r.PostProcessAAQuality:4]]
[2019.12.06-21.41.44:132][  0]LogConfig: Applying CVar settings from Section [ShadowQuality@3] File [C:/Users/nesac/Desktop/HighLevel/Assignment 3/VRDigiWrangler/Saved/Config/Windows/Scalability.ini]
[2019.12.06-21.41.44:132][  0]LogConfig: Setting CVar [[r.LightFunctionQuality:1]]
[2019.12.06-21.41.44:133][  0]LogConfig: Setting CVar [[r.ShadowQuality:5]]
[2019.12.06-21.41.44:134][  0]LogConfig: Setting CVar [[r.Shadow.CSM.MaxCascades:10]]
[2019.12.06-21.41.44:136][  0]LogConfig: Setting CVar [[r.Shadow.MaxResolution:2048]]
[2019.12.06-21.41.44:137][  0]LogConfig: Setting CVar [[r.Shadow.MaxCSMResolution:2048]]
[2019.12.06-21.41.44:138][  0]LogConfig: Setting CVar [[r.Shadow.RadiusThreshold:0.01]]
[2019.12.06-21.41.44:139][  0]LogConfig: Setting CVar [[r.Shadow.DistanceScale:1.0]]
[2019.12.06-21.41.44:140][  0]LogConfig: Setting CVar [[r.Shadow.CSM.TransitionScale:1.0]]
[2019.12.06-21.41.44:141][  0]LogConfig: Setting CVar [[r.Shadow.PreShadowResolutionFactor:1.0]]
[2019.12.06-21.41.44:142][  0]LogConfig: Setting CVar [[r.DistanceFieldShadowing:1]]
[2019.12.06-21.41.44:144][  0]LogConfig: Setting CVar [[r.DistanceFieldAO:1]]
[2019.12.06-21.41.44:145][  0]LogConfig: Setting CVar [[r.AOQuality:2]]
[2019.12.06-21.41.44:146][  0]LogConfig: Setting CVar [[r.VolumetricFog:1]]
[2019.12.06-21.41.44:147][  0]LogConfig: Setting CVar [[r.VolumetricFog.GridPixelSize:8]]
[2019.12.06-21.41.44:148][  0]LogConfig: Setting CVar [[r.VolumetricFog.GridSizeZ:128]]
[2019.12.06-21.41.44:150][  0]LogConfig: Setting CVar [[r.VolumetricFog.HistoryMissSupersampleCount:4]]
[2019.12.06-21.41.44:151][  0]LogConfig: Setting CVar [[r.LightMaxDrawDistanceScale:1]]
[2019.12.06-21.41.44:151][  0]LogConfig: Setting CVar [[r.CapsuleShadows:1]]
[2019.12.06-21.41.44:153][  0]LogConfig: Applying CVar settings from Section [PostProcessQuality@3] File [C:/Users/nesac/Desktop/HighLevel/Assignment 3/VRDigiWrangler/Saved/Config/Windows/Scalability.ini]
[2019.12.06-21.41.44:154][  0]LogConfig: Setting CVar [[r.MotionBlurQuality:4]]
[2019.12.06-21.41.44:155][  0]LogConfig: Setting CVar [[r.AmbientOcclusionMipLevelFactor:0.4]]
[2019.12.06-21.41.44:156][  0]LogConfig: Setting CVar [[r.AmbientOcclusionMaxQuality:100]]
[2019.12.06-21.41.44:157][  0]LogConfig: Setting CVar [[r.AmbientOcclusionLevels:-1]]
[2019.12.06-21.41.44:158][  0]LogConfig: Setting CVar [[r.AmbientOcclusionRadiusScale:1.0]]
[2019.12.06-21.41.44:160][  0]LogConfig: Setting CVar [[r.DepthOfFieldQuality:2]]
[2019.12.06-21.41.44:161][  0]LogConfig: Setting CVar [[r.RenderTargetPoolMin:400]]
[2019.12.06-21.41.44:162][  0]LogConfig: Setting CVar [[r.LensFlareQuality:2]]
[2019.12.06-21.41.44:163][  0]LogConfig: Setting CVar [[r.SceneColorFringeQuality:1]]
[2019.12.06-21.41.44:164][  0]LogConfig: Setting CVar [[r.EyeAdaptationQuality:2]]
[2019.12.06-21.41.44:165][  0]LogConfig: Setting CVar [[r.BloomQuality:5]]
[2019.12.06-21.41.44:166][  0]LogConfig: Setting CVar [[r.FastBlurThreshold:100]]
[2019.12.06-21.41.44:167][  0]LogConfig: Setting CVar [[r.Upscale.Quality:3]]
[2019.12.06-21.41.44:169][  0]LogConfig: Setting CVar [[r.Tonemapper.GrainQuantization:1]]
[2019.12.06-21.41.44:170][  0]LogConfig: Setting CVar [[r.LightShaftQuality:1]]
[2019.12.06-21.41.44:170][  0]LogConfig: Setting CVar [[r.Filter.SizeScale:1]]
[2019.12.06-21.41.44:171][  0]LogConfig: Setting CVar [[r.Tonemapper.Quality:5]]
[2019.12.06-21.41.44:172][  0]LogConfig: Setting CVar [[r.DOF.Gather.AccumulatorQuality:1        ; higher gathering accumulator quality]]
[2019.12.06-21.41.44:173][  0]LogConfig: Setting CVar [[r.DOF.Gather.PostfilterMethod:1          ; Median3x3 postfilering method]]
[2019.12.06-21.41.44:174][  0]LogConfig: Setting CVar [[r.DOF.Gather.EnableBokehSettings:0       ; no bokeh simulation when gathering]]
[2019.12.06-21.41.44:176][  0]LogConfig: Setting CVar [[r.DOF.Gather.RingCount:4                 ; medium number of samples when gathering]]
[2019.12.06-21.41.44:180][  0]LogConfig: Setting CVar [[r.DOF.Scatter.ForegroundCompositing:1    ; additive foreground scattering]]
[2019.12.06-21.41.44:181][  0]LogConfig: Setting CVar [[r.DOF.Scatter.BackgroundCompositing:2    ; additive background scattering]]
[2019.12.06-21.41.44:181][  0]LogConfig: Setting CVar [[r.DOF.Scatter.EnableBokehSettings:1      ; bokeh simulation when scattering]]
[2019.12.06-21.41.44:183][  0]LogConfig: Setting CVar [[r.DOF.Scatter.MaxSpriteRatio:0.1         ; only a maximum of 10% of scattered bokeh]]
[2019.12.06-21.41.44:185][  0]LogConfig: Setting CVar [[r.DOF.Recombine.Quality:1                ; cheap slight out of focus]]
[2019.12.06-21.41.44:186][  0]LogConfig: Setting CVar [[r.DOF.Recombine.EnableBokehSettings:0    ; no bokeh simulation on slight out of focus]]
[2019.12.06-21.41.44:187][  0]LogConfig: Setting CVar [[r.DOF.TemporalAAQuality:1                ; more stable temporal accumulation]]
[2019.12.06-21.41.44:188][  0]LogConfig: Setting CVar [[r.DOF.Kernel.MaxForegroundRadius:0.025]]
[2019.12.06-21.41.44:189][  0]LogConfig: Setting CVar [[r.DOF.Kernel.MaxBackgroundRadius:0.025]]
[2019.12.06-21.41.44:190][  0]LogConfig: Applying CVar settings from Section [TextureQuality@3] File [C:/Users/nesac/Desktop/HighLevel/Assignment 3/VRDigiWrangler/Saved/Config/Windows/Scalability.ini]
[2019.12.06-21.41.44:191][  0]LogConfig: Setting CVar [[r.Streaming.MipBias:0]]
[2019.12.06-21.41.44:193][  0]LogConfig: Setting CVar [[r.Streaming.AmortizeCPUToGPUCopy:0]]
[2019.12.06-21.41.44:194][  0]LogConfig: Setting CVar [[r.Streaming.MaxNumTexturesToStreamPerFrame:0]]
[2019.12.06-21.41.44:195][  0]LogConfig: Setting CVar [[r.Streaming.Boost:1]]
[2019.12.06-21.41.44:197][  0]LogConfig: Setting CVar [[r.MaxAnisotropy:8]]
[2019.12.06-21.41.44:201][  0]LogConfig: Setting CVar [[r.Streaming.LimitPoolSizeToVRAM:0]]
[2019.12.06-21.41.44:203][  0]LogConfig: Setting CVar [[r.Streaming.PoolSize:1000]]
[2019.12.06-21.41.44:205][  0]LogConfig: Setting CVar [[r.Streaming.MaxEffectiveScreenSize:0]]
[2019.12.06-21.41.44:206][  0]LogConfig: Applying CVar settings from Section [EffectsQuality@3] File [C:/Users/nesac/Desktop/HighLevel/Assignment 3/VRDigiWrangler/Saved/Config/Windows/Scalability.ini]
[2019.12.06-21.41.44:207][  0]LogConfig: Setting CVar [[r.TranslucencyLightingVolumeDim:64]]
[2019.12.06-21.41.44:207][  0]LogConfig: Setting CVar [[r.RefractionQuality:2]]
[2019.12.06-21.41.44:209][  0]LogConfig: Setting CVar [[r.SSR.Quality:3]]
[2019.12.06-21.41.44:209][  0]LogConfig: Setting CVar [[r.SceneColorFormat:4]]
[2019.12.06-21.41.44:211][  0]LogConfig: Setting CVar [[r.DetailMode:2]]
[2019.12.06-21.41.44:212][  0]LogConfig: Setting CVar [[r.TranslucencyVolumeBlur:1]]
[2019.12.06-21.41.44:213][  0]LogConfig: Setting CVar [[r.MaterialQualityLevel:1 ; High quality]]
[2019.12.06-21.41.44:214][  0]LogConfig: Setting CVar [[r.SSS.Scale:1]]
[2019.12.06-21.41.44:215][  0]LogConfig: Setting CVar [[r.SSS.SampleSet:2]]
[2019.12.06-21.41.44:216][  0]LogConfig: Setting CVar [[r.SSS.Quality:1]]
[2019.12.06-21.41.44:216][  0]LogConfig: Setting CVar [[r.SSS.HalfRes:1]]
[2019.12.06-21.41.44:216][  0]LogConfig: Setting CVar [[r.EmitterSpawnRateScale:1.0]]
[2019.12.06-21.41.44:217][  0]LogConfig: Setting CVar [[r.ParticleLightQuality:2]]
[2019.12.06-21.41.44:218][  0]LogConfig: Applying CVar settings from Section [FoliageQuality@3] File [C:/Users/nesac/Desktop/HighLevel/Assignment 3/VRDigiWrangler/Saved/Config/Windows/Scalability.ini]
[2019.12.06-21.41.44:219][  0]LogConfig: Setting CVar [[foliage.DensityScale:1.0]]
[2019.12.06-21.41.44:220][  0]LogConfig: Setting CVar [[grass.DensityScale:1.0]]
[2019.12.06-21.41.44:221][  0]LogInit: Selected Device Profile: [Windows]
[2019.12.06-21.41.44:222][  0]LogInit: Applying CVar settings loaded from the selected device profile: [Windows]
[2019.12.06-21.41.44:267][  0]LogHAL: Display: Platform has ~ 16 GB [17012781056 / 17179869184 / 16], which maps to Larger [LargestMinGB=32, LargerMinGB=12, DefaultMinGB=8, SmallerMinGB=6, SmallestMinGB=0)
[2019.12.06-21.41.44:270][  0]LogConfig: Setting CVar [[r.Vulkan.UseRealUBs:0		; Required until we fix HLR fall-out]]
[2019.12.06-21.41.44:279][  0]LogInit: Going up to parent DeviceProfile []
[2019.12.06-21.41.44:281][  0]LogConfig: Applying CVar settings from Section [ViewDistanceQuality@3] File [C:/Users/nesac/Desktop/HighLevel/Assignment 3/VRDigiWrangler/Saved/Config/Windows/Scalability.ini]
[2019.12.06-21.41.44:284][  0]LogConfig: Setting CVar [[r.SkeletalMeshLODBias:0]]
[2019.12.06-21.41.44:285][  0]LogConfig: Setting CVar [[r.ViewDistanceScale:1.0]]
[2019.12.06-21.41.44:286][  0]LogConfig: Applying CVar settings from Section [AntiAliasingQuality@3] File [C:/Users/nesac/Desktop/HighLevel/Assignment 3/VRDigiWrangler/Saved/Config/Windows/Scalability.ini]
[2019.12.06-21.41.44:286][  0]LogConfig: Setting CVar [[r.PostProcessAAQuality:4]]
[2019.12.06-21.41.44:293][  0]LogConfig: Applying CVar settings from Section [ShadowQuality@3] File [C:/Users/nesac/Desktop/HighLevel/Assignment 3/VRDigiWrangler/Saved/Config/Windows/Scalability.ini]
[2019.12.06-21.41.44:294][  0]LogConfig: Setting CVar [[r.LightFunctionQuality:1]]
[2019.12.06-21.41.44:295][  0]LogConfig: Setting CVar [[r.ShadowQuality:5]]
[2019.12.06-21.41.44:296][  0]LogConfig: Setting CVar [[r.Shadow.CSM.MaxCascades:10]]
[2019.12.06-21.41.44:297][  0]LogConfig: Setting CVar [[r.Shadow.MaxResolution:2048]]
[2019.12.06-21.41.44:298][  0]LogConfig: Setting CVar [[r.Shadow.MaxCSMResolution:2048]]
[2019.12.06-21.41.44:299][  0]LogConfig: Setting CVar [[r.Shadow.RadiusThreshold:0.01]]
[2019.12.06-21.41.44:300][  0]LogConfig: Setting CVar [[r.Shadow.DistanceScale:1.0]]
[2019.12.06-21.41.44:300][  0]LogConfig: Setting CVar [[r.Shadow.CSM.TransitionScale:1.0]]
[2019.12.06-21.41.44:301][  0]LogConfig: Setting CVar [[r.Shadow.PreShadowResolutionFactor:1.0]]
[2019.12.06-21.41.44:303][  0]LogConfig: Setting CVar [[r.DistanceFieldShadowing:1]]
[2019.12.06-21.41.44:304][  0]LogConfig: Setting CVar [[r.DistanceFieldAO:1]]
[2019.12.06-21.41.44:305][  0]LogConfig: Setting CVar [[r.AOQuality:2]]
[2019.12.06-21.41.44:305][  0]LogConfig: Setting CVar [[r.VolumetricFog:1]]
[2019.12.06-21.41.44:306][  0]LogConfig: Setting CVar [[r.VolumetricFog.GridPixelSize:8]]
[2019.12.06-21.41.44:307][  0]LogConfig: Setting CVar [[r.VolumetricFog.GridSizeZ:128]]
[2019.12.06-21.41.44:308][  0]LogConfig: Setting CVar [[r.VolumetricFog.HistoryMissSupersampleCount:4]]
[2019.12.06-21.41.44:309][  0]LogConfig: Setting CVar [[r.LightMaxDrawDistanceScale:1]]
[2019.12.06-21.41.44:309][  0]LogConfig: Setting CVar [[r.CapsuleShadows:1]]
[2019.12.06-21.41.44:310][  0]LogConfig: Applying CVar settings from Section [PostProcessQuality@3] File [C:/Users/nesac/Desktop/HighLevel/Assignment 3/VRDigiWrangler/Saved/Config/Windows/Scalability.ini]
[2019.12.06-21.41.44:311][  0]LogConfig: Setting CVar [[r.MotionBlurQuality:4]]
[2019.12.06-21.41.44:312][  0]LogConfig: Setting CVar [[r.AmbientOcclusionMipLevelFactor:0.4]]
[2019.12.06-21.41.44:313][  0]LogConfig: Setting CVar [[r.AmbientOcclusionMaxQuality:100]]
[2019.12.06-21.41.44:314][  0]LogConfig: Setting CVar [[r.AmbientOcclusionLevels:-1]]
[2019.12.06-21.41.44:314][  0]LogConfig: Setting CVar [[r.AmbientOcclusionRadiusScale:1.0]]
[2019.12.06-21.41.44:315][  0]LogConfig: Setting CVar [[r.DepthOfFieldQuality:2]]
[2019.12.06-21.41.44:316][  0]LogConfig: Setting CVar [[r.RenderTargetPoolMin:400]]
[2019.12.06-21.41.44:316][  0]LogConfig: Setting CVar [[r.LensFlareQuality:2]]
[2019.12.06-21.41.44:318][  0]LogConfig: Setting CVar [[r.SceneColorFringeQuality:1]]
[2019.12.06-21.41.44:319][  0]LogConfig: Setting CVar [[r.EyeAdaptationQuality:2]]
[2019.12.06-21.41.44:320][  0]LogConfig: Setting CVar [[r.BloomQuality:5]]
[2019.12.06-21.41.44:321][  0]LogConfig: Setting CVar [[r.FastBlurThreshold:100]]
[2019.12.06-21.41.44:332][  0]LogConfig: Setting CVar [[r.Upscale.Quality:3]]
[2019.12.06-21.41.44:338][  0]LogConfig: Setting CVar [[r.Tonemapper.GrainQuantization:1]]
[2019.12.06-21.41.44:340][  0]LogConfig: Setting CVar [[r.LightShaftQuality:1]]
[2019.12.06-21.41.44:345][  0]LogConfig: Setting CVar [[r.Filter.SizeScale:1]]
[2019.12.06-21.41.44:346][  0]LogConfig: Setting CVar [[r.Tonemapper.Quality:5]]
[2019.12.06-21.41.44:349][  0]LogConfig: Setting CVar [[r.DOF.Gather.AccumulatorQuality:1        ; higher gathering accumulator quality]]
[2019.12.06-21.41.44:352][  0]LogConfig: Setting CVar [[r.DOF.Gather.PostfilterMethod:1          ; Median3x3 postfilering method]]
[2019.12.06-21.41.44:355][  0]LogConfig: Setting CVar [[r.DOF.Gather.EnableBokehSettings:0       ; no bokeh simulation when gathering]]
[2019.12.06-21.41.44:355][  0]LogConfig: Setting CVar [[r.DOF.Gather.RingCount:4                 ; medium number of samples when gathering]]
[2019.12.06-21.41.44:356][  0]LogConfig: Setting CVar [[r.DOF.Scatter.ForegroundCompositing:1    ; additive foreground scattering]]
[2019.12.06-21.41.44:356][  0]LogConfig: Setting CVar [[r.DOF.Scatter.BackgroundCompositing:2    ; additive background scattering]]
[2019.12.06-21.41.44:359][  0]LogConfig: Setting CVar [[r.DOF.Scatter.EnableBokehSettings:1      ; bokeh simulation when scattering]]
[2019.12.06-21.41.44:362][  0]LogConfig: Setting CVar [[r.DOF.Scatter.MaxSpriteRatio:0.1         ; only a maximum of 10% of scattered bokeh]]
[2019.12.06-21.41.44:363][  0]LogConfig: Setting CVar [[r.DOF.Recombine.Quality:1                ; cheap slight out of focus]]
[2019.12.06-21.41.44:364][  0]LogConfig: Setting CVar [[r.DOF.Recombine.EnableBokehSettings:0    ; no bokeh simulation on slight out of focus]]
[2019.12.06-21.41.44:364][  0]LogConfig: Setting CVar [[r.DOF.TemporalAAQuality:1                ; more stable temporal accumulation]]
[2019.12.06-21.41.44:365][  0]LogConfig: Setting CVar [[r.DOF.Kernel.MaxForegroundRadius:0.025]]
[2019.12.06-21.41.44:366][  0]LogConfig: Setting CVar [[r.DOF.Kernel.MaxBackgroundRadius:0.025]]
[2019.12.06-21.41.44:367][  0]LogConfig: Applying CVar settings from Section [TextureQuality@3] File [C:/Users/nesac/Desktop/HighLevel/Assignment 3/VRDigiWrangler/Saved/Config/Windows/Scalability.ini]
[2019.12.06-21.41.44:367][  0]LogConfig: Setting CVar [[r.Streaming.MipBias:0]]
[2019.12.06-21.41.44:367][  0]LogConfig: Setting CVar [[r.Streaming.AmortizeCPUToGPUCopy:0]]
[2019.12.06-21.41.44:368][  0]LogConfig: Setting CVar [[r.Streaming.MaxNumTexturesToStreamPerFrame:0]]
[2019.12.06-21.41.44:368][  0]LogConfig: Setting CVar [[r.Streaming.Boost:1]]
[2019.12.06-21.41.44:368][  0]LogConfig: Setting CVar [[r.MaxAnisotropy:8]]
[2019.12.06-21.41.44:368][  0]LogConfig: Setting CVar [[r.Streaming.LimitPoolSizeToVRAM:0]]
[2019.12.06-21.41.44:368][  0]LogConfig: Setting CVar [[r.Streaming.PoolSize:1000]]
[2019.12.06-21.41.44:369][  0]LogConfig: Setting CVar [[r.Streaming.MaxEffectiveScreenSize:0]]
[2019.12.06-21.41.44:369][  0]LogConfig: Applying CVar settings from Section [EffectsQuality@3] File [C:/Users/nesac/Desktop/HighLevel/Assignment 3/VRDigiWrangler/Saved/Config/Windows/Scalability.ini]
[2019.12.06-21.41.44:370][  0]LogConfig: Setting CVar [[r.TranslucencyLightingVolumeDim:64]]
[2019.12.06-21.41.44:370][  0]LogConfig: Setting CVar [[r.RefractionQuality:2]]
[2019.12.06-21.41.44:370][  0]LogConfig: Setting CVar [[r.SSR.Quality:3]]
[2019.12.06-21.41.44:370][  0]LogConfig: Setting CVar [[r.SceneColorFormat:4]]
[2019.12.06-21.41.44:370][  0]LogConfig: Setting CVar [[r.DetailMode:2]]
[2019.12.06-21.41.44:371][  0]LogConfig: Setting CVar [[r.TranslucencyVolumeBlur:1]]
[2019.12.06-21.41.44:371][  0]LogConfig: Setting CVar [[r.MaterialQualityLevel:1 ; High quality]]
[2019.12.06-21.41.44:371][  0]LogConfig: Setting CVar [[r.SSS.Scale:1]]
[2019.12.06-21.41.44:377][  0]LogConfig: Setting CVar [[r.SSS.SampleSet:2]]
[2019.12.06-21.41.44:378][  0]LogConfig: Setting CVar [[r.SSS.Quality:1]]
[2019.12.06-21.41.44:395][  0]LogConfig: Setting CVar [[r.SSS.HalfRes:1]]
[2019.12.06-21.41.44:396][  0]LogConfig: Setting CVar [[r.EmitterSpawnRateScale:1.0]]
[2019.12.06-21.41.44:403][  0]LogConfig: Setting CVar [[r.ParticleLightQuality:2]]
[2019.12.06-21.41.44:404][  0]LogConfig: Applying CVar settings from Section [FoliageQuality@3] File [C:/Users/nesac/Desktop/HighLevel/Assignment 3/VRDigiWrangler/Saved/Config/Windows/Scalability.ini]
[2019.12.06-21.41.44:404][  0]LogConfig: Setting CVar [[foliage.DensityScale:1.0]]
[2019.12.06-21.41.44:405][  0]LogConfig: Setting CVar [[grass.DensityScale:1.0]]
[2019.12.06-21.41.44:405][  0]LogConfig: Applying CVar settings from Section [Startup] File [../../../Engine/Config/ConsoleVariables.ini]
[2019.12.06-21.41.44:406][  0]LogConfig: Setting CVar [[net.UseAdaptiveNetUpdateFrequency:0]]
[2019.12.06-21.41.44:406][  0]LogConfig: Setting CVar [[p.chaos.AllowCreatePhysxBodies:1]]
[2019.12.06-21.41.44:410][  0]LogConfig: Applying CVar settings from Section [ConsoleVariables] File [C:/Users/nesac/Desktop/HighLevel/Assignment 3/VRDigiWrangler/Saved/Config/Windows/Engine.ini]
[2019.12.06-21.41.44:412][  0]LogInit: Computer: DESKTOP-OF6PSF5
[2019.12.06-21.41.44:413][  0]LogInit: User: ness
[2019.12.06-21.41.44:415][  0]LogInit: CPU Page size=4096, Cores=6
[2019.12.06-21.41.44:415][  0]LogInit: High frequency timer resolution =10.000000 MHz
[2019.12.06-21.41.44:420][  0]LogMemory: Memory total: Physical=15.8GB (16GB approx)
[2019.12.06-21.41.44:422][  0]LogMemory: Platform Memory Stats for Windows
[2019.12.06-21.41.44:423][  0]LogMemory: Process Physical Memory: 97.45 MB used, 97.45 MB peak
[2019.12.06-21.41.44:424][  0]LogMemory: Process Virtual Memory: 89.88 MB used, 89.88 MB peak
[2019.12.06-21.41.44:424][  0]LogMemory: Physical Memory: 9038.72 MB used,  7185.93 MB free, 16224.65 MB total
[2019.12.06-21.41.44:425][  0]LogMemory: Virtual Memory: 4674.66 MB used,  134213056.00 MB free, 134217728.00 MB total
[2019.12.06-21.41.45:030][  0]LogInit: Using OS detected language (en-US).
[2019.12.06-21.41.45:030][  0]LogInit: Using OS detected locale (en-CA).
[2019.12.06-21.41.45:032][  0]LogTextLocalizationManager: No specific localization for 'en-US' exists, so the 'en' localization will be used.
[2019.12.06-21.41.45:381][  0]LogInit: Setting process to per monitor DPI aware
[2019.12.06-21.41.45:430][  0]LogSlate: New Slate User Created.  User Index 0, Is Virtual User: 0
[2019.12.06-21.41.45:431][  0]LogSlate: Slate User Registered.  User Index 0, Is Virtual User: 0
[2019.12.06-21.41.45:841][  0]LogHMD: Failed to initialize OpenVR with code 110
[2019.12.06-21.41.45:841][  0]LogD3D11RHI: D3D11 adapters:
[2019.12.06-21.41.47:297][  0]LogD3D11RHI:    0. 'NVIDIA GeForce GTX 1650' (Feature Level 11_0)
[2019.12.06-21.41.47:297][  0]LogD3D11RHI:       3962/0/8112 MB DedicatedVideo/DedicatedSystem/SharedSystem, Outputs:1, VendorId:0x10de
[2019.12.06-21.41.47:352][  0]LogD3D11RHI:    1. 'Intel(R) UHD Graphics 630' (Feature Level 11_0)
[2019.12.06-21.41.47:352][  0]LogD3D11RHI:       128/0/8112 MB DedicatedVideo/DedicatedSystem/SharedSystem, Outputs:0, VendorId:0x8086
[2019.12.06-21.41.47:364][  0]LogD3D11RHI:    2. 'Microsoft Basic Render Driver' (Feature Level 11_0)
[2019.12.06-21.41.47:364][  0]LogD3D11RHI:       0/0/8112 MB DedicatedVideo/DedicatedSystem/SharedSystem, Outputs:0, VendorId:0x1414
[2019.12.06-21.41.47:364][  0]LogD3D11RHI: Chosen D3D11 Adapter: 0
[2019.12.06-21.41.47:447][  0]LogD3D11RHI: Creating new Direct3DDevice
[2019.12.06-21.41.47:448][  0]LogD3D11RHI:     GPU DeviceId: 0x1f91 (for the marketing name, search the web for "GPU Device Id")
[2019.12.06-21.41.47:448][  0]LogWindows: EnumDisplayDevices:
[2019.12.06-21.41.47:448][  0]LogWindows:    0. 'Intel(R) UHD Graphics 630' (P:1 D:1)
[2019.12.06-21.41.47:449][  0]LogWindows:    1. 'Intel(R) UHD Graphics 630' (P:0 D:0)
[2019.12.06-21.41.47:450][  0]LogWindows:    2. 'Intel(R) UHD Graphics 630' (P:0 D:0)
[2019.12.06-21.41.47:450][  0]LogWindows:    3. 'NVIDIA GeForce GTX 1650' (P:0 D:0)
[2019.12.06-21.41.47:451][  0]LogWindows: DebugString: PrimaryIsNotTheChoosenAdapter PrimaryIsNotTheChoosenAdapter PrimaryIsNotTheChoosenAdapter 
[2019.12.06-21.41.47:451][  0]LogD3D11RHI:     Adapter Name: NVIDIA GeForce GTX 1650
[2019.12.06-21.41.47:451][  0]LogD3D11RHI:   Driver Version: 419.71 (internal:25.21.14.1971, unified:419.71)
[2019.12.06-21.41.47:451][  0]LogD3D11RHI:      Driver Date: 3-18-2019
[2019.12.06-21.41.47:451][  0]LogRHI: Texture pool is 2773 MB (70% of 3962 MB)
[2019.12.06-21.41.47:568][  0]LogD3D11RHI: Async texture creation enabled
[2019.12.06-21.41.47:579][  0]LogRendererCore: FGlobalReadBuffer::InitRHI
[2019.12.06-21.41.47:581][  0]LogRendererCore: FGlobalReadBuffer::InitRHI
[2019.12.06-21.41.47:581][  0]LogRendererCore: FGlobalReadBuffer::InitRHI
[2019.12.06-21.41.47:596][  0]LogD3D11RHI: GPU Timing Frequency: 1000.000000 (Debug: 2 2)
[2019.12.06-21.41.48:154][  0]LogTemp: Display: Module 'AllDesktopTargetPlatform' loaded TargetPlatform 'AllDesktop'
[2019.12.06-21.41.48:177][  0]LogTemp: Display: Module 'MacClientTargetPlatform' loaded TargetPlatform 'MacClient'
[2019.12.06-21.41.48:203][  0]LogTemp: Display: Module 'MacNoEditorTargetPlatform' loaded TargetPlatform 'MacNoEditor'
[2019.12.06-21.41.48:229][  0]LogTemp: Display: Module 'MacServerTargetPlatform' loaded TargetPlatform 'MacServer'
[2019.12.06-21.41.48:253][  0]LogTemp: Display: Module 'MacTargetPlatform' loaded TargetPlatform 'Mac'
[2019.12.06-21.41.48:281][  0]LogTemp: Display: Module 'WindowsClientTargetPlatform' loaded TargetPlatform 'WindowsClient'
[2019.12.06-21.41.48:304][  0]LogTemp: Display: Module 'WindowsNoEditorTargetPlatform' loaded TargetPlatform 'WindowsNoEditor'
[2019.12.06-21.41.48:326][  0]LogTemp: Display: Module 'WindowsServerTargetPlatform' loaded TargetPlatform 'WindowsServer'
[2019.12.06-21.41.48:343][  0]LogTemp: Display: Module 'WindowsTargetPlatform' loaded TargetPlatform 'Windows'
[2019.12.06-21.41.48:478][  0]LogTemp: Display: Module 'AndroidTargetPlatform' loaded TargetPlatform 'Android'
[2019.12.06-21.41.48:478][  0]LogTemp: Display: Module 'AndroidTargetPlatform' loaded TargetPlatform 'Android_ASTC'
[2019.12.06-21.41.48:478][  0]LogTemp: Display: Module 'AndroidTargetPlatform' loaded TargetPlatform 'Android_ATC'
[2019.12.06-21.41.48:479][  0]LogTemp: Display: Module 'AndroidTargetPlatform' loaded TargetPlatform 'Android_DXT'
[2019.12.06-21.41.48:479][  0]LogTemp: Display: Module 'AndroidTargetPlatform' loaded TargetPlatform 'Android_ETC1'
[2019.12.06-21.41.48:479][  0]LogTemp: Display: Module 'AndroidTargetPlatform' loaded TargetPlatform 'Android_ETC1a'
[2019.12.06-21.41.48:479][  0]LogTemp: Display: Module 'AndroidTargetPlatform' loaded TargetPlatform 'Android_ETC2'
[2019.12.06-21.41.48:479][  0]LogTemp: Display: Module 'AndroidTargetPlatform' loaded TargetPlatform 'Android_PVRTC'
[2019.12.06-21.41.48:479][  0]LogTemp: Display: Module 'AndroidTargetPlatform' loaded TargetPlatform 'AndroidClient'
[2019.12.06-21.41.48:479][  0]LogTemp: Display: Module 'AndroidTargetPlatform' loaded TargetPlatform 'Android_ASTCClient'
[2019.12.06-21.41.48:479][  0]LogTemp: Display: Module 'AndroidTargetPlatform' loaded TargetPlatform 'Android_ATCClient'
[2019.12.06-21.41.48:480][  0]LogTemp: Display: Module 'AndroidTargetPlatform' loaded TargetPlatform 'Android_DXTClient'
[2019.12.06-21.41.48:480][  0]LogTemp: Display: Module 'AndroidTargetPlatform' loaded TargetPlatform 'Android_ETC1Client'
[2019.12.06-21.41.48:480][  0]LogTemp: Display: Module 'AndroidTargetPlatform' loaded TargetPlatform 'Android_ETC1aClient'
[2019.12.06-21.41.48:480][  0]LogTemp: Display: Module 'AndroidTargetPlatform' loaded TargetPlatform 'Android_ETC2Client'
[2019.12.06-21.41.48:480][  0]LogTemp: Display: Module 'AndroidTargetPlatform' loaded TargetPlatform 'Android_PVRTCClient'
[2019.12.06-21.41.48:480][  0]LogTemp: Display: Module 'AndroidTargetPlatform' loaded TargetPlatform 'Android_Multi'
[2019.12.06-21.41.48:480][  0]LogTemp: Display: Module 'AndroidTargetPlatform' loaded TargetPlatform 'Android_MultiClient'
[2019.12.06-21.41.48:485][  0]LogTemp: Display: Module 'HTML5TargetPlatform' loaded TargetPlatform 'HTML5'
[2019.12.06-21.41.48:561][  0]LogTemp: Display: Module 'IOSTargetPlatform' loaded TargetPlatform 'IOSClient'
[2019.12.06-21.41.48:561][  0]LogTemp: Display: Module 'IOSTargetPlatform' loaded TargetPlatform 'IOS'
[2019.12.06-21.41.48:606][  0]LogTemp: Display: Module 'TVOSTargetPlatform' loaded TargetPlatform 'TVOSClient'
[2019.12.06-21.41.48:606][  0]LogTemp: Display: Module 'TVOSTargetPlatform' loaded TargetPlatform 'TVOS'
[2019.12.06-21.41.48:634][  0]LogTemp: Display: Module 'LinuxClientTargetPlatform' loaded TargetPlatform 'LinuxClient'
[2019.12.06-21.41.48:657][  0]LogTemp: Display: Module 'LinuxNoEditorTargetPlatform' loaded TargetPlatform 'LinuxNoEditor'
[2019.12.06-21.41.48:680][  0]LogTemp: Display: Module 'LinuxServerTargetPlatform' loaded TargetPlatform 'LinuxServer'
[2019.12.06-21.41.48:705][  0]LogTemp: Display: Module 'LinuxTargetPlatform' loaded TargetPlatform 'Linux'
[2019.12.06-21.41.48:782][  0]LogTemp: Display: Module 'LuminTargetPlatform' loaded TargetPlatform 'Lumin'
[2019.12.06-21.41.48:782][  0]LogTemp: Display: Module 'LuminTargetPlatform' loaded TargetPlatform 'LuminClient'
[2019.12.06-21.41.48:782][  0]LogTargetPlatformManager: Display: Building Assets For Windows
[2019.12.06-21.41.48:812][  0]LogAudioDebug: Display: Lib vorbis DLL was dynamically loaded.
[2019.12.06-21.41.48:951][  0]LogShaderCompilers: Guid format shader working directory is -29 characters bigger than the processId version (../../../../../../Users/nesac/Desktop/HighLevel/Assignment 3/VRDigiWrangler/Intermediate/Shaders/WorkingDirectory/2196/).
[2019.12.06-21.41.48:951][  0]LogShaderCompilers: Cleaned the shader compiler working directory 'C:/Users/nesac/AppData/Local/Temp/UnrealShaderWorkingDir/D1ADDEC044746AB4EBA5AE81DE4DBC90/'.
[2019.12.06-21.41.48:956][  0]LogXGEController: Cleaning working directory: C:/Users/nesac/AppData/Local/Temp/UnrealXGEWorkingDir/
[2019.12.06-21.41.48:956][  0]LogXGEController: Cannot use XGE Controller as Incredibuild is not installed on this machine.
[2019.12.06-21.41.48:956][  0]LogShaderCompilers: Cannot use XGE Shader Compiler as Incredibuild is not installed on this machine.
[2019.12.06-21.41.48:956][  0]LogShaderCompilers: Display: Using Local Shader Compiler.
[2019.12.06-21.41.49:898][  0]LogDerivedDataCache: Display: Max Cache Size: 512 MB
[2019.12.06-21.41.49:964][  0]LogDerivedDataCache: Loaded boot cache 0.07s 71MB C:/Users/nesac/AppData/Local/UnrealEngine/4.22/DerivedDataCache/Boot.ddc.
[2019.12.06-21.41.49:964][  0]LogDerivedDataCache: Display: Loaded Boot cache: C:/Users/nesac/AppData/Local/UnrealEngine/4.22/DerivedDataCache/Boot.ddc
[2019.12.06-21.41.49:964][  0]LogDerivedDataCache: FDerivedDataBackendGraph:  Pak pak cache file ../../../../../../Users/nesac/Desktop/HighLevel/Assignment 3/VRDigiWrangler/DerivedDataCache/DDC.ddp not found, will not use a pak cache.
[2019.12.06-21.41.49:964][  0]LogDerivedDataCache: Unable to find inner node Pak for hierarchical cache Hierarchy.
[2019.12.06-21.41.49:965][  0]LogDerivedDataCache: FDerivedDataBackendGraph:  CompressedPak pak cache file ../../../../../../Users/nesac/Desktop/HighLevel/Assignment 3/VRDigiWrangler/DerivedDataCache/Compressed.ddp not found, will not use a pak cache.
[2019.12.06-21.41.49:965][  0]LogDerivedDataCache: Unable to find inner node CompressedPak for hierarchical cache Hierarchy.
[2019.12.06-21.41.49:983][  0]LogDerivedDataCache: Display: Pak cache opened for reading ../../../Engine/DerivedDataCache/Compressed.ddp.
[2019.12.06-21.41.49:983][  0]LogDerivedDataCache: FDerivedDataBackendGraph:  EnterprisePak pak cache file ../../../Enterprise/DerivedDataCache/Compressed.ddp not found, will not use a pak cache.
[2019.12.06-21.41.49:983][  0]LogDerivedDataCache: Unable to find inner node EnterprisePak for hierarchical cache Hierarchy.
[2019.12.06-21.41.49:997][  0]LogDerivedDataCache: Using Local data cache path C:/Users/nesac/AppData/Local/UnrealEngine/Common/DerivedDataCache: Writable
[2019.12.06-21.41.49:997][  0]LogDerivedDataCache: Shared data cache path not found in *engine.ini, will not use an Shared cache.
[2019.12.06-21.41.49:997][  0]LogDerivedDataCache: Unable to find inner node Shared for hierarchical cache Hierarchy.
[2019.12.06-21.41.50:036][  0]LogMaterial: Verifying Global Shaders for PCD3D_SM5
[2019.12.06-21.41.50:037][  0]LogSlate: Using FreeType 2.6.0
[2019.12.06-21.41.50:038][  0]LogSlate: SlateFontServices - WITH_FREETYPE: 1, WITH_HARFBUZZ: 1
[2019.12.06-21.41.50:163][  0]LogAssetRegistry: FAssetRegistry took 0.0449 seconds to start up
[2019.12.06-21.41.50:733][  0]LogInit: Selected Device Profile: [Windows]
[2019.12.06-21.41.50:964][  0]LogMeshReduction: Using QuadricMeshReduction for automatic static mesh reduction
[2019.12.06-21.41.50:964][  0]LogMeshReduction: Using SimplygonMeshReduction for automatic skeletal mesh reduction
[2019.12.06-21.41.50:964][  0]LogMeshReduction: Using ProxyLODMeshReduction for automatic mesh merging
[2019.12.06-21.41.50:965][  0]LogMeshReduction: No distributed automatic mesh merging module available
[2019.12.06-21.41.50:965][  0]LogMeshMerging: No distributed automatic mesh merging module available
[2019.12.06-21.41.50:984][  0]LogNetVersion: VRDigiWrangler 1.0.0, NetCL: 5660361, EngineNetVer: 10, GameNetVer: 0 (Checksum: 1591920321)
[2019.12.06-21.41.51:638][  0]LogPackageLocalizationCache: Processed 10 localized package path(s) for 1 prioritized culture(s) in 0.062710 seconds
[2019.12.06-21.41.51:648][  0]LogUObjectArray: 42205 objects as part of root set at end of initial load.
[2019.12.06-21.41.51:648][  0]LogUObjectAllocator: 7325032 out of 0 bytes used by permanent object pool.
[2019.12.06-21.41.51:648][  0]LogUObjectArray: CloseDisregardForGC: 0/0 objects in disregard for GC pool
[2019.12.06-21.41.53:223][  0]LogTcpMessaging: Initializing TcpMessaging bridge
[2019.12.06-21.41.53:246][  0]LogUdpMessaging: Initializing bridge on interface 0.0.0.0:0 to multicast group 230.0.0.1:6666.
[2019.12.06-21.41.53:588][  0]SourceControl: Source control is disabled
[2019.12.06-21.41.53:588][  0]SourceControl: Source control is disabled
[2019.12.06-21.41.53:595][  0]SourceControl: Source control is disabled
[2019.12.06-21.41.53:601][  0]SourceControl: Source control is disabled
[2019.12.06-21.41.53:890][  0]LogAndroidPermission: UAndroidPermissionCallbackProxy::GetInstance
[2019.12.06-21.41.55:255][  0]LogOcInput: OculusInput pre-init called
[2019.12.06-21.41.56:681][  0]LogEngine: Initializing Engine...
[2019.12.06-21.41.56:683][  0]LogHMD: Failed to initialize OpenVR with code 110
[2019.12.06-21.41.56:686][  0]LogStats: UGameplayTagsManager::InitializeManager -  0.000 s
[2019.12.06-21.41.57:141][  0]LogInit: Initializing FReadOnlyCVARCache
[2019.12.06-21.41.57:177][  0]LogAIModule: Creating AISystem for world Untitled
[2019.12.06-21.41.57:289][  0]LogInit: XAudio2 using 'Speakers (Realtek(R) Audio)' : 6 channels at 48 kHz using 32 bits per sample (channel mask 0x3f)
[2019.12.06-21.41.57:843][  0]LogInit: FAudioDevice initialized.
[2019.12.06-21.41.57:844][  0]LogNetVersion: Set ProjectVersion to 1.0.0.0. Version Checksum will be recalculated on next use.
[2019.12.06-21.41.57:936][  0]LogDerivedDataCache: Saved boot cache 0.09s 71MB C:/Users/nesac/AppData/Local/UnrealEngine/4.22/DerivedDataCache/Boot.ddc.
[2019.12.06-21.41.57:960][  0]LogInit: Texture streaming: Enabled
[2019.12.06-21.41.58:022][  0]LogEngineSessionManager: EngineSessionManager initialized
[2019.12.06-21.41.58:022][  0]LogEngineSessionManager: EngineSessionManager sent abnormal shutdown report. Type=Debugger, SessionId={8EA8B706-45D5-FFC6-FEF5-83B98FD3588A}
[2019.12.06-21.41.58:073][  0]LogInit: Transaction tracking system initialized
[2019.12.06-21.41.58:164][  0]BlueprintLog: New page: Editor Load
[2019.12.06-21.41.58:466][  0]LocalizationService: Localization service is disabled
[2019.12.06-21.41.59:139][  0]LogFileCache: Scanning file cache for directory 'C:/Users/nesac/Desktop/HighLevel/Assignment 3/VRDigiWrangler/Content/' took 0.02s
[2019.12.06-21.41.59:140][  0]LogCook: Display: Max memory allowance for cook 16384mb min free memory 0mb
[2019.12.06-21.41.59:140][  0]LogCook: Display: Mobile HDR setting 1
[2019.12.06-21.41.59:686][  0]SourceControl: Source control is disabled
[2019.12.06-21.41.59:686][  0]Cmd: MAP LOAD FILE="../../../../../../Users/nesac/Desktop/HighLevel/Assignment 3/VRDigiWrangler/Content/Level/VRDigiWrangler.umap" TEMPLATE=0 SHOWPROGRESS=1 FEATURELEVEL=3
[2019.12.06-21.41.59:687][  0]LightingResults: New page: Lighting Build
[2019.12.06-21.41.59:695][  0]MapCheck: New page: Map Check
[2019.12.06-21.41.59:695][  0]LightingResults: New page: Lighting Build
[2019.12.06-21.41.59:758][  0]LogUObjectHash: Compacting FUObjectHashTables data took   4.38ms
[2019.12.06-21.42.00:003][  0]LogAIModule: Creating AISystem for world VRDigiWrangler
[2019.12.06-21.42.00:015][  0]LogEditorServer: Finished looking for orphan Actors (0.000 secs)
[2019.12.06-21.42.00:081][  0]LogUObjectHash: Compacting FUObjectHashTables data took   4.66ms
[2019.12.06-21.42.00:081][  0]Cmd: MAP CHECKDEP NOCLEARLOG
[2019.12.06-21.42.00:082][  0]MapCheck: Map check complete: 0 Error(s), 0 Warning(s), took 0.248ms to complete.
[2019.12.06-21.42.00:082][  0]LogFileHelpers: Loading map 'VRDigiWrangler' took 0.396
[2019.12.06-21.42.00:253][  0]LogSlate: Updating window title bar state: overlay mode, drag disabled, window buttons hidden, title bar hidden
[2019.12.06-21.42.00:270][  0]LogSlate: Updating window title bar state: overlay mode, drag disabled, window buttons hidden, title bar hidden
[2019.12.06-21.42.00:290][  0]LogSlate: Updating window title bar state: overlay mode, drag disabled, window buttons hidden, title bar hidden
[2019.12.06-21.42.00:311][  0]LogSlate: Updating window title bar state: overlay mode, drag disabled, window buttons hidden, title bar hidden
[2019.12.06-21.42.00:330][  0]LogCollectionManager: Loaded 0 collections in 0.005514 seconds
[2019.12.06-21.42.00:355][  0]LogFileCache: Scanning file cache for directory 'C:/Users/nesac/Desktop/HighLevel/Assignment 3/VRDigiWrangler/Saved/Collections/' took 0.01s
[2019.12.06-21.42.00:355][  0]LogFileCache: Scanning file cache for directory 'C:/Users/nesac/Desktop/HighLevel/Assignment 3/VRDigiWrangler/Content/Developers/ness/Collections/' took 0.00s
[2019.12.06-21.42.00:356][  0]LogFileCache: Scanning file cache for directory 'C:/Users/nesac/Desktop/HighLevel/Assignment 3/VRDigiWrangler/Content/Collections/' took 0.00s
[2019.12.06-21.42.00:356][  0]LogCollectionManager: Rebuilt the GUID cache for 0 collections in 0.000001 seconds
[2019.12.06-21.42.00:382][  0]LogContentBrowser: Native class hierarchy populated in 0.0256 seconds. Added 2744 classes and 662 folders.
[2019.12.06-21.42.00:401][  0]LogContentBrowser: Native class hierarchy updated for 'WidgetCarousel' in 0.0010 seconds. Added 0 classes and 0 folders.
[2019.12.06-21.42.00:404][  0]LogPakFile: Registered encryption key '00000000000000000000000000000000': 0 pak files mounted, 0 remain pending
[2019.12.06-21.42.00:406][  0]LogPakFile: Registered encryption key '00000000000000000000000000000000': 0 pak files mounted, 0 remain pending
[2019.12.06-21.42.00:407][  0]LogPakFile: Registered encryption key '00000000000000000000000000000000': 0 pak files mounted, 0 remain pending
[2019.12.06-21.42.00:408][  0]LogPakFile: Registered encryption key '00000000000000000000000000000000': 0 pak files mounted, 0 remain pending
[2019.12.06-21.42.00:409][  0]LogPakFile: Registered encryption key '00000000000000000000000000000000': 0 pak files mounted, 0 remain pending
[2019.12.06-21.42.00:411][  0]LogPakFile: Registered encryption key '00000000000000000000000000000000': 0 pak files mounted, 0 remain pending
[2019.12.06-21.42.00:412][  0]LogPakFile: Registered encryption key '00000000000000000000000000000000': 0 pak files mounted, 0 remain pending
[2019.12.06-21.42.00:413][  0]LogPakFile: Registered encryption key '00000000000000000000000000000000': 0 pak files mounted, 0 remain pending
[2019.12.06-21.42.00:414][  0]LogPakFile: Registered encryption key '00000000000000000000000000000000': 0 pak files mounted, 0 remain pending
[2019.12.06-21.42.00:416][  0]LogPakFile: Registered encryption key '00000000000000000000000000000000': 0 pak files mounted, 0 remain pending
[2019.12.06-21.42.00:417][  0]LogPakFile: Registered encryption key '00000000000000000000000000000000': 0 pak files mounted, 0 remain pending
[2019.12.06-21.42.00:418][  0]LogPakFile: Registered encryption key '00000000000000000000000000000000': 0 pak files mounted, 0 remain pending
[2019.12.06-21.42.00:420][  0]LogPakFile: Registered encryption key '00000000000000000000000000000000': 0 pak files mounted, 0 remain pending
[2019.12.06-21.42.00:421][  0]LogPakFile: Registered encryption key '00000000000000000000000000000000': 0 pak files mounted, 0 remain pending
[2019.12.06-21.42.00:422][  0]LogPakFile: Registered encryption key '00000000000000000000000000000000': 0 pak files mounted, 0 remain pending
[2019.12.06-21.42.00:423][  0]LogPakFile: Registered encryption key '00000000000000000000000000000000': 0 pak files mounted, 0 remain pending
[2019.12.06-21.42.00:425][  0]LogPakFile: Registered encryption key '00000000000000000000000000000000': 0 pak files mounted, 0 remain pending
[2019.12.06-21.42.00:426][  0]LogPakFile: Registered encryption key '00000000000000000000000000000000': 0 pak files mounted, 0 remain pending
[2019.12.06-21.42.00:427][  0]LogPakFile: Registered encryption key '00000000000000000000000000000000': 0 pak files mounted, 0 remain pending
[2019.12.06-21.42.00:428][  0]LogPakFile: Registered encryption key '00000000000000000000000000000000': 0 pak files mounted, 0 remain pending
[2019.12.06-21.42.00:430][  0]LogPakFile: Registered encryption key '00000000000000000000000000000000': 0 pak files mounted, 0 remain pending
[2019.12.06-21.42.00:431][  0]LogPakFile: Registered encryption key '00000000000000000000000000000000': 0 pak files mounted, 0 remain pending
[2019.12.06-21.42.00:433][  0]LogPakFile: Registered encryption key '00000000000000000000000000000000': 0 pak files mounted, 0 remain pending
[2019.12.06-21.42.00:434][  0]LogPakFile: Registered encryption key '00000000000000000000000000000000': 0 pak files mounted, 0 remain pending
[2019.12.06-21.42.00:436][  0]LogPakFile: Registered encryption key '00000000000000000000000000000000': 0 pak files mounted, 0 remain pending
[2019.12.06-21.42.00:437][  0]LogPakFile: Registered encryption key '00000000000000000000000000000000': 0 pak files mounted, 0 remain pending
[2019.12.06-21.42.00:512][  0]LogContentBrowser: Native class hierarchy updated for 'AddContentDialog' in 0.0013 seconds. Added 0 classes and 0 folders.
[2019.12.06-21.42.00:537][  0]LogContentBrowser: Native class hierarchy updated for 'SceneOutliner' in 0.0010 seconds. Added 1 classes and 2 folders.
[2019.12.06-21.42.00:573][  0]LogSlate: Took 0.000271 seconds to synchronously load lazily loaded font '../../../Engine/Content/Slate/Fonts/Roboto-Regular.ttf' (155K)
[2019.12.06-21.42.00:578][  0]LogSlate: Took 0.000318 seconds to synchronously load lazily loaded font '../../../Engine/Content/Slate/Fonts/Roboto-Bold.ttf' (160K)
[2019.12.06-21.42.00:593][  0]LogSlate: Took 0.000268 seconds to synchronously load lazily loaded font '../../../Engine/Content/Editor/Slate/Fonts/FontAwesome.ttf' (139K)
[2019.12.06-21.42.00:774][  0]LogRenderer: Reallocating scene render targets to support 964x436 Format 10 NumSamples 1 (Frame:1).
[2019.12.06-21.42.01:110][  0]LogContentBrowser: Native class hierarchy updated for 'HierarchicalLODOutliner' in 0.0010 seconds. Added 0 classes and 0 folders.
[2019.12.06-21.42.01:110][  0]LogLoad: (Engine Initialization) Total time: 21.28 seconds
[2019.12.06-21.42.01:111][  0]LogLoad: (Engine Initialization) Total Blueprint compile time: 0.00 seconds
[2019.12.06-21.42.01:182][  0]LogContentStreaming: Texture pool size now 1000 MB
[2019.12.06-21.42.01:230][  0]LogSlate: Took 0.000278 seconds to synchronously load lazily loaded font '../../../Engine/Content/Slate/Fonts/Roboto-Light.ttf' (167K)
[2019.12.06-21.42.01:299][  1]LogAssetRegistry: Asset discovery search completed in 11.1621 seconds
[2019.12.06-21.42.01:304][  1]LogCollectionManager: Rebuilt the object cache for 0 collections in 0.000001 seconds (found 0 objects)
[2019.12.06-21.42.01:304][  1]LogCollectionManager: Fixed up redirectors for 0 collections in 0.000204 seconds (updated 0 objects)
[2019.12.06-21.42.24:650][ 71]LogSlate: FSceneViewport::OnFocusLost() reason 0
[2019.12.06-21.42.24:741][ 76]LogTemp: Repeating last play command: Selected Viewport
[2019.12.06-21.42.24:769][ 76]LogBlueprintUserMessages: Early PlayInEditor Detection: Level '/Game/Level/VRDigiWrangler.VRDigiWrangler:PersistentLevel' has LevelScriptBlueprint '/Game/Level/VRDigiWrangler.VRDigiWrangler:PersistentLevel.VRDigiWrangler' with GeneratedClass '/Game/Level/VRDigiWrangler.VRDigiWrangler_C' with ClassGeneratedBy '/Game/Level/VRDigiWrangler.VRDigiWrangler:PersistentLevel.VRDigiWrangler'
[2019.12.06-21.42.24:769][ 76]LogPlayLevel: PlayLevel: No blueprints needed recompiling
[2019.12.06-21.42.24:770][ 76]PIE: New page: PIE session: VRDigiWrangler (Dec 6, 2019, 11:42:24 AM)
[2019.12.06-21.42.24:787][ 76]LogPlayLevel: Creating play world package: /Game/Level/UEDPIE_0_VRDigiWrangler
[2019.12.06-21.42.24:793][ 76]LogPlayLevel: PIE: StaticDuplicateObject took: (0.005109s)
[2019.12.06-21.42.24:795][ 76]LogAIModule: Creating AISystem for world VRDigiWrangler
[2019.12.06-21.42.24:795][ 76]LogPlayLevel: PIE: World Init took: (0.002213s)
[2019.12.06-21.42.24:796][ 76]LogPlayLevel: PIE: Created PIE world by copying editor world from /Game/Level/VRDigiWrangler.VRDigiWrangler to /Game/Level/UEDPIE_0_VRDigiWrangler.VRDigiWrangler (0.008605s)
[2019.12.06-21.42.24:839][ 76]LogUObjectHash: Compacting FUObjectHashTables data took   1.40ms
[2019.12.06-21.42.24:848][ 76]LogInit: XAudio2 using 'Speakers (Realtek(R) Audio)' : 6 channels at 48 kHz using 32 bits per sample (channel mask 0x3f)
[2019.12.06-21.42.24:968][ 76]LogInit: FAudioDevice initialized.
[2019.12.06-21.42.25:050][ 76]LogLoad: Game class is 'BP_VRGameModeBase_C'
[2019.12.06-21.42.25:053][ 76]LogWorld: Bringing World /Game/Level/UEDPIE_0_VRDigiWrangler.VRDigiWrangler up for play (max tick rate 0) at 2019.12.06-16.42.25
[2019.12.06-21.42.25:054][ 76]LogWorld: Bringing up level for play took: 0.002176
[2019.12.06-21.42.25:080][ 76]LogContentBrowser: Native class hierarchy updated for 'MovieSceneCapture' in 0.0004 seconds. Added 20 classes and 0 folders.
[2019.12.06-21.42.25:088][ 76]PIE: Play in editor start time for /Game/Level/UEDPIE_0_VRDigiWrangler 1.112
[2019.12.06-21.42.25:088][ 76]LogBlueprintUserMessages: Late PlayInEditor Detection: Level '/Game/Level/VRDigiWrangler.VRDigiWrangler:PersistentLevel' has LevelScriptBlueprint '/Game/Level/VRDigiWrangler.VRDigiWrangler:PersistentLevel.VRDigiWrangler' with GeneratedClass '/Game/Level/VRDigiWrangler.VRDigiWrangler_C' with ClassGeneratedBy '/Game/Level/VRDigiWrangler.VRDigiWrangler:PersistentLevel.VRDigiWrangler'
[2019.12.06-21.42.33:366][ 44]LogBlueprintUserMessages: Early EndPlayMap Detection: Level '/Game/Level/VRDigiWrangler.VRDigiWrangler:PersistentLevel' has LevelScriptBlueprint '/Game/Level/VRDigiWrangler.VRDigiWrangler:PersistentLevel.VRDigiWrangler' with GeneratedClass '/Game/Level/VRDigiWrangler.VRDigiWrangler_C' with ClassGeneratedBy '/Game/Level/VRDigiWrangler.VRDigiWrangler:PersistentLevel.VRDigiWrangler'
[2019.12.06-21.42.33:366][ 44]LogSlate: Updating window title bar state: overlay mode, drag disabled, window buttons hidden, title bar hidden
[2019.12.06-21.42.33:401][ 44]LogPlayLevel: Display: Shutting down PIE online subsystems
[2019.12.06-21.42.33:402][ 44]LogBlueprintUserMessages: Late EndPlayMap Detection: Level '/Game/Level/VRDigiWrangler.VRDigiWrangler:PersistentLevel' has LevelScriptBlueprint '/Game/Level/VRDigiWrangler.VRDigiWrangler:PersistentLevel.VRDigiWrangler' with GeneratedClass '/Game/Level/VRDigiWrangler.VRDigiWrangler_C' with ClassGeneratedBy '/Game/Level/VRDigiWrangler.VRDigiWrangler:PersistentLevel.VRDigiWrangler'
[2019.12.06-21.42.33:443][ 44]LogSlate: Updating window title bar state: overlay mode, drag disabled, window buttons hidden, title bar hidden
[2019.12.06-21.42.33:450][ 44]LogUObjectHash: Compacting FUObjectHashTables data took   2.38ms
[2019.12.06-21.42.33:463][ 45]LogPlayLevel: Display: Destroying online subsystem :Context_1
