Log file open, 12/07/19 18:44:13
LogWindows: Failed to load 'aqProf.dll' (GetLastError=126)
LogWindows: File 'aqProf.dll' does not exist
LogWindows: Failed to load 'VtuneApi.dll' (GetLastError=126)
LogWindows: File 'VtuneApi.dll' does not exist
LogWindows: Failed to load 'VtuneApi32e.dll' (GetLastError=126)
LogWindows: File 'VtuneApi32e.dll' does not exist
LogConsoleResponse: Display: Failed to find resolution value strings in scalability ini. Falling back to default.
LogInit: Display: Running engine for game: VRDigiWrangler
LogPakFile: Registered encryption key '00000000000000000000000000000000': 0 pak files mounted, 0 remain pending
LogPlatformFile: Not using cached read wrapper
LogTaskGraph: Started task graph with 5 named threads and 23 total threads with 3 sets of task threads.
LogStats: Stats thread started at 0.324181
LogD3D11RHI: Loaded GFSDK_Aftermath_Lib.x64.dll
LogICUInternationalization: ICU TimeZone Detection - Raw Offset: -5:00, Platform Override: ''
LogPluginManager: Mounting plugin Paper2D
LogPluginManager: Mounting plugin AISupport
LogPluginManager: Mounting plugin LightPropagationVolume
LogPluginManager: Mounting plugin ActorLayerUtilities
LogPluginManager: Mounting plugin AnimationSharing
LogPluginManager: Mounting plugin CLionSourceCodeAccess
LogPluginManager: Mounting plugin CodeLiteSourceCodeAccess
LogPluginManager: Mounting plugin GitSourceControl
LogPluginManager: Mounting plugin KDevelopSourceCodeAccess
LogPluginManager: Mounting plugin NullSourceCodeAccess
LogPluginManager: Mounting plugin PerforceSourceControl
LogPluginManager: Mounting plugin SubversionSourceControl
LogPluginManager: Mounting plugin UObjectPlugin
LogPluginManager: Mounting plugin VisualStudioCodeSourceCodeAccess
LogPluginManager: Mounting plugin VisualStudioSourceCodeAccess
LogPluginManager: Mounting plugin XCodeSourceCodeAccess
LogPluginManager: Mounting plugin AssetManagerEditor
LogPluginManager: Mounting plugin CryptoKeys
LogPluginManager: Mounting plugin DataValidation
LogPluginManager: Mounting plugin FacialAnimation
LogPluginManager: Mounting plugin GameplayTagsEditor
LogPluginManager: Mounting plugin MacGraphicsSwitching
LogPluginManager: Mounting plugin MaterialAnalyzer
LogPluginManager: Mounting plugin MobileLauncherProfileWizard
LogPluginManager: Mounting plugin PluginBrowser
LogPluginManager: Mounting plugin SpeedTreeImporter
LogPluginManager: Mounting plugin DatasmithContent
LogPluginManager: Mounting plugin VariantManagerContent
LogPluginManager: Mounting plugin AlembicImporter
LogPluginManager: Mounting plugin AppleImageUtils
LogPluginManager: Mounting plugin AppleVision
LogPluginManager: Mounting plugin BackChannel
LogPluginManager: Mounting plugin CharacterAI
LogPluginManager: Mounting plugin GeometryCache
LogPluginManager: Mounting plugin HTML5Networking
LogPluginManager: Mounting plugin ProxyLODPlugin
LogPluginManager: Mounting plugin SkeletalReduction
LogPluginManager: Mounting plugin MagicLeap
LogPluginManager: Mounting plugin MagicLeapMedia
LogPluginManager: Mounting plugin AndroidMedia
LogPluginManager: Mounting plugin AvfMedia
LogPluginManager: Mounting plugin ImgMedia
LogPluginManager: Mounting plugin LinearTimecode
LogPluginManager: Mounting plugin MediaCompositing
LogPluginManager: Mounting plugin MediaPlayerEditor
LogPluginManager: Mounting plugin WebMMedia
LogPluginManager: Mounting plugin WmfMedia
LogPluginManager: Mounting plugin TcpMessaging
LogPluginManager: Mounting plugin UdpMessaging
LogPluginManager: Mounting plugin ActorSequence
LogPluginManager: Mounting plugin LevelSequenceEditor
LogPluginManager: Mounting plugin MatineeToLevelSequence
LogPluginManager: Mounting plugin NetcodeUnitTest
LogPluginManager: Mounting plugin NUTUnrealEngine4
LogPluginManager: Mounting plugin OnlineSubsystemGooglePlay
LogPluginManager: Mounting plugin OnlineSubsystemIOS
LogPluginManager: Mounting plugin OnlineSubsystem
LogPluginManager: Mounting plugin OnlineSubsystemNull
LogPluginManager: Mounting plugin OnlineSubsystemUtils
LogPluginManager: Mounting plugin LauncherChunkInstaller
LogPluginManager: Mounting plugin AndroidDeviceProfileSelector
LogPluginManager: Mounting plugin AndroidMoviePlayer
LogPluginManager: Mounting plugin AndroidPermission
LogPluginManager: Mounting plugin AppleMoviePlayer
LogPluginManager: Mounting plugin ArchVisCharacter
LogPluginManager: Mounting plugin AudioCapture
LogPluginManager: Mounting plugin CableComponent
LogPluginManager: Mounting plugin CustomMeshComponent
LogPluginManager: Mounting plugin EditableMesh
LogPluginManager: Mounting plugin ExampleDeviceProfileSelector
LogPluginManager: Mounting plugin Firebase
LogPluginManager: Mounting plugin GoogleCloudMessaging
LogPluginManager: Mounting plugin IOSDeviceProfileSelector
LogPluginManager: Mounting plugin LinuxDeviceProfileSelector
LogPluginManager: Mounting plugin LocationServicesBPLibrary
LogPluginManager: Mounting plugin MobilePatchingUtils
LogPluginManager: Mounting plugin OculusVR
LogPluginManager: Mounting plugin PhysXVehicles
LogPluginManager: Mounting plugin ProceduralMeshComponent
LogPluginManager: Mounting plugin RuntimePhysXCooking
LogPluginManager: Mounting plugin SignificanceManager
LogPluginManager: Mounting plugin SteamVR
LogPluginManager: Mounting plugin WebMMoviePlayer
LogPluginManager: Mounting plugin WindowsMoviePlayer
LogInit: Using libcurl 7.55.1-DEV
LogInit:  - built for x86_64-pc-win32
LogInit:  - supports SSL with OpenSSL/1.1.1
LogInit:  - supports HTTP deflate (compression) using libz 1.2.8
LogInit:  - other features:
LogInit:      CURL_VERSION_SSL
LogInit:      CURL_VERSION_LIBZ
LogInit:      CURL_VERSION_IPV6
LogInit:      CURL_VERSION_ASYNCHDNS
LogInit:      CURL_VERSION_LARGEFILE
LogInit:      CURL_VERSION_IDN
LogInit:  CurlRequestOptions (configurable via config and command line):
LogInit:  - bVerifyPeer = true  - Libcurl will verify peer certificate
LogInit:  - bUseHttpProxy = false  - Libcurl will NOT use HTTP proxy
LogInit:  - bDontReuseConnections = false  - Libcurl will reuse connections
LogInit:  - MaxHostConnections = 16  - Libcurl will limit the number of connections to a host
LogInit:  - LocalHostAddr = Default
LogInit:  - BufferSize = 65536
LogInit: WinSock: version 1.1 (2.2), MaxSocks=32767, MaxUdp=65467
LogInit: Build: ++UE4+Release-4.22-CL-7053642
LogInit: Engine Version: 4.22.3-7053642+++UE4+Release-4.22
LogInit: Compatible Engine Version: 4.22.0-5660361+++UE4+Release-4.22
LogInit: Net CL: 5660361
LogInit: OS: Windows 10 (Release 1809) (), CPU: Intel(R) Core(TM) i7-7700K CPU @ 4.20GHz, GPU: NVIDIA GeForce GTX 1080
LogInit: Compiled (64-bit): Jun 18 2019 03:09:11
LogInit: Compiled with Visual C++: 19.16.27025.01
LogInit: Build Configuration: Development
LogInit: Branch Name: ++UE4+Release-4.22
LogInit: Command Line:  -skipcompile
LogInit: Base Directory: C:/Program Files/Epic Games/UE_4.22/Engine/Binaries/Win64/
LogInit: Installed Engine Build: 1
LogDevObjectVersion: Number of dev versions registered: 23
LogDevObjectVersion:   Dev-Blueprints (B0D832E4-1F89-4F0D-ACCF-7EB736FD4AA2): 10
LogDevObjectVersion:   Dev-Build (E1C64328-A22C-4D53-A36C-8E866417BD8C): 0
LogDevObjectVersion:   Dev-Core (375EC13C-06E4-48FB-B500-84F0262A717E): 3
LogDevObjectVersion:   Dev-Editor (E4B068ED-F494-42E9-A231-DA0B2E46BB41): 30
LogDevObjectVersion:   Dev-Framework (CFFC743F-43B0-4480-9391-14DF171D2073): 35
LogDevObjectVersion:   Dev-Mobile (B02B49B5-BB20-44E9-A304-32B752E40360): 2
LogDevObjectVersion:   Dev-Networking (A4E4105C-59A1-49B5-A7C5-40C4547EDFEE): 0
LogDevObjectVersion:   Dev-Online (39C831C9-5AE6-47DC-9A44-9C173E1C8E7C): 0
LogDevObjectVersion:   Dev-Physics (78F01B33-EBEA-4F98-B9B4-84EACCB95AA2): 0
LogDevObjectVersion:   Dev-Platform (6631380F-2D4D-43E0-8009-CF276956A95A): 0
LogDevObjectVersion:   Dev-Rendering (12F88B9F-8875-4AFC-A67C-D90C383ABD29): 28
LogDevObjectVersion:   Dev-Sequencer (7B5AE74C-D270-4C10-A958-57980B212A5A): 11
LogDevObjectVersion:   Dev-VR (D7296918-1DD6-4BDD-9DE2-64A83CC13884): 2
LogDevObjectVersion:   Dev-LoadTimes (C2A15278-BFE7-4AFE-6C17-90FF531DF755): 1
LogDevObjectVersion:   Private-Geometry (6EACA3D4-40EC-4CC1-B786-8BED09428FC5): 3
LogDevObjectVersion:   Dev-AnimPhys (29E575DD-E0A3-4627-9D10-D276232CDCEA): 17
LogDevObjectVersion:   Dev-Anim (AF43A65D-7FD3-4947-9873-3E8ED9C1BB05): 2
LogDevObjectVersion:   Dev-ReflectionCapture (6B266CEC-1EC7-4B8F-A30B-E4D90942FC07): 1
LogDevObjectVersion:   Dev-Automation (0DF73D61-A23F-47EA-B727-89E90C41499A): 1
LogDevObjectVersion:   FortniteMain (601D1886-AC64-4F84-AA16-D3DE0DEAC7D6): 25
LogDevObjectVersion:   Dev-Enterprise (9DFFBCD6-494F-0158-E221-12823C92A888): 6
LogDevObjectVersion:   Dev-Niagara (F2AED0AC-9AFE-416F-8664-AA7FFA26D6FC): 1
LogDevObjectVersion:   Dev-Destruction (174F1F0B-B4C6-45A5-B13F-2EE8D0FB917D): 2
LogInit: Presizing for max 16777216 objects, including 0 objects not considered by GC, pre-allocating 0 bytes for permanent pool.
LogInit: Object subsystem initialized
LogConfig: Setting CVar [[con.DebugEarlyDefault:1]]
LogConfig: Setting CVar [[r.setres:1280x720]]
[2019.12.07-23.44.14:218][  0]LogConfig: Setting CVar [[r.VSync:0]]
[2019.12.07-23.44.14:218][  0]LogConfig: Setting CVar [[r.RHICmdBypass:0]]
[2019.12.07-23.44.14:218][  0]LogConfig: Applying CVar settings from Section [/Script/Engine.RendererSettings] File [C:/Users/rako0016/Desktop/HighLevel/Assignment 3/VRDigiWrangler/Saved/Config/Windows/Engine.ini]
[2019.12.07-23.44.14:218][  0]LogConfig: Setting CVar [[r.GPUCrashDebugging:0]]
[2019.12.07-23.44.14:219][  0]LogConfig: Setting CVar [[r.DefaultFeature.AutoExposure.ExtendDefaultLuminanceRange:1]]
[2019.12.07-23.44.14:219][  0]LogConfig: Applying CVar settings from Section [/Script/Engine.RendererOverrideSettings] File [C:/Users/rako0016/Desktop/HighLevel/Assignment 3/VRDigiWrangler/Saved/Config/Windows/Engine.ini]
[2019.12.07-23.44.14:219][  0]LogConfig: Applying CVar settings from Section [/Script/Engine.StreamingSettings] File [C:/Users/rako0016/Desktop/HighLevel/Assignment 3/VRDigiWrangler/Saved/Config/Windows/Engine.ini]
[2019.12.07-23.44.14:219][  0]LogConfig: Setting CVar [[s.MinBulkDataSizeForAsyncLoading:131072]]
[2019.12.07-23.44.14:219][  0]LogConfig: Setting CVar [[s.AsyncLoadingThreadEnabled:0]]
[2019.12.07-23.44.14:220][  0]LogConfig: Setting CVar [[s.EventDrivenLoaderEnabled:1]]
[2019.12.07-23.44.14:220][  0]LogConfig: Setting CVar [[s.WarnIfTimeLimitExceeded:0]]
[2019.12.07-23.44.14:220][  0]LogConfig: Setting CVar [[s.TimeLimitExceededMultiplier:1.5]]
[2019.12.07-23.44.14:220][  0]LogConfig: Setting CVar [[s.TimeLimitExceededMinTime:0.005]]
[2019.12.07-23.44.14:220][  0]LogConfig: Setting CVar [[s.UseBackgroundLevelStreaming:1]]
[2019.12.07-23.44.14:220][  0]LogConfig: Setting CVar [[s.PriorityAsyncLoadingExtraTime:15.0]]
[2019.12.07-23.44.14:220][  0]LogConfig: Setting CVar [[s.LevelStreamingActorsUpdateTimeLimit:5.0]]
[2019.12.07-23.44.14:220][  0]LogConfig: Setting CVar [[s.PriorityLevelStreamingActorsUpdateExtraTime:5.0]]
[2019.12.07-23.44.14:220][  0]LogConfig: Setting CVar [[s.LevelStreamingComponentsRegistrationGranularity:10]]
[2019.12.07-23.44.14:220][  0]LogConfig: Setting CVar [[s.UnregisterComponentsTimeLimit:1.0]]
[2019.12.07-23.44.14:220][  0]LogConfig: Setting CVar [[s.LevelStreamingComponentsUnregistrationGranularity:5]]
[2019.12.07-23.44.14:220][  0]LogConfig: Applying CVar settings from Section [/Script/Engine.GarbageCollectionSettings] File [C:/Users/rako0016/Desktop/HighLevel/Assignment 3/VRDigiWrangler/Saved/Config/Windows/Engine.ini]
[2019.12.07-23.44.14:220][  0]LogConfig: Setting CVar [[gc.MaxObjectsNotConsideredByGC:1]]
[2019.12.07-23.44.14:220][  0]LogConfig: Setting CVar [[gc.SizeOfPermanentObjectPool:0]]
[2019.12.07-23.44.14:220][  0]LogConfig: Setting CVar [[gc.FlushStreamingOnGC:0]]
[2019.12.07-23.44.14:220][  0]LogConfig: Setting CVar [[gc.NumRetriesBeforeForcingGC:10]]
[2019.12.07-23.44.14:220][  0]LogConfig: Setting CVar [[gc.AllowParallelGC:1]]
[2019.12.07-23.44.14:220][  0]LogConfig: Setting CVar [[gc.TimeBetweenPurgingPendingKillObjects:61.1]]
[2019.12.07-23.44.14:220][  0]LogConfig: Setting CVar [[gc.MaxObjectsInEditor:16777216]]
[2019.12.07-23.44.14:220][  0]LogConfig: Setting CVar [[gc.IncrementalBeginDestroyEnabled:1]]
[2019.12.07-23.44.14:220][  0]LogConfig: Setting CVar [[gc.CreateGCClusters:1]]
[2019.12.07-23.44.14:220][  0]LogConfig: Setting CVar [[gc.MinGCClusterSize:5]]
[2019.12.07-23.44.14:220][  0]LogConfig: Setting CVar [[gc.ActorClusteringEnabled:0]]
[2019.12.07-23.44.14:220][  0]LogConfig: Setting CVar [[gc.BlueprintClusteringEnabled:0]]
[2019.12.07-23.44.14:220][  0]LogConfig: Setting CVar [[gc.UseDisregardForGCOnDedicatedServers:0]]
[2019.12.07-23.44.14:220][  0]LogConfig: Applying CVar settings from Section [/Script/Engine.NetworkSettings] File [C:/Users/rako0016/Desktop/HighLevel/Assignment 3/VRDigiWrangler/Saved/Config/Windows/Engine.ini]
[2019.12.07-23.44.14:220][  0]LogConfig: Applying CVar settings from Section [/Script/UnrealEd.CookerSettings] File [C:/Users/rako0016/Desktop/HighLevel/Assignment 3/VRDigiWrangler/Saved/Config/Windows/Engine.ini]
[2019.12.07-23.44.14:220][  0]LogConfig: Applying CVar settings from Section [ViewDistanceQuality@3] File [C:/Users/rako0016/Desktop/HighLevel/Assignment 3/VRDigiWrangler/Saved/Config/Windows/Scalability.ini]
[2019.12.07-23.44.14:220][  0]LogConfig: Setting CVar [[r.SkeletalMeshLODBias:0]]
[2019.12.07-23.44.14:220][  0]LogConfig: Setting CVar [[r.ViewDistanceScale:1.0]]
[2019.12.07-23.44.14:220][  0]LogConfig: Applying CVar settings from Section [AntiAliasingQuality@3] File [C:/Users/rako0016/Desktop/HighLevel/Assignment 3/VRDigiWrangler/Saved/Config/Windows/Scalability.ini]
[2019.12.07-23.44.14:220][  0]LogConfig: Setting CVar [[r.PostProcessAAQuality:4]]
[2019.12.07-23.44.14:220][  0]LogConfig: Applying CVar settings from Section [ShadowQuality@3] File [C:/Users/rako0016/Desktop/HighLevel/Assignment 3/VRDigiWrangler/Saved/Config/Windows/Scalability.ini]
[2019.12.07-23.44.14:220][  0]LogConfig: Setting CVar [[r.LightFunctionQuality:1]]
[2019.12.07-23.44.14:220][  0]LogConfig: Setting CVar [[r.ShadowQuality:5]]
[2019.12.07-23.44.14:220][  0]LogConfig: Setting CVar [[r.Shadow.CSM.MaxCascades:10]]
[2019.12.07-23.44.14:220][  0]LogConfig: Setting CVar [[r.Shadow.MaxResolution:2048]]
[2019.12.07-23.44.14:220][  0]LogConfig: Setting CVar [[r.Shadow.MaxCSMResolution:2048]]
[2019.12.07-23.44.14:220][  0]LogConfig: Setting CVar [[r.Shadow.RadiusThreshold:0.01]]
[2019.12.07-23.44.14:220][  0]LogConfig: Setting CVar [[r.Shadow.DistanceScale:1.0]]
[2019.12.07-23.44.14:220][  0]LogConfig: Setting CVar [[r.Shadow.CSM.TransitionScale:1.0]]
[2019.12.07-23.44.14:220][  0]LogConfig: Setting CVar [[r.Shadow.PreShadowResolutionFactor:1.0]]
[2019.12.07-23.44.14:220][  0]LogConfig: Setting CVar [[r.DistanceFieldShadowing:1]]
[2019.12.07-23.44.14:220][  0]LogConfig: Setting CVar [[r.DistanceFieldAO:1]]
[2019.12.07-23.44.14:220][  0]LogConfig: Setting CVar [[r.AOQuality:2]]
[2019.12.07-23.44.14:220][  0]LogConfig: Setting CVar [[r.VolumetricFog:1]]
[2019.12.07-23.44.14:220][  0]LogConfig: Setting CVar [[r.VolumetricFog.GridPixelSize:8]]
[2019.12.07-23.44.14:220][  0]LogConfig: Setting CVar [[r.VolumetricFog.GridSizeZ:128]]
[2019.12.07-23.44.14:220][  0]LogConfig: Setting CVar [[r.VolumetricFog.HistoryMissSupersampleCount:4]]
[2019.12.07-23.44.14:220][  0]LogConfig: Setting CVar [[r.LightMaxDrawDistanceScale:1]]
[2019.12.07-23.44.14:220][  0]LogConfig: Setting CVar [[r.CapsuleShadows:1]]
[2019.12.07-23.44.14:220][  0]LogConfig: Applying CVar settings from Section [PostProcessQuality@3] File [C:/Users/rako0016/Desktop/HighLevel/Assignment 3/VRDigiWrangler/Saved/Config/Windows/Scalability.ini]
[2019.12.07-23.44.14:220][  0]LogConfig: Setting CVar [[r.MotionBlurQuality:4]]
[2019.12.07-23.44.14:220][  0]LogConfig: Setting CVar [[r.AmbientOcclusionMipLevelFactor:0.4]]
[2019.12.07-23.44.14:220][  0]LogConfig: Setting CVar [[r.AmbientOcclusionMaxQuality:100]]
[2019.12.07-23.44.14:220][  0]LogConfig: Setting CVar [[r.AmbientOcclusionLevels:-1]]
[2019.12.07-23.44.14:220][  0]LogConfig: Setting CVar [[r.AmbientOcclusionRadiusScale:1.0]]
[2019.12.07-23.44.14:220][  0]LogConfig: Setting CVar [[r.DepthOfFieldQuality:2]]
[2019.12.07-23.44.14:220][  0]LogConfig: Setting CVar [[r.RenderTargetPoolMin:400]]
[2019.12.07-23.44.14:220][  0]LogConfig: Setting CVar [[r.LensFlareQuality:2]]
[2019.12.07-23.44.14:220][  0]LogConfig: Setting CVar [[r.SceneColorFringeQuality:1]]
[2019.12.07-23.44.14:220][  0]LogConfig: Setting CVar [[r.EyeAdaptationQuality:2]]
[2019.12.07-23.44.14:220][  0]LogConfig: Setting CVar [[r.BloomQuality:5]]
[2019.12.07-23.44.14:220][  0]LogConfig: Setting CVar [[r.FastBlurThreshold:100]]
[2019.12.07-23.44.14:220][  0]LogConfig: Setting CVar [[r.Upscale.Quality:3]]
[2019.12.07-23.44.14:220][  0]LogConfig: Setting CVar [[r.Tonemapper.GrainQuantization:1]]
[2019.12.07-23.44.14:220][  0]LogConfig: Setting CVar [[r.LightShaftQuality:1]]
[2019.12.07-23.44.14:220][  0]LogConfig: Setting CVar [[r.Filter.SizeScale:1]]
[2019.12.07-23.44.14:220][  0]LogConfig: Setting CVar [[r.Tonemapper.Quality:5]]
[2019.12.07-23.44.14:220][  0]LogConfig: Setting CVar [[r.DOF.Gather.AccumulatorQuality:1        ; higher gathering accumulator quality]]
[2019.12.07-23.44.14:220][  0]LogConfig: Setting CVar [[r.DOF.Gather.PostfilterMethod:1          ; Median3x3 postfilering method]]
[2019.12.07-23.44.14:220][  0]LogConfig: Setting CVar [[r.DOF.Gather.EnableBokehSettings:0       ; no bokeh simulation when gathering]]
[2019.12.07-23.44.14:220][  0]LogConfig: Setting CVar [[r.DOF.Gather.RingCount:4                 ; medium number of samples when gathering]]
[2019.12.07-23.44.14:220][  0]LogConfig: Setting CVar [[r.DOF.Scatter.ForegroundCompositing:1    ; additive foreground scattering]]
[2019.12.07-23.44.14:220][  0]LogConfig: Setting CVar [[r.DOF.Scatter.BackgroundCompositing:2    ; additive background scattering]]
[2019.12.07-23.44.14:220][  0]LogConfig: Setting CVar [[r.DOF.Scatter.EnableBokehSettings:1      ; bokeh simulation when scattering]]
[2019.12.07-23.44.14:220][  0]LogConfig: Setting CVar [[r.DOF.Scatter.MaxSpriteRatio:0.1         ; only a maximum of 10% of scattered bokeh]]
[2019.12.07-23.44.14:220][  0]LogConfig: Setting CVar [[r.DOF.Recombine.Quality:1                ; cheap slight out of focus]]
[2019.12.07-23.44.14:220][  0]LogConfig: Setting CVar [[r.DOF.Recombine.EnableBokehSettings:0    ; no bokeh simulation on slight out of focus]]
[2019.12.07-23.44.14:220][  0]LogConfig: Setting CVar [[r.DOF.TemporalAAQuality:1                ; more stable temporal accumulation]]
[2019.12.07-23.44.14:220][  0]LogConfig: Setting CVar [[r.DOF.Kernel.MaxForegroundRadius:0.025]]
[2019.12.07-23.44.14:220][  0]LogConfig: Setting CVar [[r.DOF.Kernel.MaxBackgroundRadius:0.025]]
[2019.12.07-23.44.14:220][  0]LogConfig: Applying CVar settings from Section [TextureQuality@3] File [C:/Users/rako0016/Desktop/HighLevel/Assignment 3/VRDigiWrangler/Saved/Config/Windows/Scalability.ini]
[2019.12.07-23.44.14:220][  0]LogConfig: Setting CVar [[r.Streaming.MipBias:0]]
[2019.12.07-23.44.14:220][  0]LogConfig: Setting CVar [[r.Streaming.AmortizeCPUToGPUCopy:0]]
[2019.12.07-23.44.14:220][  0]LogConfig: Setting CVar [[r.Streaming.MaxNumTexturesToStreamPerFrame:0]]
[2019.12.07-23.44.14:220][  0]LogConfig: Setting CVar [[r.Streaming.Boost:1]]
[2019.12.07-23.44.14:220][  0]LogConfig: Setting CVar [[r.MaxAnisotropy:8]]
[2019.12.07-23.44.14:220][  0]LogConfig: Setting CVar [[r.Streaming.LimitPoolSizeToVRAM:0]]
[2019.12.07-23.44.14:220][  0]LogConfig: Setting CVar [[r.Streaming.PoolSize:1000]]
[2019.12.07-23.44.14:220][  0]LogConfig: Setting CVar [[r.Streaming.MaxEffectiveScreenSize:0]]
[2019.12.07-23.44.14:220][  0]LogConfig: Applying CVar settings from Section [EffectsQuality@3] File [C:/Users/rako0016/Desktop/HighLevel/Assignment 3/VRDigiWrangler/Saved/Config/Windows/Scalability.ini]
[2019.12.07-23.44.14:220][  0]LogConfig: Setting CVar [[r.TranslucencyLightingVolumeDim:64]]
[2019.12.07-23.44.14:220][  0]LogConfig: Setting CVar [[r.RefractionQuality:2]]
[2019.12.07-23.44.14:220][  0]LogConfig: Setting CVar [[r.SSR.Quality:3]]
[2019.12.07-23.44.14:220][  0]LogConfig: Setting CVar [[r.SceneColorFormat:4]]
[2019.12.07-23.44.14:220][  0]LogConfig: Setting CVar [[r.DetailMode:2]]
[2019.12.07-23.44.14:220][  0]LogConfig: Setting CVar [[r.TranslucencyVolumeBlur:1]]
[2019.12.07-23.44.14:220][  0]LogConfig: Setting CVar [[r.MaterialQualityLevel:1 ; High quality]]
[2019.12.07-23.44.14:220][  0]LogConfig: Setting CVar [[r.SSS.Scale:1]]
[2019.12.07-23.44.14:220][  0]LogConfig: Setting CVar [[r.SSS.SampleSet:2]]
[2019.12.07-23.44.14:220][  0]LogConfig: Setting CVar [[r.SSS.Quality:1]]
[2019.12.07-23.44.14:220][  0]LogConfig: Setting CVar [[r.SSS.HalfRes:1]]
[2019.12.07-23.44.14:220][  0]LogConfig: Setting CVar [[r.EmitterSpawnRateScale:1.0]]
[2019.12.07-23.44.14:220][  0]LogConfig: Setting CVar [[r.ParticleLightQuality:2]]
[2019.12.07-23.44.14:220][  0]LogConfig: Applying CVar settings from Section [FoliageQuality@3] File [C:/Users/rako0016/Desktop/HighLevel/Assignment 3/VRDigiWrangler/Saved/Config/Windows/Scalability.ini]
[2019.12.07-23.44.14:220][  0]LogConfig: Setting CVar [[foliage.DensityScale:1.0]]
[2019.12.07-23.44.14:220][  0]LogConfig: Setting CVar [[grass.DensityScale:1.0]]
[2019.12.07-23.44.14:220][  0]LogInit: Selected Device Profile: [Windows]
[2019.12.07-23.44.14:220][  0]LogInit: Applying CVar settings loaded from the selected device profile: [Windows]
[2019.12.07-23.44.14:238][  0]LogHAL: Display: Platform has ~ 16 GB [17119772672 / 17179869184 / 16], which maps to Larger [LargestMinGB=32, LargerMinGB=12, DefaultMinGB=8, SmallerMinGB=6, SmallestMinGB=0)
[2019.12.07-23.44.14:238][  0]LogConfig: Setting CVar [[r.Vulkan.UseRealUBs:0		; Required until we fix HLR fall-out]]
[2019.12.07-23.44.14:238][  0]LogInit: Going up to parent DeviceProfile []
[2019.12.07-23.44.14:238][  0]LogConfig: Applying CVar settings from Section [ViewDistanceQuality@3] File [C:/Users/rako0016/Desktop/HighLevel/Assignment 3/VRDigiWrangler/Saved/Config/Windows/Scalability.ini]
[2019.12.07-23.44.14:238][  0]LogConfig: Setting CVar [[r.SkeletalMeshLODBias:0]]
[2019.12.07-23.44.14:238][  0]LogConfig: Setting CVar [[r.ViewDistanceScale:1.0]]
[2019.12.07-23.44.14:238][  0]LogConfig: Applying CVar settings from Section [AntiAliasingQuality@3] File [C:/Users/rako0016/Desktop/HighLevel/Assignment 3/VRDigiWrangler/Saved/Config/Windows/Scalability.ini]
[2019.12.07-23.44.14:238][  0]LogConfig: Setting CVar [[r.PostProcessAAQuality:4]]
[2019.12.07-23.44.14:238][  0]LogConfig: Applying CVar settings from Section [ShadowQuality@3] File [C:/Users/rako0016/Desktop/HighLevel/Assignment 3/VRDigiWrangler/Saved/Config/Windows/Scalability.ini]
[2019.12.07-23.44.14:238][  0]LogConfig: Setting CVar [[r.LightFunctionQuality:1]]
[2019.12.07-23.44.14:238][  0]LogConfig: Setting CVar [[r.ShadowQuality:5]]
[2019.12.07-23.44.14:238][  0]LogConfig: Setting CVar [[r.Shadow.CSM.MaxCascades:10]]
[2019.12.07-23.44.14:239][  0]LogConfig: Setting CVar [[r.Shadow.MaxResolution:2048]]
[2019.12.07-23.44.14:239][  0]LogConfig: Setting CVar [[r.Shadow.MaxCSMResolution:2048]]
[2019.12.07-23.44.14:239][  0]LogConfig: Setting CVar [[r.Shadow.RadiusThreshold:0.01]]
[2019.12.07-23.44.14:239][  0]LogConfig: Setting CVar [[r.Shadow.DistanceScale:1.0]]
[2019.12.07-23.44.14:239][  0]LogConfig: Setting CVar [[r.Shadow.CSM.TransitionScale:1.0]]
[2019.12.07-23.44.14:239][  0]LogConfig: Setting CVar [[r.Shadow.PreShadowResolutionFactor:1.0]]
[2019.12.07-23.44.14:239][  0]LogConfig: Setting CVar [[r.DistanceFieldShadowing:1]]
[2019.12.07-23.44.14:239][  0]LogConfig: Setting CVar [[r.DistanceFieldAO:1]]
[2019.12.07-23.44.14:239][  0]LogConfig: Setting CVar [[r.AOQuality:2]]
[2019.12.07-23.44.14:239][  0]LogConfig: Setting CVar [[r.VolumetricFog:1]]
[2019.12.07-23.44.14:239][  0]LogConfig: Setting CVar [[r.VolumetricFog.GridPixelSize:8]]
[2019.12.07-23.44.14:239][  0]LogConfig: Setting CVar [[r.VolumetricFog.GridSizeZ:128]]
[2019.12.07-23.44.14:239][  0]LogConfig: Setting CVar [[r.VolumetricFog.HistoryMissSupersampleCount:4]]
[2019.12.07-23.44.14:239][  0]LogConfig: Setting CVar [[r.LightMaxDrawDistanceScale:1]]
[2019.12.07-23.44.14:239][  0]LogConfig: Setting CVar [[r.CapsuleShadows:1]]
[2019.12.07-23.44.14:239][  0]LogConfig: Applying CVar settings from Section [PostProcessQuality@3] File [C:/Users/rako0016/Desktop/HighLevel/Assignment 3/VRDigiWrangler/Saved/Config/Windows/Scalability.ini]
[2019.12.07-23.44.14:239][  0]LogConfig: Setting CVar [[r.MotionBlurQuality:4]]
[2019.12.07-23.44.14:239][  0]LogConfig: Setting CVar [[r.AmbientOcclusionMipLevelFactor:0.4]]
[2019.12.07-23.44.14:239][  0]LogConfig: Setting CVar [[r.AmbientOcclusionMaxQuality:100]]
[2019.12.07-23.44.14:239][  0]LogConfig: Setting CVar [[r.AmbientOcclusionLevels:-1]]
[2019.12.07-23.44.14:239][  0]LogConfig: Setting CVar [[r.AmbientOcclusionRadiusScale:1.0]]
[2019.12.07-23.44.14:239][  0]LogConfig: Setting CVar [[r.DepthOfFieldQuality:2]]
[2019.12.07-23.44.14:239][  0]LogConfig: Setting CVar [[r.RenderTargetPoolMin:400]]
[2019.12.07-23.44.14:239][  0]LogConfig: Setting CVar [[r.LensFlareQuality:2]]
[2019.12.07-23.44.14:239][  0]LogConfig: Setting CVar [[r.SceneColorFringeQuality:1]]
[2019.12.07-23.44.14:240][  0]LogConfig: Setting CVar [[r.EyeAdaptationQuality:2]]
[2019.12.07-23.44.14:240][  0]LogConfig: Setting CVar [[r.BloomQuality:5]]
[2019.12.07-23.44.14:240][  0]LogConfig: Setting CVar [[r.FastBlurThreshold:100]]
[2019.12.07-23.44.14:240][  0]LogConfig: Setting CVar [[r.Upscale.Quality:3]]
[2019.12.07-23.44.14:240][  0]LogConfig: Setting CVar [[r.Tonemapper.GrainQuantization:1]]
[2019.12.07-23.44.14:240][  0]LogConfig: Setting CVar [[r.LightShaftQuality:1]]
[2019.12.07-23.44.14:240][  0]LogConfig: Setting CVar [[r.Filter.SizeScale:1]]
[2019.12.07-23.44.14:240][  0]LogConfig: Setting CVar [[r.Tonemapper.Quality:5]]
[2019.12.07-23.44.14:240][  0]LogConfig: Setting CVar [[r.DOF.Gather.AccumulatorQuality:1        ; higher gathering accumulator quality]]
[2019.12.07-23.44.14:240][  0]LogConfig: Setting CVar [[r.DOF.Gather.PostfilterMethod:1          ; Median3x3 postfilering method]]
[2019.12.07-23.44.14:240][  0]LogConfig: Setting CVar [[r.DOF.Gather.EnableBokehSettings:0       ; no bokeh simulation when gathering]]
[2019.12.07-23.44.14:240][  0]LogConfig: Setting CVar [[r.DOF.Gather.RingCount:4                 ; medium number of samples when gathering]]
[2019.12.07-23.44.14:240][  0]LogConfig: Setting CVar [[r.DOF.Scatter.ForegroundCompositing:1    ; additive foreground scattering]]
[2019.12.07-23.44.14:240][  0]LogConfig: Setting CVar [[r.DOF.Scatter.BackgroundCompositing:2    ; additive background scattering]]
[2019.12.07-23.44.14:240][  0]LogConfig: Setting CVar [[r.DOF.Scatter.EnableBokehSettings:1      ; bokeh simulation when scattering]]
[2019.12.07-23.44.14:240][  0]LogConfig: Setting CVar [[r.DOF.Scatter.MaxSpriteRatio:0.1         ; only a maximum of 10% of scattered bokeh]]
[2019.12.07-23.44.14:240][  0]LogConfig: Setting CVar [[r.DOF.Recombine.Quality:1                ; cheap slight out of focus]]
[2019.12.07-23.44.14:240][  0]LogConfig: Setting CVar [[r.DOF.Recombine.EnableBokehSettings:0    ; no bokeh simulation on slight out of focus]]
[2019.12.07-23.44.14:240][  0]LogConfig: Setting CVar [[r.DOF.TemporalAAQuality:1                ; more stable temporal accumulation]]
[2019.12.07-23.44.14:240][  0]LogConfig: Setting CVar [[r.DOF.Kernel.MaxForegroundRadius:0.025]]
[2019.12.07-23.44.14:240][  0]LogConfig: Setting CVar [[r.DOF.Kernel.MaxBackgroundRadius:0.025]]
[2019.12.07-23.44.14:240][  0]LogConfig: Applying CVar settings from Section [TextureQuality@3] File [C:/Users/rako0016/Desktop/HighLevel/Assignment 3/VRDigiWrangler/Saved/Config/Windows/Scalability.ini]
[2019.12.07-23.44.14:240][  0]LogConfig: Setting CVar [[r.Streaming.MipBias:0]]
[2019.12.07-23.44.14:240][  0]LogConfig: Setting CVar [[r.Streaming.AmortizeCPUToGPUCopy:0]]
[2019.12.07-23.44.14:240][  0]LogConfig: Setting CVar [[r.Streaming.MaxNumTexturesToStreamPerFrame:0]]
[2019.12.07-23.44.14:240][  0]LogConfig: Setting CVar [[r.Streaming.Boost:1]]
[2019.12.07-23.44.14:240][  0]LogConfig: Setting CVar [[r.MaxAnisotropy:8]]
[2019.12.07-23.44.14:240][  0]LogConfig: Setting CVar [[r.Streaming.LimitPoolSizeToVRAM:0]]
[2019.12.07-23.44.14:240][  0]LogConfig: Setting CVar [[r.Streaming.PoolSize:1000]]
[2019.12.07-23.44.14:241][  0]LogConfig: Setting CVar [[r.Streaming.MaxEffectiveScreenSize:0]]
[2019.12.07-23.44.14:241][  0]LogConfig: Applying CVar settings from Section [EffectsQuality@3] File [C:/Users/rako0016/Desktop/HighLevel/Assignment 3/VRDigiWrangler/Saved/Config/Windows/Scalability.ini]
[2019.12.07-23.44.14:241][  0]LogConfig: Setting CVar [[r.TranslucencyLightingVolumeDim:64]]
[2019.12.07-23.44.14:241][  0]LogConfig: Setting CVar [[r.RefractionQuality:2]]
[2019.12.07-23.44.14:241][  0]LogConfig: Setting CVar [[r.SSR.Quality:3]]
[2019.12.07-23.44.14:241][  0]LogConfig: Setting CVar [[r.SceneColorFormat:4]]
[2019.12.07-23.44.14:241][  0]LogConfig: Setting CVar [[r.DetailMode:2]]
[2019.12.07-23.44.14:241][  0]LogConfig: Setting CVar [[r.TranslucencyVolumeBlur:1]]
[2019.12.07-23.44.14:241][  0]LogConfig: Setting CVar [[r.MaterialQualityLevel:1 ; High quality]]
[2019.12.07-23.44.14:241][  0]LogConfig: Setting CVar [[r.SSS.Scale:1]]
[2019.12.07-23.44.14:241][  0]LogConfig: Setting CVar [[r.SSS.SampleSet:2]]
[2019.12.07-23.44.14:241][  0]LogConfig: Setting CVar [[r.SSS.Quality:1]]
[2019.12.07-23.44.14:241][  0]LogConfig: Setting CVar [[r.SSS.HalfRes:1]]
[2019.12.07-23.44.14:241][  0]LogConfig: Setting CVar [[r.EmitterSpawnRateScale:1.0]]
[2019.12.07-23.44.14:241][  0]LogConfig: Setting CVar [[r.ParticleLightQuality:2]]
[2019.12.07-23.44.14:241][  0]LogConfig: Applying CVar settings from Section [FoliageQuality@3] File [C:/Users/rako0016/Desktop/HighLevel/Assignment 3/VRDigiWrangler/Saved/Config/Windows/Scalability.ini]
[2019.12.07-23.44.14:241][  0]LogConfig: Setting CVar [[foliage.DensityScale:1.0]]
[2019.12.07-23.44.14:241][  0]LogConfig: Setting CVar [[grass.DensityScale:1.0]]
[2019.12.07-23.44.14:241][  0]LogConfig: Applying CVar settings from Section [Startup] File [../../../Engine/Config/ConsoleVariables.ini]
[2019.12.07-23.44.14:241][  0]LogConfig: Setting CVar [[net.UseAdaptiveNetUpdateFrequency:0]]
[2019.12.07-23.44.14:241][  0]LogConfig: Setting CVar [[p.chaos.AllowCreatePhysxBodies:1]]
[2019.12.07-23.44.14:241][  0]LogConfig: Applying CVar settings from Section [ConsoleVariables] File [C:/Users/rako0016/Desktop/HighLevel/Assignment 3/VRDigiWrangler/Saved/Config/Windows/Engine.ini]
[2019.12.07-23.44.14:241][  0]LogInit: Computer: WJ308-21
[2019.12.07-23.44.14:242][  0]LogInit: User: rako0016
[2019.12.07-23.44.14:242][  0]LogInit: CPU Page size=4096, Cores=4
[2019.12.07-23.44.14:242][  0]LogInit: High frequency timer resolution =10.000000 MHz
[2019.12.07-23.44.14:242][  0]LogMemory: Memory total: Physical=15.9GB (16GB approx)
[2019.12.07-23.44.14:242][  0]LogMemory: Platform Memory Stats for Windows
[2019.12.07-23.44.14:242][  0]LogMemory: Process Physical Memory: 96.95 MB used, 96.95 MB peak
[2019.12.07-23.44.14:242][  0]LogMemory: Process Virtual Memory: 89.09 MB used, 89.09 MB peak
[2019.12.07-23.44.14:242][  0]LogMemory: Physical Memory: 8191.07 MB used,  8135.61 MB free, 16326.69 MB total
[2019.12.07-23.44.14:242][  0]LogMemory: Virtual Memory: 4657.79 MB used,  134213072.00 MB free, 134217728.00 MB total
[2019.12.07-23.44.14:370][  0]LogInit: Using OS detected language (en-US).
[2019.12.07-23.44.14:370][  0]LogInit: Using OS detected locale (en-US).
[2019.12.07-23.44.14:370][  0]LogTextLocalizationManager: No specific localization for 'en-US' exists, so the 'en' localization will be used.
[2019.12.07-23.44.14:475][  0]LogInit: Setting process to per monitor DPI aware
[2019.12.07-23.44.14:506][  0]LogSlate: New Slate User Created.  User Index 0, Is Virtual User: 0
[2019.12.07-23.44.14:506][  0]LogSlate: Slate User Registered.  User Index 0, Is Virtual User: 0
[2019.12.07-23.44.14:689][  0]LogHMD: Failed to initialize OpenVR with code 110
[2019.12.07-23.44.14:689][  0]LogD3D11RHI: D3D11 adapters:
[2019.12.07-23.44.14:744][  0]LogD3D11RHI:    0. 'NVIDIA GeForce GTX 1080' (Feature Level 11_0)
[2019.12.07-23.44.14:744][  0]LogD3D11RHI:       8079/0/8163 MB DedicatedVideo/DedicatedSystem/SharedSystem, Outputs:1, VendorId:0x10de
[2019.12.07-23.44.14:749][  0]LogD3D11RHI:    1. 'Microsoft Basic Render Driver' (Feature Level 11_0)
[2019.12.07-23.44.14:749][  0]LogD3D11RHI:       0/0/8163 MB DedicatedVideo/DedicatedSystem/SharedSystem, Outputs:0, VendorId:0x1414
[2019.12.07-23.44.14:749][  0]LogD3D11RHI: Chosen D3D11 Adapter: 0
[2019.12.07-23.44.14:753][  0]LogD3D11RHI: Creating new Direct3DDevice
[2019.12.07-23.44.14:754][  0]LogD3D11RHI:     GPU DeviceId: 0x1b80 (for the marketing name, search the web for "GPU Device Id")
[2019.12.07-23.44.14:754][  0]LogWindows: EnumDisplayDevices:
[2019.12.07-23.44.14:754][  0]LogWindows:    0. 'NVIDIA GeForce GTX 1080' (P:1 D:1)
[2019.12.07-23.44.14:754][  0]LogWindows:    1. 'NVIDIA GeForce GTX 1080' (P:0 D:0)
[2019.12.07-23.44.14:754][  0]LogWindows:    2. 'NVIDIA GeForce GTX 1080' (P:0 D:0)
[2019.12.07-23.44.14:754][  0]LogWindows:    3. 'NVIDIA GeForce GTX 1080' (P:0 D:0)
[2019.12.07-23.44.14:754][  0]LogWindows: DebugString: FoundDriverCount:4 
[2019.12.07-23.44.14:754][  0]LogD3D11RHI:     Adapter Name: NVIDIA GeForce GTX 1080
[2019.12.07-23.44.14:755][  0]LogD3D11RHI:   Driver Version: 430.86 (internal:26.21.14.3086, unified:430.86)
[2019.12.07-23.44.14:755][  0]LogD3D11RHI:      Driver Date: 5-22-2019
[2019.12.07-23.44.14:755][  0]LogRHI: Texture pool is 5655 MB (70% of 8079 MB)
[2019.12.07-23.44.14:796][  0]LogD3D11RHI: Async texture creation enabled
[2019.12.07-23.44.14:799][  0]LogRendererCore: FGlobalReadBuffer::InitRHI
[2019.12.07-23.44.14:799][  0]LogRendererCore: FGlobalReadBuffer::InitRHI
[2019.12.07-23.44.14:800][  0]LogRendererCore: FGlobalReadBuffer::InitRHI
[2019.12.07-23.44.14:813][  0]LogD3D11RHI: GPU Timing Frequency: 1000.000000 (Debug: 2 2)
[2019.12.07-23.44.15:038][  0]LogTemp: Display: Module 'AllDesktopTargetPlatform' loaded TargetPlatform 'AllDesktop'
[2019.12.07-23.44.15:049][  0]LogTemp: Display: Module 'MacClientTargetPlatform' loaded TargetPlatform 'MacClient'
[2019.12.07-23.44.15:061][  0]LogTemp: Display: Module 'MacNoEditorTargetPlatform' loaded TargetPlatform 'MacNoEditor'
[2019.12.07-23.44.15:072][  0]LogTemp: Display: Module 'MacServerTargetPlatform' loaded TargetPlatform 'MacServer'
[2019.12.07-23.44.15:084][  0]LogTemp: Display: Module 'MacTargetPlatform' loaded TargetPlatform 'Mac'
[2019.12.07-23.44.15:095][  0]LogTemp: Display: Module 'WindowsClientTargetPlatform' loaded TargetPlatform 'WindowsClient'
[2019.12.07-23.44.15:107][  0]LogTemp: Display: Module 'WindowsNoEditorTargetPlatform' loaded TargetPlatform 'WindowsNoEditor'
[2019.12.07-23.44.15:119][  0]LogTemp: Display: Module 'WindowsServerTargetPlatform' loaded TargetPlatform 'WindowsServer'
[2019.12.07-23.44.15:125][  0]LogTemp: Display: Module 'WindowsTargetPlatform' loaded TargetPlatform 'Windows'
[2019.12.07-23.44.15:183][  0]LogTemp: Display: Module 'AndroidTargetPlatform' loaded TargetPlatform 'Android'
[2019.12.07-23.44.15:183][  0]LogTemp: Display: Module 'AndroidTargetPlatform' loaded TargetPlatform 'Android_ASTC'
[2019.12.07-23.44.15:183][  0]LogTemp: Display: Module 'AndroidTargetPlatform' loaded TargetPlatform 'Android_ATC'
[2019.12.07-23.44.15:184][  0]LogTemp: Display: Module 'AndroidTargetPlatform' loaded TargetPlatform 'Android_DXT'
[2019.12.07-23.44.15:184][  0]LogTemp: Display: Module 'AndroidTargetPlatform' loaded TargetPlatform 'Android_ETC1'
[2019.12.07-23.44.15:184][  0]LogTemp: Display: Module 'AndroidTargetPlatform' loaded TargetPlatform 'Android_ETC1a'
[2019.12.07-23.44.15:184][  0]LogTemp: Display: Module 'AndroidTargetPlatform' loaded TargetPlatform 'Android_ETC2'
[2019.12.07-23.44.15:184][  0]LogTemp: Display: Module 'AndroidTargetPlatform' loaded TargetPlatform 'Android_PVRTC'
[2019.12.07-23.44.15:184][  0]LogTemp: Display: Module 'AndroidTargetPlatform' loaded TargetPlatform 'AndroidClient'
[2019.12.07-23.44.15:184][  0]LogTemp: Display: Module 'AndroidTargetPlatform' loaded TargetPlatform 'Android_ASTCClient'
[2019.12.07-23.44.15:184][  0]LogTemp: Display: Module 'AndroidTargetPlatform' loaded TargetPlatform 'Android_ATCClient'
[2019.12.07-23.44.15:184][  0]LogTemp: Display: Module 'AndroidTargetPlatform' loaded TargetPlatform 'Android_DXTClient'
[2019.12.07-23.44.15:184][  0]LogTemp: Display: Module 'AndroidTargetPlatform' loaded TargetPlatform 'Android_ETC1Client'
[2019.12.07-23.44.15:184][  0]LogTemp: Display: Module 'AndroidTargetPlatform' loaded TargetPlatform 'Android_ETC1aClient'
[2019.12.07-23.44.15:184][  0]LogTemp: Display: Module 'AndroidTargetPlatform' loaded TargetPlatform 'Android_ETC2Client'
[2019.12.07-23.44.15:184][  0]LogTemp: Display: Module 'AndroidTargetPlatform' loaded TargetPlatform 'Android_PVRTCClient'
[2019.12.07-23.44.15:184][  0]LogTemp: Display: Module 'AndroidTargetPlatform' loaded TargetPlatform 'Android_Multi'
[2019.12.07-23.44.15:184][  0]LogTemp: Display: Module 'AndroidTargetPlatform' loaded TargetPlatform 'Android_MultiClient'
[2019.12.07-23.44.15:187][  0]LogTemp: Display: Module 'HTML5TargetPlatform' loaded TargetPlatform 'HTML5'
[2019.12.07-23.44.15:232][  0]LogTemp: Display: Module 'IOSTargetPlatform' loaded TargetPlatform 'IOSClient'
[2019.12.07-23.44.15:232][  0]LogTemp: Display: Module 'IOSTargetPlatform' loaded TargetPlatform 'IOS'
[2019.12.07-23.44.15:250][  0]LogTemp: Display: Module 'TVOSTargetPlatform' loaded TargetPlatform 'TVOSClient'
[2019.12.07-23.44.15:250][  0]LogTemp: Display: Module 'TVOSTargetPlatform' loaded TargetPlatform 'TVOS'
[2019.12.07-23.44.15:261][  0]LogTemp: Display: Module 'LinuxClientTargetPlatform' loaded TargetPlatform 'LinuxClient'
[2019.12.07-23.44.15:271][  0]LogTemp: Display: Module 'LinuxNoEditorTargetPlatform' loaded TargetPlatform 'LinuxNoEditor'
[2019.12.07-23.44.15:282][  0]LogTemp: Display: Module 'LinuxServerTargetPlatform' loaded TargetPlatform 'LinuxServer'
[2019.12.07-23.44.15:293][  0]LogTemp: Display: Module 'LinuxTargetPlatform' loaded TargetPlatform 'Linux'
[2019.12.07-23.44.15:326][  0]LogTemp: Display: Module 'LuminTargetPlatform' loaded TargetPlatform 'Lumin'
[2019.12.07-23.44.15:326][  0]LogTemp: Display: Module 'LuminTargetPlatform' loaded TargetPlatform 'LuminClient'
[2019.12.07-23.44.15:326][  0]LogTargetPlatformManager: Display: Building Assets For Windows
[2019.12.07-23.44.15:341][  0]LogAudioDebug: Display: Lib vorbis DLL was dynamically loaded.
[2019.12.07-23.44.15:404][  0]LogShaderCompilers: Guid format shader working directory is -28 characters bigger than the processId version (../../../../../../Users/rako0016/Desktop/HighLevel/Assignment 3/VRDigiWrangler/Intermediate/Shaders/WorkingDirectory/728/).
[2019.12.07-23.44.15:404][  0]LogShaderCompilers: Cleaned the shader compiler working directory 'C:/Users/rako0016/AppData/Local/Temp/UnrealShaderWorkingDir/E169112940AE6327F6014F83C9BAFF7E/'.
[2019.12.07-23.44.15:406][  0]LogXGEController: Cleaning working directory: C:/Users/rako0016/AppData/Local/Temp/UnrealXGEWorkingDir/
[2019.12.07-23.44.15:406][  0]LogXGEController: Cannot use XGE Controller as Incredibuild is not installed on this machine.
[2019.12.07-23.44.15:406][  0]LogShaderCompilers: Cannot use XGE Shader Compiler as Incredibuild is not installed on this machine.
[2019.12.07-23.44.15:406][  0]LogShaderCompilers: Display: Using Local Shader Compiler.
[2019.12.07-23.44.15:844][  0]LogDerivedDataCache: Display: Max Cache Size: 512 MB
[2019.12.07-23.44.15:882][  0]LogDerivedDataCache: Loaded boot cache 0.04s 71MB C:/Users/rako0016/AppData/Local/UnrealEngine/4.22/DerivedDataCache/Boot.ddc.
[2019.12.07-23.44.15:882][  0]LogDerivedDataCache: Display: Loaded Boot cache: C:/Users/rako0016/AppData/Local/UnrealEngine/4.22/DerivedDataCache/Boot.ddc
[2019.12.07-23.44.15:882][  0]LogDerivedDataCache: FDerivedDataBackendGraph:  Pak pak cache file ../../../../../../Users/rako0016/Desktop/HighLevel/Assignment 3/VRDigiWrangler/DerivedDataCache/DDC.ddp not found, will not use a pak cache.
[2019.12.07-23.44.15:882][  0]LogDerivedDataCache: Unable to find inner node Pak for hierarchical cache Hierarchy.
[2019.12.07-23.44.15:882][  0]LogDerivedDataCache: FDerivedDataBackendGraph:  CompressedPak pak cache file ../../../../../../Users/rako0016/Desktop/HighLevel/Assignment 3/VRDigiWrangler/DerivedDataCache/Compressed.ddp not found, will not use a pak cache.
[2019.12.07-23.44.15:882][  0]LogDerivedDataCache: Unable to find inner node CompressedPak for hierarchical cache Hierarchy.
[2019.12.07-23.44.15:892][  0]LogDerivedDataCache: Display: Pak cache opened for reading ../../../Engine/DerivedDataCache/Compressed.ddp.
[2019.12.07-23.44.15:892][  0]LogDerivedDataCache: FDerivedDataBackendGraph:  EnterprisePak pak cache file ../../../Enterprise/DerivedDataCache/Compressed.ddp not found, will not use a pak cache.
[2019.12.07-23.44.15:892][  0]LogDerivedDataCache: Unable to find inner node EnterprisePak for hierarchical cache Hierarchy.
[2019.12.07-23.44.15:904][  0]LogDerivedDataCache: Using Local data cache path C:/Users/rako0016/AppData/Local/UnrealEngine/Common/DerivedDataCache: Writable
[2019.12.07-23.44.15:904][  0]LogDerivedDataCache: Shared data cache path not found in *engine.ini, will not use an Shared cache.
[2019.12.07-23.44.15:904][  0]LogDerivedDataCache: Unable to find inner node Shared for hierarchical cache Hierarchy.
[2019.12.07-23.44.15:920][  0]LogMaterial: Verifying Global Shaders for PCD3D_SM5
[2019.12.07-23.44.15:921][  0]LogSlate: Using FreeType 2.6.0
[2019.12.07-23.44.15:922][  0]LogSlate: SlateFontServices - WITH_FREETYPE: 1, WITH_HARFBUZZ: 1
[2019.12.07-23.44.16:003][  0]LogAssetRegistry: FAssetRegistry took 0.0311 seconds to start up
[2019.12.07-23.44.16:238][  0]LogInit: Selected Device Profile: [Windows]
[2019.12.07-23.44.16:355][  0]LogMeshReduction: Using QuadricMeshReduction for automatic static mesh reduction
[2019.12.07-23.44.16:355][  0]LogMeshReduction: Using SimplygonMeshReduction for automatic skeletal mesh reduction
[2019.12.07-23.44.16:356][  0]LogMeshReduction: Using ProxyLODMeshReduction for automatic mesh merging
[2019.12.07-23.44.16:356][  0]LogMeshReduction: No distributed automatic mesh merging module available
[2019.12.07-23.44.16:356][  0]LogMeshMerging: No distributed automatic mesh merging module available
[2019.12.07-23.44.16:364][  0]LogNetVersion: VRDigiWrangler 1.0.0, NetCL: 5660361, EngineNetVer: 10, GameNetVer: 0 (Checksum: 1591920321)
[2019.12.07-23.44.16:648][  0]LogPackageLocalizationCache: Processed 10 localized package path(s) for 1 prioritized culture(s) in 0.027454 seconds
[2019.12.07-23.44.16:653][  0]LogUObjectArray: 42205 objects as part of root set at end of initial load.
[2019.12.07-23.44.16:654][  0]LogUObjectAllocator: 7325032 out of 0 bytes used by permanent object pool.
[2019.12.07-23.44.16:654][  0]LogUObjectArray: CloseDisregardForGC: 0/0 objects in disregard for GC pool
[2019.12.07-23.44.17:454][  0]LogTcpMessaging: Initializing TcpMessaging bridge
[2019.12.07-23.44.17:468][  0]LogUdpMessaging: Initializing bridge on interface 0.0.0.0:0 to multicast group 230.0.0.1:6666.
[2019.12.07-23.44.17:628][  0]SourceControl: Source control is disabled
[2019.12.07-23.44.17:628][  0]SourceControl: Source control is disabled
[2019.12.07-23.44.17:630][  0]SourceControl: Source control is disabled
[2019.12.07-23.44.17:632][  0]SourceControl: Source control is disabled
[2019.12.07-23.44.17:740][  0]LogAndroidPermission: UAndroidPermissionCallbackProxy::GetInstance
[2019.12.07-23.44.17:833][  0]LogOcInput: OculusInput pre-init called
[2019.12.07-23.44.18:550][  0]LogEngine: Initializing Engine...
[2019.12.07-23.44.18:550][  0]LogHMD: Failed to initialize OpenVR with code 110
[2019.12.07-23.44.18:551][  0]LogStats: UGameplayTagsManager::InitializeManager -  0.000 s
[2019.12.07-23.44.18:704][  0]LogInit: Initializing FReadOnlyCVARCache
[2019.12.07-23.44.18:716][  0]LogAIModule: Creating AISystem for world Untitled
[2019.12.07-23.44.18:767][  0]LogInit: XAudio2 using 'Philips 244E (NVIDIA High Definition Audio)' : 2 channels at 48 kHz using 16 bits per sample (channel mask 0x3)
[2019.12.07-23.44.18:850][  0]LogInit: FAudioDevice initialized.
[2019.12.07-23.44.18:850][  0]LogNetVersion: Set ProjectVersion to 1.0.0.0. Version Checksum will be recalculated on next use.
[2019.12.07-23.44.18:926][  0]LogDerivedDataCache: Saved boot cache 0.08s 71MB C:/Users/rako0016/AppData/Local/UnrealEngine/4.22/DerivedDataCache/Boot.ddc.
[2019.12.07-23.44.18:932][  0]LogInit: Texture streaming: Enabled
[2019.12.07-23.44.18:952][  0]LogEngineSessionManager: EngineSessionManager initialized
[2019.12.07-23.44.18:952][  0]LogEngineSessionManager: EngineSessionManager sent abnormal shutdown report. Type=Debugger, SessionId={DCC24608-4877-3642-BCDC-E4A55BD2F44B}
[2019.12.07-23.44.18:968][  0]LogInit: Transaction tracking system initialized
[2019.12.07-23.44.19:001][  0]BlueprintLog: New page: Editor Load
[2019.12.07-23.44.19:098][  0]LocalizationService: Localization service is disabled
[2019.12.07-23.44.19:352][  0]LogFileCache: Scanning file cache for directory 'C:/Users/rako0016/Desktop/HighLevel/Assignment 3/VRDigiWrangler/Content/' took 0.01s
[2019.12.07-23.44.19:352][  0]LogCook: Display: Max memory allowance for cook 16384mb min free memory 0mb
[2019.12.07-23.44.19:352][  0]LogCook: Display: Mobile HDR setting 1
[2019.12.07-23.44.19:528][  0]SourceControl: Source control is disabled
[2019.12.07-23.44.19:529][  0]Cmd: MAP LOAD FILE="../../../../../../Users/rako0016/Desktop/HighLevel/Assignment 3/VRDigiWrangler/Content/Level/VRDigiWrangler.umap" TEMPLATE=0 SHOWPROGRESS=1 FEATURELEVEL=3
[2019.12.07-23.44.19:529][  0]LightingResults: New page: Lighting Build
[2019.12.07-23.44.19:531][  0]MapCheck: New page: Map Check
[2019.12.07-23.44.19:531][  0]LightingResults: New page: Lighting Build
[2019.12.07-23.44.19:548][  0]LogUObjectHash: Compacting FUObjectHashTables data took   1.19ms
[2019.12.07-23.44.19:615][  0]LogAIModule: Creating AISystem for world VRDigiWrangler
[2019.12.07-23.44.19:619][  0]LogEditorServer: Finished looking for orphan Actors (0.000 secs)
[2019.12.07-23.44.19:641][  0]LogUObjectHash: Compacting FUObjectHashTables data took   1.41ms
[2019.12.07-23.44.19:642][  0]Cmd: MAP CHECKDEP NOCLEARLOG
[2019.12.07-23.44.19:642][  0]MapCheck: Map check complete: 0 Error(s), 0 Warning(s), took 0.086ms to complete.
[2019.12.07-23.44.19:642][  0]LogFileHelpers: Loading map 'VRDigiWrangler' took 0.114
[2019.12.07-23.44.19:726][  0]LogSlate: Updating window title bar state: overlay mode, drag disabled, window buttons hidden, title bar hidden
[2019.12.07-23.44.19:732][  0]LogSlate: Updating window title bar state: overlay mode, drag disabled, window buttons hidden, title bar hidden
[2019.12.07-23.44.19:738][  0]LogSlate: Updating window title bar state: overlay mode, drag disabled, window buttons hidden, title bar hidden
[2019.12.07-23.44.19:744][  0]LogSlate: Updating window title bar state: overlay mode, drag disabled, window buttons hidden, title bar hidden
[2019.12.07-23.44.19:750][  0]LogCollectionManager: Loaded 0 collections in 0.001622 seconds
[2019.12.07-23.44.19:767][  0]LogFileCache: Scanning file cache for directory 'C:/Users/rako0016/Desktop/HighLevel/Assignment 3/VRDigiWrangler/Saved/Collections/' took 0.01s
[2019.12.07-23.44.19:767][  0]LogFileCache: Scanning file cache for directory 'C:/Users/rako0016/Desktop/HighLevel/Assignment 3/VRDigiWrangler/Content/Developers/rako0016/Collections/' took 0.00s
[2019.12.07-23.44.19:767][  0]LogFileCache: Scanning file cache for directory 'C:/Users/rako0016/Desktop/HighLevel/Assignment 3/VRDigiWrangler/Content/Collections/' took 0.00s
[2019.12.07-23.44.19:767][  0]LogCollectionManager: Rebuilt the GUID cache for 0 collections in 0.000000 seconds
[2019.12.07-23.44.19:773][  0]LogContentBrowser: Native class hierarchy populated in 0.0064 seconds. Added 2744 classes and 662 folders.
[2019.12.07-23.44.19:778][  0]LogContentBrowser: Native class hierarchy updated for 'WidgetCarousel' in 0.0004 seconds. Added 0 classes and 0 folders.
[2019.12.07-23.44.19:780][  0]LogPakFile: Registered encryption key '00000000000000000000000000000000': 0 pak files mounted, 0 remain pending
[2019.12.07-23.44.19:780][  0]LogPakFile: Registered encryption key '00000000000000000000000000000000': 0 pak files mounted, 0 remain pending
[2019.12.07-23.44.19:781][  0]LogPakFile: Registered encryption key '00000000000000000000000000000000': 0 pak files mounted, 0 remain pending
[2019.12.07-23.44.19:781][  0]LogPakFile: Registered encryption key '00000000000000000000000000000000': 0 pak files mounted, 0 remain pending
[2019.12.07-23.44.19:782][  0]LogPakFile: Registered encryption key '00000000000000000000000000000000': 0 pak files mounted, 0 remain pending
[2019.12.07-23.44.19:782][  0]LogPakFile: Registered encryption key '00000000000000000000000000000000': 0 pak files mounted, 0 remain pending
[2019.12.07-23.44.19:783][  0]LogPakFile: Registered encryption key '00000000000000000000000000000000': 0 pak files mounted, 0 remain pending
[2019.12.07-23.44.19:783][  0]LogPakFile: Registered encryption key '00000000000000000000000000000000': 0 pak files mounted, 0 remain pending
[2019.12.07-23.44.19:783][  0]LogPakFile: Registered encryption key '00000000000000000000000000000000': 0 pak files mounted, 0 remain pending
[2019.12.07-23.44.19:784][  0]LogPakFile: Registered encryption key '00000000000000000000000000000000': 0 pak files mounted, 0 remain pending
[2019.12.07-23.44.19:784][  0]LogPakFile: Registered encryption key '00000000000000000000000000000000': 0 pak files mounted, 0 remain pending
[2019.12.07-23.44.19:785][  0]LogPakFile: Registered encryption key '00000000000000000000000000000000': 0 pak files mounted, 0 remain pending
[2019.12.07-23.44.19:785][  0]LogPakFile: Registered encryption key '00000000000000000000000000000000': 0 pak files mounted, 0 remain pending
[2019.12.07-23.44.19:785][  0]LogPakFile: Registered encryption key '00000000000000000000000000000000': 0 pak files mounted, 0 remain pending
[2019.12.07-23.44.19:786][  0]LogPakFile: Registered encryption key '00000000000000000000000000000000': 0 pak files mounted, 0 remain pending
[2019.12.07-23.44.19:786][  0]LogPakFile: Registered encryption key '00000000000000000000000000000000': 0 pak files mounted, 0 remain pending
[2019.12.07-23.44.19:787][  0]LogPakFile: Registered encryption key '00000000000000000000000000000000': 0 pak files mounted, 0 remain pending
[2019.12.07-23.44.19:787][  0]LogPakFile: Registered encryption key '00000000000000000000000000000000': 0 pak files mounted, 0 remain pending
[2019.12.07-23.44.19:787][  0]LogPakFile: Registered encryption key '00000000000000000000000000000000': 0 pak files mounted, 0 remain pending
[2019.12.07-23.44.19:788][  0]LogPakFile: Registered encryption key '00000000000000000000000000000000': 0 pak files mounted, 0 remain pending
[2019.12.07-23.44.19:788][  0]LogPakFile: Registered encryption key '00000000000000000000000000000000': 0 pak files mounted, 0 remain pending
[2019.12.07-23.44.19:788][  0]LogPakFile: Registered encryption key '00000000000000000000000000000000': 0 pak files mounted, 0 remain pending
[2019.12.07-23.44.19:789][  0]LogPakFile: Registered encryption key '00000000000000000000000000000000': 0 pak files mounted, 0 remain pending
[2019.12.07-23.44.19:789][  0]LogPakFile: Registered encryption key '00000000000000000000000000000000': 0 pak files mounted, 0 remain pending
[2019.12.07-23.44.19:790][  0]LogPakFile: Registered encryption key '00000000000000000000000000000000': 0 pak files mounted, 0 remain pending
[2019.12.07-23.44.19:790][  0]LogPakFile: Registered encryption key '00000000000000000000000000000000': 0 pak files mounted, 0 remain pending
[2019.12.07-23.44.19:814][  0]LogContentBrowser: Native class hierarchy updated for 'AddContentDialog' in 0.0003 seconds. Added 0 classes and 0 folders.
[2019.12.07-23.44.19:820][  0]LogContentBrowser: Native class hierarchy updated for 'SceneOutliner' in 0.0003 seconds. Added 1 classes and 2 folders.
[2019.12.07-23.44.19:830][  0]LogSlate: Took 0.000358 seconds to synchronously load lazily loaded font '../../../Engine/Content/Slate/Fonts/Roboto-Regular.ttf' (155K)
[2019.12.07-23.44.19:832][  0]LogSlate: Took 0.000409 seconds to synchronously load lazily loaded font '../../../Engine/Content/Slate/Fonts/Roboto-Bold.ttf' (160K)
[2019.12.07-23.44.19:836][  0]LogSlate: Took 0.000268 seconds to synchronously load lazily loaded font '../../../Engine/Content/Editor/Slate/Fonts/FontAwesome.ttf' (139K)
[2019.12.07-23.44.19:891][  0]LogRenderer: Reallocating scene render targets to support 1208x572 Format 10 NumSamples 1 (Frame:1).
[2019.12.07-23.44.20:019][  0]LogContentBrowser: Native class hierarchy updated for 'HierarchicalLODOutliner' in 0.0003 seconds. Added 0 classes and 0 folders.
[2019.12.07-23.44.20:019][  0]LogLoad: (Engine Initialization) Total time: 7.20 seconds
[2019.12.07-23.44.20:019][  0]LogLoad: (Engine Initialization) Total Blueprint compile time: 0.00 seconds
[2019.12.07-23.44.20:044][  0]LogAssetRegistry: Asset discovery search completed in 4.0647 seconds
[2019.12.07-23.44.20:046][  0]LogCollectionManager: Rebuilt the object cache for 0 collections in 0.000000 seconds (found 0 objects)
[2019.12.07-23.44.20:046][  0]LogCollectionManager: Fixed up redirectors for 0 collections in 0.000144 seconds (updated 0 objects)
[2019.12.07-23.44.20:049][  0]LogContentStreaming: Texture pool size now 1000 MB
[2019.12.07-23.44.20:073][  0]LogSlate: Took 0.000253 seconds to synchronously load lazily loaded font '../../../Engine/Content/Slate/Fonts/Roboto-Light.ttf' (167K)
[2019.12.07-23.44.51:246][738]LogSlate: FSceneViewport::OnFocusLost() reason 0
[2019.12.07-23.44.51:338][749]LogTemp: Repeating last play command: Selected Viewport
[2019.12.07-23.44.51:345][749]LogBlueprintUserMessages: Early PlayInEditor Detection: Level '/Game/Level/VRDigiWrangler.VRDigiWrangler:PersistentLevel' has LevelScriptBlueprint '/Game/Level/VRDigiWrangler.VRDigiWrangler:PersistentLevel.VRDigiWrangler' with GeneratedClass '/Game/Level/VRDigiWrangler.VRDigiWrangler_C' with ClassGeneratedBy '/Game/Level/VRDigiWrangler.VRDigiWrangler:PersistentLevel.VRDigiWrangler'
[2019.12.07-23.44.51:345][749]LogPlayLevel: PlayLevel: No blueprints needed recompiling
[2019.12.07-23.44.51:345][749]PIE: New page: PIE session: VRDigiWrangler (Dec 7, 2019, 1:44:51 PM)
[2019.12.07-23.44.51:359][749]LogPlayLevel: Creating play world package: /Game/Level/UEDPIE_0_VRDigiWrangler
[2019.12.07-23.44.51:361][749]LogPlayLevel: PIE: StaticDuplicateObject took: (0.002400s)
[2019.12.07-23.44.51:362][749]LogAIModule: Creating AISystem for world VRDigiWrangler
[2019.12.07-23.44.51:362][749]LogPlayLevel: PIE: World Init took: (0.000637s)
[2019.12.07-23.44.51:362][749]LogPlayLevel: PIE: Created PIE world by copying editor world from /Game/Level/VRDigiWrangler.VRDigiWrangler to /Game/Level/UEDPIE_0_VRDigiWrangler.VRDigiWrangler (0.003449s)
[2019.12.07-23.44.51:387][749]LogUObjectHash: Compacting FUObjectHashTables data took   0.78ms
[2019.12.07-23.44.51:398][749]LogInit: XAudio2 using 'Philips 244E (NVIDIA High Definition Audio)' : 2 channels at 48 kHz using 16 bits per sample (channel mask 0x3)
[2019.12.07-23.44.51:405][749]LogInit: FAudioDevice initialized.
[2019.12.07-23.44.51:458][749]LogLoad: Game class is 'BP_VRGameModeBase_C'
[2019.12.07-23.44.51:460][749]LogWorld: Bringing World /Game/Level/UEDPIE_0_VRDigiWrangler.VRDigiWrangler up for play (max tick rate 0) at 2019.12.07-18.44.51
[2019.12.07-23.44.51:460][749]LogWorld: Bringing up level for play took: 0.001140
[2019.12.07-23.44.51:476][749]LogContentBrowser: Native class hierarchy updated for 'MovieSceneCapture' in 0.0003 seconds. Added 20 classes and 0 folders.
[2019.12.07-23.44.51:480][749]PIE: Play in editor start time for /Game/Level/UEDPIE_0_VRDigiWrangler 0.261
[2019.12.07-23.44.51:480][749]LogBlueprintUserMessages: Late PlayInEditor Detection: Level '/Game/Level/VRDigiWrangler.VRDigiWrangler:PersistentLevel' has LevelScriptBlueprint '/Game/Level/VRDigiWrangler.VRDigiWrangler:PersistentLevel.VRDigiWrangler' with GeneratedClass '/Game/Level/VRDigiWrangler.VRDigiWrangler_C' with ClassGeneratedBy '/Game/Level/VRDigiWrangler.VRDigiWrangler:PersistentLevel.VRDigiWrangler'
[2019.12.07-23.44.53:049][934]LogBlueprintUserMessages: Early EndPlayMap Detection: Level '/Game/Level/VRDigiWrangler.VRDigiWrangler:PersistentLevel' has LevelScriptBlueprint '/Game/Level/VRDigiWrangler.VRDigiWrangler:PersistentLevel.VRDigiWrangler' with GeneratedClass '/Game/Level/VRDigiWrangler.VRDigiWrangler_C' with ClassGeneratedBy '/Game/Level/VRDigiWrangler.VRDigiWrangler:PersistentLevel.VRDigiWrangler'
[2019.12.07-23.44.53:049][934]LogSlate: Updating window title bar state: overlay mode, drag disabled, window buttons hidden, title bar hidden
[2019.12.07-23.44.53:082][934]LogPlayLevel: Display: Shutting down PIE online subsystems
[2019.12.07-23.44.53:082][934]LogBlueprintUserMessages: Late EndPlayMap Detection: Level '/Game/Level/VRDigiWrangler.VRDigiWrangler:PersistentLevel' has LevelScriptBlueprint '/Game/Level/VRDigiWrangler.VRDigiWrangler:PersistentLevel.VRDigiWrangler' with GeneratedClass '/Game/Level/VRDigiWrangler.VRDigiWrangler_C' with ClassGeneratedBy '/Game/Level/VRDigiWrangler.VRDigiWrangler:PersistentLevel.VRDigiWrangler'
[2019.12.07-23.44.53:104][934]LogSlate: Updating window title bar state: overlay mode, drag disabled, window buttons hidden, title bar hidden
[2019.12.07-23.44.53:107][934]LogUObjectHash: Compacting FUObjectHashTables data took   1.39ms
[2019.12.07-23.44.53:155][939]LogPlayLevel: Display: Destroying online subsystem :Context_1
[2019.12.07-23.45.04:426][290]LogEditorViewport: Clicking on Actor (LMB): BP_MovingPlatformActor_C (BP_MovingPlatformActor)
[2019.12.07-23.45.05:501][414]Cmd: DELETE
[2019.12.07-23.45.05:501][414]Cmd: ACTOR DELETE
[2019.12.07-23.45.05:510][414]LogEditorActor: Deleted Actor: BP_MovingPlatformActor_C
[2019.12.07-23.45.05:526][414]LogUObjectHash: Compacting FUObjectHashTables data took   0.50ms
[2019.12.07-23.45.05:527][414]LogEditorActor: Deleted 1 Actors (0.022 secs)
[2019.12.07-23.45.06:784][565]LogEditorViewport: Clicking on Actor (LMB): BP_Projectile_C (BP_Projectile)
[2019.12.07-23.45.07:414][633]Cmd: DELETE
[2019.12.07-23.45.07:414][633]Cmd: ACTOR DELETE
[2019.12.07-23.45.07:416][633]LogEditorActor: Deleted Actor: BP_Projectile_C
[2019.12.07-23.45.07:434][633]LogUObjectHash: Compacting FUObjectHashTables data took   0.50ms
[2019.12.07-23.45.07:437][633]LogEditorActor: Deleted 1 Actors (0.023 secs)
[2019.12.07-23.45.07:853][682]LogSlate: FSceneViewport::OnFocusLost() reason 0
[2019.12.07-23.45.07:978][697]LogTemp: Repeating last play command: Selected Viewport
[2019.12.07-23.45.07:989][697]LogBlueprintUserMessages: Early PlayInEditor Detection: Level '/Game/Level/VRDigiWrangler.VRDigiWrangler:PersistentLevel' has LevelScriptBlueprint '/Game/Level/VRDigiWrangler.VRDigiWrangler:PersistentLevel.VRDigiWrangler' with GeneratedClass '/Game/Level/VRDigiWrangler.VRDigiWrangler_C' with ClassGeneratedBy '/Game/Level/VRDigiWrangler.VRDigiWrangler:PersistentLevel.VRDigiWrangler'
[2019.12.07-23.45.07:989][697]LogPlayLevel: PlayLevel: No blueprints needed recompiling
[2019.12.07-23.45.07:990][697]PIE: New page: PIE session: VRDigiWrangler (Dec 7, 2019, 1:45:07 PM)
[2019.12.07-23.45.07:990][697]LogPlayLevel: Creating play world package: /Game/Level/UEDPIE_0_VRDigiWrangler
[2019.12.07-23.45.07:992][697]LogPlayLevel: PIE: StaticDuplicateObject took: (0.002476s)
[2019.12.07-23.45.07:993][697]LogAIModule: Creating AISystem for world VRDigiWrangler
[2019.12.07-23.45.07:993][697]LogPlayLevel: PIE: World Init took: (0.000736s)
[2019.12.07-23.45.07:993][697]LogPlayLevel: PIE: Created PIE world by copying editor world from /Game/Level/VRDigiWrangler.VRDigiWrangler to /Game/Level/UEDPIE_0_VRDigiWrangler.VRDigiWrangler (0.003612s)
[2019.12.07-23.45.08:012][697]LogUObjectHash: Compacting FUObjectHashTables data took   0.80ms
[2019.12.07-23.45.08:023][697]LogInit: XAudio2 using 'Philips 244E (NVIDIA High Definition Audio)' : 2 channels at 48 kHz using 16 bits per sample (channel mask 0x3)
[2019.12.07-23.45.08:033][697]LogInit: FAudioDevice initialized.
[2019.12.07-23.45.08:062][697]LogLoad: Game class is 'BP_VRGameModeBase_C'
[2019.12.07-23.45.08:063][697]LogWorld: Bringing World /Game/Level/UEDPIE_0_VRDigiWrangler.VRDigiWrangler up for play (max tick rate 0) at 2019.12.07-18.45.08
[2019.12.07-23.45.08:063][697]LogWorld: Bringing up level for play took: 0.000854
[2019.12.07-23.45.08:079][697]PIE: Play in editor start time for /Game/Level/UEDPIE_0_VRDigiWrangler 0.861
[2019.12.07-23.45.08:079][697]LogBlueprintUserMessages: Late PlayInEditor Detection: Level '/Game/Level/VRDigiWrangler.VRDigiWrangler:PersistentLevel' has LevelScriptBlueprint '/Game/Level/VRDigiWrangler.VRDigiWrangler:PersistentLevel.VRDigiWrangler' with GeneratedClass '/Game/Level/VRDigiWrangler.VRDigiWrangler_C' with ClassGeneratedBy '/Game/Level/VRDigiWrangler.VRDigiWrangler:PersistentLevel.VRDigiWrangler'
[2019.12.07-23.46.02:619][238]LogSlate: FSceneViewport::OnFocusLost() reason 0
[2019.12.07-23.46.06:979][747]LogConsoleManager: Warning: Console object named 'ActorComponents.Enable' already exists but is being registered again, but we weren't expected it to be! (FConsoleManager::AddConsoleObject)
[2019.12.07-23.46.12:172][367]LogBlueprintUserMessages: Early EndPlayMap Detection: Level '/Game/Level/VRDigiWrangler.VRDigiWrangler:PersistentLevel' has LevelScriptBlueprint '/Game/Level/VRDigiWrangler.VRDigiWrangler:PersistentLevel.VRDigiWrangler' with GeneratedClass '/Game/Level/VRDigiWrangler.VRDigiWrangler_C' with ClassGeneratedBy '/Game/Level/VRDigiWrangler.VRDigiWrangler:PersistentLevel.VRDigiWrangler'
[2019.12.07-23.46.12:173][367]LogSlate: Updating window title bar state: overlay mode, drag disabled, window buttons hidden, title bar hidden
[2019.12.07-23.46.12:203][367]LogPlayLevel: Display: Shutting down PIE online subsystems
[2019.12.07-23.46.12:203][367]LogBlueprintUserMessages: Late EndPlayMap Detection: Level '/Game/Level/VRDigiWrangler.VRDigiWrangler:PersistentLevel' has LevelScriptBlueprint '/Game/Level/VRDigiWrangler.VRDigiWrangler:PersistentLevel.VRDigiWrangler' with GeneratedClass '/Game/Level/VRDigiWrangler.VRDigiWrangler_C' with ClassGeneratedBy '/Game/Level/VRDigiWrangler.VRDigiWrangler:PersistentLevel.VRDigiWrangler'
[2019.12.07-23.46.12:224][367]LogSlate: Updating window title bar state: overlay mode, drag disabled, window buttons hidden, title bar hidden
[2019.12.07-23.46.12:227][367]LogUObjectHash: Compacting FUObjectHashTables data took   0.89ms
[2019.12.07-23.46.12:289][369]LogPlayLevel: Display: Destroying online subsystem :Context_3
[2019.12.07-23.46.13:389][501]LogTemp: Repeating last play command: Selected Viewport
[2019.12.07-23.46.13:402][501]LogBlueprintUserMessages: Early PlayInEditor Detection: Level '/Game/Level/VRDigiWrangler.VRDigiWrangler:PersistentLevel' has LevelScriptBlueprint '/Game/Level/VRDigiWrangler.VRDigiWrangler:PersistentLevel.VRDigiWrangler' with GeneratedClass '/Game/Level/VRDigiWrangler.VRDigiWrangler_C' with ClassGeneratedBy '/Game/Level/VRDigiWrangler.VRDigiWrangler:PersistentLevel.VRDigiWrangler'
[2019.12.07-23.46.13:402][501]LogPlayLevel: PlayLevel: No blueprints needed recompiling
[2019.12.07-23.46.13:402][501]PIE: New page: PIE session: VRDigiWrangler (Dec 7, 2019, 1:46:13 PM)
[2019.12.07-23.46.13:402][501]LogPlayLevel: Creating play world package: /Game/Level/UEDPIE_0_VRDigiWrangler
[2019.12.07-23.46.13:405][501]LogPlayLevel: PIE: StaticDuplicateObject took: (0.002357s)
[2019.12.07-23.46.13:405][501]LogAIModule: Creating AISystem for world VRDigiWrangler
[2019.12.07-23.46.13:405][501]LogPlayLevel: PIE: World Init took: (0.000643s)
[2019.12.07-23.46.13:406][501]LogPlayLevel: PIE: Created PIE world by copying editor world from /Game/Level/VRDigiWrangler.VRDigiWrangler to /Game/Level/UEDPIE_0_VRDigiWrangler.VRDigiWrangler (0.003278s)
[2019.12.07-23.46.13:423][501]LogUObjectHash: Compacting FUObjectHashTables data took   0.78ms
[2019.12.07-23.46.13:435][501]LogInit: XAudio2 using 'Philips 244E (NVIDIA High Definition Audio)' : 2 channels at 48 kHz using 16 bits per sample (channel mask 0x3)
[2019.12.07-23.46.13:444][501]LogInit: FAudioDevice initialized.
[2019.12.07-23.46.13:475][501]LogLoad: Game class is 'BP_VRGameModeBase_C'
[2019.12.07-23.46.13:476][501]LogWorld: Bringing World /Game/Level/UEDPIE_0_VRDigiWrangler.VRDigiWrangler up for play (max tick rate 0) at 2019.12.07-18.46.13
[2019.12.07-23.46.13:476][501]LogWorld: Bringing up level for play took: 0.000995
[2019.12.07-23.46.13:492][501]PIE: Play in editor start time for /Game/Level/UEDPIE_0_VRDigiWrangler 0.274
[2019.12.07-23.46.13:492][501]LogBlueprintUserMessages: Late PlayInEditor Detection: Level '/Game/Level/VRDigiWrangler.VRDigiWrangler:PersistentLevel' has LevelScriptBlueprint '/Game/Level/VRDigiWrangler.VRDigiWrangler:PersistentLevel.VRDigiWrangler' with GeneratedClass '/Game/Level/VRDigiWrangler.VRDigiWrangler_C' with ClassGeneratedBy '/Game/Level/VRDigiWrangler.VRDigiWrangler:PersistentLevel.VRDigiWrangler'
[2019.12.07-23.46.19:062][167]LogSlate: FSceneViewport::OnFocusLost() reason 0
[2019.12.07-23.46.19:221][186]LogBlueprintUserMessages: Early EndPlayMap Detection: Level '/Game/Level/VRDigiWrangler.VRDigiWrangler:PersistentLevel' has LevelScriptBlueprint '/Game/Level/VRDigiWrangler.VRDigiWrangler:PersistentLevel.VRDigiWrangler' with GeneratedClass '/Game/Level/VRDigiWrangler.VRDigiWrangler_C' with ClassGeneratedBy '/Game/Level/VRDigiWrangler.VRDigiWrangler:PersistentLevel.VRDigiWrangler'
[2019.12.07-23.46.19:221][186]LogSlate: Updating window title bar state: overlay mode, drag disabled, window buttons hidden, title bar hidden
[2019.12.07-23.46.19:253][186]LogPlayLevel: Display: Shutting down PIE online subsystems
[2019.12.07-23.46.19:253][186]LogBlueprintUserMessages: Late EndPlayMap Detection: Level '/Game/Level/VRDigiWrangler.VRDigiWrangler:PersistentLevel' has LevelScriptBlueprint '/Game/Level/VRDigiWrangler.VRDigiWrangler:PersistentLevel.VRDigiWrangler' with GeneratedClass '/Game/Level/VRDigiWrangler.VRDigiWrangler_C' with ClassGeneratedBy '/Game/Level/VRDigiWrangler.VRDigiWrangler:PersistentLevel.VRDigiWrangler'
[2019.12.07-23.46.19:274][186]LogSlate: Updating window title bar state: overlay mode, drag disabled, window buttons hidden, title bar hidden
[2019.12.07-23.46.19:276][186]LogUObjectHash: Compacting FUObjectHashTables data took   0.88ms
[2019.12.07-23.46.19:328][192]LogPlayLevel: Display: Destroying online subsystem :Context_4
[2019.12.07-23.46.20:236][301]LogTemp: Repeating last play command: Selected Viewport
[2019.12.07-23.46.20:246][301]LogBlueprintUserMessages: Early PlayInEditor Detection: Level '/Game/Level/VRDigiWrangler.VRDigiWrangler:PersistentLevel' has LevelScriptBlueprint '/Game/Level/VRDigiWrangler.VRDigiWrangler:PersistentLevel.VRDigiWrangler' with GeneratedClass '/Game/Level/VRDigiWrangler.VRDigiWrangler_C' with ClassGeneratedBy '/Game/Level/VRDigiWrangler.VRDigiWrangler:PersistentLevel.VRDigiWrangler'
[2019.12.07-23.46.20:247][301]LogPlayLevel: PlayLevel: No blueprints needed recompiling
[2019.12.07-23.46.20:247][301]PIE: New page: PIE session: VRDigiWrangler (Dec 7, 2019, 1:46:20 PM)
[2019.12.07-23.46.20:247][301]LogPlayLevel: Creating play world package: /Game/Level/UEDPIE_0_VRDigiWrangler
[2019.12.07-23.46.20:249][301]LogPlayLevel: PIE: StaticDuplicateObject took: (0.002315s)
[2019.12.07-23.46.20:250][301]LogAIModule: Creating AISystem for world VRDigiWrangler
[2019.12.07-23.46.20:250][301]LogPlayLevel: PIE: World Init took: (0.000555s)
[2019.12.07-23.46.20:250][301]LogPlayLevel: PIE: Created PIE world by copying editor world from /Game/Level/VRDigiWrangler.VRDigiWrangler to /Game/Level/UEDPIE_0_VRDigiWrangler.VRDigiWrangler (0.003205s)
[2019.12.07-23.46.20:268][301]LogUObjectHash: Compacting FUObjectHashTables data took   0.80ms
[2019.12.07-23.46.20:280][301]LogInit: XAudio2 using 'Philips 244E (NVIDIA High Definition Audio)' : 2 channels at 48 kHz using 16 bits per sample (channel mask 0x3)
[2019.12.07-23.46.20:288][301]LogInit: FAudioDevice initialized.
[2019.12.07-23.46.20:322][301]LogLoad: Game class is 'BP_VRGameModeBase_C'
[2019.12.07-23.46.20:323][301]LogWorld: Bringing World /Game/Level/UEDPIE_0_VRDigiWrangler.VRDigiWrangler up for play (max tick rate 0) at 2019.12.07-18.46.20
[2019.12.07-23.46.20:323][301]LogWorld: Bringing up level for play took: 0.000923
[2019.12.07-23.46.20:340][301]PIE: Play in editor start time for /Game/Level/UEDPIE_0_VRDigiWrangler -0.878
[2019.12.07-23.46.20:341][301]LogBlueprintUserMessages: Late PlayInEditor Detection: Level '/Game/Level/VRDigiWrangler.VRDigiWrangler:PersistentLevel' has LevelScriptBlueprint '/Game/Level/VRDigiWrangler.VRDigiWrangler:PersistentLevel.VRDigiWrangler' with GeneratedClass '/Game/Level/VRDigiWrangler.VRDigiWrangler_C' with ClassGeneratedBy '/Game/Level/VRDigiWrangler.VRDigiWrangler:PersistentLevel.VRDigiWrangler'
[2019.12.07-23.46.26:159][997]LogSlate: FSceneViewport::OnFocusLost() reason 0
[2019.12.07-23.46.26:326][ 17]LogBlueprintUserMessages: Early EndPlayMap Detection: Level '/Game/Level/VRDigiWrangler.VRDigiWrangler:PersistentLevel' has LevelScriptBlueprint '/Game/Level/VRDigiWrangler.VRDigiWrangler:PersistentLevel.VRDigiWrangler' with GeneratedClass '/Game/Level/VRDigiWrangler.VRDigiWrangler_C' with ClassGeneratedBy '/Game/Level/VRDigiWrangler.VRDigiWrangler:PersistentLevel.VRDigiWrangler'
[2019.12.07-23.46.26:327][ 17]LogSlate: Updating window title bar state: overlay mode, drag disabled, window buttons hidden, title bar hidden
[2019.12.07-23.46.26:360][ 17]LogPlayLevel: Display: Shutting down PIE online subsystems
[2019.12.07-23.46.26:360][ 17]LogBlueprintUserMessages: Late EndPlayMap Detection: Level '/Game/Level/VRDigiWrangler.VRDigiWrangler:PersistentLevel' has LevelScriptBlueprint '/Game/Level/VRDigiWrangler.VRDigiWrangler:PersistentLevel.VRDigiWrangler' with GeneratedClass '/Game/Level/VRDigiWrangler.VRDigiWrangler_C' with ClassGeneratedBy '/Game/Level/VRDigiWrangler.VRDigiWrangler:PersistentLevel.VRDigiWrangler'
[2019.12.07-23.46.26:381][ 17]LogSlate: Updating window title bar state: overlay mode, drag disabled, window buttons hidden, title bar hidden
[2019.12.07-23.46.26:384][ 17]LogUObjectHash: Compacting FUObjectHashTables data took   0.80ms
[2019.12.07-23.46.26:434][ 23]LogPlayLevel: Display: Destroying online subsystem :Context_5
[2019.12.07-23.46.26:992][ 90]LogEditorViewport: Clicking on Actor (LMB): BP_Sky_Sphere_C (Sky Sphere)
[2019.12.07-23.46.27:574][156]LogSlate: FSceneViewport::OnFocusLost() reason 0
[2019.12.07-23.46.27:708][172]LogTemp: Repeating last play command: Selected Viewport
[2019.12.07-23.46.27:715][172]LogBlueprintUserMessages: Early PlayInEditor Detection: Level '/Game/Level/VRDigiWrangler.VRDigiWrangler:PersistentLevel' has LevelScriptBlueprint '/Game/Level/VRDigiWrangler.VRDigiWrangler:PersistentLevel.VRDigiWrangler' with GeneratedClass '/Game/Level/VRDigiWrangler.VRDigiWrangler_C' with ClassGeneratedBy '/Game/Level/VRDigiWrangler.VRDigiWrangler:PersistentLevel.VRDigiWrangler'
[2019.12.07-23.46.27:715][172]LogPlayLevel: PlayLevel: No blueprints needed recompiling
[2019.12.07-23.46.27:715][172]PIE: New page: PIE session: VRDigiWrangler (Dec 7, 2019, 1:46:27 PM)
[2019.12.07-23.46.27:716][172]LogPlayLevel: Creating play world package: /Game/Level/UEDPIE_0_VRDigiWrangler
[2019.12.07-23.46.27:718][172]LogPlayLevel: PIE: StaticDuplicateObject took: (0.002176s)
[2019.12.07-23.46.27:718][172]LogAIModule: Creating AISystem for world VRDigiWrangler
[2019.12.07-23.46.27:718][172]LogPlayLevel: PIE: World Init took: (0.000511s)
[2019.12.07-23.46.27:718][172]LogPlayLevel: PIE: Created PIE world by copying editor world from /Game/Level/VRDigiWrangler.VRDigiWrangler to /Game/Level/UEDPIE_0_VRDigiWrangler.VRDigiWrangler (0.002947s)
[2019.12.07-23.46.27:737][172]LogUObjectHash: Compacting FUObjectHashTables data took   0.78ms
[2019.12.07-23.46.27:747][172]LogInit: XAudio2 using 'Philips 244E (NVIDIA High Definition Audio)' : 2 channels at 48 kHz using 16 bits per sample (channel mask 0x3)
[2019.12.07-23.46.27:755][172]LogInit: FAudioDevice initialized.
[2019.12.07-23.46.27:786][172]LogLoad: Game class is 'BP_VRGameModeBase_C'
[2019.12.07-23.46.27:787][172]LogWorld: Bringing World /Game/Level/UEDPIE_0_VRDigiWrangler.VRDigiWrangler up for play (max tick rate 0) at 2019.12.07-18.46.27
[2019.12.07-23.46.27:787][172]LogWorld: Bringing up level for play took: 0.000958
[2019.12.07-23.46.27:804][172]PIE: Play in editor start time for /Game/Level/UEDPIE_0_VRDigiWrangler 0.586
[2019.12.07-23.46.27:804][172]LogBlueprintUserMessages: Late PlayInEditor Detection: Level '/Game/Level/VRDigiWrangler.VRDigiWrangler:PersistentLevel' has LevelScriptBlueprint '/Game/Level/VRDigiWrangler.VRDigiWrangler:PersistentLevel.VRDigiWrangler' with GeneratedClass '/Game/Level/VRDigiWrangler.VRDigiWrangler_C' with ClassGeneratedBy '/Game/Level/VRDigiWrangler.VRDigiWrangler:PersistentLevel.VRDigiWrangler'
[2019.12.07-23.48.59:046][236]LogSlate: FSceneViewport::OnFocusLost() reason 2
[2019.12.07-23.49.02:336][614]LogBlueprintUserMessages: Early EndPlayMap Detection: Level '/Game/Level/VRDigiWrangler.VRDigiWrangler:PersistentLevel' has LevelScriptBlueprint '/Game/Level/VRDigiWrangler.VRDigiWrangler:PersistentLevel.VRDigiWrangler' with GeneratedClass '/Game/Level/VRDigiWrangler.VRDigiWrangler_C' with ClassGeneratedBy '/Game/Level/VRDigiWrangler.VRDigiWrangler:PersistentLevel.VRDigiWrangler'
[2019.12.07-23.49.02:337][614]LogSlate: Updating window title bar state: overlay mode, drag disabled, window buttons hidden, title bar hidden
[2019.12.07-23.49.02:369][614]LogPlayLevel: Display: Shutting down PIE online subsystems
[2019.12.07-23.49.02:369][614]LogBlueprintUserMessages: Late EndPlayMap Detection: Level '/Game/Level/VRDigiWrangler.VRDigiWrangler:PersistentLevel' has LevelScriptBlueprint '/Game/Level/VRDigiWrangler.VRDigiWrangler:PersistentLevel.VRDigiWrangler' with GeneratedClass '/Game/Level/VRDigiWrangler.VRDigiWrangler_C' with ClassGeneratedBy '/Game/Level/VRDigiWrangler.VRDigiWrangler:PersistentLevel.VRDigiWrangler'
[2019.12.07-23.49.02:392][614]LogSlate: Updating window title bar state: overlay mode, drag disabled, window buttons hidden, title bar hidden
[2019.12.07-23.49.02:394][614]LogUObjectHash: Compacting FUObjectHashTables data took   0.84ms
[2019.12.07-23.49.02:442][619]LogPlayLevel: Display: Destroying online subsystem :Context_6
[2019.12.07-23.49.09:624][480]LogSlate: FSceneViewport::OnFocusLost() reason 0
[2019.12.07-23.49.09:733][493]LogTemp: Repeating last play command: Selected Viewport
[2019.12.07-23.49.09:740][493]LogBlueprintUserMessages: Early PlayInEditor Detection: Level '/Game/Level/VRDigiWrangler.VRDigiWrangler:PersistentLevel' has LevelScriptBlueprint '/Game/Level/VRDigiWrangler.VRDigiWrangler:PersistentLevel.VRDigiWrangler' with GeneratedClass '/Game/Level/VRDigiWrangler.VRDigiWrangler_C' with ClassGeneratedBy '/Game/Level/VRDigiWrangler.VRDigiWrangler:PersistentLevel.VRDigiWrangler'
[2019.12.07-23.49.09:740][493]LogPlayLevel: PlayLevel: No blueprints needed recompiling
[2019.12.07-23.49.09:740][493]PIE: New page: PIE session: VRDigiWrangler (Dec 7, 2019, 1:49:09 PM)
[2019.12.07-23.49.09:740][493]LogPlayLevel: Creating play world package: /Game/Level/UEDPIE_0_VRDigiWrangler
[2019.12.07-23.49.09:743][493]LogPlayLevel: PIE: StaticDuplicateObject took: (0.002319s)
[2019.12.07-23.49.09:743][493]LogAIModule: Creating AISystem for world VRDigiWrangler
[2019.12.07-23.49.09:744][493]LogPlayLevel: PIE: World Init took: (0.000654s)
[2019.12.07-23.49.09:744][493]LogPlayLevel: PIE: Created PIE world by copying editor world from /Game/Level/VRDigiWrangler.VRDigiWrangler to /Game/Level/UEDPIE_0_VRDigiWrangler.VRDigiWrangler (0.003320s)
[2019.12.07-23.49.09:763][493]LogUObjectHash: Compacting FUObjectHashTables data took   0.92ms
[2019.12.07-23.49.09:773][493]LogInit: XAudio2 using 'Philips 244E (NVIDIA High Definition Audio)' : 2 channels at 48 kHz using 16 bits per sample (channel mask 0x3)
[2019.12.07-23.49.09:781][493]LogInit: FAudioDevice initialized.
[2019.12.07-23.49.09:814][493]LogLoad: Game class is 'BP_VRGameModeBase_C'
[2019.12.07-23.49.09:815][493]LogWorld: Bringing World /Game/Level/UEDPIE_0_VRDigiWrangler.VRDigiWrangler up for play (max tick rate 0) at 2019.12.07-18.49.09
[2019.12.07-23.49.09:816][493]LogWorld: Bringing up level for play took: 0.001048
[2019.12.07-23.49.09:832][493]PIE: Play in editor start time for /Game/Level/UEDPIE_0_VRDigiWrangler 0.614
[2019.12.07-23.49.09:832][493]LogBlueprintUserMessages: Late PlayInEditor Detection: Level '/Game/Level/VRDigiWrangler.VRDigiWrangler:PersistentLevel' has LevelScriptBlueprint '/Game/Level/VRDigiWrangler.VRDigiWrangler:PersistentLevel.VRDigiWrangler' with GeneratedClass '/Game/Level/VRDigiWrangler.VRDigiWrangler_C' with ClassGeneratedBy '/Game/Level/VRDigiWrangler.VRDigiWrangler:PersistentLevel.VRDigiWrangler'
[2019.12.07-23.49.11:996][750]LogBlueprintUserMessages: Early EndPlayMap Detection: Level '/Game/Level/VRDigiWrangler.VRDigiWrangler:PersistentLevel' has LevelScriptBlueprint '/Game/Level/VRDigiWrangler.VRDigiWrangler:PersistentLevel.VRDigiWrangler' with GeneratedClass '/Game/Level/VRDigiWrangler.VRDigiWrangler_C' with ClassGeneratedBy '/Game/Level/VRDigiWrangler.VRDigiWrangler:PersistentLevel.VRDigiWrangler'
[2019.12.07-23.49.11:996][750]LogSlate: Updating window title bar state: overlay mode, drag disabled, window buttons hidden, title bar hidden
[2019.12.07-23.49.12:031][750]LogPlayLevel: Display: Shutting down PIE online subsystems
[2019.12.07-23.49.12:031][750]LogBlueprintUserMessages: Late EndPlayMap Detection: Level '/Game/Level/VRDigiWrangler.VRDigiWrangler:PersistentLevel' has LevelScriptBlueprint '/Game/Level/VRDigiWrangler.VRDigiWrangler:PersistentLevel.VRDigiWrangler' with GeneratedClass '/Game/Level/VRDigiWrangler.VRDigiWrangler_C' with ClassGeneratedBy '/Game/Level/VRDigiWrangler.VRDigiWrangler:PersistentLevel.VRDigiWrangler'
[2019.12.07-23.49.12:052][750]LogSlate: Updating window title bar state: overlay mode, drag disabled, window buttons hidden, title bar hidden
[2019.12.07-23.49.12:054][750]LogUObjectHash: Compacting FUObjectHashTables data took   0.87ms
[2019.12.07-23.49.12:098][755]LogPlayLevel: Display: Destroying online subsystem :Context_7
[2019.12.07-23.49.18:656][540]LogSlate: FSceneViewport::OnFocusLost() reason 0
[2019.12.07-23.49.25:384][341]LogSlate: FSceneViewport::OnFocusLost() reason 0
[2019.12.07-23.49.27:635][611]LogSlate: Took 0.000564 seconds to synchronously load lazily loaded font '../../../Engine/Content/Slate/Fonts/Roboto-Italic.ttf' (157K)
[2019.12.07-23.49.51:677][491]LogSlate: FSceneViewport::OnFocusLost() reason 0
[2019.12.07-23.50.08:285][478]LogSlate: FSceneViewport::OnFocusLost() reason 0
[2019.12.07-23.50.08:393][491]LogTemp: Repeating last play command: Selected Viewport
[2019.12.07-23.50.08:407][491]LogBlueprintUserMessages: Early PlayInEditor Detection: Level '/Game/Level/VRDigiWrangler.VRDigiWrangler:PersistentLevel' has LevelScriptBlueprint '/Game/Level/VRDigiWrangler.VRDigiWrangler:PersistentLevel.VRDigiWrangler' with GeneratedClass '/Game/Level/VRDigiWrangler.VRDigiWrangler_C' with ClassGeneratedBy '/Game/Level/VRDigiWrangler.VRDigiWrangler:PersistentLevel.VRDigiWrangler'
[2019.12.07-23.50.08:407][491]LogPlayLevel: PlayLevel: No blueprints needed recompiling
[2019.12.07-23.50.08:408][491]PIE: New page: PIE session: VRDigiWrangler (Dec 7, 2019, 1:50:08 PM)
[2019.12.07-23.50.08:408][491]LogPlayLevel: Creating play world package: /Game/Level/UEDPIE_0_VRDigiWrangler
[2019.12.07-23.50.08:410][491]LogPlayLevel: PIE: StaticDuplicateObject took: (0.002564s)
[2019.12.07-23.50.08:411][491]LogAIModule: Creating AISystem for world VRDigiWrangler
[2019.12.07-23.50.08:411][491]LogPlayLevel: PIE: World Init took: (0.000643s)
[2019.12.07-23.50.08:411][491]LogPlayLevel: PIE: Created PIE world by copying editor world from /Game/Level/VRDigiWrangler.VRDigiWrangler to /Game/Level/UEDPIE_0_VRDigiWrangler.VRDigiWrangler (0.003481s)
[2019.12.07-23.50.08:431][491]LogUObjectHash: Compacting FUObjectHashTables data took   1.68ms
[2019.12.07-23.50.08:442][491]LogInit: XAudio2 using 'Philips 244E (NVIDIA High Definition Audio)' : 2 channels at 48 kHz using 16 bits per sample (channel mask 0x3)
[2019.12.07-23.50.08:450][491]LogInit: FAudioDevice initialized.
[2019.12.07-23.50.08:481][491]LogLoad: Game class is 'BP_VRGameModeBase_C'
[2019.12.07-23.50.08:482][491]LogWorld: Bringing World /Game/Level/UEDPIE_0_VRDigiWrangler.VRDigiWrangler up for play (max tick rate 0) at 2019.12.07-18.50.08
[2019.12.07-23.50.08:482][491]LogWorld: Bringing up level for play took: 0.001067
[2019.12.07-23.50.08:499][491]PIE: Play in editor start time for /Game/Level/UEDPIE_0_VRDigiWrangler -0.718
[2019.12.07-23.50.08:500][491]LogBlueprintUserMessages: Late PlayInEditor Detection: Level '/Game/Level/VRDigiWrangler.VRDigiWrangler:PersistentLevel' has LevelScriptBlueprint '/Game/Level/VRDigiWrangler.VRDigiWrangler:PersistentLevel.VRDigiWrangler' with GeneratedClass '/Game/Level/VRDigiWrangler.VRDigiWrangler_C' with ClassGeneratedBy '/Game/Level/VRDigiWrangler.VRDigiWrangler:PersistentLevel.VRDigiWrangler'
[2019.12.07-23.50.24:315][385]LogSlate: FSceneViewport::OnFocusLost() reason 0
[2019.12.07-23.50.24:441][400]LogBlueprintUserMessages: Early EndPlayMap Detection: Level '/Game/Level/VRDigiWrangler.VRDigiWrangler:PersistentLevel' has LevelScriptBlueprint '/Game/Level/VRDigiWrangler.VRDigiWrangler:PersistentLevel.VRDigiWrangler' with GeneratedClass '/Game/Level/VRDigiWrangler.VRDigiWrangler_C' with ClassGeneratedBy '/Game/Level/VRDigiWrangler.VRDigiWrangler:PersistentLevel.VRDigiWrangler'
[2019.12.07-23.50.24:441][400]LogSlate: Updating window title bar state: overlay mode, drag disabled, window buttons hidden, title bar hidden
[2019.12.07-23.50.24:475][400]LogPlayLevel: Display: Shutting down PIE online subsystems
[2019.12.07-23.50.24:475][400]LogBlueprintUserMessages: Late EndPlayMap Detection: Level '/Game/Level/VRDigiWrangler.VRDigiWrangler:PersistentLevel' has LevelScriptBlueprint '/Game/Level/VRDigiWrangler.VRDigiWrangler:PersistentLevel.VRDigiWrangler' with GeneratedClass '/Game/Level/VRDigiWrangler.VRDigiWrangler_C' with ClassGeneratedBy '/Game/Level/VRDigiWrangler.VRDigiWrangler:PersistentLevel.VRDigiWrangler'
[2019.12.07-23.50.24:497][400]LogSlate: Updating window title bar state: overlay mode, drag disabled, window buttons hidden, title bar hidden
[2019.12.07-23.50.24:500][400]LogUObjectHash: Compacting FUObjectHashTables data took   1.33ms
[2019.12.07-23.50.24:547][405]LogPlayLevel: Display: Destroying online subsystem :Context_8
[2019.12.07-23.50.52:909][795]LogSlate: Took 0.000170 seconds to synchronously load lazily loaded font '../../../Engine/Content/Slate/Fonts/Roboto-Light.ttf' (167K)
[2019.12.07-23.50.52:946][795]LogUObjectHash: Compacting FUObjectHashTables data took   0.50ms
[2019.12.07-23.50.53:030][795]LogSavePackage: Moving '../../../../../../Users/rako0016/Desktop/HighLevel/Assignment 3/VRDigiWrangler/Saved/VRDigiWrangler6E52369A4F80289E38E4938EBB70692B.tmp' to '../../../../../../Users/rako0016/Desktop/HighLevel/Assignment 3/VRDigiWrangler/Content/Level/VRDigiWrangler.umap'
[2019.12.07-23.50.53:597][856]LogTemp: Repeating last play command: Selected Viewport
[2019.12.07-23.50.53:604][856]LogBlueprintUserMessages: Early PlayInEditor Detection: Level '/Game/Level/VRDigiWrangler.VRDigiWrangler:PersistentLevel' has LevelScriptBlueprint '/Game/Level/VRDigiWrangler.VRDigiWrangler:PersistentLevel.VRDigiWrangler' with GeneratedClass '/Game/Level/VRDigiWrangler.VRDigiWrangler_C' with ClassGeneratedBy '/Game/Level/VRDigiWrangler.VRDigiWrangler:PersistentLevel.VRDigiWrangler'
[2019.12.07-23.50.53:604][856]LogPlayLevel: PlayLevel: No blueprints needed recompiling
[2019.12.07-23.50.53:605][856]PIE: New page: PIE session: VRDigiWrangler (Dec 7, 2019, 1:50:53 PM)
[2019.12.07-23.50.53:605][856]LogPlayLevel: Creating play world package: /Game/Level/UEDPIE_0_VRDigiWrangler
[2019.12.07-23.50.53:607][856]LogPlayLevel: PIE: StaticDuplicateObject took: (0.002468s)
[2019.12.07-23.50.53:608][856]LogAIModule: Creating AISystem for world VRDigiWrangler
[2019.12.07-23.50.53:608][856]LogPlayLevel: PIE: World Init took: (0.000579s)
[2019.12.07-23.50.53:608][856]LogPlayLevel: PIE: Created PIE world by copying editor world from /Game/Level/VRDigiWrangler.VRDigiWrangler to /Game/Level/UEDPIE_0_VRDigiWrangler.VRDigiWrangler (0.003324s)
[2019.12.07-23.50.53:628][856]LogUObjectHash: Compacting FUObjectHashTables data took   1.37ms
[2019.12.07-23.50.53:639][856]LogInit: XAudio2 using 'Philips 244E (NVIDIA High Definition Audio)' : 2 channels at 48 kHz using 16 bits per sample (channel mask 0x3)
[2019.12.07-23.50.53:647][856]LogInit: FAudioDevice initialized.
[2019.12.07-23.50.53:676][856]LogLoad: Game class is 'BP_VRGameModeBase_C'
[2019.12.07-23.50.53:677][856]LogWorld: Bringing World /Game/Level/UEDPIE_0_VRDigiWrangler.VRDigiWrangler up for play (max tick rate 0) at 2019.12.07-18.50.53
[2019.12.07-23.50.53:677][856]LogWorld: Bringing up level for play took: 0.000870
[2019.12.07-23.50.53:695][856]PIE: Play in editor start time for /Game/Level/UEDPIE_0_VRDigiWrangler 0.477
[2019.12.07-23.50.53:695][856]LogBlueprintUserMessages: Late PlayInEditor Detection: Level '/Game/Level/VRDigiWrangler.VRDigiWrangler:PersistentLevel' has LevelScriptBlueprint '/Game/Level/VRDigiWrangler.VRDigiWrangler:PersistentLevel.VRDigiWrangler' with GeneratedClass '/Game/Level/VRDigiWrangler.VRDigiWrangler_C' with ClassGeneratedBy '/Game/Level/VRDigiWrangler.VRDigiWrangler:PersistentLevel.VRDigiWrangler'
