Log file open, 12/09/19 02:12:33
LogWindows: Failed to load 'aqProf.dll' (GetLastError=126)
LogWindows: File 'aqProf.dll' does not exist
LogWindows: Failed to load 'VtuneApi.dll' (GetLastError=126)
LogWindows: File 'VtuneApi.dll' does not exist
LogWindows: Failed to load 'VtuneApi32e.dll' (GetLastError=126)
LogWindows: File 'VtuneApi32e.dll' does not exist
LogConsoleResponse: Display: Failed to find resolution value strings in scalability ini. Falling back to default.
LogInit: Display: Running engine for game: VRDigiWrangler
LogPakFile: Registered encryption key '00000000000000000000000000000000': 0 pak files mounted, 0 remain pending
LogPlatformFile: Not using cached read wrapper
LogTaskGraph: Started task graph with 5 named threads and 23 total threads with 3 sets of task threads.
LogStats: Stats thread started at 0.352601
LogD3D11RHI: Loaded GFSDK_Aftermath_Lib.x64.dll
LogICUInternationalization: ICU TimeZone Detection - Raw Offset: -5:00, Platform Override: ''
LogPluginManager: Mounting plugin Paper2D
LogPluginManager: Mounting plugin AISupport
LogPluginManager: Mounting plugin LightPropagationVolume
LogPluginManager: Mounting plugin ActorLayerUtilities
LogPluginManager: Mounting plugin AnimationSharing
LogPluginManager: Mounting plugin CLionSourceCodeAccess
LogPluginManager: Mounting plugin CodeLiteSourceCodeAccess
LogPluginManager: Mounting plugin GitSourceControl
LogPluginManager: Mounting plugin KDevelopSourceCodeAccess
LogPluginManager: Mounting plugin NullSourceCodeAccess
LogPluginManager: Mounting plugin PerforceSourceControl
LogPluginManager: Mounting plugin SubversionSourceControl
LogPluginManager: Mounting plugin UObjectPlugin
LogPluginManager: Mounting plugin VisualStudioCodeSourceCodeAccess
LogPluginManager: Mounting plugin VisualStudioSourceCodeAccess
LogPluginManager: Mounting plugin XCodeSourceCodeAccess
LogPluginManager: Mounting plugin AssetManagerEditor
LogPluginManager: Mounting plugin CryptoKeys
LogPluginManager: Mounting plugin DataValidation
LogPluginManager: Mounting plugin FacialAnimation
LogPluginManager: Mounting plugin GameplayTagsEditor
LogPluginManager: Mounting plugin MacGraphicsSwitching
LogPluginManager: Mounting plugin MaterialAnalyzer
LogPluginManager: Mounting plugin MobileLauncherProfileWizard
LogPluginManager: Mounting plugin PluginBrowser
LogPluginManager: Mounting plugin SpeedTreeImporter
LogPluginManager: Mounting plugin DatasmithContent
LogPluginManager: Mounting plugin VariantManagerContent
LogPluginManager: Mounting plugin AlembicImporter
LogPluginManager: Mounting plugin AppleImageUtils
LogPluginManager: Mounting plugin AppleVision
LogPluginManager: Mounting plugin BackChannel
LogPluginManager: Mounting plugin CharacterAI
LogPluginManager: Mounting plugin GeometryCache
LogPluginManager: Mounting plugin HTML5Networking
LogPluginManager: Mounting plugin ProxyLODPlugin
LogPluginManager: Mounting plugin SkeletalReduction
LogPluginManager: Mounting plugin MagicLeap
LogPluginManager: Mounting plugin MagicLeapMedia
LogPluginManager: Mounting plugin AndroidMedia
LogPluginManager: Mounting plugin AvfMedia
LogPluginManager: Mounting plugin ImgMedia
LogPluginManager: Mounting plugin LinearTimecode
LogPluginManager: Mounting plugin MediaCompositing
LogPluginManager: Mounting plugin MediaPlayerEditor
LogPluginManager: Mounting plugin WebMMedia
LogPluginManager: Mounting plugin WmfMedia
LogPluginManager: Mounting plugin TcpMessaging
LogPluginManager: Mounting plugin UdpMessaging
LogPluginManager: Mounting plugin ActorSequence
LogPluginManager: Mounting plugin LevelSequenceEditor
LogPluginManager: Mounting plugin MatineeToLevelSequence
LogPluginManager: Mounting plugin NetcodeUnitTest
LogPluginManager: Mounting plugin NUTUnrealEngine4
LogPluginManager: Mounting plugin OnlineSubsystemGooglePlay
LogPluginManager: Mounting plugin OnlineSubsystemIOS
LogPluginManager: Mounting plugin OnlineSubsystem
LogPluginManager: Mounting plugin OnlineSubsystemNull
LogPluginManager: Mounting plugin OnlineSubsystemUtils
LogPluginManager: Mounting plugin LauncherChunkInstaller
LogPluginManager: Mounting plugin AndroidDeviceProfileSelector
LogPluginManager: Mounting plugin AndroidMoviePlayer
LogPluginManager: Mounting plugin AndroidPermission
LogPluginManager: Mounting plugin AppleMoviePlayer
LogPluginManager: Mounting plugin ArchVisCharacter
LogPluginManager: Mounting plugin AudioCapture
LogPluginManager: Mounting plugin CableComponent
LogPluginManager: Mounting plugin CustomMeshComponent
LogPluginManager: Mounting plugin EditableMesh
LogPluginManager: Mounting plugin ExampleDeviceProfileSelector
LogPluginManager: Mounting plugin Firebase
LogPluginManager: Mounting plugin GoogleCloudMessaging
LogPluginManager: Mounting plugin IOSDeviceProfileSelector
LogPluginManager: Mounting plugin LinuxDeviceProfileSelector
LogPluginManager: Mounting plugin LocationServicesBPLibrary
LogPluginManager: Mounting plugin MobilePatchingUtils
LogPluginManager: Mounting plugin OculusVR
LogPluginManager: Mounting plugin PhysXVehicles
LogPluginManager: Mounting plugin ProceduralMeshComponent
LogPluginManager: Mounting plugin RuntimePhysXCooking
LogPluginManager: Mounting plugin SignificanceManager
LogPluginManager: Mounting plugin SteamVR
LogPluginManager: Mounting plugin WebMMoviePlayer
LogPluginManager: Mounting plugin WindowsMoviePlayer
LogInit: Using libcurl 7.55.1-DEV
LogInit:  - built for x86_64-pc-win32
LogInit:  - supports SSL with OpenSSL/1.1.1
LogInit:  - supports HTTP deflate (compression) using libz 1.2.8
LogInit:  - other features:
LogInit:      CURL_VERSION_SSL
LogInit:      CURL_VERSION_LIBZ
LogInit:      CURL_VERSION_IPV6
LogInit:      CURL_VERSION_ASYNCHDNS
LogInit:      CURL_VERSION_LARGEFILE
LogInit:      CURL_VERSION_IDN
LogInit:  CurlRequestOptions (configurable via config and command line):
LogInit:  - bVerifyPeer = true  - Libcurl will verify peer certificate
LogInit:  - bUseHttpProxy = false  - Libcurl will NOT use HTTP proxy
LogInit:  - bDontReuseConnections = false  - Libcurl will reuse connections
LogInit:  - MaxHostConnections = 16  - Libcurl will limit the number of connections to a host
LogInit:  - LocalHostAddr = Default
LogInit:  - BufferSize = 65536
LogInit: WinSock: version 1.1 (2.2), MaxSocks=32767, MaxUdp=65467
LogInit: Build: ++UE4+Release-4.22-CL-7053642
LogInit: Engine Version: 4.22.3-7053642+++UE4+Release-4.22
LogInit: Compatible Engine Version: 4.22.0-5660361+++UE4+Release-4.22
LogInit: Net CL: 5660361
LogInit: OS: Windows 10 (Release 1809) (), CPU:        Intel(R) Core(TM) i7-3770K CPU @ 3.50GHz, GPU: NVIDIA GeForce GTX 670
LogInit: Compiled (64-bit): Jun 18 2019 03:09:11
LogInit: Compiled with Visual C++: 19.16.27025.01
LogInit: Build Configuration: Development
LogInit: Branch Name: ++UE4+Release-4.22
LogInit: Command Line:  -skipcompile
LogInit: Base Directory: C:/Program Files/Epic Games/UE_4.22/Engine/Binaries/Win64/
LogInit: Installed Engine Build: 1
LogDevObjectVersion: Number of dev versions registered: 23
LogDevObjectVersion:   Dev-Blueprints (B0D832E4-1F89-4F0D-ACCF-7EB736FD4AA2): 10
LogDevObjectVersion:   Dev-Build (E1C64328-A22C-4D53-A36C-8E866417BD8C): 0
LogDevObjectVersion:   Dev-Core (375EC13C-06E4-48FB-B500-84F0262A717E): 3
LogDevObjectVersion:   Dev-Editor (E4B068ED-F494-42E9-A231-DA0B2E46BB41): 30
LogDevObjectVersion:   Dev-Framework (CFFC743F-43B0-4480-9391-14DF171D2073): 35
LogDevObjectVersion:   Dev-Mobile (B02B49B5-BB20-44E9-A304-32B752E40360): 2
LogDevObjectVersion:   Dev-Networking (A4E4105C-59A1-49B5-A7C5-40C4547EDFEE): 0
LogDevObjectVersion:   Dev-Online (39C831C9-5AE6-47DC-9A44-9C173E1C8E7C): 0
LogDevObjectVersion:   Dev-Physics (78F01B33-EBEA-4F98-B9B4-84EACCB95AA2): 0
LogDevObjectVersion:   Dev-Platform (6631380F-2D4D-43E0-8009-CF276956A95A): 0
LogDevObjectVersion:   Dev-Rendering (12F88B9F-8875-4AFC-A67C-D90C383ABD29): 28
LogDevObjectVersion:   Dev-Sequencer (7B5AE74C-D270-4C10-A958-57980B212A5A): 11
LogDevObjectVersion:   Dev-VR (D7296918-1DD6-4BDD-9DE2-64A83CC13884): 2
LogDevObjectVersion:   Dev-LoadTimes (C2A15278-BFE7-4AFE-6C17-90FF531DF755): 1
LogDevObjectVersion:   Private-Geometry (6EACA3D4-40EC-4CC1-B786-8BED09428FC5): 3
LogDevObjectVersion:   Dev-AnimPhys (29E575DD-E0A3-4627-9D10-D276232CDCEA): 17
LogDevObjectVersion:   Dev-Anim (AF43A65D-7FD3-4947-9873-3E8ED9C1BB05): 2
LogDevObjectVersion:   Dev-ReflectionCapture (6B266CEC-1EC7-4B8F-A30B-E4D90942FC07): 1
LogDevObjectVersion:   Dev-Automation (0DF73D61-A23F-47EA-B727-89E90C41499A): 1
LogDevObjectVersion:   FortniteMain (601D1886-AC64-4F84-AA16-D3DE0DEAC7D6): 25
LogDevObjectVersion:   Dev-Enterprise (9DFFBCD6-494F-0158-E221-12823C92A888): 6
LogDevObjectVersion:   Dev-Niagara (F2AED0AC-9AFE-416F-8664-AA7FFA26D6FC): 1
LogDevObjectVersion:   Dev-Destruction (174F1F0B-B4C6-45A5-B13F-2EE8D0FB917D): 2
LogInit: Presizing for max 16777216 objects, including 0 objects not considered by GC, pre-allocating 0 bytes for permanent pool.
LogInit: Object subsystem initialized
LogConfig: Setting CVar [[con.DebugEarlyDefault:1]]
LogConfig: Setting CVar [[r.setres:1280x720]]
[2019.12.09-07.12.33:483][  0]LogConfig: Setting CVar [[r.VSync:0]]
[2019.12.09-07.12.33:483][  0]LogConfig: Setting CVar [[r.RHICmdBypass:0]]
[2019.12.09-07.12.33:483][  0]LogConfig: Applying CVar settings from Section [/Script/Engine.RendererSettings] File [C:/Users/rako0016/Desktop/HighLevel/Assignment 3/VRDigiWrangler/Saved/Config/Windows/Engine.ini]
[2019.12.09-07.12.33:483][  0]LogConfig: Setting CVar [[r.GPUCrashDebugging:0]]
[2019.12.09-07.12.33:483][  0]LogConfig: Setting CVar [[r.DefaultFeature.AutoExposure.ExtendDefaultLuminanceRange:1]]
[2019.12.09-07.12.33:483][  0]LogConfig: Applying CVar settings from Section [/Script/Engine.RendererOverrideSettings] File [C:/Users/rako0016/Desktop/HighLevel/Assignment 3/VRDigiWrangler/Saved/Config/Windows/Engine.ini]
[2019.12.09-07.12.33:483][  0]LogConfig: Applying CVar settings from Section [/Script/Engine.StreamingSettings] File [C:/Users/rako0016/Desktop/HighLevel/Assignment 3/VRDigiWrangler/Saved/Config/Windows/Engine.ini]
[2019.12.09-07.12.33:483][  0]LogConfig: Setting CVar [[s.MinBulkDataSizeForAsyncLoading:131072]]
[2019.12.09-07.12.33:483][  0]LogConfig: Setting CVar [[s.AsyncLoadingThreadEnabled:0]]
[2019.12.09-07.12.33:483][  0]LogConfig: Setting CVar [[s.EventDrivenLoaderEnabled:1]]
[2019.12.09-07.12.33:483][  0]LogConfig: Setting CVar [[s.WarnIfTimeLimitExceeded:0]]
[2019.12.09-07.12.33:483][  0]LogConfig: Setting CVar [[s.TimeLimitExceededMultiplier:1.5]]
[2019.12.09-07.12.33:483][  0]LogConfig: Setting CVar [[s.TimeLimitExceededMinTime:0.005]]
[2019.12.09-07.12.33:484][  0]LogConfig: Setting CVar [[s.UseBackgroundLevelStreaming:1]]
[2019.12.09-07.12.33:484][  0]LogConfig: Setting CVar [[s.PriorityAsyncLoadingExtraTime:15.0]]
[2019.12.09-07.12.33:484][  0]LogConfig: Setting CVar [[s.LevelStreamingActorsUpdateTimeLimit:5.0]]
[2019.12.09-07.12.33:484][  0]LogConfig: Setting CVar [[s.PriorityLevelStreamingActorsUpdateExtraTime:5.0]]
[2019.12.09-07.12.33:484][  0]LogConfig: Setting CVar [[s.LevelStreamingComponentsRegistrationGranularity:10]]
[2019.12.09-07.12.33:484][  0]LogConfig: Setting CVar [[s.UnregisterComponentsTimeLimit:1.0]]
[2019.12.09-07.12.33:484][  0]LogConfig: Setting CVar [[s.LevelStreamingComponentsUnregistrationGranularity:5]]
[2019.12.09-07.12.33:484][  0]LogConfig: Applying CVar settings from Section [/Script/Engine.GarbageCollectionSettings] File [C:/Users/rako0016/Desktop/HighLevel/Assignment 3/VRDigiWrangler/Saved/Config/Windows/Engine.ini]
[2019.12.09-07.12.33:484][  0]LogConfig: Setting CVar [[gc.MaxObjectsNotConsideredByGC:1]]
[2019.12.09-07.12.33:484][  0]LogConfig: Setting CVar [[gc.SizeOfPermanentObjectPool:0]]
[2019.12.09-07.12.33:484][  0]LogConfig: Setting CVar [[gc.FlushStreamingOnGC:0]]
[2019.12.09-07.12.33:484][  0]LogConfig: Setting CVar [[gc.NumRetriesBeforeForcingGC:10]]
[2019.12.09-07.12.33:484][  0]LogConfig: Setting CVar [[gc.AllowParallelGC:1]]
[2019.12.09-07.12.33:484][  0]LogConfig: Setting CVar [[gc.TimeBetweenPurgingPendingKillObjects:61.1]]
[2019.12.09-07.12.33:484][  0]LogConfig: Setting CVar [[gc.MaxObjectsInEditor:16777216]]
[2019.12.09-07.12.33:484][  0]LogConfig: Setting CVar [[gc.IncrementalBeginDestroyEnabled:1]]
[2019.12.09-07.12.33:484][  0]LogConfig: Setting CVar [[gc.CreateGCClusters:1]]
[2019.12.09-07.12.33:484][  0]LogConfig: Setting CVar [[gc.MinGCClusterSize:5]]
[2019.12.09-07.12.33:484][  0]LogConfig: Setting CVar [[gc.ActorClusteringEnabled:0]]
[2019.12.09-07.12.33:484][  0]LogConfig: Setting CVar [[gc.BlueprintClusteringEnabled:0]]
[2019.12.09-07.12.33:484][  0]LogConfig: Setting CVar [[gc.UseDisregardForGCOnDedicatedServers:0]]
[2019.12.09-07.12.33:484][  0]LogConfig: Applying CVar settings from Section [/Script/Engine.NetworkSettings] File [C:/Users/rako0016/Desktop/HighLevel/Assignment 3/VRDigiWrangler/Saved/Config/Windows/Engine.ini]
[2019.12.09-07.12.33:484][  0]LogConfig: Applying CVar settings from Section [/Script/UnrealEd.CookerSettings] File [C:/Users/rako0016/Desktop/HighLevel/Assignment 3/VRDigiWrangler/Saved/Config/Windows/Engine.ini]
[2019.12.09-07.12.33:490][  0]LogConfig: Applying CVar settings from Section [ViewDistanceQuality@3] File [C:/Users/rako0016/Desktop/HighLevel/Assignment 3/VRDigiWrangler/Saved/Config/Windows/Scalability.ini]
[2019.12.09-07.12.33:490][  0]LogConfig: Setting CVar [[r.SkeletalMeshLODBias:0]]
[2019.12.09-07.12.33:490][  0]LogConfig: Setting CVar [[r.ViewDistanceScale:1.0]]
[2019.12.09-07.12.33:490][  0]LogConfig: Applying CVar settings from Section [AntiAliasingQuality@3] File [C:/Users/rako0016/Desktop/HighLevel/Assignment 3/VRDigiWrangler/Saved/Config/Windows/Scalability.ini]
[2019.12.09-07.12.33:490][  0]LogConfig: Setting CVar [[r.PostProcessAAQuality:4]]
[2019.12.09-07.12.33:490][  0]LogConfig: Applying CVar settings from Section [ShadowQuality@3] File [C:/Users/rako0016/Desktop/HighLevel/Assignment 3/VRDigiWrangler/Saved/Config/Windows/Scalability.ini]
[2019.12.09-07.12.33:490][  0]LogConfig: Setting CVar [[r.LightFunctionQuality:1]]
[2019.12.09-07.12.33:490][  0]LogConfig: Setting CVar [[r.ShadowQuality:5]]
[2019.12.09-07.12.33:490][  0]LogConfig: Setting CVar [[r.Shadow.CSM.MaxCascades:10]]
[2019.12.09-07.12.33:490][  0]LogConfig: Setting CVar [[r.Shadow.MaxResolution:2048]]
[2019.12.09-07.12.33:490][  0]LogConfig: Setting CVar [[r.Shadow.MaxCSMResolution:2048]]
[2019.12.09-07.12.33:490][  0]LogConfig: Setting CVar [[r.Shadow.RadiusThreshold:0.01]]
[2019.12.09-07.12.33:490][  0]LogConfig: Setting CVar [[r.Shadow.DistanceScale:1.0]]
[2019.12.09-07.12.33:490][  0]LogConfig: Setting CVar [[r.Shadow.CSM.TransitionScale:1.0]]
[2019.12.09-07.12.33:490][  0]LogConfig: Setting CVar [[r.Shadow.PreShadowResolutionFactor:1.0]]
[2019.12.09-07.12.33:490][  0]LogConfig: Setting CVar [[r.DistanceFieldShadowing:1]]
[2019.12.09-07.12.33:490][  0]LogConfig: Setting CVar [[r.DistanceFieldAO:1]]
[2019.12.09-07.12.33:490][  0]LogConfig: Setting CVar [[r.AOQuality:2]]
[2019.12.09-07.12.33:491][  0]LogConfig: Setting CVar [[r.VolumetricFog:1]]
[2019.12.09-07.12.33:491][  0]LogConfig: Setting CVar [[r.VolumetricFog.GridPixelSize:8]]
[2019.12.09-07.12.33:491][  0]LogConfig: Setting CVar [[r.VolumetricFog.GridSizeZ:128]]
[2019.12.09-07.12.33:491][  0]LogConfig: Setting CVar [[r.VolumetricFog.HistoryMissSupersampleCount:4]]
[2019.12.09-07.12.33:491][  0]LogConfig: Setting CVar [[r.LightMaxDrawDistanceScale:1]]
[2019.12.09-07.12.33:491][  0]LogConfig: Setting CVar [[r.CapsuleShadows:1]]
[2019.12.09-07.12.33:491][  0]LogConfig: Applying CVar settings from Section [PostProcessQuality@3] File [C:/Users/rako0016/Desktop/HighLevel/Assignment 3/VRDigiWrangler/Saved/Config/Windows/Scalability.ini]
[2019.12.09-07.12.33:491][  0]LogConfig: Setting CVar [[r.MotionBlurQuality:4]]
[2019.12.09-07.12.33:491][  0]LogConfig: Setting CVar [[r.AmbientOcclusionMipLevelFactor:0.4]]
[2019.12.09-07.12.33:491][  0]LogConfig: Setting CVar [[r.AmbientOcclusionMaxQuality:100]]
[2019.12.09-07.12.33:491][  0]LogConfig: Setting CVar [[r.AmbientOcclusionLevels:-1]]
[2019.12.09-07.12.33:491][  0]LogConfig: Setting CVar [[r.AmbientOcclusionRadiusScale:1.0]]
[2019.12.09-07.12.33:491][  0]LogConfig: Setting CVar [[r.DepthOfFieldQuality:2]]
[2019.12.09-07.12.33:491][  0]LogConfig: Setting CVar [[r.RenderTargetPoolMin:400]]
[2019.12.09-07.12.33:491][  0]LogConfig: Setting CVar [[r.LensFlareQuality:2]]
[2019.12.09-07.12.33:491][  0]LogConfig: Setting CVar [[r.SceneColorFringeQuality:1]]
[2019.12.09-07.12.33:491][  0]LogConfig: Setting CVar [[r.EyeAdaptationQuality:2]]
[2019.12.09-07.12.33:491][  0]LogConfig: Setting CVar [[r.BloomQuality:5]]
[2019.12.09-07.12.33:491][  0]LogConfig: Setting CVar [[r.FastBlurThreshold:100]]
[2019.12.09-07.12.33:491][  0]LogConfig: Setting CVar [[r.Upscale.Quality:3]]
[2019.12.09-07.12.33:491][  0]LogConfig: Setting CVar [[r.Tonemapper.GrainQuantization:1]]
[2019.12.09-07.12.33:491][  0]LogConfig: Setting CVar [[r.LightShaftQuality:1]]
[2019.12.09-07.12.33:492][  0]LogConfig: Setting CVar [[r.Filter.SizeScale:1]]
[2019.12.09-07.12.33:492][  0]LogConfig: Setting CVar [[r.Tonemapper.Quality:5]]
[2019.12.09-07.12.33:492][  0]LogConfig: Setting CVar [[r.DOF.Gather.AccumulatorQuality:1        ; higher gathering accumulator quality]]
[2019.12.09-07.12.33:492][  0]LogConfig: Setting CVar [[r.DOF.Gather.PostfilterMethod:1          ; Median3x3 postfilering method]]
[2019.12.09-07.12.33:492][  0]LogConfig: Setting CVar [[r.DOF.Gather.EnableBokehSettings:0       ; no bokeh simulation when gathering]]
[2019.12.09-07.12.33:492][  0]LogConfig: Setting CVar [[r.DOF.Gather.RingCount:4                 ; medium number of samples when gathering]]
[2019.12.09-07.12.33:492][  0]LogConfig: Setting CVar [[r.DOF.Scatter.ForegroundCompositing:1    ; additive foreground scattering]]
[2019.12.09-07.12.33:492][  0]LogConfig: Setting CVar [[r.DOF.Scatter.BackgroundCompositing:2    ; additive background scattering]]
[2019.12.09-07.12.33:492][  0]LogConfig: Setting CVar [[r.DOF.Scatter.EnableBokehSettings:1      ; bokeh simulation when scattering]]
[2019.12.09-07.12.33:492][  0]LogConfig: Setting CVar [[r.DOF.Scatter.MaxSpriteRatio:0.1         ; only a maximum of 10% of scattered bokeh]]
[2019.12.09-07.12.33:492][  0]LogConfig: Setting CVar [[r.DOF.Recombine.Quality:1                ; cheap slight out of focus]]
[2019.12.09-07.12.33:492][  0]LogConfig: Setting CVar [[r.DOF.Recombine.EnableBokehSettings:0    ; no bokeh simulation on slight out of focus]]
[2019.12.09-07.12.33:492][  0]LogConfig: Setting CVar [[r.DOF.TemporalAAQuality:1                ; more stable temporal accumulation]]
[2019.12.09-07.12.33:492][  0]LogConfig: Setting CVar [[r.DOF.Kernel.MaxForegroundRadius:0.025]]
[2019.12.09-07.12.33:492][  0]LogConfig: Setting CVar [[r.DOF.Kernel.MaxBackgroundRadius:0.025]]
[2019.12.09-07.12.33:492][  0]LogConfig: Applying CVar settings from Section [TextureQuality@3] File [C:/Users/rako0016/Desktop/HighLevel/Assignment 3/VRDigiWrangler/Saved/Config/Windows/Scalability.ini]
[2019.12.09-07.12.33:492][  0]LogConfig: Setting CVar [[r.Streaming.MipBias:0]]
[2019.12.09-07.12.33:492][  0]LogConfig: Setting CVar [[r.Streaming.AmortizeCPUToGPUCopy:0]]
[2019.12.09-07.12.33:492][  0]LogConfig: Setting CVar [[r.Streaming.MaxNumTexturesToStreamPerFrame:0]]
[2019.12.09-07.12.33:492][  0]LogConfig: Setting CVar [[r.Streaming.Boost:1]]
[2019.12.09-07.12.33:492][  0]LogConfig: Setting CVar [[r.MaxAnisotropy:8]]
[2019.12.09-07.12.33:492][  0]LogConfig: Setting CVar [[r.Streaming.LimitPoolSizeToVRAM:0]]
[2019.12.09-07.12.33:492][  0]LogConfig: Setting CVar [[r.Streaming.PoolSize:1000]]
[2019.12.09-07.12.33:492][  0]LogConfig: Setting CVar [[r.Streaming.MaxEffectiveScreenSize:0]]
[2019.12.09-07.12.33:493][  0]LogConfig: Applying CVar settings from Section [EffectsQuality@3] File [C:/Users/rako0016/Desktop/HighLevel/Assignment 3/VRDigiWrangler/Saved/Config/Windows/Scalability.ini]
[2019.12.09-07.12.33:493][  0]LogConfig: Setting CVar [[r.TranslucencyLightingVolumeDim:64]]
[2019.12.09-07.12.33:493][  0]LogConfig: Setting CVar [[r.RefractionQuality:2]]
[2019.12.09-07.12.33:493][  0]LogConfig: Setting CVar [[r.SSR.Quality:3]]
[2019.12.09-07.12.33:493][  0]LogConfig: Setting CVar [[r.SceneColorFormat:4]]
[2019.12.09-07.12.33:493][  0]LogConfig: Setting CVar [[r.DetailMode:2]]
[2019.12.09-07.12.33:493][  0]LogConfig: Setting CVar [[r.TranslucencyVolumeBlur:1]]
[2019.12.09-07.12.33:493][  0]LogConfig: Setting CVar [[r.MaterialQualityLevel:1 ; High quality]]
[2019.12.09-07.12.33:493][  0]LogConfig: Setting CVar [[r.SSS.Scale:1]]
[2019.12.09-07.12.33:493][  0]LogConfig: Setting CVar [[r.SSS.SampleSet:2]]
[2019.12.09-07.12.33:493][  0]LogConfig: Setting CVar [[r.SSS.Quality:1]]
[2019.12.09-07.12.33:493][  0]LogConfig: Setting CVar [[r.SSS.HalfRes:1]]
[2019.12.09-07.12.33:493][  0]LogConfig: Setting CVar [[r.EmitterSpawnRateScale:1.0]]
[2019.12.09-07.12.33:493][  0]LogConfig: Setting CVar [[r.ParticleLightQuality:2]]
[2019.12.09-07.12.33:493][  0]LogConfig: Applying CVar settings from Section [FoliageQuality@3] File [C:/Users/rako0016/Desktop/HighLevel/Assignment 3/VRDigiWrangler/Saved/Config/Windows/Scalability.ini]
[2019.12.09-07.12.33:493][  0]LogConfig: Setting CVar [[foliage.DensityScale:1.0]]
[2019.12.09-07.12.33:493][  0]LogConfig: Setting CVar [[grass.DensityScale:1.0]]
[2019.12.09-07.12.33:493][  0]LogInit: Selected Device Profile: [Windows]
[2019.12.09-07.12.33:493][  0]LogInit: Applying CVar settings loaded from the selected device profile: [Windows]
[2019.12.09-07.12.33:504][  0]LogHAL: Display: Platform has ~ 16 GB [17121820672 / 17179869184 / 16], which maps to Larger [LargestMinGB=32, LargerMinGB=12, DefaultMinGB=8, SmallerMinGB=6, SmallestMinGB=0)
[2019.12.09-07.12.33:504][  0]LogConfig: Setting CVar [[r.Vulkan.UseRealUBs:0		; Required until we fix HLR fall-out]]
[2019.12.09-07.12.33:504][  0]LogInit: Going up to parent DeviceProfile []
[2019.12.09-07.12.33:504][  0]LogConfig: Applying CVar settings from Section [ViewDistanceQuality@3] File [C:/Users/rako0016/Desktop/HighLevel/Assignment 3/VRDigiWrangler/Saved/Config/Windows/Scalability.ini]
[2019.12.09-07.12.33:504][  0]LogConfig: Setting CVar [[r.SkeletalMeshLODBias:0]]
[2019.12.09-07.12.33:504][  0]LogConfig: Setting CVar [[r.ViewDistanceScale:1.0]]
[2019.12.09-07.12.33:504][  0]LogConfig: Applying CVar settings from Section [AntiAliasingQuality@3] File [C:/Users/rako0016/Desktop/HighLevel/Assignment 3/VRDigiWrangler/Saved/Config/Windows/Scalability.ini]
[2019.12.09-07.12.33:504][  0]LogConfig: Setting CVar [[r.PostProcessAAQuality:4]]
[2019.12.09-07.12.33:504][  0]LogConfig: Applying CVar settings from Section [ShadowQuality@3] File [C:/Users/rako0016/Desktop/HighLevel/Assignment 3/VRDigiWrangler/Saved/Config/Windows/Scalability.ini]
[2019.12.09-07.12.33:504][  0]LogConfig: Setting CVar [[r.LightFunctionQuality:1]]
[2019.12.09-07.12.33:504][  0]LogConfig: Setting CVar [[r.ShadowQuality:5]]
[2019.12.09-07.12.33:504][  0]LogConfig: Setting CVar [[r.Shadow.CSM.MaxCascades:10]]
[2019.12.09-07.12.33:504][  0]LogConfig: Setting CVar [[r.Shadow.MaxResolution:2048]]
[2019.12.09-07.12.33:505][  0]LogConfig: Setting CVar [[r.Shadow.MaxCSMResolution:2048]]
[2019.12.09-07.12.33:505][  0]LogConfig: Setting CVar [[r.Shadow.RadiusThreshold:0.01]]
[2019.12.09-07.12.33:505][  0]LogConfig: Setting CVar [[r.Shadow.DistanceScale:1.0]]
[2019.12.09-07.12.33:505][  0]LogConfig: Setting CVar [[r.Shadow.CSM.TransitionScale:1.0]]
[2019.12.09-07.12.33:505][  0]LogConfig: Setting CVar [[r.Shadow.PreShadowResolutionFactor:1.0]]
[2019.12.09-07.12.33:505][  0]LogConfig: Setting CVar [[r.DistanceFieldShadowing:1]]
[2019.12.09-07.12.33:505][  0]LogConfig: Setting CVar [[r.DistanceFieldAO:1]]
[2019.12.09-07.12.33:505][  0]LogConfig: Setting CVar [[r.AOQuality:2]]
[2019.12.09-07.12.33:505][  0]LogConfig: Setting CVar [[r.VolumetricFog:1]]
[2019.12.09-07.12.33:505][  0]LogConfig: Setting CVar [[r.VolumetricFog.GridPixelSize:8]]
[2019.12.09-07.12.33:505][  0]LogConfig: Setting CVar [[r.VolumetricFog.GridSizeZ:128]]
[2019.12.09-07.12.33:505][  0]LogConfig: Setting CVar [[r.VolumetricFog.HistoryMissSupersampleCount:4]]
[2019.12.09-07.12.33:505][  0]LogConfig: Setting CVar [[r.LightMaxDrawDistanceScale:1]]
[2019.12.09-07.12.33:505][  0]LogConfig: Setting CVar [[r.CapsuleShadows:1]]
[2019.12.09-07.12.33:505][  0]LogConfig: Applying CVar settings from Section [PostProcessQuality@3] File [C:/Users/rako0016/Desktop/HighLevel/Assignment 3/VRDigiWrangler/Saved/Config/Windows/Scalability.ini]
[2019.12.09-07.12.33:505][  0]LogConfig: Setting CVar [[r.MotionBlurQuality:4]]
[2019.12.09-07.12.33:505][  0]LogConfig: Setting CVar [[r.AmbientOcclusionMipLevelFactor:0.4]]
[2019.12.09-07.12.33:506][  0]LogConfig: Setting CVar [[r.AmbientOcclusionMaxQuality:100]]
[2019.12.09-07.12.33:506][  0]LogConfig: Setting CVar [[r.AmbientOcclusionLevels:-1]]
[2019.12.09-07.12.33:506][  0]LogConfig: Setting CVar [[r.AmbientOcclusionRadiusScale:1.0]]
[2019.12.09-07.12.33:506][  0]LogConfig: Setting CVar [[r.DepthOfFieldQuality:2]]
[2019.12.09-07.12.33:506][  0]LogConfig: Setting CVar [[r.RenderTargetPoolMin:400]]
[2019.12.09-07.12.33:506][  0]LogConfig: Setting CVar [[r.LensFlareQuality:2]]
[2019.12.09-07.12.33:506][  0]LogConfig: Setting CVar [[r.SceneColorFringeQuality:1]]
[2019.12.09-07.12.33:506][  0]LogConfig: Setting CVar [[r.EyeAdaptationQuality:2]]
[2019.12.09-07.12.33:506][  0]LogConfig: Setting CVar [[r.BloomQuality:5]]
[2019.12.09-07.12.33:506][  0]LogConfig: Setting CVar [[r.FastBlurThreshold:100]]
[2019.12.09-07.12.33:506][  0]LogConfig: Setting CVar [[r.Upscale.Quality:3]]
[2019.12.09-07.12.33:506][  0]LogConfig: Setting CVar [[r.Tonemapper.GrainQuantization:1]]
[2019.12.09-07.12.33:506][  0]LogConfig: Setting CVar [[r.LightShaftQuality:1]]
[2019.12.09-07.12.33:506][  0]LogConfig: Setting CVar [[r.Filter.SizeScale:1]]
[2019.12.09-07.12.33:506][  0]LogConfig: Setting CVar [[r.Tonemapper.Quality:5]]
[2019.12.09-07.12.33:506][  0]LogConfig: Setting CVar [[r.DOF.Gather.AccumulatorQuality:1        ; higher gathering accumulator quality]]
[2019.12.09-07.12.33:506][  0]LogConfig: Setting CVar [[r.DOF.Gather.PostfilterMethod:1          ; Median3x3 postfilering method]]
[2019.12.09-07.12.33:506][  0]LogConfig: Setting CVar [[r.DOF.Gather.EnableBokehSettings:0       ; no bokeh simulation when gathering]]
[2019.12.09-07.12.33:506][  0]LogConfig: Setting CVar [[r.DOF.Gather.RingCount:4                 ; medium number of samples when gathering]]
[2019.12.09-07.12.33:506][  0]LogConfig: Setting CVar [[r.DOF.Scatter.ForegroundCompositing:1    ; additive foreground scattering]]
[2019.12.09-07.12.33:506][  0]LogConfig: Setting CVar [[r.DOF.Scatter.BackgroundCompositing:2    ; additive background scattering]]
[2019.12.09-07.12.33:506][  0]LogConfig: Setting CVar [[r.DOF.Scatter.EnableBokehSettings:1      ; bokeh simulation when scattering]]
[2019.12.09-07.12.33:507][  0]LogConfig: Setting CVar [[r.DOF.Scatter.MaxSpriteRatio:0.1         ; only a maximum of 10% of scattered bokeh]]
[2019.12.09-07.12.33:507][  0]LogConfig: Setting CVar [[r.DOF.Recombine.Quality:1                ; cheap slight out of focus]]
[2019.12.09-07.12.33:507][  0]LogConfig: Setting CVar [[r.DOF.Recombine.EnableBokehSettings:0    ; no bokeh simulation on slight out of focus]]
[2019.12.09-07.12.33:507][  0]LogConfig: Setting CVar [[r.DOF.TemporalAAQuality:1                ; more stable temporal accumulation]]
[2019.12.09-07.12.33:507][  0]LogConfig: Setting CVar [[r.DOF.Kernel.MaxForegroundRadius:0.025]]
[2019.12.09-07.12.33:507][  0]LogConfig: Setting CVar [[r.DOF.Kernel.MaxBackgroundRadius:0.025]]
[2019.12.09-07.12.33:507][  0]LogConfig: Applying CVar settings from Section [TextureQuality@3] File [C:/Users/rako0016/Desktop/HighLevel/Assignment 3/VRDigiWrangler/Saved/Config/Windows/Scalability.ini]
[2019.12.09-07.12.33:507][  0]LogConfig: Setting CVar [[r.Streaming.MipBias:0]]
[2019.12.09-07.12.33:507][  0]LogConfig: Setting CVar [[r.Streaming.AmortizeCPUToGPUCopy:0]]
[2019.12.09-07.12.33:507][  0]LogConfig: Setting CVar [[r.Streaming.MaxNumTexturesToStreamPerFrame:0]]
[2019.12.09-07.12.33:507][  0]LogConfig: Setting CVar [[r.Streaming.Boost:1]]
[2019.12.09-07.12.33:507][  0]LogConfig: Setting CVar [[r.MaxAnisotropy:8]]
[2019.12.09-07.12.33:507][  0]LogConfig: Setting CVar [[r.Streaming.LimitPoolSizeToVRAM:0]]
[2019.12.09-07.12.33:507][  0]LogConfig: Setting CVar [[r.Streaming.PoolSize:1000]]
[2019.12.09-07.12.33:507][  0]LogConfig: Setting CVar [[r.Streaming.MaxEffectiveScreenSize:0]]
[2019.12.09-07.12.33:507][  0]LogConfig: Applying CVar settings from Section [EffectsQuality@3] File [C:/Users/rako0016/Desktop/HighLevel/Assignment 3/VRDigiWrangler/Saved/Config/Windows/Scalability.ini]
[2019.12.09-07.12.33:507][  0]LogConfig: Setting CVar [[r.TranslucencyLightingVolumeDim:64]]
[2019.12.09-07.12.33:507][  0]LogConfig: Setting CVar [[r.RefractionQuality:2]]
[2019.12.09-07.12.33:507][  0]LogConfig: Setting CVar [[r.SSR.Quality:3]]
[2019.12.09-07.12.33:507][  0]LogConfig: Setting CVar [[r.SceneColorFormat:4]]
[2019.12.09-07.12.33:507][  0]LogConfig: Setting CVar [[r.DetailMode:2]]
[2019.12.09-07.12.33:507][  0]LogConfig: Setting CVar [[r.TranslucencyVolumeBlur:1]]
[2019.12.09-07.12.33:507][  0]LogConfig: Setting CVar [[r.MaterialQualityLevel:1 ; High quality]]
[2019.12.09-07.12.33:507][  0]LogConfig: Setting CVar [[r.SSS.Scale:1]]
[2019.12.09-07.12.33:508][  0]LogConfig: Setting CVar [[r.SSS.SampleSet:2]]
[2019.12.09-07.12.33:508][  0]LogConfig: Setting CVar [[r.SSS.Quality:1]]
[2019.12.09-07.12.33:508][  0]LogConfig: Setting CVar [[r.SSS.HalfRes:1]]
[2019.12.09-07.12.33:508][  0]LogConfig: Setting CVar [[r.EmitterSpawnRateScale:1.0]]
[2019.12.09-07.12.33:508][  0]LogConfig: Setting CVar [[r.ParticleLightQuality:2]]
[2019.12.09-07.12.33:508][  0]LogConfig: Applying CVar settings from Section [FoliageQuality@3] File [C:/Users/rako0016/Desktop/HighLevel/Assignment 3/VRDigiWrangler/Saved/Config/Windows/Scalability.ini]
[2019.12.09-07.12.33:508][  0]LogConfig: Setting CVar [[foliage.DensityScale:1.0]]
[2019.12.09-07.12.33:508][  0]LogConfig: Setting CVar [[grass.DensityScale:1.0]]
[2019.12.09-07.12.33:508][  0]LogConfig: Applying CVar settings from Section [Startup] File [../../../Engine/Config/ConsoleVariables.ini]
[2019.12.09-07.12.33:508][  0]LogConfig: Setting CVar [[net.UseAdaptiveNetUpdateFrequency:0]]
[2019.12.09-07.12.33:508][  0]LogConfig: Setting CVar [[p.chaos.AllowCreatePhysxBodies:1]]
[2019.12.09-07.12.33:508][  0]LogConfig: Applying CVar settings from Section [ConsoleVariables] File [C:/Users/rako0016/Desktop/HighLevel/Assignment 3/VRDigiWrangler/Saved/Config/Windows/Engine.ini]
[2019.12.09-07.12.33:508][  0]LogInit: Computer: WJ316-06
[2019.12.09-07.12.33:508][  0]LogInit: User: rako0016
[2019.12.09-07.12.33:508][  0]LogInit: CPU Page size=4096, Cores=4
[2019.12.09-07.12.33:508][  0]LogInit: High frequency timer resolution =10.000000 MHz
[2019.12.09-07.12.33:509][  0]LogMemory: Memory total: Physical=15.9GB (16GB approx)
[2019.12.09-07.12.33:509][  0]LogMemory: Platform Memory Stats for Windows
[2019.12.09-07.12.33:509][  0]LogMemory: Process Physical Memory: 101.53 MB used, 101.54 MB peak
[2019.12.09-07.12.33:509][  0]LogMemory: Process Virtual Memory: 89.18 MB used, 89.18 MB peak
[2019.12.09-07.12.33:509][  0]LogMemory: Physical Memory: 7335.95 MB used,  8992.69 MB free, 16328.64 MB total
[2019.12.09-07.12.33:509][  0]LogMemory: Virtual Memory: 4657.34 MB used,  134213072.00 MB free, 134217728.00 MB total
[2019.12.09-07.12.33:688][  0]LogInit: Using OS detected language (en-US).
[2019.12.09-07.12.33:688][  0]LogInit: Using OS detected locale (en-US).
[2019.12.09-07.12.33:689][  0]LogTextLocalizationManager: No specific localization for 'en-US' exists, so the 'en' localization will be used.
[2019.12.09-07.12.33:858][  0]LogInit: Setting process to per monitor DPI aware
[2019.12.09-07.12.33:909][  0]LogSlate: New Slate User Created.  User Index 0, Is Virtual User: 0
[2019.12.09-07.12.33:909][  0]LogSlate: Slate User Registered.  User Index 0, Is Virtual User: 0
[2019.12.09-07.12.34:173][  0]LogHMD: Failed to initialize OpenVR with code 110
[2019.12.09-07.12.34:173][  0]LogD3D11RHI: D3D11 adapters:
[2019.12.09-07.12.34:254][  0]LogD3D11RHI:    0. 'NVIDIA GeForce GTX 670' (Feature Level 11_0)
[2019.12.09-07.12.34:255][  0]LogD3D11RHI:       4052/0/8164 MB DedicatedVideo/DedicatedSystem/SharedSystem, Outputs:1, VendorId:0x10de
[2019.12.09-07.12.34:260][  0]LogD3D11RHI:    1. 'Microsoft Basic Render Driver' (Feature Level 11_0)
[2019.12.09-07.12.34:260][  0]LogD3D11RHI:       0/0/8164 MB DedicatedVideo/DedicatedSystem/SharedSystem, Outputs:0, VendorId:0x1414
[2019.12.09-07.12.34:260][  0]LogD3D11RHI: Chosen D3D11 Adapter: 0
[2019.12.09-07.12.34:265][  0]LogD3D11RHI: Creating new Direct3DDevice
[2019.12.09-07.12.34:265][  0]LogD3D11RHI:     GPU DeviceId: 0x1189 (for the marketing name, search the web for "GPU Device Id")
[2019.12.09-07.12.34:265][  0]LogWindows: EnumDisplayDevices:
[2019.12.09-07.12.34:266][  0]LogWindows:    0. 'NVIDIA GeForce GTX 670' (P:1 D:1)
[2019.12.09-07.12.34:266][  0]LogWindows:    1. 'NVIDIA GeForce GTX 670' (P:0 D:0)
[2019.12.09-07.12.34:266][  0]LogWindows:    2. 'NVIDIA GeForce GTX 670' (P:0 D:0)
[2019.12.09-07.12.34:267][  0]LogWindows:    3. 'NVIDIA GeForce GTX 670' (P:0 D:0)
[2019.12.09-07.12.34:267][  0]LogWindows: DebugString: FoundDriverCount:4 
[2019.12.09-07.12.34:267][  0]LogD3D11RHI:     Adapter Name: NVIDIA GeForce GTX 670
[2019.12.09-07.12.34:267][  0]LogD3D11RHI:   Driver Version: 430.86 (internal:26.21.14.3086, unified:430.86)
[2019.12.09-07.12.34:267][  0]LogD3D11RHI:      Driver Date: 5-22-2019
[2019.12.09-07.12.34:267][  0]LogRHI: Texture pool is 2836 MB (70% of 4052 MB)
[2019.12.09-07.12.34:320][  0]LogD3D11RHI: Async texture creation enabled
[2019.12.09-07.12.34:324][  0]LogRendererCore: FGlobalReadBuffer::InitRHI
[2019.12.09-07.12.34:324][  0]LogRendererCore: FGlobalReadBuffer::InitRHI
[2019.12.09-07.12.34:324][  0]LogRendererCore: FGlobalReadBuffer::InitRHI
[2019.12.09-07.12.34:338][  0]LogD3D11RHI: GPU Timing Frequency: 1000.000000 (Debug: 2 2)
[2019.12.09-07.12.34:601][  0]LogTemp: Display: Module 'AllDesktopTargetPlatform' loaded TargetPlatform 'AllDesktop'
[2019.12.09-07.12.34:617][  0]LogTemp: Display: Module 'MacClientTargetPlatform' loaded TargetPlatform 'MacClient'
[2019.12.09-07.12.34:634][  0]LogTemp: Display: Module 'MacNoEditorTargetPlatform' loaded TargetPlatform 'MacNoEditor'
[2019.12.09-07.12.34:651][  0]LogTemp: Display: Module 'MacServerTargetPlatform' loaded TargetPlatform 'MacServer'
[2019.12.09-07.12.34:668][  0]LogTemp: Display: Module 'MacTargetPlatform' loaded TargetPlatform 'Mac'
[2019.12.09-07.12.34:684][  0]LogTemp: Display: Module 'WindowsClientTargetPlatform' loaded TargetPlatform 'WindowsClient'
[2019.12.09-07.12.34:702][  0]LogTemp: Display: Module 'WindowsNoEditorTargetPlatform' loaded TargetPlatform 'WindowsNoEditor'
[2019.12.09-07.12.34:720][  0]LogTemp: Display: Module 'WindowsServerTargetPlatform' loaded TargetPlatform 'WindowsServer'
[2019.12.09-07.12.34:730][  0]LogTemp: Display: Module 'WindowsTargetPlatform' loaded TargetPlatform 'Windows'
[2019.12.09-07.12.34:817][  0]LogTemp: Display: Module 'AndroidTargetPlatform' loaded TargetPlatform 'Android'
[2019.12.09-07.12.34:817][  0]LogTemp: Display: Module 'AndroidTargetPlatform' loaded TargetPlatform 'Android_ASTC'
[2019.12.09-07.12.34:817][  0]LogTemp: Display: Module 'AndroidTargetPlatform' loaded TargetPlatform 'Android_ATC'
[2019.12.09-07.12.34:817][  0]LogTemp: Display: Module 'AndroidTargetPlatform' loaded TargetPlatform 'Android_DXT'
[2019.12.09-07.12.34:817][  0]LogTemp: Display: Module 'AndroidTargetPlatform' loaded TargetPlatform 'Android_ETC1'
[2019.12.09-07.12.34:818][  0]LogTemp: Display: Module 'AndroidTargetPlatform' loaded TargetPlatform 'Android_ETC1a'
[2019.12.09-07.12.34:818][  0]LogTemp: Display: Module 'AndroidTargetPlatform' loaded TargetPlatform 'Android_ETC2'
[2019.12.09-07.12.34:818][  0]LogTemp: Display: Module 'AndroidTargetPlatform' loaded TargetPlatform 'Android_PVRTC'
[2019.12.09-07.12.34:818][  0]LogTemp: Display: Module 'AndroidTargetPlatform' loaded TargetPlatform 'AndroidClient'
[2019.12.09-07.12.34:818][  0]LogTemp: Display: Module 'AndroidTargetPlatform' loaded TargetPlatform 'Android_ASTCClient'
[2019.12.09-07.12.34:818][  0]LogTemp: Display: Module 'AndroidTargetPlatform' loaded TargetPlatform 'Android_ATCClient'
[2019.12.09-07.12.34:818][  0]LogTemp: Display: Module 'AndroidTargetPlatform' loaded TargetPlatform 'Android_DXTClient'
[2019.12.09-07.12.34:818][  0]LogTemp: Display: Module 'AndroidTargetPlatform' loaded TargetPlatform 'Android_ETC1Client'
[2019.12.09-07.12.34:818][  0]LogTemp: Display: Module 'AndroidTargetPlatform' loaded TargetPlatform 'Android_ETC1aClient'
[2019.12.09-07.12.34:818][  0]LogTemp: Display: Module 'AndroidTargetPlatform' loaded TargetPlatform 'Android_ETC2Client'
[2019.12.09-07.12.34:818][  0]LogTemp: Display: Module 'AndroidTargetPlatform' loaded TargetPlatform 'Android_PVRTCClient'
[2019.12.09-07.12.34:818][  0]LogTemp: Display: Module 'AndroidTargetPlatform' loaded TargetPlatform 'Android_Multi'
[2019.12.09-07.12.34:818][  0]LogTemp: Display: Module 'AndroidTargetPlatform' loaded TargetPlatform 'Android_MultiClient'
[2019.12.09-07.12.34:822][  0]LogTemp: Display: Module 'HTML5TargetPlatform' loaded TargetPlatform 'HTML5'
[2019.12.09-07.12.34:894][  0]LogTemp: Display: Module 'IOSTargetPlatform' loaded TargetPlatform 'IOSClient'
[2019.12.09-07.12.34:895][  0]LogTemp: Display: Module 'IOSTargetPlatform' loaded TargetPlatform 'IOS'
[2019.12.09-07.12.34:928][  0]LogTemp: Display: Module 'TVOSTargetPlatform' loaded TargetPlatform 'TVOSClient'
[2019.12.09-07.12.34:929][  0]LogTemp: Display: Module 'TVOSTargetPlatform' loaded TargetPlatform 'TVOS'
[2019.12.09-07.12.34:944][  0]LogTemp: Display: Module 'LinuxClientTargetPlatform' loaded TargetPlatform 'LinuxClient'
[2019.12.09-07.12.34:960][  0]LogTemp: Display: Module 'LinuxNoEditorTargetPlatform' loaded TargetPlatform 'LinuxNoEditor'
[2019.12.09-07.12.34:977][  0]LogTemp: Display: Module 'LinuxServerTargetPlatform' loaded TargetPlatform 'LinuxServer'
[2019.12.09-07.12.34:993][  0]LogTemp: Display: Module 'LinuxTargetPlatform' loaded TargetPlatform 'Linux'
[2019.12.09-07.12.35:042][  0]LogTemp: Display: Module 'LuminTargetPlatform' loaded TargetPlatform 'Lumin'
[2019.12.09-07.12.35:042][  0]LogTemp: Display: Module 'LuminTargetPlatform' loaded TargetPlatform 'LuminClient'
[2019.12.09-07.12.35:043][  0]LogTargetPlatformManager: Display: Building Assets For Windows
[2019.12.09-07.12.35:063][  0]LogAudioDebug: Display: Lib vorbis DLL was dynamically loaded.
[2019.12.09-07.12.35:162][  0]LogShaderCompilers: Guid format shader working directory is -29 characters bigger than the processId version (../../../../../../Users/rako0016/Desktop/HighLevel/Assignment 3/VRDigiWrangler/Intermediate/Shaders/WorkingDirectory/4388/).
[2019.12.09-07.12.35:162][  0]LogShaderCompilers: Cleaned the shader compiler working directory 'C:/Users/rako0016/AppData/Local/Temp/UnrealShaderWorkingDir/5CE8C1634D4143FB84F93C9152B6995F/'.
[2019.12.09-07.12.35:164][  0]LogXGEController: Cleaning working directory: C:/Users/rako0016/AppData/Local/Temp/UnrealXGEWorkingDir/
[2019.12.09-07.12.35:165][  0]LogXGEController: Cannot use XGE Controller as Incredibuild is not installed on this machine.
[2019.12.09-07.12.35:165][  0]LogShaderCompilers: Cannot use XGE Shader Compiler as Incredibuild is not installed on this machine.
[2019.12.09-07.12.35:165][  0]LogShaderCompilers: Display: Using Local Shader Compiler.
[2019.12.09-07.12.35:779][  0]LogDerivedDataCache: Display: Max Cache Size: 512 MB
[2019.12.09-07.12.35:828][  0]LogDerivedDataCache: Loaded boot cache 0.05s 71MB C:/Users/rako0016/AppData/Local/UnrealEngine/4.22/DerivedDataCache/Boot.ddc.
[2019.12.09-07.12.35:828][  0]LogDerivedDataCache: Display: Loaded Boot cache: C:/Users/rako0016/AppData/Local/UnrealEngine/4.22/DerivedDataCache/Boot.ddc
[2019.12.09-07.12.35:828][  0]LogDerivedDataCache: FDerivedDataBackendGraph:  Pak pak cache file ../../../../../../Users/rako0016/Desktop/HighLevel/Assignment 3/VRDigiWrangler/DerivedDataCache/DDC.ddp not found, will not use a pak cache.
[2019.12.09-07.12.35:828][  0]LogDerivedDataCache: Unable to find inner node Pak for hierarchical cache Hierarchy.
[2019.12.09-07.12.35:828][  0]LogDerivedDataCache: FDerivedDataBackendGraph:  CompressedPak pak cache file ../../../../../../Users/rako0016/Desktop/HighLevel/Assignment 3/VRDigiWrangler/DerivedDataCache/Compressed.ddp not found, will not use a pak cache.
[2019.12.09-07.12.35:828][  0]LogDerivedDataCache: Unable to find inner node CompressedPak for hierarchical cache Hierarchy.
[2019.12.09-07.12.35:841][  0]LogDerivedDataCache: Display: Pak cache opened for reading ../../../Engine/DerivedDataCache/Compressed.ddp.
[2019.12.09-07.12.35:841][  0]LogDerivedDataCache: FDerivedDataBackendGraph:  EnterprisePak pak cache file ../../../Enterprise/DerivedDataCache/Compressed.ddp not found, will not use a pak cache.
[2019.12.09-07.12.35:841][  0]LogDerivedDataCache: Unable to find inner node EnterprisePak for hierarchical cache Hierarchy.
[2019.12.09-07.12.35:854][  0]LogDerivedDataCache: Using Local data cache path C:/Users/rako0016/AppData/Local/UnrealEngine/Common/DerivedDataCache: Writable
[2019.12.09-07.12.35:854][  0]LogDerivedDataCache: Shared data cache path not found in *engine.ini, will not use an Shared cache.
[2019.12.09-07.12.35:854][  0]LogDerivedDataCache: Unable to find inner node Shared for hierarchical cache Hierarchy.
[2019.12.09-07.12.35:878][  0]LogMaterial: Verifying Global Shaders for PCD3D_SM5
[2019.12.09-07.12.35:880][  0]LogSlate: Using FreeType 2.6.0
[2019.12.09-07.12.35:881][  0]LogSlate: SlateFontServices - WITH_FREETYPE: 1, WITH_HARFBUZZ: 1
[2019.12.09-07.12.35:993][  0]LogAssetRegistry: FAssetRegistry took 0.0359 seconds to start up
[2019.12.09-07.12.36:396][  0]LogInit: Selected Device Profile: [Windows]
[2019.12.09-07.12.36:555][  0]LogMeshReduction: Using QuadricMeshReduction for automatic static mesh reduction
[2019.12.09-07.12.36:555][  0]LogMeshReduction: Using SimplygonMeshReduction for automatic skeletal mesh reduction
[2019.12.09-07.12.36:555][  0]LogMeshReduction: Using ProxyLODMeshReduction for automatic mesh merging
[2019.12.09-07.12.36:555][  0]LogMeshReduction: No distributed automatic mesh merging module available
[2019.12.09-07.12.36:555][  0]LogMeshMerging: No distributed automatic mesh merging module available
[2019.12.09-07.12.36:567][  0]LogNetVersion: VRDigiWrangler 1.0.0, NetCL: 5660361, EngineNetVer: 10, GameNetVer: 0 (Checksum: 1591920321)
[2019.12.09-07.12.36:997][  0]LogPackageLocalizationCache: Processed 10 localized package path(s) for 1 prioritized culture(s) in 0.041448 seconds
[2019.12.09-07.12.37:004][  0]LogUObjectArray: 42205 objects as part of root set at end of initial load.
[2019.12.09-07.12.37:004][  0]LogUObjectAllocator: 7325032 out of 0 bytes used by permanent object pool.
[2019.12.09-07.12.37:004][  0]LogUObjectArray: CloseDisregardForGC: 0/0 objects in disregard for GC pool
[2019.12.09-07.12.38:220][  0]LogTcpMessaging: Initializing TcpMessaging bridge
[2019.12.09-07.12.38:237][  0]LogUdpMessaging: Initializing bridge on interface 0.0.0.0:0 to multicast group 230.0.0.1:6666.
[2019.12.09-07.12.38:411][  0]SourceControl: Source control is disabled
[2019.12.09-07.12.38:412][  0]SourceControl: Source control is disabled
[2019.12.09-07.12.38:419][  0]SourceControl: Source control is disabled
[2019.12.09-07.12.38:422][  0]SourceControl: Source control is disabled
[2019.12.09-07.12.38:587][  0]LogAndroidPermission: UAndroidPermissionCallbackProxy::GetInstance
[2019.12.09-07.12.38:725][  0]LogOcInput: OculusInput pre-init called
[2019.12.09-07.12.39:673][  0]LogEngine: Initializing Engine...
[2019.12.09-07.12.39:674][  0]LogHMD: Failed to initialize OpenVR with code 110
[2019.12.09-07.12.39:675][  0]LogStats: UGameplayTagsManager::InitializeManager -  0.000 s
[2019.12.09-07.12.39:883][  0]LogInit: Initializing FReadOnlyCVARCache
[2019.12.09-07.12.39:901][  0]LogAIModule: Creating AISystem for world Untitled
[2019.12.09-07.12.39:921][  0]LogInit: XAudio2 using 'Realtek Digital Output(Optical) (Realtek High Definition Audio)' : 2 channels at 48 kHz using 16 bits per sample (channel mask 0x3)
[2019.12.09-07.12.39:971][  0]LogInit: FAudioDevice initialized.
[2019.12.09-07.12.39:971][  0]LogNetVersion: Set ProjectVersion to 1.0.0.0. Version Checksum will be recalculated on next use.
[2019.12.09-07.12.40:051][  0]LogDerivedDataCache: Saved boot cache 0.08s 71MB C:/Users/rako0016/AppData/Local/UnrealEngine/4.22/DerivedDataCache/Boot.ddc.
[2019.12.09-07.12.40:057][  0]LogInit: Texture streaming: Enabled
[2019.12.09-07.12.40:088][  0]LogEngineSessionManager: EngineSessionManager initialized
[2019.12.09-07.12.40:088][  0]LogEngineSessionManager: EngineSessionManager sent abnormal shutdown report. Type=Debugger, SessionId={5E54456B-45EC-C712-A6EC-E0AD7B1390BA}
[2019.12.09-07.12.40:089][  0]LogEngineSessionManager: EngineSessionManager sent abnormal shutdown report. Type=Debugger, SessionId={EF62B72D-4AA9-F308-4DB2-9AAC76B67929}
[2019.12.09-07.12.40:110][  0]LogInit: Transaction tracking system initialized
[2019.12.09-07.12.40:150][  0]BlueprintLog: New page: Editor Load
[2019.12.09-07.12.40:290][  0]LocalizationService: Localization service is disabled
[2019.12.09-07.12.40:614][  0]LogFileCache: Scanning file cache for directory 'C:/Users/rako0016/Desktop/HighLevel/Assignment 3/VRDigiWrangler/Content/' took 0.01s
[2019.12.09-07.12.40:614][  0]LogCook: Display: Max memory allowance for cook 16384mb min free memory 0mb
[2019.12.09-07.12.40:614][  0]LogCook: Display: Mobile HDR setting 1
[2019.12.09-07.12.40:880][  0]SourceControl: Source control is disabled
[2019.12.09-07.12.40:880][  0]Cmd: MAP LOAD FILE="../../../../../../Users/rako0016/Desktop/HighLevel/Assignment 3/VRDigiWrangler/Content/Level/VRDigiWrangler.umap" TEMPLATE=0 SHOWPROGRESS=1 FEATURELEVEL=3
[2019.12.09-07.12.40:881][  0]LightingResults: New page: Lighting Build
[2019.12.09-07.12.40:884][  0]MapCheck: New page: Map Check
[2019.12.09-07.12.40:884][  0]LightingResults: New page: Lighting Build
[2019.12.09-07.12.40:905][  0]LogUObjectHash: Compacting FUObjectHashTables data took   2.00ms
[2019.12.09-07.12.41:019][  0]LogAIModule: Creating AISystem for world VRDigiWrangler
[2019.12.09-07.12.41:026][  0]LogEditorServer: Finished looking for orphan Actors (0.000 secs)
[2019.12.09-07.12.41:051][  0]LogUObjectHash: Compacting FUObjectHashTables data took   2.05ms
[2019.12.09-07.12.41:051][  0]Cmd: MAP CHECKDEP NOCLEARLOG
[2019.12.09-07.12.41:051][  0]MapCheck: Map check complete: 0 Error(s), 0 Warning(s), took 0.137ms to complete.
[2019.12.09-07.12.41:051][  0]LogFileHelpers: Loading map 'VRDigiWrangler' took 0.171
[2019.12.09-07.12.41:214][  0]LogSlate: Updating window title bar state: overlay mode, drag disabled, window buttons hidden, title bar hidden
[2019.12.09-07.12.41:223][  0]LogSlate: Updating window title bar state: overlay mode, drag disabled, window buttons hidden, title bar hidden
[2019.12.09-07.12.41:231][  0]LogSlate: Updating window title bar state: overlay mode, drag disabled, window buttons hidden, title bar hidden
[2019.12.09-07.12.41:239][  0]LogSlate: Updating window title bar state: overlay mode, drag disabled, window buttons hidden, title bar hidden
[2019.12.09-07.12.41:248][  0]LogCollectionManager: Loaded 0 collections in 0.001871 seconds
[2019.12.09-07.12.41:280][  0]LogFileCache: Scanning file cache for directory 'C:/Users/rako0016/Desktop/HighLevel/Assignment 3/VRDigiWrangler/Saved/Collections/' took 0.01s
[2019.12.09-07.12.41:280][  0]LogFileCache: Scanning file cache for directory 'C:/Users/rako0016/Desktop/HighLevel/Assignment 3/VRDigiWrangler/Content/Developers/rako0016/Collections/' took 0.00s
[2019.12.09-07.12.41:280][  0]LogFileCache: Scanning file cache for directory 'C:/Users/rako0016/Desktop/HighLevel/Assignment 3/VRDigiWrangler/Content/Collections/' took 0.01s
[2019.12.09-07.12.41:280][  0]LogCollectionManager: Rebuilt the GUID cache for 0 collections in 0.000000 seconds
[2019.12.09-07.12.41:291][  0]LogContentBrowser: Native class hierarchy populated in 0.0105 seconds. Added 2744 classes and 662 folders.
[2019.12.09-07.12.41:299][  0]LogContentBrowser: Native class hierarchy updated for 'WidgetCarousel' in 0.0004 seconds. Added 0 classes and 0 folders.
[2019.12.09-07.12.41:301][  0]LogPakFile: Registered encryption key '00000000000000000000000000000000': 0 pak files mounted, 0 remain pending
[2019.12.09-07.12.41:302][  0]LogPakFile: Registered encryption key '00000000000000000000000000000000': 0 pak files mounted, 0 remain pending
[2019.12.09-07.12.41:303][  0]LogPakFile: Registered encryption key '00000000000000000000000000000000': 0 pak files mounted, 0 remain pending
[2019.12.09-07.12.41:303][  0]LogPakFile: Registered encryption key '00000000000000000000000000000000': 0 pak files mounted, 0 remain pending
[2019.12.09-07.12.41:304][  0]LogPakFile: Registered encryption key '00000000000000000000000000000000': 0 pak files mounted, 0 remain pending
[2019.12.09-07.12.41:304][  0]LogPakFile: Registered encryption key '00000000000000000000000000000000': 0 pak files mounted, 0 remain pending
[2019.12.09-07.12.41:305][  0]LogPakFile: Registered encryption key '00000000000000000000000000000000': 0 pak files mounted, 0 remain pending
[2019.12.09-07.12.41:305][  0]LogPakFile: Registered encryption key '00000000000000000000000000000000': 0 pak files mounted, 0 remain pending
[2019.12.09-07.12.41:306][  0]LogPakFile: Registered encryption key '00000000000000000000000000000000': 0 pak files mounted, 0 remain pending
[2019.12.09-07.12.41:307][  0]LogPakFile: Registered encryption key '00000000000000000000000000000000': 0 pak files mounted, 0 remain pending
[2019.12.09-07.12.41:307][  0]LogPakFile: Registered encryption key '00000000000000000000000000000000': 0 pak files mounted, 0 remain pending
[2019.12.09-07.12.41:308][  0]LogPakFile: Registered encryption key '00000000000000000000000000000000': 0 pak files mounted, 0 remain pending
[2019.12.09-07.12.41:308][  0]LogPakFile: Registered encryption key '00000000000000000000000000000000': 0 pak files mounted, 0 remain pending
[2019.12.09-07.12.41:309][  0]LogPakFile: Registered encryption key '00000000000000000000000000000000': 0 pak files mounted, 0 remain pending
[2019.12.09-07.12.41:309][  0]LogPakFile: Registered encryption key '00000000000000000000000000000000': 0 pak files mounted, 0 remain pending
[2019.12.09-07.12.41:310][  0]LogPakFile: Registered encryption key '00000000000000000000000000000000': 0 pak files mounted, 0 remain pending
[2019.12.09-07.12.41:310][  0]LogPakFile: Registered encryption key '00000000000000000000000000000000': 0 pak files mounted, 0 remain pending
[2019.12.09-07.12.41:311][  0]LogPakFile: Registered encryption key '00000000000000000000000000000000': 0 pak files mounted, 0 remain pending
[2019.12.09-07.12.41:312][  0]LogPakFile: Registered encryption key '00000000000000000000000000000000': 0 pak files mounted, 0 remain pending
[2019.12.09-07.12.41:312][  0]LogPakFile: Registered encryption key '00000000000000000000000000000000': 0 pak files mounted, 0 remain pending
[2019.12.09-07.12.41:313][  0]LogPakFile: Registered encryption key '00000000000000000000000000000000': 0 pak files mounted, 0 remain pending
[2019.12.09-07.12.41:313][  0]LogPakFile: Registered encryption key '00000000000000000000000000000000': 0 pak files mounted, 0 remain pending
[2019.12.09-07.12.41:314][  0]LogPakFile: Registered encryption key '00000000000000000000000000000000': 0 pak files mounted, 0 remain pending
[2019.12.09-07.12.41:314][  0]LogPakFile: Registered encryption key '00000000000000000000000000000000': 0 pak files mounted, 0 remain pending
[2019.12.09-07.12.41:315][  0]LogPakFile: Registered encryption key '00000000000000000000000000000000': 0 pak files mounted, 0 remain pending
[2019.12.09-07.12.41:315][  0]LogPakFile: Registered encryption key '00000000000000000000000000000000': 0 pak files mounted, 0 remain pending
[2019.12.09-07.12.41:346][  0]LogContentBrowser: Native class hierarchy updated for 'AddContentDialog' in 0.0004 seconds. Added 0 classes and 0 folders.
[2019.12.09-07.12.41:354][  0]LogContentBrowser: Native class hierarchy updated for 'SceneOutliner' in 0.0005 seconds. Added 1 classes and 2 folders.
[2019.12.09-07.12.41:370][  0]LogSlate: Took 0.000392 seconds to synchronously load lazily loaded font '../../../Engine/Content/Slate/Fonts/Roboto-Regular.ttf' (155K)
[2019.12.09-07.12.41:373][  0]LogSlate: Took 0.000338 seconds to synchronously load lazily loaded font '../../../Engine/Content/Slate/Fonts/Roboto-Bold.ttf' (160K)
[2019.12.09-07.12.41:379][  0]LogSlate: Took 0.000368 seconds to synchronously load lazily loaded font '../../../Engine/Content/Editor/Slate/Fonts/FontAwesome.ttf' (139K)
[2019.12.09-07.12.41:447][  0]LogRenderer: Reallocating scene render targets to support 1208x572 Format 10 NumSamples 1 (Frame:1).
[2019.12.09-07.12.41:600][  0]LogSlate: FSceneViewport::OnFocusLost() reason 2
[2019.12.09-07.12.41:623][  0]LogSlate: Window 'Tutorials' being destroyed
[2019.12.09-07.12.41:660][  0]LogContentBrowser: Native class hierarchy updated for 'HierarchicalLODOutliner' in 0.0004 seconds. Added 0 classes and 0 folders.
[2019.12.09-07.12.41:661][  0]LogLoad: (Engine Initialization) Total time: 9.96 seconds
[2019.12.09-07.12.41:661][  0]LogLoad: (Engine Initialization) Total Blueprint compile time: 0.00 seconds
[2019.12.09-07.12.41:696][  0]LogAssetRegistry: Asset discovery search completed in 5.7267 seconds
[2019.12.09-07.12.41:699][  0]LogCollectionManager: Rebuilt the object cache for 0 collections in 0.000001 seconds (found 0 objects)
[2019.12.09-07.12.41:699][  0]LogCollectionManager: Fixed up redirectors for 0 collections in 0.000175 seconds (updated 0 objects)
[2019.12.09-07.12.41:701][  0]LogContentStreaming: Texture pool size now 1000 MB
[2019.12.09-07.12.41:718][  0]LogSlate: Took 0.000264 seconds to synchronously load lazily loaded font '../../../Engine/Content/Slate/Fonts/Roboto-Light.ttf' (167K)
[2019.12.09-07.12.55:822][662]LogSlate: FSceneViewport::OnFocusLost() reason 0
[2019.12.09-07.12.57:085][809]LogSlate: Took 0.000311 seconds to synchronously load lazily loaded font '../../../Engine/Content/Slate/Fonts/Roboto-Light.ttf' (167K)
[2019.12.09-07.12.57:093][809]LogAssetEditorManager: Opening Asset editor for Blueprint /Game/Blueprints/BP_Projectile.BP_Projectile
[2019.12.09-07.12.57:376][809]LogContentBrowser: Native class hierarchy updated for 'BlueprintGraph' in 0.0007 seconds. Added 121 classes and 0 folders.
[2019.12.09-07.13.12:597][220]BlueprintLog: New page: Compile BP_Projectile
[2019.12.09-07.13.12:800][220]LogUObjectHash: Compacting FUObjectHashTables data took   3.73ms
[2019.12.09-07.13.12:820][220]Cmd: OBJ SAVEPACKAGE PACKAGE="/Game/Blueprints/BP_Projectile" FILE="../../../../../../Users/rako0016/Desktop/HighLevel/Assignment 3/VRDigiWrangler/Content/Blueprints/BP_Projectile.uasset" SILENT=true
[2019.12.09-07.13.12:831][220]LogSavePackage: Moving '../../../../../../Users/rako0016/Desktop/HighLevel/Assignment 3/VRDigiWrangler/Saved/BP_Projectile5BD5772843CA6877B26FE8B2AE27FCD9.tmp' to '../../../../../../Users/rako0016/Desktop/HighLevel/Assignment 3/VRDigiWrangler/Content/Blueprints/BP_Projectile.uasset'
[2019.12.09-07.13.13:546][278]Cmd: OBJ SAVEPACKAGE PACKAGE="/Game/Blueprints/BP_Projectile" FILE="../../../../../../Users/rako0016/Desktop/HighLevel/Assignment 3/VRDigiWrangler/Content/Blueprints/BP_Projectile.uasset" SILENT=true
[2019.12.09-07.13.13:558][278]LogSavePackage: Moving '../../../../../../Users/rako0016/Desktop/HighLevel/Assignment 3/VRDigiWrangler/Saved/BP_Projectile167D1406473949BB8B92FDBFF915D55E.tmp' to '../../../../../../Users/rako0016/Desktop/HighLevel/Assignment 3/VRDigiWrangler/Content/Blueprints/BP_Projectile.uasset'
[2019.12.09-07.13.14:728][392]LogSlate: Window 'BP_Projectile' being destroyed
[2019.12.09-07.13.14:732][392]LogSlate: Window 'BP_Projectile' being destroyed
[2019.12.09-07.13.15:530][478]LogTemp: Repeating last play command: Selected Viewport
[2019.12.09-07.13.15:537][478]LogBlueprintUserMessages: Early PlayInEditor Detection: Level '/Game/Level/VRDigiWrangler.VRDigiWrangler:PersistentLevel' has LevelScriptBlueprint '/Game/Level/VRDigiWrangler.VRDigiWrangler:PersistentLevel.VRDigiWrangler' with GeneratedClass '/Game/Level/VRDigiWrangler.VRDigiWrangler_C' with ClassGeneratedBy '/Game/Level/VRDigiWrangler.VRDigiWrangler:PersistentLevel.VRDigiWrangler'
[2019.12.09-07.13.15:538][478]LogPlayLevel: PlayLevel: No blueprints needed recompiling
[2019.12.09-07.13.15:538][478]PIE: New page: PIE session: VRDigiWrangler (Dec 8, 2019, 9:13:15 PM)
[2019.12.09-07.13.15:552][478]LogPlayLevel: Creating play world package: /Game/Level/UEDPIE_0_VRDigiWrangler
[2019.12.09-07.13.15:557][478]LogPlayLevel: PIE: StaticDuplicateObject took: (0.004176s)
[2019.12.09-07.13.15:557][478]LogAIModule: Creating AISystem for world VRDigiWrangler
[2019.12.09-07.13.15:558][478]LogPlayLevel: PIE: World Init took: (0.000914s)
[2019.12.09-07.13.15:558][478]LogPlayLevel: PIE: Created PIE world by copying editor world from /Game/Level/VRDigiWrangler.VRDigiWrangler to /Game/Level/UEDPIE_0_VRDigiWrangler.VRDigiWrangler (0.005797s)
[2019.12.09-07.13.15:587][478]LogUObjectHash: Compacting FUObjectHashTables data took   2.30ms
[2019.12.09-07.13.15:604][478]LogInit: XAudio2 using 'Realtek Digital Output(Optical) (Realtek High Definition Audio)' : 2 channels at 48 kHz using 16 bits per sample (channel mask 0x3)
[2019.12.09-07.13.15:619][478]LogInit: FAudioDevice initialized.
[2019.12.09-07.13.15:678][478]LogLoad: Game class is 'BP_VRGameModeBase_C'
[2019.12.09-07.13.15:680][478]LogWorld: Bringing World /Game/Level/UEDPIE_0_VRDigiWrangler.VRDigiWrangler up for play (max tick rate 0) at 2019.12.09-02.13.15
[2019.12.09-07.13.15:681][478]LogWorld: Bringing up level for play took: 0.001739
[2019.12.09-07.13.15:697][478]LogBlueprintActionDatabase: Requesting refresh due to module change: Voice (loaded)
[2019.12.09-07.13.15:700][478]LogBlueprintActionDatabase: Requesting refresh due to module change: MovieSceneCapture (loaded)
[2019.12.09-07.13.15:701][478]LogContentBrowser: Native class hierarchy updated for 'MovieSceneCapture' in 0.0006 seconds. Added 20 classes and 0 folders.
[2019.12.09-07.13.15:708][478]PIE: Play in editor start time for /Game/Level/UEDPIE_0_VRDigiWrangler 0.178
[2019.12.09-07.13.15:709][478]LogBlueprintUserMessages: Late PlayInEditor Detection: Level '/Game/Level/VRDigiWrangler.VRDigiWrangler:PersistentLevel' has LevelScriptBlueprint '/Game/Level/VRDigiWrangler.VRDigiWrangler:PersistentLevel.VRDigiWrangler' with GeneratedClass '/Game/Level/VRDigiWrangler.VRDigiWrangler_C' with ClassGeneratedBy '/Game/Level/VRDigiWrangler.VRDigiWrangler:PersistentLevel.VRDigiWrangler'
[2019.12.09-07.13.25:213][565]LogSlate: FSceneViewport::OnFocusLost() reason 0
[2019.12.09-07.13.25:339][580]LogBlueprintUserMessages: Early EndPlayMap Detection: Level '/Game/Level/VRDigiWrangler.VRDigiWrangler:PersistentLevel' has LevelScriptBlueprint '/Game/Level/VRDigiWrangler.VRDigiWrangler:PersistentLevel.VRDigiWrangler' with GeneratedClass '/Game/Level/VRDigiWrangler.VRDigiWrangler_C' with ClassGeneratedBy '/Game/Level/VRDigiWrangler.VRDigiWrangler:PersistentLevel.VRDigiWrangler'
[2019.12.09-07.13.25:340][580]LogSlate: Updating window title bar state: overlay mode, drag disabled, window buttons hidden, title bar hidden
[2019.12.09-07.13.25:375][580]LogPlayLevel: Display: Shutting down PIE online subsystems
[2019.12.09-07.13.25:376][580]LogBlueprintUserMessages: Late EndPlayMap Detection: Level '/Game/Level/VRDigiWrangler.VRDigiWrangler:PersistentLevel' has LevelScriptBlueprint '/Game/Level/VRDigiWrangler.VRDigiWrangler:PersistentLevel.VRDigiWrangler' with GeneratedClass '/Game/Level/VRDigiWrangler.VRDigiWrangler_C' with ClassGeneratedBy '/Game/Level/VRDigiWrangler.VRDigiWrangler:PersistentLevel.VRDigiWrangler'
[2019.12.09-07.13.25:413][580]LogSlate: Updating window title bar state: overlay mode, drag disabled, window buttons hidden, title bar hidden
[2019.12.09-07.13.25:462][580]LogUObjectHash: Compacting FUObjectHashTables data took   5.99ms
[2019.12.09-07.13.25:476][581]LogPlayLevel: Display: Destroying online subsystem :Context_3
[2019.12.09-07.13.32:456][415]LogAssetEditorManager: Opening Asset editor for Blueprint /Game/Blueprints/BP_Projectile.BP_Projectile
[2019.12.09-07.13.44:991][657]BlueprintLog: New page: Compile BP_Projectile
[2019.12.09-07.13.45:247][657]LogUObjectHash: Compacting FUObjectHashTables data took   4.29ms
[2019.12.09-07.13.45:262][657]Cmd: OBJ SAVEPACKAGE PACKAGE="/Game/Blueprints/BP_Projectile" FILE="../../../../../../Users/rako0016/Desktop/HighLevel/Assignment 3/VRDigiWrangler/Content/Blueprints/BP_Projectile.uasset" SILENT=true
[2019.12.09-07.13.45:272][657]LogSavePackage: Moving '../../../../../../Users/rako0016/Desktop/HighLevel/Assignment 3/VRDigiWrangler/Saved/BP_Projectile804D68F845803BBFA1E01A887787DCB8.tmp' to '../../../../../../Users/rako0016/Desktop/HighLevel/Assignment 3/VRDigiWrangler/Content/Blueprints/BP_Projectile.uasset'
[2019.12.09-07.13.46:135][741]Cmd: OBJ SAVEPACKAGE PACKAGE="/Game/Blueprints/BP_Projectile" FILE="../../../../../../Users/rako0016/Desktop/HighLevel/Assignment 3/VRDigiWrangler/Content/Blueprints/BP_Projectile.uasset" SILENT=true
[2019.12.09-07.13.46:144][741]LogSavePackage: Moving '../../../../../../Users/rako0016/Desktop/HighLevel/Assignment 3/VRDigiWrangler/Saved/BP_Projectile2812664F4C6F78F5E8B9698C84457FCE.tmp' to '../../../../../../Users/rako0016/Desktop/HighLevel/Assignment 3/VRDigiWrangler/Content/Blueprints/BP_Projectile.uasset'
[2019.12.09-07.13.50:573][227]LogSlate: Window 'BP_Projectile' being destroyed
[2019.12.09-07.13.50:577][227]LogSlate: Window 'BP_Projectile' being destroyed
[2019.12.09-07.13.51:371][313]LogTemp: Repeating last play command: Selected Viewport
[2019.12.09-07.13.51:382][313]LogBlueprintUserMessages: Early PlayInEditor Detection: Level '/Game/Level/VRDigiWrangler.VRDigiWrangler:PersistentLevel' has LevelScriptBlueprint '/Game/Level/VRDigiWrangler.VRDigiWrangler:PersistentLevel.VRDigiWrangler' with GeneratedClass '/Game/Level/VRDigiWrangler.VRDigiWrangler_C' with ClassGeneratedBy '/Game/Level/VRDigiWrangler.VRDigiWrangler:PersistentLevel.VRDigiWrangler'
[2019.12.09-07.13.51:382][313]LogPlayLevel: PlayLevel: No blueprints needed recompiling
[2019.12.09-07.13.51:383][313]PIE: New page: PIE session: VRDigiWrangler (Dec 8, 2019, 9:13:51 PM)
[2019.12.09-07.13.51:383][313]LogPlayLevel: Creating play world package: /Game/Level/UEDPIE_0_VRDigiWrangler
[2019.12.09-07.13.51:387][313]LogPlayLevel: PIE: StaticDuplicateObject took: (0.003998s)
[2019.12.09-07.13.51:387][313]LogAIModule: Creating AISystem for world VRDigiWrangler
[2019.12.09-07.13.51:388][313]LogPlayLevel: PIE: World Init took: (0.000777s)
[2019.12.09-07.13.51:388][313]LogPlayLevel: PIE: Created PIE world by copying editor world from /Game/Level/VRDigiWrangler.VRDigiWrangler to /Game/Level/UEDPIE_0_VRDigiWrangler.VRDigiWrangler (0.005111s)
[2019.12.09-07.13.51:415][313]LogUObjectHash: Compacting FUObjectHashTables data took   2.44ms
[2019.12.09-07.13.51:432][313]LogInit: XAudio2 using 'Realtek Digital Output(Optical) (Realtek High Definition Audio)' : 2 channels at 48 kHz using 16 bits per sample (channel mask 0x3)
[2019.12.09-07.13.51:446][313]LogInit: FAudioDevice initialized.
[2019.12.09-07.13.51:476][313]LogLoad: Game class is 'BP_VRGameModeBase_C'
[2019.12.09-07.13.51:478][313]LogWorld: Bringing World /Game/Level/UEDPIE_0_VRDigiWrangler.VRDigiWrangler up for play (max tick rate 0) at 2019.12.09-02.13.51
[2019.12.09-07.13.51:479][313]LogWorld: Bringing up level for play took: 0.001756
[2019.12.09-07.13.51:499][313]PIE: Play in editor start time for /Game/Level/UEDPIE_0_VRDigiWrangler -0.031
[2019.12.09-07.13.51:499][313]LogBlueprintUserMessages: Late PlayInEditor Detection: Level '/Game/Level/VRDigiWrangler.VRDigiWrangler:PersistentLevel' has LevelScriptBlueprint '/Game/Level/VRDigiWrangler.VRDigiWrangler:PersistentLevel.VRDigiWrangler' with GeneratedClass '/Game/Level/VRDigiWrangler.VRDigiWrangler_C' with ClassGeneratedBy '/Game/Level/VRDigiWrangler.VRDigiWrangler:PersistentLevel.VRDigiWrangler'
[2019.12.09-07.13.57:113][981]LogSlate: FSceneViewport::OnFocusLost() reason 0
[2019.12.09-07.13.57:231][995]LogBlueprintUserMessages: Early EndPlayMap Detection: Level '/Game/Level/VRDigiWrangler.VRDigiWrangler:PersistentLevel' has LevelScriptBlueprint '/Game/Level/VRDigiWrangler.VRDigiWrangler:PersistentLevel.VRDigiWrangler' with GeneratedClass '/Game/Level/VRDigiWrangler.VRDigiWrangler_C' with ClassGeneratedBy '/Game/Level/VRDigiWrangler.VRDigiWrangler:PersistentLevel.VRDigiWrangler'
[2019.12.09-07.13.57:232][995]LogSlate: Updating window title bar state: overlay mode, drag disabled, window buttons hidden, title bar hidden
[2019.12.09-07.13.57:267][995]LogPlayLevel: Display: Shutting down PIE online subsystems
[2019.12.09-07.13.57:268][995]LogBlueprintUserMessages: Late EndPlayMap Detection: Level '/Game/Level/VRDigiWrangler.VRDigiWrangler:PersistentLevel' has LevelScriptBlueprint '/Game/Level/VRDigiWrangler.VRDigiWrangler:PersistentLevel.VRDigiWrangler' with GeneratedClass '/Game/Level/VRDigiWrangler.VRDigiWrangler_C' with ClassGeneratedBy '/Game/Level/VRDigiWrangler.VRDigiWrangler:PersistentLevel.VRDigiWrangler'
[2019.12.09-07.13.57:298][995]LogSlate: Updating window title bar state: overlay mode, drag disabled, window buttons hidden, title bar hidden
[2019.12.09-07.13.57:303][995]LogUObjectHash: Compacting FUObjectHashTables data took   2.28ms
[2019.12.09-07.13.57:335][998]LogPlayLevel: Display: Destroying online subsystem :Context_5
[2019.12.09-07.13.59:044][200]LogAssetEditorManager: Opening Asset editor for Blueprint /Game/Blueprints/BP_Projectile.BP_Projectile
[2019.12.09-07.14.28:673][343]Cmd: OBJ SAVEPACKAGE PACKAGE="/Game/Blueprints/BP_Projectile" FILE="../../../../../../Users/rako0016/Desktop/HighLevel/Assignment 3/VRDigiWrangler/Content/Blueprints/BP_Projectile.uasset" SILENT=true
[2019.12.09-07.14.28:683][343]LogSavePackage: Moving '../../../../../../Users/rako0016/Desktop/HighLevel/Assignment 3/VRDigiWrangler/Saved/BP_Projectile971C7AE14D9C8FC84A94018636B9C33C.tmp' to '../../../../../../Users/rako0016/Desktop/HighLevel/Assignment 3/VRDigiWrangler/Content/Blueprints/BP_Projectile.uasset'
[2019.12.09-07.14.34:502][939]BlueprintLog: New page: Compile BP_Projectile
[2019.12.09-07.14.34:695][939]LogUObjectHash: Compacting FUObjectHashTables data took   2.77ms
[2019.12.09-07.14.34:709][939]Cmd: OBJ SAVEPACKAGE PACKAGE="/Game/Blueprints/BP_Projectile" FILE="../../../../../../Users/rako0016/Desktop/HighLevel/Assignment 3/VRDigiWrangler/Content/Blueprints/BP_Projectile.uasset" SILENT=true
[2019.12.09-07.14.34:719][939]LogSavePackage: Moving '../../../../../../Users/rako0016/Desktop/HighLevel/Assignment 3/VRDigiWrangler/Saved/BP_Projectile577CCC40474062951205A69A65E907BB.tmp' to '../../../../../../Users/rako0016/Desktop/HighLevel/Assignment 3/VRDigiWrangler/Content/Blueprints/BP_Projectile.uasset'
[2019.12.09-07.14.35:681][ 32]Cmd: OBJ SAVEPACKAGE PACKAGE="/Game/Blueprints/BP_Projectile" FILE="../../../../../../Users/rako0016/Desktop/HighLevel/Assignment 3/VRDigiWrangler/Content/Blueprints/BP_Projectile.uasset" SILENT=true
[2019.12.09-07.14.35:692][ 32]LogSavePackage: Moving '../../../../../../Users/rako0016/Desktop/HighLevel/Assignment 3/VRDigiWrangler/Saved/BP_ProjectileCC3B14D442D9A67315B5C38D3D5C7C74.tmp' to '../../../../../../Users/rako0016/Desktop/HighLevel/Assignment 3/VRDigiWrangler/Content/Blueprints/BP_Projectile.uasset'
[2019.12.09-07.14.38:416][315]LogSlate: Window 'BP_Projectile' being destroyed
[2019.12.09-07.14.38:420][315]LogSlate: Window 'BP_Projectile' being destroyed
[2019.12.09-07.14.39:205][400]LogTemp: Repeating last play command: Selected Viewport
[2019.12.09-07.14.39:212][400]LogBlueprintUserMessages: Early PlayInEditor Detection: Level '/Game/Level/VRDigiWrangler.VRDigiWrangler:PersistentLevel' has LevelScriptBlueprint '/Game/Level/VRDigiWrangler.VRDigiWrangler:PersistentLevel.VRDigiWrangler' with GeneratedClass '/Game/Level/VRDigiWrangler.VRDigiWrangler_C' with ClassGeneratedBy '/Game/Level/VRDigiWrangler.VRDigiWrangler:PersistentLevel.VRDigiWrangler'
[2019.12.09-07.14.39:212][400]LogPlayLevel: PlayLevel: No blueprints needed recompiling
[2019.12.09-07.14.39:212][400]PIE: New page: PIE session: VRDigiWrangler (Dec 8, 2019, 9:14:39 PM)
[2019.12.09-07.14.39:213][400]LogPlayLevel: Creating play world package: /Game/Level/UEDPIE_0_VRDigiWrangler
[2019.12.09-07.14.39:217][400]LogPlayLevel: PIE: StaticDuplicateObject took: (0.004001s)
[2019.12.09-07.14.39:217][400]LogAIModule: Creating AISystem for world VRDigiWrangler
[2019.12.09-07.14.39:218][400]LogPlayLevel: PIE: World Init took: (0.000844s)
[2019.12.09-07.14.39:218][400]LogPlayLevel: PIE: Created PIE world by copying editor world from /Game/Level/VRDigiWrangler.VRDigiWrangler to /Game/Level/UEDPIE_0_VRDigiWrangler.VRDigiWrangler (0.005173s)
[2019.12.09-07.14.39:244][400]LogUObjectHash: Compacting FUObjectHashTables data took   2.41ms
[2019.12.09-07.14.39:262][400]LogInit: XAudio2 using 'Realtek Digital Output(Optical) (Realtek High Definition Audio)' : 2 channels at 48 kHz using 16 bits per sample (channel mask 0x3)
[2019.12.09-07.14.39:275][400]LogInit: FAudioDevice initialized.
[2019.12.09-07.14.39:306][400]LogLoad: Game class is 'BP_VRGameModeBase_C'
[2019.12.09-07.14.39:308][400]LogWorld: Bringing World /Game/Level/UEDPIE_0_VRDigiWrangler.VRDigiWrangler up for play (max tick rate 0) at 2019.12.09-02.14.39
[2019.12.09-07.14.39:309][400]LogWorld: Bringing up level for play took: 0.001707
[2019.12.09-07.14.39:329][400]PIE: Play in editor start time for /Game/Level/UEDPIE_0_VRDigiWrangler -0.201
[2019.12.09-07.14.39:329][400]LogBlueprintUserMessages: Late PlayInEditor Detection: Level '/Game/Level/VRDigiWrangler.VRDigiWrangler:PersistentLevel' has LevelScriptBlueprint '/Game/Level/VRDigiWrangler.VRDigiWrangler:PersistentLevel.VRDigiWrangler' with GeneratedClass '/Game/Level/VRDigiWrangler.VRDigiWrangler_C' with ClassGeneratedBy '/Game/Level/VRDigiWrangler.VRDigiWrangler:PersistentLevel.VRDigiWrangler'
[2019.12.09-07.14.54:163][169]LogSlate: FSceneViewport::OnFocusLost() reason 0
[2019.12.09-07.14.54:312][187]LogAssetEditorManager: Opening Asset editor for Blueprint /Game/Blueprints/BP_Projectile.BP_Projectile
[2019.12.09-07.14.57:080][443]LogBlueprintUserMessages: Early EndPlayMap Detection: Level '/Game/Level/VRDigiWrangler.VRDigiWrangler:PersistentLevel' has LevelScriptBlueprint '/Game/Level/VRDigiWrangler.VRDigiWrangler:PersistentLevel.VRDigiWrangler' with GeneratedClass '/Game/Level/VRDigiWrangler.VRDigiWrangler_C' with ClassGeneratedBy '/Game/Level/VRDigiWrangler.VRDigiWrangler:PersistentLevel.VRDigiWrangler'
[2019.12.09-07.14.57:080][443]LogSlate: Updating window title bar state: overlay mode, drag disabled, window buttons hidden, title bar hidden
[2019.12.09-07.14.57:113][443]LogPlayLevel: Display: Shutting down PIE online subsystems
[2019.12.09-07.14.57:113][443]LogBlueprintUserMessages: Late EndPlayMap Detection: Level '/Game/Level/VRDigiWrangler.VRDigiWrangler:PersistentLevel' has LevelScriptBlueprint '/Game/Level/VRDigiWrangler.VRDigiWrangler:PersistentLevel.VRDigiWrangler' with GeneratedClass '/Game/Level/VRDigiWrangler.VRDigiWrangler_C' with ClassGeneratedBy '/Game/Level/VRDigiWrangler.VRDigiWrangler:PersistentLevel.VRDigiWrangler'
[2019.12.09-07.14.57:146][443]LogSlate: Updating window title bar state: overlay mode, drag disabled, window buttons hidden, title bar hidden
[2019.12.09-07.14.57:152][443]LogUObjectHash: Compacting FUObjectHashTables data took   2.51ms
[2019.12.09-07.14.57:198][445]LogPlayLevel: Display: Destroying online subsystem :Context_7
