Log file open, 11/22/19 06:55:46
LogWindows: Failed to load 'aqProf.dll' (GetLastError=126)
LogWindows: File 'aqProf.dll' does not exist
LogWindows: Failed to load 'VtuneApi.dll' (GetLastError=126)
LogWindows: File 'VtuneApi.dll' does not exist
LogWindows: Failed to load 'VtuneApi32e.dll' (GetLastError=126)
LogWindows: File 'VtuneApi32e.dll' does not exist
LogConsoleResponse: Display: Failed to find resolution value strings in scalability ini. Falling back to default.
LogInit: Display: Running engine for game: VRDigiWrangler
LogPakFile: Registered encryption key '00000000000000000000000000000000': 0 pak files mounted, 0 remain pending
LogPlatformFile: Not using cached read wrapper
LogTaskGraph: Started task graph with 5 named threads and 35 total threads with 3 sets of task threads.
LogStats: Stats thread started at 0.584147
LogD3D11RHI: Loaded GFSDK_Aftermath_Lib.x64.dll
LogICUInternationalization: ICU TimeZone Detection - Raw Offset: -5:00, Platform Override: ''
LogPluginManager: Mounting plugin Paper2D
LogPluginManager: Mounting plugin AISupport
LogPluginManager: Mounting plugin LightPropagationVolume
LogPluginManager: Mounting plugin ActorLayerUtilities
LogPluginManager: Mounting plugin AnimationSharing
LogPluginManager: Mounting plugin CLionSourceCodeAccess
LogPluginManager: Mounting plugin CodeLiteSourceCodeAccess
LogPluginManager: Mounting plugin GitSourceControl
LogPluginManager: Mounting plugin KDevelopSourceCodeAccess
LogPluginManager: Mounting plugin NullSourceCodeAccess
LogPluginManager: Mounting plugin PerforceSourceControl
LogPluginManager: Mounting plugin SubversionSourceControl
LogPluginManager: Mounting plugin UObjectPlugin
LogPluginManager: Mounting plugin VisualStudioCodeSourceCodeAccess
LogPluginManager: Mounting plugin VisualStudioSourceCodeAccess
LogPluginManager: Mounting plugin XCodeSourceCodeAccess
LogPluginManager: Mounting plugin AssetManagerEditor
LogPluginManager: Mounting plugin CryptoKeys
LogPluginManager: Mounting plugin DataValidation
LogPluginManager: Mounting plugin FacialAnimation
LogPluginManager: Mounting plugin GameplayTagsEditor
LogPluginManager: Mounting plugin MacGraphicsSwitching
LogPluginManager: Mounting plugin MaterialAnalyzer
LogPluginManager: Mounting plugin MobileLauncherProfileWizard
LogPluginManager: Mounting plugin PluginBrowser
LogPluginManager: Mounting plugin SpeedTreeImporter
LogPluginManager: Mounting plugin DatasmithContent
LogPluginManager: Mounting plugin VariantManagerContent
LogPluginManager: Mounting plugin AlembicImporter
LogPluginManager: Mounting plugin AppleImageUtils
LogPluginManager: Mounting plugin AppleVision
LogPluginManager: Mounting plugin BackChannel
LogPluginManager: Mounting plugin CharacterAI
LogPluginManager: Mounting plugin GeometryCache
LogPluginManager: Mounting plugin HTML5Networking
LogPluginManager: Mounting plugin ProxyLODPlugin
LogPluginManager: Mounting plugin SkeletalReduction
LogPluginManager: Mounting plugin MagicLeap
LogPluginManager: Mounting plugin MagicLeapMedia
LogPluginManager: Mounting plugin AndroidMedia
LogPluginManager: Mounting plugin AvfMedia
LogPluginManager: Mounting plugin ImgMedia
LogPluginManager: Mounting plugin LinearTimecode
LogPluginManager: Mounting plugin MediaCompositing
LogPluginManager: Mounting plugin MediaPlayerEditor
LogPluginManager: Mounting plugin WebMMedia
LogPluginManager: Mounting plugin WmfMedia
LogPluginManager: Mounting plugin TcpMessaging
LogPluginManager: Mounting plugin UdpMessaging
LogPluginManager: Mounting plugin ActorSequence
LogPluginManager: Mounting plugin LevelSequenceEditor
LogPluginManager: Mounting plugin MatineeToLevelSequence
LogPluginManager: Mounting plugin NetcodeUnitTest
LogPluginManager: Mounting plugin NUTUnrealEngine4
LogPluginManager: Mounting plugin OnlineSubsystemGooglePlay
LogPluginManager: Mounting plugin OnlineSubsystemIOS
LogPluginManager: Mounting plugin OnlineSubsystem
LogPluginManager: Mounting plugin OnlineSubsystemNull
LogPluginManager: Mounting plugin OnlineSubsystemUtils
LogPluginManager: Mounting plugin LauncherChunkInstaller
LogPluginManager: Mounting plugin AndroidDeviceProfileSelector
LogPluginManager: Mounting plugin AndroidMoviePlayer
LogPluginManager: Mounting plugin AndroidPermission
LogPluginManager: Mounting plugin AppleMoviePlayer
LogPluginManager: Mounting plugin ArchVisCharacter
LogPluginManager: Mounting plugin AudioCapture
LogPluginManager: Mounting plugin CableComponent
LogPluginManager: Mounting plugin CustomMeshComponent
LogPluginManager: Mounting plugin EditableMesh
LogPluginManager: Mounting plugin ExampleDeviceProfileSelector
LogPluginManager: Mounting plugin Firebase
LogPluginManager: Mounting plugin GoogleCloudMessaging
LogPluginManager: Mounting plugin IOSDeviceProfileSelector
LogPluginManager: Mounting plugin LinuxDeviceProfileSelector
LogPluginManager: Mounting plugin LocationServicesBPLibrary
LogPluginManager: Mounting plugin MobilePatchingUtils
LogPluginManager: Mounting plugin OculusVR
LogPluginManager: Mounting plugin PhysXVehicles
LogPluginManager: Mounting plugin ProceduralMeshComponent
LogPluginManager: Mounting plugin RuntimePhysXCooking
LogPluginManager: Mounting plugin SignificanceManager
LogPluginManager: Mounting plugin SteamVR
LogPluginManager: Mounting plugin WebMMoviePlayer
LogPluginManager: Mounting plugin WindowsMoviePlayer
LogInit: Using libcurl 7.55.1-DEV
LogInit:  - built for x86_64-pc-win32
LogInit:  - supports SSL with OpenSSL/1.1.1
LogInit:  - supports HTTP deflate (compression) using libz 1.2.8
LogInit:  - other features:
LogInit:      CURL_VERSION_SSL
LogInit:      CURL_VERSION_LIBZ
LogInit:      CURL_VERSION_IPV6
LogInit:      CURL_VERSION_ASYNCHDNS
LogInit:      CURL_VERSION_LARGEFILE
LogInit:      CURL_VERSION_IDN
LogInit:  CurlRequestOptions (configurable via config and command line):
LogInit:  - bVerifyPeer = true  - Libcurl will verify peer certificate
LogInit:  - bUseHttpProxy = false  - Libcurl will NOT use HTTP proxy
LogInit:  - bDontReuseConnections = false  - Libcurl will reuse connections
LogInit:  - MaxHostConnections = 16  - Libcurl will limit the number of connections to a host
LogInit:  - LocalHostAddr = Default
LogInit:  - BufferSize = 65536
LogInit: WinSock: version 1.1 (2.2), MaxSocks=32767, MaxUdp=65467
LogInit: Build: ++UE4+Release-4.22-CL-7053642
LogInit: Engine Version: 4.22.3-7053642+++UE4+Release-4.22
LogInit: Compatible Engine Version: 4.22.0-5660361+++UE4+Release-4.22
LogInit: Net CL: 5660361
LogInit: OS: Windows 10 (Release 1809) (), CPU: Intel(R) Core(TM) i7-9750H CPU @ 2.60GHz, GPU: Intel(R) UHD Graphics 630
LogInit: Compiled (64-bit): Jun 18 2019 03:09:11
LogInit: Compiled with Visual C++: 19.16.27025.01
LogInit: Build Configuration: Development
LogInit: Branch Name: ++UE4+Release-4.22
LogInit: Command Line:  -skipcompile
LogInit: Base Directory: C:/Program Files/Epic Games/UE_4.22/Engine/Binaries/Win64/
LogInit: Installed Engine Build: 1
LogDevObjectVersion: Number of dev versions registered: 23
LogDevObjectVersion:   Dev-Blueprints (B0D832E4-1F89-4F0D-ACCF-7EB736FD4AA2): 10
LogDevObjectVersion:   Dev-Build (E1C64328-A22C-4D53-A36C-8E866417BD8C): 0
LogDevObjectVersion:   Dev-Core (375EC13C-06E4-48FB-B500-84F0262A717E): 3
LogDevObjectVersion:   Dev-Editor (E4B068ED-F494-42E9-A231-DA0B2E46BB41): 30
LogDevObjectVersion:   Dev-Framework (CFFC743F-43B0-4480-9391-14DF171D2073): 35
LogDevObjectVersion:   Dev-Mobile (B02B49B5-BB20-44E9-A304-32B752E40360): 2
LogDevObjectVersion:   Dev-Networking (A4E4105C-59A1-49B5-A7C5-40C4547EDFEE): 0
LogDevObjectVersion:   Dev-Online (39C831C9-5AE6-47DC-9A44-9C173E1C8E7C): 0
LogDevObjectVersion:   Dev-Physics (78F01B33-EBEA-4F98-B9B4-84EACCB95AA2): 0
LogDevObjectVersion:   Dev-Platform (6631380F-2D4D-43E0-8009-CF276956A95A): 0
LogDevObjectVersion:   Dev-Rendering (12F88B9F-8875-4AFC-A67C-D90C383ABD29): 28
LogDevObjectVersion:   Dev-Sequencer (7B5AE74C-D270-4C10-A958-57980B212A5A): 11
LogDevObjectVersion:   Dev-VR (D7296918-1DD6-4BDD-9DE2-64A83CC13884): 2
LogDevObjectVersion:   Dev-LoadTimes (C2A15278-BFE7-4AFE-6C17-90FF531DF755): 1
LogDevObjectVersion:   Private-Geometry (6EACA3D4-40EC-4CC1-B786-8BED09428FC5): 3
LogDevObjectVersion:   Dev-AnimPhys (29E575DD-E0A3-4627-9D10-D276232CDCEA): 17
LogDevObjectVersion:   Dev-Anim (AF43A65D-7FD3-4947-9873-3E8ED9C1BB05): 2
LogDevObjectVersion:   Dev-ReflectionCapture (6B266CEC-1EC7-4B8F-A30B-E4D90942FC07): 1
LogDevObjectVersion:   Dev-Automation (0DF73D61-A23F-47EA-B727-89E90C41499A): 1
LogDevObjectVersion:   FortniteMain (601D1886-AC64-4F84-AA16-D3DE0DEAC7D6): 25
LogDevObjectVersion:   Dev-Enterprise (9DFFBCD6-494F-0158-E221-12823C92A888): 6
LogDevObjectVersion:   Dev-Niagara (F2AED0AC-9AFE-416F-8664-AA7FFA26D6FC): 1
LogDevObjectVersion:   Dev-Destruction (174F1F0B-B4C6-45A5-B13F-2EE8D0FB917D): 2
LogInit: Presizing for max 16777216 objects, including 0 objects not considered by GC, pre-allocating 0 bytes for permanent pool.
LogInit: Object subsystem initialized
LogConfig: Setting CVar [[con.DebugEarlyDefault:1]]
LogConfig: Setting CVar [[r.setres:1280x720]]
[2019.11.22-11.55.46:781][  0]LogConfig: Setting CVar [[r.VSync:0]]
[2019.11.22-11.55.46:781][  0]LogConfig: Setting CVar [[r.RHICmdBypass:0]]
[2019.11.22-11.55.46:781][  0]LogConfig: Applying CVar settings from Section [/Script/Engine.RendererSettings] File [C:/Users/nesac/Desktop/VRDigiWrangler/Saved/Config/Windows/Engine.ini]
[2019.11.22-11.55.46:781][  0]LogConfig: Setting CVar [[r.GPUCrashDebugging:0]]
[2019.11.22-11.55.46:781][  0]LogConfig: Setting CVar [[r.DefaultFeature.AutoExposure.ExtendDefaultLuminanceRange:1]]
[2019.11.22-11.55.46:781][  0]LogConfig: Applying CVar settings from Section [/Script/Engine.RendererOverrideSettings] File [C:/Users/nesac/Desktop/VRDigiWrangler/Saved/Config/Windows/Engine.ini]
[2019.11.22-11.55.46:781][  0]LogConfig: Applying CVar settings from Section [/Script/Engine.StreamingSettings] File [C:/Users/nesac/Desktop/VRDigiWrangler/Saved/Config/Windows/Engine.ini]
[2019.11.22-11.55.46:781][  0]LogConfig: Setting CVar [[s.MinBulkDataSizeForAsyncLoading:131072]]
[2019.11.22-11.55.46:781][  0]LogConfig: Setting CVar [[s.AsyncLoadingThreadEnabled:0]]
[2019.11.22-11.55.46:781][  0]LogConfig: Setting CVar [[s.EventDrivenLoaderEnabled:1]]
[2019.11.22-11.55.46:781][  0]LogConfig: Setting CVar [[s.WarnIfTimeLimitExceeded:0]]
[2019.11.22-11.55.46:781][  0]LogConfig: Setting CVar [[s.TimeLimitExceededMultiplier:1.5]]
[2019.11.22-11.55.46:781][  0]LogConfig: Setting CVar [[s.TimeLimitExceededMinTime:0.005]]
[2019.11.22-11.55.46:781][  0]LogConfig: Setting CVar [[s.UseBackgroundLevelStreaming:1]]
[2019.11.22-11.55.46:781][  0]LogConfig: Setting CVar [[s.PriorityAsyncLoadingExtraTime:15.0]]
[2019.11.22-11.55.46:781][  0]LogConfig: Setting CVar [[s.LevelStreamingActorsUpdateTimeLimit:5.0]]
[2019.11.22-11.55.46:782][  0]LogConfig: Setting CVar [[s.PriorityLevelStreamingActorsUpdateExtraTime:5.0]]
[2019.11.22-11.55.46:782][  0]LogConfig: Setting CVar [[s.LevelStreamingComponentsRegistrationGranularity:10]]
[2019.11.22-11.55.46:782][  0]LogConfig: Setting CVar [[s.UnregisterComponentsTimeLimit:1.0]]
[2019.11.22-11.55.46:782][  0]LogConfig: Setting CVar [[s.LevelStreamingComponentsUnregistrationGranularity:5]]
[2019.11.22-11.55.46:782][  0]LogConfig: Applying CVar settings from Section [/Script/Engine.GarbageCollectionSettings] File [C:/Users/nesac/Desktop/VRDigiWrangler/Saved/Config/Windows/Engine.ini]
[2019.11.22-11.55.46:782][  0]LogConfig: Setting CVar [[gc.MaxObjectsNotConsideredByGC:1]]
[2019.11.22-11.55.46:782][  0]LogConfig: Setting CVar [[gc.SizeOfPermanentObjectPool:0]]
[2019.11.22-11.55.46:782][  0]LogConfig: Setting CVar [[gc.FlushStreamingOnGC:0]]
[2019.11.22-11.55.46:782][  0]LogConfig: Setting CVar [[gc.NumRetriesBeforeForcingGC:10]]
[2019.11.22-11.55.46:782][  0]LogConfig: Setting CVar [[gc.AllowParallelGC:1]]
[2019.11.22-11.55.46:782][  0]LogConfig: Setting CVar [[gc.TimeBetweenPurgingPendingKillObjects:61.1]]
[2019.11.22-11.55.46:782][  0]LogConfig: Setting CVar [[gc.MaxObjectsInEditor:16777216]]
[2019.11.22-11.55.46:782][  0]LogConfig: Setting CVar [[gc.IncrementalBeginDestroyEnabled:1]]
[2019.11.22-11.55.46:782][  0]LogConfig: Setting CVar [[gc.CreateGCClusters:1]]
[2019.11.22-11.55.46:782][  0]LogConfig: Setting CVar [[gc.MinGCClusterSize:5]]
[2019.11.22-11.55.46:782][  0]LogConfig: Setting CVar [[gc.ActorClusteringEnabled:0]]
[2019.11.22-11.55.46:782][  0]LogConfig: Setting CVar [[gc.BlueprintClusteringEnabled:0]]
[2019.11.22-11.55.46:782][  0]LogConfig: Setting CVar [[gc.UseDisregardForGCOnDedicatedServers:0]]
[2019.11.22-11.55.46:782][  0]LogConfig: Applying CVar settings from Section [/Script/Engine.NetworkSettings] File [C:/Users/nesac/Desktop/VRDigiWrangler/Saved/Config/Windows/Engine.ini]
[2019.11.22-11.55.46:782][  0]LogConfig: Applying CVar settings from Section [/Script/UnrealEd.CookerSettings] File [C:/Users/nesac/Desktop/VRDigiWrangler/Saved/Config/Windows/Engine.ini]
[2019.11.22-11.55.46:788][  0]LogConfig: Applying CVar settings from Section [ViewDistanceQuality@3] File [C:/Users/nesac/Desktop/VRDigiWrangler/Saved/Config/Windows/Scalability.ini]
[2019.11.22-11.55.46:788][  0]LogConfig: Setting CVar [[r.SkeletalMeshLODBias:0]]
[2019.11.22-11.55.46:788][  0]LogConfig: Setting CVar [[r.ViewDistanceScale:1.0]]
[2019.11.22-11.55.46:788][  0]LogConfig: Applying CVar settings from Section [AntiAliasingQuality@3] File [C:/Users/nesac/Desktop/VRDigiWrangler/Saved/Config/Windows/Scalability.ini]
[2019.11.22-11.55.46:788][  0]LogConfig: Setting CVar [[r.PostProcessAAQuality:4]]
[2019.11.22-11.55.46:788][  0]LogConfig: Applying CVar settings from Section [ShadowQuality@3] File [C:/Users/nesac/Desktop/VRDigiWrangler/Saved/Config/Windows/Scalability.ini]
[2019.11.22-11.55.46:788][  0]LogConfig: Setting CVar [[r.LightFunctionQuality:1]]
[2019.11.22-11.55.46:788][  0]LogConfig: Setting CVar [[r.ShadowQuality:5]]
[2019.11.22-11.55.46:788][  0]LogConfig: Setting CVar [[r.Shadow.CSM.MaxCascades:10]]
[2019.11.22-11.55.46:788][  0]LogConfig: Setting CVar [[r.Shadow.MaxResolution:2048]]
[2019.11.22-11.55.46:788][  0]LogConfig: Setting CVar [[r.Shadow.MaxCSMResolution:2048]]
[2019.11.22-11.55.46:788][  0]LogConfig: Setting CVar [[r.Shadow.RadiusThreshold:0.01]]
[2019.11.22-11.55.46:788][  0]LogConfig: Setting CVar [[r.Shadow.DistanceScale:1.0]]
[2019.11.22-11.55.46:788][  0]LogConfig: Setting CVar [[r.Shadow.CSM.TransitionScale:1.0]]
[2019.11.22-11.55.46:788][  0]LogConfig: Setting CVar [[r.Shadow.PreShadowResolutionFactor:1.0]]
[2019.11.22-11.55.46:788][  0]LogConfig: Setting CVar [[r.DistanceFieldShadowing:1]]
[2019.11.22-11.55.46:788][  0]LogConfig: Setting CVar [[r.DistanceFieldAO:1]]
[2019.11.22-11.55.46:788][  0]LogConfig: Setting CVar [[r.AOQuality:2]]
[2019.11.22-11.55.46:789][  0]LogConfig: Setting CVar [[r.VolumetricFog:1]]
[2019.11.22-11.55.46:789][  0]LogConfig: Setting CVar [[r.VolumetricFog.GridPixelSize:8]]
[2019.11.22-11.55.46:789][  0]LogConfig: Setting CVar [[r.VolumetricFog.GridSizeZ:128]]
[2019.11.22-11.55.46:789][  0]LogConfig: Setting CVar [[r.VolumetricFog.HistoryMissSupersampleCount:4]]
[2019.11.22-11.55.46:789][  0]LogConfig: Setting CVar [[r.LightMaxDrawDistanceScale:1]]
[2019.11.22-11.55.46:789][  0]LogConfig: Setting CVar [[r.CapsuleShadows:1]]
[2019.11.22-11.55.46:789][  0]LogConfig: Applying CVar settings from Section [PostProcessQuality@3] File [C:/Users/nesac/Desktop/VRDigiWrangler/Saved/Config/Windows/Scalability.ini]
[2019.11.22-11.55.46:789][  0]LogConfig: Setting CVar [[r.MotionBlurQuality:4]]
[2019.11.22-11.55.46:789][  0]LogConfig: Setting CVar [[r.AmbientOcclusionMipLevelFactor:0.4]]
[2019.11.22-11.55.46:789][  0]LogConfig: Setting CVar [[r.AmbientOcclusionMaxQuality:100]]
[2019.11.22-11.55.46:789][  0]LogConfig: Setting CVar [[r.AmbientOcclusionLevels:-1]]
[2019.11.22-11.55.46:789][  0]LogConfig: Setting CVar [[r.AmbientOcclusionRadiusScale:1.0]]
[2019.11.22-11.55.46:789][  0]LogConfig: Setting CVar [[r.DepthOfFieldQuality:2]]
[2019.11.22-11.55.46:789][  0]LogConfig: Setting CVar [[r.RenderTargetPoolMin:400]]
[2019.11.22-11.55.46:789][  0]LogConfig: Setting CVar [[r.LensFlareQuality:2]]
[2019.11.22-11.55.46:789][  0]LogConfig: Setting CVar [[r.SceneColorFringeQuality:1]]
[2019.11.22-11.55.46:790][  0]LogConfig: Setting CVar [[r.EyeAdaptationQuality:2]]
[2019.11.22-11.55.46:790][  0]LogConfig: Setting CVar [[r.BloomQuality:5]]
[2019.11.22-11.55.46:790][  0]LogConfig: Setting CVar [[r.FastBlurThreshold:100]]
[2019.11.22-11.55.46:790][  0]LogConfig: Setting CVar [[r.Upscale.Quality:3]]
[2019.11.22-11.55.46:790][  0]LogConfig: Setting CVar [[r.Tonemapper.GrainQuantization:1]]
[2019.11.22-11.55.46:790][  0]LogConfig: Setting CVar [[r.LightShaftQuality:1]]
[2019.11.22-11.55.46:790][  0]LogConfig: Setting CVar [[r.Filter.SizeScale:1]]
[2019.11.22-11.55.46:790][  0]LogConfig: Setting CVar [[r.Tonemapper.Quality:5]]
[2019.11.22-11.55.46:790][  0]LogConfig: Setting CVar [[r.DOF.Gather.AccumulatorQuality:1        ; higher gathering accumulator quality]]
[2019.11.22-11.55.46:790][  0]LogConfig: Setting CVar [[r.DOF.Gather.PostfilterMethod:1          ; Median3x3 postfilering method]]
[2019.11.22-11.55.46:790][  0]LogConfig: Setting CVar [[r.DOF.Gather.EnableBokehSettings:0       ; no bokeh simulation when gathering]]
[2019.11.22-11.55.46:790][  0]LogConfig: Setting CVar [[r.DOF.Gather.RingCount:4                 ; medium number of samples when gathering]]
[2019.11.22-11.55.46:790][  0]LogConfig: Setting CVar [[r.DOF.Scatter.ForegroundCompositing:1    ; additive foreground scattering]]
[2019.11.22-11.55.46:790][  0]LogConfig: Setting CVar [[r.DOF.Scatter.BackgroundCompositing:2    ; additive background scattering]]
[2019.11.22-11.55.46:790][  0]LogConfig: Setting CVar [[r.DOF.Scatter.EnableBokehSettings:1      ; bokeh simulation when scattering]]
[2019.11.22-11.55.46:790][  0]LogConfig: Setting CVar [[r.DOF.Scatter.MaxSpriteRatio:0.1         ; only a maximum of 10% of scattered bokeh]]
[2019.11.22-11.55.46:790][  0]LogConfig: Setting CVar [[r.DOF.Recombine.Quality:1                ; cheap slight out of focus]]
[2019.11.22-11.55.46:791][  0]LogConfig: Setting CVar [[r.DOF.Recombine.EnableBokehSettings:0    ; no bokeh simulation on slight out of focus]]
[2019.11.22-11.55.46:791][  0]LogConfig: Setting CVar [[r.DOF.TemporalAAQuality:1                ; more stable temporal accumulation]]
[2019.11.22-11.55.46:791][  0]LogConfig: Setting CVar [[r.DOF.Kernel.MaxForegroundRadius:0.025]]
[2019.11.22-11.55.46:791][  0]LogConfig: Setting CVar [[r.DOF.Kernel.MaxBackgroundRadius:0.025]]
[2019.11.22-11.55.46:791][  0]LogConfig: Applying CVar settings from Section [TextureQuality@3] File [C:/Users/nesac/Desktop/VRDigiWrangler/Saved/Config/Windows/Scalability.ini]
[2019.11.22-11.55.46:791][  0]LogConfig: Setting CVar [[r.Streaming.MipBias:0]]
[2019.11.22-11.55.46:791][  0]LogConfig: Setting CVar [[r.Streaming.AmortizeCPUToGPUCopy:0]]
[2019.11.22-11.55.46:791][  0]LogConfig: Setting CVar [[r.Streaming.MaxNumTexturesToStreamPerFrame:0]]
[2019.11.22-11.55.46:791][  0]LogConfig: Setting CVar [[r.Streaming.Boost:1]]
[2019.11.22-11.55.46:791][  0]LogConfig: Setting CVar [[r.MaxAnisotropy:8]]
[2019.11.22-11.55.46:791][  0]LogConfig: Setting CVar [[r.Streaming.LimitPoolSizeToVRAM:0]]
[2019.11.22-11.55.46:791][  0]LogConfig: Setting CVar [[r.Streaming.PoolSize:1000]]
[2019.11.22-11.55.46:791][  0]LogConfig: Setting CVar [[r.Streaming.MaxEffectiveScreenSize:0]]
[2019.11.22-11.55.46:791][  0]LogConfig: Applying CVar settings from Section [EffectsQuality@3] File [C:/Users/nesac/Desktop/VRDigiWrangler/Saved/Config/Windows/Scalability.ini]
[2019.11.22-11.55.46:791][  0]LogConfig: Setting CVar [[r.TranslucencyLightingVolumeDim:64]]
[2019.11.22-11.55.46:791][  0]LogConfig: Setting CVar [[r.RefractionQuality:2]]
[2019.11.22-11.55.46:791][  0]LogConfig: Setting CVar [[r.SSR.Quality:3]]
[2019.11.22-11.55.46:792][  0]LogConfig: Setting CVar [[r.SceneColorFormat:4]]
[2019.11.22-11.55.46:792][  0]LogConfig: Setting CVar [[r.DetailMode:2]]
[2019.11.22-11.55.46:792][  0]LogConfig: Setting CVar [[r.TranslucencyVolumeBlur:1]]
[2019.11.22-11.55.46:792][  0]LogConfig: Setting CVar [[r.MaterialQualityLevel:1 ; High quality]]
[2019.11.22-11.55.46:792][  0]LogConfig: Setting CVar [[r.SSS.Scale:1]]
[2019.11.22-11.55.46:792][  0]LogConfig: Setting CVar [[r.SSS.SampleSet:2]]
[2019.11.22-11.55.46:792][  0]LogConfig: Setting CVar [[r.SSS.Quality:1]]
[2019.11.22-11.55.46:792][  0]LogConfig: Setting CVar [[r.SSS.HalfRes:1]]
[2019.11.22-11.55.46:792][  0]LogConfig: Setting CVar [[r.EmitterSpawnRateScale:1.0]]
[2019.11.22-11.55.46:792][  0]LogConfig: Setting CVar [[r.ParticleLightQuality:2]]
[2019.11.22-11.55.46:792][  0]LogConfig: Applying CVar settings from Section [FoliageQuality@3] File [C:/Users/nesac/Desktop/VRDigiWrangler/Saved/Config/Windows/Scalability.ini]
[2019.11.22-11.55.46:792][  0]LogConfig: Setting CVar [[foliage.DensityScale:1.0]]
[2019.11.22-11.55.46:792][  0]LogConfig: Setting CVar [[grass.DensityScale:1.0]]
[2019.11.22-11.55.46:792][  0]LogInit: Selected Device Profile: [Windows]
[2019.11.22-11.55.46:792][  0]LogInit: Applying CVar settings loaded from the selected device profile: [Windows]
[2019.11.22-11.55.46:808][  0]LogHAL: Display: Platform has ~ 16 GB [17012781056 / 17179869184 / 16], which maps to Larger [LargestMinGB=32, LargerMinGB=12, DefaultMinGB=8, SmallerMinGB=6, SmallestMinGB=0)
[2019.11.22-11.55.46:808][  0]LogConfig: Setting CVar [[r.Vulkan.UseRealUBs:0		; Required until we fix HLR fall-out]]
[2019.11.22-11.55.46:808][  0]LogInit: Going up to parent DeviceProfile []
[2019.11.22-11.55.46:808][  0]LogConfig: Applying CVar settings from Section [ViewDistanceQuality@3] File [C:/Users/nesac/Desktop/VRDigiWrangler/Saved/Config/Windows/Scalability.ini]
[2019.11.22-11.55.46:808][  0]LogConfig: Setting CVar [[r.SkeletalMeshLODBias:0]]
[2019.11.22-11.55.46:808][  0]LogConfig: Setting CVar [[r.ViewDistanceScale:1.0]]
[2019.11.22-11.55.46:808][  0]LogConfig: Applying CVar settings from Section [AntiAliasingQuality@3] File [C:/Users/nesac/Desktop/VRDigiWrangler/Saved/Config/Windows/Scalability.ini]
[2019.11.22-11.55.46:808][  0]LogConfig: Setting CVar [[r.PostProcessAAQuality:4]]
[2019.11.22-11.55.46:808][  0]LogConfig: Applying CVar settings from Section [ShadowQuality@3] File [C:/Users/nesac/Desktop/VRDigiWrangler/Saved/Config/Windows/Scalability.ini]
[2019.11.22-11.55.46:808][  0]LogConfig: Setting CVar [[r.LightFunctionQuality:1]]
[2019.11.22-11.55.46:808][  0]LogConfig: Setting CVar [[r.ShadowQuality:5]]
[2019.11.22-11.55.46:808][  0]LogConfig: Setting CVar [[r.Shadow.CSM.MaxCascades:10]]
[2019.11.22-11.55.46:808][  0]LogConfig: Setting CVar [[r.Shadow.MaxResolution:2048]]
[2019.11.22-11.55.46:808][  0]LogConfig: Setting CVar [[r.Shadow.MaxCSMResolution:2048]]
[2019.11.22-11.55.46:808][  0]LogConfig: Setting CVar [[r.Shadow.RadiusThreshold:0.01]]
[2019.11.22-11.55.46:809][  0]LogConfig: Setting CVar [[r.Shadow.DistanceScale:1.0]]
[2019.11.22-11.55.46:809][  0]LogConfig: Setting CVar [[r.Shadow.CSM.TransitionScale:1.0]]
[2019.11.22-11.55.46:809][  0]LogConfig: Setting CVar [[r.Shadow.PreShadowResolutionFactor:1.0]]
[2019.11.22-11.55.46:809][  0]LogConfig: Setting CVar [[r.DistanceFieldShadowing:1]]
[2019.11.22-11.55.46:809][  0]LogConfig: Setting CVar [[r.DistanceFieldAO:1]]
[2019.11.22-11.55.46:809][  0]LogConfig: Setting CVar [[r.AOQuality:2]]
[2019.11.22-11.55.46:809][  0]LogConfig: Setting CVar [[r.VolumetricFog:1]]
[2019.11.22-11.55.46:809][  0]LogConfig: Setting CVar [[r.VolumetricFog.GridPixelSize:8]]
[2019.11.22-11.55.46:809][  0]LogConfig: Setting CVar [[r.VolumetricFog.GridSizeZ:128]]
[2019.11.22-11.55.46:809][  0]LogConfig: Setting CVar [[r.VolumetricFog.HistoryMissSupersampleCount:4]]
[2019.11.22-11.55.46:809][  0]LogConfig: Setting CVar [[r.LightMaxDrawDistanceScale:1]]
[2019.11.22-11.55.46:809][  0]LogConfig: Setting CVar [[r.CapsuleShadows:1]]
[2019.11.22-11.55.46:809][  0]LogConfig: Applying CVar settings from Section [PostProcessQuality@3] File [C:/Users/nesac/Desktop/VRDigiWrangler/Saved/Config/Windows/Scalability.ini]
[2019.11.22-11.55.46:809][  0]LogConfig: Setting CVar [[r.MotionBlurQuality:4]]
[2019.11.22-11.55.46:809][  0]LogConfig: Setting CVar [[r.AmbientOcclusionMipLevelFactor:0.4]]
[2019.11.22-11.55.46:809][  0]LogConfig: Setting CVar [[r.AmbientOcclusionMaxQuality:100]]
[2019.11.22-11.55.46:809][  0]LogConfig: Setting CVar [[r.AmbientOcclusionLevels:-1]]
[2019.11.22-11.55.46:809][  0]LogConfig: Setting CVar [[r.AmbientOcclusionRadiusScale:1.0]]
[2019.11.22-11.55.46:809][  0]LogConfig: Setting CVar [[r.DepthOfFieldQuality:2]]
[2019.11.22-11.55.46:809][  0]LogConfig: Setting CVar [[r.RenderTargetPoolMin:400]]
[2019.11.22-11.55.46:810][  0]LogConfig: Setting CVar [[r.LensFlareQuality:2]]
[2019.11.22-11.55.46:810][  0]LogConfig: Setting CVar [[r.SceneColorFringeQuality:1]]
[2019.11.22-11.55.46:810][  0]LogConfig: Setting CVar [[r.EyeAdaptationQuality:2]]
[2019.11.22-11.55.46:810][  0]LogConfig: Setting CVar [[r.BloomQuality:5]]
[2019.11.22-11.55.46:810][  0]LogConfig: Setting CVar [[r.FastBlurThreshold:100]]
[2019.11.22-11.55.46:810][  0]LogConfig: Setting CVar [[r.Upscale.Quality:3]]
[2019.11.22-11.55.46:810][  0]LogConfig: Setting CVar [[r.Tonemapper.GrainQuantization:1]]
[2019.11.22-11.55.46:810][  0]LogConfig: Setting CVar [[r.LightShaftQuality:1]]
[2019.11.22-11.55.46:810][  0]LogConfig: Setting CVar [[r.Filter.SizeScale:1]]
[2019.11.22-11.55.46:810][  0]LogConfig: Setting CVar [[r.Tonemapper.Quality:5]]
[2019.11.22-11.55.46:810][  0]LogConfig: Setting CVar [[r.DOF.Gather.AccumulatorQuality:1        ; higher gathering accumulator quality]]
[2019.11.22-11.55.46:810][  0]LogConfig: Setting CVar [[r.DOF.Gather.PostfilterMethod:1          ; Median3x3 postfilering method]]
[2019.11.22-11.55.46:810][  0]LogConfig: Setting CVar [[r.DOF.Gather.EnableBokehSettings:0       ; no bokeh simulation when gathering]]
[2019.11.22-11.55.46:810][  0]LogConfig: Setting CVar [[r.DOF.Gather.RingCount:4                 ; medium number of samples when gathering]]
[2019.11.22-11.55.46:810][  0]LogConfig: Setting CVar [[r.DOF.Scatter.ForegroundCompositing:1    ; additive foreground scattering]]
[2019.11.22-11.55.46:810][  0]LogConfig: Setting CVar [[r.DOF.Scatter.BackgroundCompositing:2    ; additive background scattering]]
[2019.11.22-11.55.46:810][  0]LogConfig: Setting CVar [[r.DOF.Scatter.EnableBokehSettings:1      ; bokeh simulation when scattering]]
[2019.11.22-11.55.46:810][  0]LogConfig: Setting CVar [[r.DOF.Scatter.MaxSpriteRatio:0.1         ; only a maximum of 10% of scattered bokeh]]
[2019.11.22-11.55.46:810][  0]LogConfig: Setting CVar [[r.DOF.Recombine.Quality:1                ; cheap slight out of focus]]
[2019.11.22-11.55.46:811][  0]LogConfig: Setting CVar [[r.DOF.Recombine.EnableBokehSettings:0    ; no bokeh simulation on slight out of focus]]
[2019.11.22-11.55.46:811][  0]LogConfig: Setting CVar [[r.DOF.TemporalAAQuality:1                ; more stable temporal accumulation]]
[2019.11.22-11.55.46:811][  0]LogConfig: Setting CVar [[r.DOF.Kernel.MaxForegroundRadius:0.025]]
[2019.11.22-11.55.46:811][  0]LogConfig: Setting CVar [[r.DOF.Kernel.MaxBackgroundRadius:0.025]]
[2019.11.22-11.55.46:811][  0]LogConfig: Applying CVar settings from Section [TextureQuality@3] File [C:/Users/nesac/Desktop/VRDigiWrangler/Saved/Config/Windows/Scalability.ini]
[2019.11.22-11.55.46:811][  0]LogConfig: Setting CVar [[r.Streaming.MipBias:0]]
[2019.11.22-11.55.46:811][  0]LogConfig: Setting CVar [[r.Streaming.AmortizeCPUToGPUCopy:0]]
[2019.11.22-11.55.46:811][  0]LogConfig: Setting CVar [[r.Streaming.MaxNumTexturesToStreamPerFrame:0]]
[2019.11.22-11.55.46:811][  0]LogConfig: Setting CVar [[r.Streaming.Boost:1]]
[2019.11.22-11.55.46:811][  0]LogConfig: Setting CVar [[r.MaxAnisotropy:8]]
[2019.11.22-11.55.46:811][  0]LogConfig: Setting CVar [[r.Streaming.LimitPoolSizeToVRAM:0]]
[2019.11.22-11.55.46:811][  0]LogConfig: Setting CVar [[r.Streaming.PoolSize:1000]]
[2019.11.22-11.55.46:811][  0]LogConfig: Setting CVar [[r.Streaming.MaxEffectiveScreenSize:0]]
[2019.11.22-11.55.46:811][  0]LogConfig: Applying CVar settings from Section [EffectsQuality@3] File [C:/Users/nesac/Desktop/VRDigiWrangler/Saved/Config/Windows/Scalability.ini]
[2019.11.22-11.55.46:811][  0]LogConfig: Setting CVar [[r.TranslucencyLightingVolumeDim:64]]
[2019.11.22-11.55.46:811][  0]LogConfig: Setting CVar [[r.RefractionQuality:2]]
[2019.11.22-11.55.46:811][  0]LogConfig: Setting CVar [[r.SSR.Quality:3]]
[2019.11.22-11.55.46:812][  0]LogConfig: Setting CVar [[r.SceneColorFormat:4]]
[2019.11.22-11.55.46:812][  0]LogConfig: Setting CVar [[r.DetailMode:2]]
[2019.11.22-11.55.46:812][  0]LogConfig: Setting CVar [[r.TranslucencyVolumeBlur:1]]
[2019.11.22-11.55.46:812][  0]LogConfig: Setting CVar [[r.MaterialQualityLevel:1 ; High quality]]
[2019.11.22-11.55.46:812][  0]LogConfig: Setting CVar [[r.SSS.Scale:1]]
[2019.11.22-11.55.46:812][  0]LogConfig: Setting CVar [[r.SSS.SampleSet:2]]
[2019.11.22-11.55.46:812][  0]LogConfig: Setting CVar [[r.SSS.Quality:1]]
[2019.11.22-11.55.46:812][  0]LogConfig: Setting CVar [[r.SSS.HalfRes:1]]
[2019.11.22-11.55.46:812][  0]LogConfig: Setting CVar [[r.EmitterSpawnRateScale:1.0]]
[2019.11.22-11.55.46:812][  0]LogConfig: Setting CVar [[r.ParticleLightQuality:2]]
[2019.11.22-11.55.46:812][  0]LogConfig: Applying CVar settings from Section [FoliageQuality@3] File [C:/Users/nesac/Desktop/VRDigiWrangler/Saved/Config/Windows/Scalability.ini]
[2019.11.22-11.55.46:812][  0]LogConfig: Setting CVar [[foliage.DensityScale:1.0]]
[2019.11.22-11.55.46:812][  0]LogConfig: Setting CVar [[grass.DensityScale:1.0]]
[2019.11.22-11.55.46:812][  0]LogConfig: Applying CVar settings from Section [Startup] File [../../../Engine/Config/ConsoleVariables.ini]
[2019.11.22-11.55.46:813][  0]LogConfig: Setting CVar [[net.UseAdaptiveNetUpdateFrequency:0]]
[2019.11.22-11.55.46:813][  0]LogConfig: Setting CVar [[p.chaos.AllowCreatePhysxBodies:1]]
[2019.11.22-11.55.46:813][  0]LogConfig: Applying CVar settings from Section [ConsoleVariables] File [C:/Users/nesac/Desktop/VRDigiWrangler/Saved/Config/Windows/Engine.ini]
[2019.11.22-11.55.46:813][  0]LogInit: Computer: DESKTOP-OF6PSF5
[2019.11.22-11.55.46:813][  0]LogInit: User: ness
[2019.11.22-11.55.46:813][  0]LogInit: CPU Page size=4096, Cores=6
[2019.11.22-11.55.46:813][  0]LogInit: High frequency timer resolution =10.000000 MHz
[2019.11.22-11.55.46:813][  0]LogMemory: Memory total: Physical=15.8GB (16GB approx)
[2019.11.22-11.55.46:814][  0]LogMemory: Platform Memory Stats for Windows
[2019.11.22-11.55.46:814][  0]LogMemory: Process Physical Memory: 96.86 MB used, 96.86 MB peak
[2019.11.22-11.55.46:814][  0]LogMemory: Process Virtual Memory: 91.57 MB used, 91.57 MB peak
[2019.11.22-11.55.46:814][  0]LogMemory: Physical Memory: 7308.43 MB used,  8916.22 MB free, 16224.65 MB total
[2019.11.22-11.55.46:814][  0]LogMemory: Virtual Memory: 4676.22 MB used,  134213048.00 MB free, 134217728.00 MB total
[2019.11.22-11.55.47:037][  0]LogInit: Using OS detected language (en-US).
[2019.11.22-11.55.47:037][  0]LogInit: Using OS detected locale (en-CA).
[2019.11.22-11.55.47:038][  0]LogTextLocalizationManager: No specific localization for 'en-US' exists, so the 'en' localization will be used.
[2019.11.22-11.55.47:235][  0]LogInit: Setting process to per monitor DPI aware
[2019.11.22-11.55.47:275][  0]LogSlate: New Slate User Created.  User Index 0, Is Virtual User: 0
[2019.11.22-11.55.47:275][  0]LogSlate: Slate User Registered.  User Index 0, Is Virtual User: 0
[2019.11.22-11.55.47:491][  0]LogHMD: Failed to initialize OpenVR with code 110
[2019.11.22-11.55.47:492][  0]LogD3D11RHI: D3D11 adapters:
[2019.11.22-11.55.47:589][  0]LogD3D11RHI:    0. 'NVIDIA GeForce GTX 1650' (Feature Level 11_0)
[2019.11.22-11.55.47:589][  0]LogD3D11RHI:       3962/0/8112 MB DedicatedVideo/DedicatedSystem/SharedSystem, Outputs:1, VendorId:0x10de
[2019.11.22-11.55.47:610][  0]LogD3D11RHI:    1. 'Intel(R) UHD Graphics 630' (Feature Level 11_0)
[2019.11.22-11.55.47:610][  0]LogD3D11RHI:       128/0/8112 MB DedicatedVideo/DedicatedSystem/SharedSystem, Outputs:0, VendorId:0x8086
[2019.11.22-11.55.47:614][  0]LogD3D11RHI:    2. 'Microsoft Basic Render Driver' (Feature Level 11_0)
[2019.11.22-11.55.47:614][  0]LogD3D11RHI:       0/0/8112 MB DedicatedVideo/DedicatedSystem/SharedSystem, Outputs:0, VendorId:0x1414
[2019.11.22-11.55.47:614][  0]LogD3D11RHI: Chosen D3D11 Adapter: 0
[2019.11.22-11.55.47:648][  0]LogD3D11RHI: Creating new Direct3DDevice
[2019.11.22-11.55.47:648][  0]LogD3D11RHI:     GPU DeviceId: 0x1f91 (for the marketing name, search the web for "GPU Device Id")
[2019.11.22-11.55.47:648][  0]LogWindows: EnumDisplayDevices:
[2019.11.22-11.55.47:648][  0]LogWindows:    0. 'Intel(R) UHD Graphics 630' (P:1 D:1)
[2019.11.22-11.55.47:649][  0]LogWindows:    1. 'Intel(R) UHD Graphics 630' (P:0 D:0)
[2019.11.22-11.55.47:649][  0]LogWindows:    2. 'Intel(R) UHD Graphics 630' (P:0 D:0)
[2019.11.22-11.55.47:650][  0]LogWindows:    3. 'NVIDIA GeForce GTX 1650' (P:0 D:0)
[2019.11.22-11.55.47:650][  0]LogWindows: DebugString: PrimaryIsNotTheChoosenAdapter PrimaryIsNotTheChoosenAdapter PrimaryIsNotTheChoosenAdapter 
[2019.11.22-11.55.47:650][  0]LogD3D11RHI:     Adapter Name: NVIDIA GeForce GTX 1650
[2019.11.22-11.55.47:650][  0]LogD3D11RHI:   Driver Version: 419.71 (internal:25.21.14.1971, unified:419.71)
[2019.11.22-11.55.47:650][  0]LogD3D11RHI:      Driver Date: 3-18-2019
[2019.11.22-11.55.47:650][  0]LogRHI: Texture pool is 2773 MB (70% of 3962 MB)
[2019.11.22-11.55.47:723][  0]LogD3D11RHI: Async texture creation enabled
[2019.11.22-11.55.47:727][  0]LogRendererCore: FGlobalReadBuffer::InitRHI
[2019.11.22-11.55.47:727][  0]LogRendererCore: FGlobalReadBuffer::InitRHI
[2019.11.22-11.55.47:727][  0]LogRendererCore: FGlobalReadBuffer::InitRHI
[2019.11.22-11.55.47:742][  0]LogD3D11RHI: GPU Timing Frequency: 1000.000000 (Debug: 2 2)
[2019.11.22-11.55.48:035][  0]LogTemp: Display: Module 'AllDesktopTargetPlatform' loaded TargetPlatform 'AllDesktop'
[2019.11.22-11.55.48:047][  0]LogTemp: Display: Module 'MacClientTargetPlatform' loaded TargetPlatform 'MacClient'
[2019.11.22-11.55.48:061][  0]LogTemp: Display: Module 'MacNoEditorTargetPlatform' loaded TargetPlatform 'MacNoEditor'
[2019.11.22-11.55.48:080][  0]LogTemp: Display: Module 'MacServerTargetPlatform' loaded TargetPlatform 'MacServer'
[2019.11.22-11.55.48:096][  0]LogTemp: Display: Module 'MacTargetPlatform' loaded TargetPlatform 'Mac'
[2019.11.22-11.55.48:110][  0]LogTemp: Display: Module 'WindowsClientTargetPlatform' loaded TargetPlatform 'WindowsClient'
[2019.11.22-11.55.48:126][  0]LogTemp: Display: Module 'WindowsNoEditorTargetPlatform' loaded TargetPlatform 'WindowsNoEditor'
[2019.11.22-11.55.48:140][  0]LogTemp: Display: Module 'WindowsServerTargetPlatform' loaded TargetPlatform 'WindowsServer'
[2019.11.22-11.55.48:149][  0]LogTemp: Display: Module 'WindowsTargetPlatform' loaded TargetPlatform 'Windows'
[2019.11.22-11.55.48:221][  0]LogTemp: Display: Module 'AndroidTargetPlatform' loaded TargetPlatform 'Android'
[2019.11.22-11.55.48:221][  0]LogTemp: Display: Module 'AndroidTargetPlatform' loaded TargetPlatform 'Android_ASTC'
[2019.11.22-11.55.48:221][  0]LogTemp: Display: Module 'AndroidTargetPlatform' loaded TargetPlatform 'Android_ATC'
[2019.11.22-11.55.48:221][  0]LogTemp: Display: Module 'AndroidTargetPlatform' loaded TargetPlatform 'Android_DXT'
[2019.11.22-11.55.48:221][  0]LogTemp: Display: Module 'AndroidTargetPlatform' loaded TargetPlatform 'Android_ETC1'
[2019.11.22-11.55.48:221][  0]LogTemp: Display: Module 'AndroidTargetPlatform' loaded TargetPlatform 'Android_ETC1a'
[2019.11.22-11.55.48:221][  0]LogTemp: Display: Module 'AndroidTargetPlatform' loaded TargetPlatform 'Android_ETC2'
[2019.11.22-11.55.48:221][  0]LogTemp: Display: Module 'AndroidTargetPlatform' loaded TargetPlatform 'Android_PVRTC'
[2019.11.22-11.55.48:221][  0]LogTemp: Display: Module 'AndroidTargetPlatform' loaded TargetPlatform 'AndroidClient'
[2019.11.22-11.55.48:221][  0]LogTemp: Display: Module 'AndroidTargetPlatform' loaded TargetPlatform 'Android_ASTCClient'
[2019.11.22-11.55.48:221][  0]LogTemp: Display: Module 'AndroidTargetPlatform' loaded TargetPlatform 'Android_ATCClient'
[2019.11.22-11.55.48:221][  0]LogTemp: Display: Module 'AndroidTargetPlatform' loaded TargetPlatform 'Android_DXTClient'
[2019.11.22-11.55.48:221][  0]LogTemp: Display: Module 'AndroidTargetPlatform' loaded TargetPlatform 'Android_ETC1Client'
[2019.11.22-11.55.48:221][  0]LogTemp: Display: Module 'AndroidTargetPlatform' loaded TargetPlatform 'Android_ETC1aClient'
[2019.11.22-11.55.48:221][  0]LogTemp: Display: Module 'AndroidTargetPlatform' loaded TargetPlatform 'Android_ETC2Client'
[2019.11.22-11.55.48:222][  0]LogTemp: Display: Module 'AndroidTargetPlatform' loaded TargetPlatform 'Android_PVRTCClient'
[2019.11.22-11.55.48:222][  0]LogTemp: Display: Module 'AndroidTargetPlatform' loaded TargetPlatform 'Android_Multi'
[2019.11.22-11.55.48:222][  0]LogTemp: Display: Module 'AndroidTargetPlatform' loaded TargetPlatform 'Android_MultiClient'
[2019.11.22-11.55.48:224][  0]LogTemp: Display: Module 'HTML5TargetPlatform' loaded TargetPlatform 'HTML5'
[2019.11.22-11.55.48:275][  0]LogTemp: Display: Module 'IOSTargetPlatform' loaded TargetPlatform 'IOSClient'
[2019.11.22-11.55.48:276][  0]LogTemp: Display: Module 'IOSTargetPlatform' loaded TargetPlatform 'IOS'
[2019.11.22-11.55.48:302][  0]LogTemp: Display: Module 'TVOSTargetPlatform' loaded TargetPlatform 'TVOSClient'
[2019.11.22-11.55.48:302][  0]LogTemp: Display: Module 'TVOSTargetPlatform' loaded TargetPlatform 'TVOS'
[2019.11.22-11.55.48:314][  0]LogTemp: Display: Module 'LinuxClientTargetPlatform' loaded TargetPlatform 'LinuxClient'
[2019.11.22-11.55.48:325][  0]LogTemp: Display: Module 'LinuxNoEditorTargetPlatform' loaded TargetPlatform 'LinuxNoEditor'
[2019.11.22-11.55.48:337][  0]LogTemp: Display: Module 'LinuxServerTargetPlatform' loaded TargetPlatform 'LinuxServer'
[2019.11.22-11.55.48:349][  0]LogTemp: Display: Module 'LinuxTargetPlatform' loaded TargetPlatform 'Linux'
[2019.11.22-11.55.48:393][  0]LogTemp: Display: Module 'LuminTargetPlatform' loaded TargetPlatform 'Lumin'
[2019.11.22-11.55.48:393][  0]LogTemp: Display: Module 'LuminTargetPlatform' loaded TargetPlatform 'LuminClient'
[2019.11.22-11.55.48:393][  0]LogTargetPlatformManager: Display: Building Assets For Windows
[2019.11.22-11.55.48:405][  0]LogAudioDebug: Display: Lib vorbis DLL was dynamically loaded.
[2019.11.22-11.55.48:489][  0]LogShaderCompilers: Guid format shader working directory is -6 characters bigger than the processId version (../../../../../../Users/nesac/Desktop/VRDigiWrangler/Intermediate/Shaders/WorkingDirectory/8828/).
[2019.11.22-11.55.48:489][  0]LogShaderCompilers: Cleaned the shader compiler working directory 'C:/Users/nesac/AppData/Local/Temp/UnrealShaderWorkingDir/4270873045E186D67F9ECD867BF0B2B7/'.
[2019.11.22-11.55.48:491][  0]LogXGEController: Cleaning working directory: C:/Users/nesac/AppData/Local/Temp/UnrealXGEWorkingDir/
[2019.11.22-11.55.48:491][  0]LogXGEController: Cannot use XGE Controller as Incredibuild is not installed on this machine.
[2019.11.22-11.55.48:491][  0]LogShaderCompilers: Cannot use XGE Shader Compiler as Incredibuild is not installed on this machine.
[2019.11.22-11.55.48:491][  0]LogShaderCompilers: Display: Using Local Shader Compiler.
[2019.11.22-11.55.48:977][  0]LogDerivedDataCache: Display: Max Cache Size: 512 MB
[2019.11.22-11.55.49:019][  0]LogDerivedDataCache: Loaded boot cache 0.04s 71MB C:/Users/nesac/AppData/Local/UnrealEngine/4.22/DerivedDataCache/Boot.ddc.
[2019.11.22-11.55.49:019][  0]LogDerivedDataCache: Display: Loaded Boot cache: C:/Users/nesac/AppData/Local/UnrealEngine/4.22/DerivedDataCache/Boot.ddc
[2019.11.22-11.55.49:019][  0]LogDerivedDataCache: FDerivedDataBackendGraph:  Pak pak cache file ../../../../../../Users/nesac/Desktop/VRDigiWrangler/DerivedDataCache/DDC.ddp not found, will not use a pak cache.
[2019.11.22-11.55.49:020][  0]LogDerivedDataCache: Unable to find inner node Pak for hierarchical cache Hierarchy.
[2019.11.22-11.55.49:020][  0]LogDerivedDataCache: FDerivedDataBackendGraph:  CompressedPak pak cache file ../../../../../../Users/nesac/Desktop/VRDigiWrangler/DerivedDataCache/Compressed.ddp not found, will not use a pak cache.
[2019.11.22-11.55.49:020][  0]LogDerivedDataCache: Unable to find inner node CompressedPak for hierarchical cache Hierarchy.
[2019.11.22-11.55.49:030][  0]LogDerivedDataCache: Display: Pak cache opened for reading ../../../Engine/DerivedDataCache/Compressed.ddp.
[2019.11.22-11.55.49:031][  0]LogDerivedDataCache: FDerivedDataBackendGraph:  EnterprisePak pak cache file ../../../Enterprise/DerivedDataCache/Compressed.ddp not found, will not use a pak cache.
[2019.11.22-11.55.49:031][  0]LogDerivedDataCache: Unable to find inner node EnterprisePak for hierarchical cache Hierarchy.
[2019.11.22-11.55.49:043][  0]LogDerivedDataCache: Using Local data cache path C:/Users/nesac/AppData/Local/UnrealEngine/Common/DerivedDataCache: Writable
[2019.11.22-11.55.49:043][  0]LogDerivedDataCache: Shared data cache path not found in *engine.ini, will not use an Shared cache.
[2019.11.22-11.55.49:043][  0]LogDerivedDataCache: Unable to find inner node Shared for hierarchical cache Hierarchy.
[2019.11.22-11.55.49:062][  0]LogMaterial: Verifying Global Shaders for PCD3D_SM5
[2019.11.22-11.55.49:062][  0]LogSlate: Using FreeType 2.6.0
[2019.11.22-11.55.49:062][  0]LogSlate: SlateFontServices - WITH_FREETYPE: 1, WITH_HARFBUZZ: 1
[2019.11.22-11.55.49:137][  0]LogAssetRegistry: FAssetRegistry took 0.0340 seconds to start up
[2019.11.22-11.55.49:483][  0]LogInit: Selected Device Profile: [Windows]
[2019.11.22-11.55.49:627][  0]LogMeshReduction: Using QuadricMeshReduction for automatic static mesh reduction
[2019.11.22-11.55.49:627][  0]LogMeshReduction: Using SimplygonMeshReduction for automatic skeletal mesh reduction
[2019.11.22-11.55.49:627][  0]LogMeshReduction: Using ProxyLODMeshReduction for automatic mesh merging
[2019.11.22-11.55.49:627][  0]LogMeshReduction: No distributed automatic mesh merging module available
[2019.11.22-11.55.49:627][  0]LogMeshMerging: No distributed automatic mesh merging module available
[2019.11.22-11.55.49:636][  0]LogNetVersion: VRDigiWrangler 1.0.0, NetCL: 5660361, EngineNetVer: 10, GameNetVer: 0 (Checksum: 1591920321)
[2019.11.22-11.55.49:979][  0]LogPackageLocalizationCache: Processed 10 localized package path(s) for 1 prioritized culture(s) in 0.039932 seconds
[2019.11.22-11.55.49:986][  0]LogUObjectArray: 42205 objects as part of root set at end of initial load.
[2019.11.22-11.55.49:986][  0]LogUObjectAllocator: 7325032 out of 0 bytes used by permanent object pool.
[2019.11.22-11.55.49:986][  0]LogUObjectArray: CloseDisregardForGC: 0/0 objects in disregard for GC pool
[2019.11.22-11.55.50:796][  0]LogTcpMessaging: Initializing TcpMessaging bridge
[2019.11.22-11.55.50:812][  0]LogUdpMessaging: Initializing bridge on interface 0.0.0.0:0 to multicast group 230.0.0.1:6666.
[2019.11.22-11.55.50:948][  0]SourceControl: Source control is disabled
[2019.11.22-11.55.50:948][  0]SourceControl: Source control is disabled
[2019.11.22-11.55.50:950][  0]SourceControl: Source control is disabled
[2019.11.22-11.55.50:953][  0]SourceControl: Source control is disabled
[2019.11.22-11.55.51:069][  0]LogAndroidPermission: UAndroidPermissionCallbackProxy::GetInstance
[2019.11.22-11.55.51:815][  0]LogOcInput: OculusInput pre-init called
[2019.11.22-11.55.52:403][  0]LogEngine: Initializing Engine...
[2019.11.22-11.55.52:403][  0]LogHMD: Failed to initialize OpenVR with code 110
[2019.11.22-11.55.52:404][  0]LogStats: UGameplayTagsManager::InitializeManager -  0.000 s
[2019.11.22-11.55.52:582][  0]LogInit: Initializing FReadOnlyCVARCache
[2019.11.22-11.55.52:596][  0]LogAIModule: Creating AISystem for world Untitled
[2019.11.22-11.55.52:611][  0]LogInit: XAudio2 using 'Speakers (Realtek(R) Audio)' : 6 channels at 48 kHz using 32 bits per sample (channel mask 0x3f)
[2019.11.22-11.55.52:914][  0]LogInit: FAudioDevice initialized.
[2019.11.22-11.55.52:914][  0]LogNetVersion: Set ProjectVersion to 1.0.0.0. Version Checksum will be recalculated on next use.
[2019.11.22-11.55.52:960][  0]LogDerivedDataCache: Saved boot cache 0.05s 71MB C:/Users/nesac/AppData/Local/UnrealEngine/4.22/DerivedDataCache/Boot.ddc.
[2019.11.22-11.55.52:973][  0]LogInit: Texture streaming: Enabled
[2019.11.22-11.55.52:998][  0]LogEngineSessionManager: EngineSessionManager initialized
[2019.11.22-11.55.52:999][  0]LogEngineSessionManager: EngineSessionManager sent abnormal shutdown report. Type=Debugger, SessionId={10FCF1AC-4F0B-A3B6-850D-FF8F73A2DABB}
[2019.11.22-11.55.53:018][  0]LogInit: Transaction tracking system initialized
[2019.11.22-11.55.53:049][  0]BlueprintLog: New page: Editor Load
[2019.11.22-11.55.53:164][  0]LocalizationService: Localization service is disabled
[2019.11.22-11.55.53:454][  0]LogFileCache: Scanning file cache for directory 'C:/Users/nesac/Desktop/VRDigiWrangler/Content/' took 0.01s
[2019.11.22-11.55.53:454][  0]LogCook: Display: Max memory allowance for cook 16384mb min free memory 0mb
[2019.11.22-11.55.53:454][  0]LogCook: Display: Mobile HDR setting 1
[2019.11.22-11.55.53:656][  0]SourceControl: Source control is disabled
[2019.11.22-11.55.53:656][  0]Cmd: MAP LOAD FILE="../../../../../../Users/nesac/Desktop/VRDigiWrangler/Content/Level/VRDigiWrangler.umap" TEMPLATE=0 SHOWPROGRESS=1 FEATURELEVEL=3
[2019.11.22-11.55.53:656][  0]LightingResults: New page: Lighting Build
[2019.11.22-11.55.53:659][  0]MapCheck: New page: Map Check
[2019.11.22-11.55.53:659][  0]LightingResults: New page: Lighting Build
[2019.11.22-11.55.53:686][  0]LogUObjectHash: Compacting FUObjectHashTables data took   1.36ms
[2019.11.22-11.55.53:756][  0]LogAIModule: Creating AISystem for world VRDigiWrangler
[2019.11.22-11.55.53:761][  0]LogEditorServer: Finished looking for orphan Actors (0.000 secs)
[2019.11.22-11.55.53:793][  0]LogUObjectHash: Compacting FUObjectHashTables data took   1.58ms
[2019.11.22-11.55.53:793][  0]Cmd: MAP CHECKDEP NOCLEARLOG
[2019.11.22-11.55.53:794][  0]MapCheck: Map check complete: 0 Error(s), 0 Warning(s), took 0.145ms to complete.
[2019.11.22-11.55.53:794][  0]LogFileHelpers: Loading map 'VRDigiWrangler' took 0.137
[2019.11.22-11.55.53:900][  0]LogSlate: Updating window title bar state: overlay mode, drag disabled, window buttons hidden, title bar hidden
[2019.11.22-11.55.53:909][  0]LogSlate: Updating window title bar state: overlay mode, drag disabled, window buttons hidden, title bar hidden
[2019.11.22-11.55.53:915][  0]LogSlate: Updating window title bar state: overlay mode, drag disabled, window buttons hidden, title bar hidden
[2019.11.22-11.55.53:926][  0]LogSlate: Updating window title bar state: overlay mode, drag disabled, window buttons hidden, title bar hidden
[2019.11.22-11.55.53:932][  0]LogCollectionManager: Loaded 0 collections in 0.001581 seconds
[2019.11.22-11.55.53:949][  0]LogFileCache: Scanning file cache for directory 'C:/Users/nesac/Desktop/VRDigiWrangler/Saved/Collections/' took 0.01s
[2019.11.22-11.55.53:949][  0]LogFileCache: Scanning file cache for directory 'C:/Users/nesac/Desktop/VRDigiWrangler/Content/Developers/ness/Collections/' took 0.00s
[2019.11.22-11.55.53:949][  0]LogFileCache: Scanning file cache for directory 'C:/Users/nesac/Desktop/VRDigiWrangler/Content/Collections/' took 0.00s
[2019.11.22-11.55.53:949][  0]LogCollectionManager: Rebuilt the GUID cache for 0 collections in 0.000000 seconds
[2019.11.22-11.55.53:959][  0]LogContentBrowser: Native class hierarchy populated in 0.0096 seconds. Added 2737 classes and 662 folders.
[2019.11.22-11.55.53:965][  0]LogContentBrowser: Native class hierarchy updated for 'WidgetCarousel' in 0.0003 seconds. Added 0 classes and 0 folders.
[2019.11.22-11.55.53:966][  0]LogPakFile: Registered encryption key '00000000000000000000000000000000': 0 pak files mounted, 0 remain pending
[2019.11.22-11.55.53:967][  0]LogPakFile: Registered encryption key '00000000000000000000000000000000': 0 pak files mounted, 0 remain pending
[2019.11.22-11.55.53:967][  0]LogPakFile: Registered encryption key '00000000000000000000000000000000': 0 pak files mounted, 0 remain pending
[2019.11.22-11.55.53:967][  0]LogPakFile: Registered encryption key '00000000000000000000000000000000': 0 pak files mounted, 0 remain pending
[2019.11.22-11.55.53:968][  0]LogPakFile: Registered encryption key '00000000000000000000000000000000': 0 pak files mounted, 0 remain pending
[2019.11.22-11.55.53:968][  0]LogPakFile: Registered encryption key '00000000000000000000000000000000': 0 pak files mounted, 0 remain pending
[2019.11.22-11.55.53:969][  0]LogPakFile: Registered encryption key '00000000000000000000000000000000': 0 pak files mounted, 0 remain pending
[2019.11.22-11.55.53:969][  0]LogPakFile: Registered encryption key '00000000000000000000000000000000': 0 pak files mounted, 0 remain pending
[2019.11.22-11.55.53:969][  0]LogPakFile: Registered encryption key '00000000000000000000000000000000': 0 pak files mounted, 0 remain pending
[2019.11.22-11.55.53:970][  0]LogPakFile: Registered encryption key '00000000000000000000000000000000': 0 pak files mounted, 0 remain pending
[2019.11.22-11.55.53:970][  0]LogPakFile: Registered encryption key '00000000000000000000000000000000': 0 pak files mounted, 0 remain pending
[2019.11.22-11.55.53:971][  0]LogPakFile: Registered encryption key '00000000000000000000000000000000': 0 pak files mounted, 0 remain pending
[2019.11.22-11.55.53:971][  0]LogPakFile: Registered encryption key '00000000000000000000000000000000': 0 pak files mounted, 0 remain pending
[2019.11.22-11.55.53:972][  0]LogPakFile: Registered encryption key '00000000000000000000000000000000': 0 pak files mounted, 0 remain pending
[2019.11.22-11.55.53:972][  0]LogPakFile: Registered encryption key '00000000000000000000000000000000': 0 pak files mounted, 0 remain pending
[2019.11.22-11.55.53:972][  0]LogPakFile: Registered encryption key '00000000000000000000000000000000': 0 pak files mounted, 0 remain pending
[2019.11.22-11.55.53:973][  0]LogPakFile: Registered encryption key '00000000000000000000000000000000': 0 pak files mounted, 0 remain pending
[2019.11.22-11.55.53:973][  0]LogPakFile: Registered encryption key '00000000000000000000000000000000': 0 pak files mounted, 0 remain pending
[2019.11.22-11.55.53:974][  0]LogPakFile: Registered encryption key '00000000000000000000000000000000': 0 pak files mounted, 0 remain pending
[2019.11.22-11.55.53:974][  0]LogPakFile: Registered encryption key '00000000000000000000000000000000': 0 pak files mounted, 0 remain pending
[2019.11.22-11.55.53:974][  0]LogPakFile: Registered encryption key '00000000000000000000000000000000': 0 pak files mounted, 0 remain pending
[2019.11.22-11.55.53:975][  0]LogPakFile: Registered encryption key '00000000000000000000000000000000': 0 pak files mounted, 0 remain pending
[2019.11.22-11.55.53:975][  0]LogPakFile: Registered encryption key '00000000000000000000000000000000': 0 pak files mounted, 0 remain pending
[2019.11.22-11.55.53:976][  0]LogPakFile: Registered encryption key '00000000000000000000000000000000': 0 pak files mounted, 0 remain pending
[2019.11.22-11.55.53:976][  0]LogPakFile: Registered encryption key '00000000000000000000000000000000': 0 pak files mounted, 0 remain pending
[2019.11.22-11.55.53:976][  0]LogPakFile: Registered encryption key '00000000000000000000000000000000': 0 pak files mounted, 0 remain pending
[2019.11.22-11.55.54:002][  0]LogContentBrowser: Native class hierarchy updated for 'AddContentDialog' in 0.0005 seconds. Added 0 classes and 0 folders.
[2019.11.22-11.55.54:008][  0]LogContentBrowser: Native class hierarchy updated for 'SceneOutliner' in 0.0004 seconds. Added 1 classes and 2 folders.
[2019.11.22-11.55.54:014][  0]LogSlate: Took 0.000118 seconds to synchronously load lazily loaded font '../../../Engine/Content/Slate/Fonts/Roboto-Regular.ttf' (155K)
[2019.11.22-11.55.54:018][  0]LogSlate: Took 0.000128 seconds to synchronously load lazily loaded font '../../../Engine/Content/Slate/Fonts/Roboto-Bold.ttf' (160K)
[2019.11.22-11.55.54:021][  0]LogSlate: Took 0.000115 seconds to synchronously load lazily loaded font '../../../Engine/Content/Editor/Slate/Fonts/FontAwesome.ttf' (139K)
[2019.11.22-11.55.54:073][  0]LogRenderer: Reallocating scene render targets to support 1224x436 Format 10 NumSamples 1 (Frame:1).
[2019.11.22-11.55.54:218][  0]LogContentBrowser: Native class hierarchy updated for 'HierarchicalLODOutliner' in 0.0004 seconds. Added 0 classes and 0 folders.
[2019.11.22-11.55.54:218][  0]LogLoad: (Engine Initialization) Total time: 9.62 seconds
[2019.11.22-11.55.54:218][  0]LogLoad: (Engine Initialization) Total Blueprint compile time: 0.00 seconds
[2019.11.22-11.55.54:255][  0]LogAssetRegistry: Asset discovery search completed in 5.1423 seconds
[2019.11.22-11.55.54:257][  0]LogCollectionManager: Rebuilt the object cache for 0 collections in 0.000001 seconds (found 0 objects)
[2019.11.22-11.55.54:258][  0]LogCollectionManager: Fixed up redirectors for 0 collections in 0.000226 seconds (updated 0 objects)
[2019.11.22-11.55.54:260][  0]LogContentStreaming: Texture pool size now 1000 MB
[2019.11.22-11.55.54:363][  0]LogSlate: Took 0.000118 seconds to synchronously load lazily loaded font '../../../Engine/Content/Slate/Fonts/Roboto-Light.ttf' (167K)
[2019.11.22-11.55.57:685][200]LogSlate: FSceneViewport::OnFocusLost() reason 0
[2019.11.22-11.56.02:670][499]LogSlate: Took 0.000142 seconds to synchronously load lazily loaded font '../../../Engine/Content/Slate/Fonts/Roboto-Light.ttf' (167K)
[2019.11.22-11.56.02:676][499]LogAssetEditorManager: Opening Asset editor for Blueprint /Game/Blueprints/BP_MainPlayer.BP_MainPlayer
[2019.11.22-11.56.02:892][499]LogContentBrowser: Native class hierarchy updated for 'BlueprintGraph' in 0.0006 seconds. Added 121 classes and 0 folders.
[2019.11.22-11.56.03:573][499]PIE: Warning: AttachTo: '/Engine/Transient.World_0:PersistentLevel.BP_MainPlayer_C_0.Capsule Component' root component cannot be attached to other components in the same actor. Aborting.
[2019.11.22-11.56.06:851][691]LogSlate: Window 'BP_MainPlayer' being destroyed
[2019.11.22-11.56.06:913][691]LogAssetEditorManager: Opening Asset editor for Blueprint /Game/Blueprints/BP_MainPlayer.BP_MainPlayer
[2019.11.22-11.56.07:206][691]PIE: Warning: AttachTo: '/Engine/Transient.World_1:PersistentLevel.BP_MainPlayer_C_0.Capsule Component' root component cannot be attached to other components in the same actor. Aborting.
[2019.11.22-11.56.07:209][691]LogSlate: Took 0.000147 seconds to synchronously load lazily loaded font '../../../Engine/Content/Slate/Fonts/Roboto-BoldCondensed.ttf' (158K)
[2019.11.22-11.56.07:711][720]LogSlate: Took 0.000146 seconds to synchronously load lazily loaded font '../../../Engine/Content/Slate/Fonts/Roboto-Italic.ttf' (157K)
[2019.11.22-11.56.09:938][852]LogRenderer: Reallocating scene render targets to support 1224x540 Format 10 NumSamples 1 (Frame:1).
[2019.11.22-11.56.21:908][567]Cmd: OBJ SAVEPACKAGE PACKAGE="/Game/Blueprints/BP_MainPlayer" FILE="../../../../../../Users/nesac/Desktop/VRDigiWrangler/Content/Blueprints/BP_MainPlayer.uasset" SILENT=true
[2019.11.22-11.56.21:923][567]LogSavePackage: Moving '../../../../../../Users/nesac/Desktop/VRDigiWrangler/Saved/BP_MainPlayer6D68C63641D5BBFBEC81618743D0F3B0.tmp' to '../../../../../../Users/nesac/Desktop/VRDigiWrangler/Content/Blueprints/BP_MainPlayer.uasset'
[2019.11.22-11.56.23:158][641]LogSlate: Window 'BP_MainPlayer' being destroyed
[2019.11.22-11.56.23:161][641]LogSlate: Window 'BP_MainPlayer' being destroyed
[2019.11.22-11.56.26:278][811]Candidate modules for hot reload:
[2019.11.22-11.56.26:279][811]  VRDigiWrangler
[2019.11.22-11.56.26:279][811]Launching UnrealBuildTool... [C:/Program Files/Epic Games/UE_4.22/Engine/Binaries/DotNET/UnrealBuildTool.exe  -ModuleWithSuffix=VRDigiWrangler,7529 Win64 Development -TargetType=Editor -Project="C:/Users/nesac/Desktop/VRDigiWrangler/VRDigiWrangler.uproject" "C:/Users/nesac/Desktop/VRDigiWrangler/VRDigiWrangler.uproject"  -IgnoreJunk]
[2019.11.22-11.56.26:287][811]Warning: Starting HotReload took  0.2s.
[2019.11.22-11.56.36:147][403]CompilerResultsLog: New page: Compilation - Nov 22, 2019, 1:56:36 AM
[2019.11.22-11.56.36:147][403]CompilerResultsLog: Creating makefile for VRDigiWranglerEditor (ini files are newer than makefile)
[2019.11.22-11.56.36:147][403]CompilerResultsLog: Parsing headers for VRDigiWranglerEditor
[2019.11.22-11.56.36:148][403]CompilerResultsLog:   Running UnrealHeaderTool "C:\Users\nesac\Desktop\VRDigiWrangler\VRDigiWrangler.uproject" "C:\Users\nesac\Desktop\VRDigiWrangler\Intermediate\Build\Win64\VRDigiWranglerEditor\Development\VRDigiWranglerEditor.uhtmanifest" -LogCmds="loginit warning, logexit warning, logdatabase error" -Unattended -WarningsAsErrors -installed
[2019.11.22-11.56.36:148][403]CompilerResultsLog: Reflection code generated for VRDigiWranglerEditor in 5.2805105 seconds
[2019.11.22-11.56.36:148][403]CompilerResultsLog: Failed to delete file 'C:\Users\nesac\Desktop\VRDigiWrangler\Binaries\Win64\UE4Editor-VRDigiWrangler.pdb'
[2019.11.22-11.56.36:148][403]CompilerResultsLog:     Exception: Access to the path 'C:\Users\nesac\Desktop\VRDigiWrangler\Binaries\Win64\UE4Editor-VRDigiWrangler.pdb' is denied.
[2019.11.22-11.56.36:148][403]CompilerResultsLog: Attempting to retry...
[2019.11.22-11.56.36:148][403]CompilerResultsLog: Failed to delete file 'C:\Users\nesac\Desktop\VRDigiWrangler\Binaries\Win64\UE4Editor-VRDigiWrangler.pdb'
[2019.11.22-11.56.36:148][403]CompilerResultsLog:     Exception: Access to the path 'C:\Users\nesac\Desktop\VRDigiWrangler\Binaries\Win64\UE4Editor-VRDigiWrangler.pdb' is denied.
[2019.11.22-11.56.36:148][403]CompilerResultsLog: Attempting to retry...
[2019.11.22-11.56.36:148][403]CompilerResultsLog: Failed to delete file 'C:\Users\nesac\Desktop\VRDigiWrangler\Binaries\Win64\UE4Editor-VRDigiWrangler.pdb'
[2019.11.22-11.56.36:148][403]CompilerResultsLog:     Exception: Access to the path 'C:\Users\nesac\Desktop\VRDigiWrangler\Binaries\Win64\UE4Editor-VRDigiWrangler.pdb' is denied.
[2019.11.22-11.56.36:148][403]CompilerResultsLog: ERROR: Exhausted all retries!
[2019.11.22-11.56.36:148][403]CompilerResultsLog: Using Visual Studio 2019 14.23.28105 toolchain (C:\Program Files (x86)\Microsoft Visual Studio\2019\Enterprise\VC\Tools\MSVC\14.23.28105) and Windows 10.0.18362.0 SDK (C:\Program Files (x86)\Windows Kits\10).
[2019.11.22-11.56.36:148][403]CompilerResultsLog: Building 3 actions with 12 processes...
[2019.11.22-11.56.36:149][403]CompilerResultsLog:   [1/3] UE4Editor-VRDigiWrangler-7529.lib
[2019.11.22-11.56.36:149][403]CompilerResultsLog:      Creating library C:\Users\nesac\Desktop\VRDigiWrangler\Intermediate\Build\Win64\UE4Editor\Development\VRDigiWrangler\UE4Editor-VRDigiWrangler-7529.lib and object C:\Users\nesac\Desktop\VRDigiWrangler\Intermediate\Build\Win64\UE4Editor\Development\VRDigiWrangler\UE4Editor-VRDigiWrangler-7529.exp
[2019.11.22-11.56.36:149][403]CompilerResultsLog:   [2/3] UE4Editor-VRDigiWrangler-7529.dll
[2019.11.22-11.56.36:149][403]CompilerResultsLog:      Creating library C:\Users\nesac\Desktop\VRDigiWrangler\Intermediate\Build\Win64\UE4Editor\Development\VRDigiWrangler\UE4Editor-VRDigiWrangler-7529.suppressed.lib and object C:\Users\nesac\Desktop\VRDigiWrangler\Intermediate\Build\Win64\UE4Editor\Development\VRDigiWrangler\UE4Editor-VRDigiWrangler-7529.suppressed.exp
[2019.11.22-11.56.36:149][403]CompilerResultsLog:   [3/3] VRDigiWranglerEditor.target
[2019.11.22-11.56.36:149][403]CompilerResultsLog: Total time in Parallel executor: 0.76 seconds
[2019.11.22-11.56.36:149][403]CompilerResultsLog: Total execution time: 9.77 seconds
[2019.11.22-11.56.36:149][403]LogMainFrame: MainFrame: Module compiling took 9.873 seconds
[2019.11.22-11.56.36:185][403]LogUObjectHash: Compacting FUObjectHashTables data took   2.62ms
[2019.11.22-11.56.36:185][403]LogBlueprintActionDatabase: Requesting refresh due to module change: VRDigiWrangler (unloaded)
[2019.11.22-11.56.36:227][403]LogBlueprintActionDatabase: Requesting refresh due to module change: VRDigiWrangler (loaded)
[2019.11.22-11.56.36:227][403]LogContentBrowser: Native class hierarchy updated for 'VRDigiWrangler' in 0.0004 seconds. Added 5 classes and 3 folders.
[2019.11.22-11.56.36:231][403]Display: HotReload successful (0 functions remapped  0 scriptstructs remapped)
[2019.11.22-11.56.36:412][403]LogUObjectHash: Compacting FUObjectHashTables data took   1.38ms
[2019.11.22-11.56.36:412][403]LogBlueprintActionDatabase: Requesting refresh due to hot reload
[2019.11.22-11.56.36:425][403]LogContentBrowser: Native class hierarchy populated in 0.0071 seconds. Added 2738 classes and 664 folders.
[2019.11.22-11.56.36:425][403]Display: HotReload took 10.4s.
[2019.11.22-11.56.37:451][452]LogSlate: FSceneViewport::OnFocusLost() reason 0
[2019.11.22-11.56.37:617][462]LogTemp: Repeating last play command: Selected Viewport
[2019.11.22-11.56.37:631][462]LogBlueprintUserMessages: Early PlayInEditor Detection: Level '/Game/Level/VRDigiWrangler.VRDigiWrangler:PersistentLevel' has LevelScriptBlueprint '/Game/Level/VRDigiWrangler.VRDigiWrangler:PersistentLevel.VRDigiWrangler' with GeneratedClass '/Game/Level/VRDigiWrangler.VRDigiWrangler_C' with ClassGeneratedBy '/Game/Level/VRDigiWrangler.VRDigiWrangler:PersistentLevel.VRDigiWrangler'
[2019.11.22-11.56.37:631][462]LogPlayLevel: PlayLevel: No blueprints needed recompiling
[2019.11.22-11.56.37:631][462]PIE: New page: PIE session: VRDigiWrangler (Nov 22, 2019, 1:56:37 AM)
[2019.11.22-11.56.37:644][462]LogPlayLevel: Creating play world package: /Game/Level/UEDPIE_0_VRDigiWrangler
[2019.11.22-11.56.37:648][462]LogPlayLevel: PIE: StaticDuplicateObject took: (0.003678s)
[2019.11.22-11.56.37:649][462]LogAIModule: Creating AISystem for world VRDigiWrangler
[2019.11.22-11.56.37:649][462]LogPlayLevel: PIE: World Init took: (0.000755s)
[2019.11.22-11.56.37:649][462]LogPlayLevel: PIE: Created PIE world by copying editor world from /Game/Level/VRDigiWrangler.VRDigiWrangler to /Game/Level/UEDPIE_0_VRDigiWrangler.VRDigiWrangler (0.005028s)
[2019.11.22-11.56.37:704][462]LogUObjectHash: Compacting FUObjectHashTables data took   3.31ms
[2019.11.22-11.56.37:708][462]LogInit: XAudio2 using 'Speakers (Realtek(R) Audio)' : 6 channels at 48 kHz using 32 bits per sample (channel mask 0x3f)
[2019.11.22-11.56.37:772][462]LogInit: FAudioDevice initialized.
[2019.11.22-11.56.37:830][462]LogLoad: Game class is 'VRDigiWranglerGameModeBase'
[2019.11.22-11.56.37:835][462]LogWorld: Bringing World /Game/Level/UEDPIE_0_VRDigiWrangler.VRDigiWrangler up for play (max tick rate 60) at 2019.11.22-06.56.37
[2019.11.22-11.56.37:836][462]LogWorld: Bringing up level for play took: 0.002429
[2019.11.22-11.56.37:879][462]LogBlueprintActionDatabase: Requesting refresh due to module change: Voice (loaded)
[2019.11.22-11.56.37:881][462]LogBlueprintActionDatabase: Requesting refresh due to module change: MovieSceneCapture (loaded)
[2019.11.22-11.56.37:882][462]LogContentBrowser: Native class hierarchy updated for 'MovieSceneCapture' in 0.0004 seconds. Added 20 classes and 0 folders.
[2019.11.22-11.56.37:883][462]PIE: Play in editor start time for /Game/Level/UEDPIE_0_VRDigiWrangler 0.39
[2019.11.22-11.56.37:883][462]LogBlueprintUserMessages: Late PlayInEditor Detection: Level '/Game/Level/VRDigiWrangler.VRDigiWrangler:PersistentLevel' has LevelScriptBlueprint '/Game/Level/VRDigiWrangler.VRDigiWrangler:PersistentLevel.VRDigiWrangler' with GeneratedClass '/Game/Level/VRDigiWrangler.VRDigiWrangler_C' with ClassGeneratedBy '/Game/Level/VRDigiWrangler.VRDigiWrangler:PersistentLevel.VRDigiWrangler'
[2019.11.22-11.56.42:250][712]LogBlueprintUserMessages: Early EndPlayMap Detection: Level '/Game/Level/VRDigiWrangler.VRDigiWrangler:PersistentLevel' has LevelScriptBlueprint '/Game/Level/VRDigiWrangler.VRDigiWrangler:PersistentLevel.VRDigiWrangler' with GeneratedClass '/Game/Level/VRDigiWrangler.VRDigiWrangler_C' with ClassGeneratedBy '/Game/Level/VRDigiWrangler.VRDigiWrangler:PersistentLevel.VRDigiWrangler'
[2019.11.22-11.56.42:251][712]LogSlate: Updating window title bar state: overlay mode, drag disabled, window buttons hidden, title bar hidden
[2019.11.22-11.56.42:292][712]LogPlayLevel: Display: Shutting down PIE online subsystems
[2019.11.22-11.56.42:292][712]LogBlueprintUserMessages: Late EndPlayMap Detection: Level '/Game/Level/VRDigiWrangler.VRDigiWrangler:PersistentLevel' has LevelScriptBlueprint '/Game/Level/VRDigiWrangler.VRDigiWrangler:PersistentLevel.VRDigiWrangler' with GeneratedClass '/Game/Level/VRDigiWrangler.VRDigiWrangler_C' with ClassGeneratedBy '/Game/Level/VRDigiWrangler.VRDigiWrangler:PersistentLevel.VRDigiWrangler'
[2019.11.22-11.56.42:332][712]LogSlate: Updating window title bar state: overlay mode, drag disabled, window buttons hidden, title bar hidden
[2019.11.22-11.56.42:370][712]LogUObjectHash: Compacting FUObjectHashTables data took   2.96ms
[2019.11.22-11.56.42:386][713]LogPlayLevel: Display: Destroying online subsystem :Context_3
[2019.11.22-11.56.45:912][924]LogSlate: FSceneViewport::OnFocusLost() reason 0
[2019.11.22-11.56.51:549][262]LogEditorViewport: Clicking on Actor (LMB): BP_MainPlayer_C (BP_MainPlayer)
[2019.11.22-11.57.00:882][820]LogSlate: FSceneViewport::OnFocusLost() reason 0
[2019.11.22-11.57.01:020][828]LogAssetEditorManager: Opening Asset editor for Blueprint /Game/Blueprints/BP_MainPlayer.BP_MainPlayer
[2019.11.22-11.57.01:312][828]PIE: Warning: AttachTo: '/Engine/Transient.World_2:PersistentLevel.BP_MainPlayer_C_0.Capsule Component' root component cannot be attached to other components in the same actor. Aborting.
[2019.11.22-11.57.18:711][868]Cmd: OBJ SAVEPACKAGE PACKAGE="/Game/Blueprints/BP_MainPlayer" FILE="../../../../../../Users/nesac/Desktop/VRDigiWrangler/Content/Blueprints/BP_MainPlayer.uasset" SILENT=true
[2019.11.22-11.57.18:723][868]LogSavePackage: Moving '../../../../../../Users/nesac/Desktop/VRDigiWrangler/Saved/BP_MainPlayerDAC6712E4CA0767AB75C2C99125A1764.tmp' to '../../../../../../Users/nesac/Desktop/VRDigiWrangler/Content/Blueprints/BP_MainPlayer.uasset'
[2019.11.22-11.57.19:206][897]BlueprintLog: New page: Compile BP_MainPlayer
[2019.11.22-11.57.19:227][897]PIE: Warning: AttachTo: '/Game/Level/VRDigiWrangler.VRDigiWrangler:PersistentLevel.BP_MainPlayer_2.Capsule Component' root component cannot be attached to other components in the same actor. Aborting.
[2019.11.22-11.57.19:268][897]PIE: Warning: AttachTo: '/Engine/Transient.World_2:PersistentLevel.BP_MainPlayer_C_0.Capsule Component' root component cannot be attached to other components in the same actor. Aborting.
[2019.11.22-11.57.19:390][897]LogUObjectHash: Compacting FUObjectHashTables data took   2.07ms
[2019.11.22-11.57.24:450][199]LogSlate: Window 'BP_MainPlayer' being destroyed
[2019.11.22-11.57.24:454][199]LogSlate: Window 'BP_MainPlayer' being destroyed
[2019.11.22-11.57.26:179][298]Candidate modules for hot reload:
[2019.11.22-11.57.26:179][298]  VRDigiWrangler
[2019.11.22-11.57.26:179][298]Launching UnrealBuildTool... [C:/Program Files/Epic Games/UE_4.22/Engine/Binaries/DotNET/UnrealBuildTool.exe  -ModuleWithSuffix=VRDigiWrangler,2550 Win64 Development -TargetType=Editor -Project="C:/Users/nesac/Desktop/VRDigiWrangler/VRDigiWrangler.uproject" "C:/Users/nesac/Desktop/VRDigiWrangler/VRDigiWrangler.uproject"  -IgnoreJunk]
[2019.11.22-11.57.26:182][298]Warning: Starting HotReload took  0.0s.
[2019.11.22-11.57.35:795][875]LogEditorViewport: Clicking on Actor (LMB): BP_MainPlayer_C (BP_MainPlayer)
[2019.11.22-11.57.35:922][883]CompilerResultsLog: New page: Compilation - Nov 22, 2019, 1:57:35 AM
[2019.11.22-11.57.35:922][883]CompilerResultsLog: Creating makefile for VRDigiWranglerEditor (ini files are newer than makefile)
[2019.11.22-11.57.35:922][883]CompilerResultsLog: Parsing headers for VRDigiWranglerEditor
[2019.11.22-11.57.35:922][883]CompilerResultsLog:   Running UnrealHeaderTool "C:\Users\nesac\Desktop\VRDigiWrangler\VRDigiWrangler.uproject" "C:\Users\nesac\Desktop\VRDigiWrangler\Intermediate\Build\Win64\VRDigiWranglerEditor\Development\VRDigiWranglerEditor.uhtmanifest" -LogCmds="loginit warning, logexit warning, logdatabase error" -Unattended -WarningsAsErrors -installed
[2019.11.22-11.57.35:922][883]CompilerResultsLog: Reflection code generated for VRDigiWranglerEditor in 5.2978035 seconds
[2019.11.22-11.57.35:922][883]CompilerResultsLog: Failed to delete file 'C:\Users\nesac\Desktop\VRDigiWrangler\Binaries\Win64\UE4Editor-VRDigiWrangler.pdb'
[2019.11.22-11.57.35:923][883]CompilerResultsLog:     Exception: Access to the path 'C:\Users\nesac\Desktop\VRDigiWrangler\Binaries\Win64\UE4Editor-VRDigiWrangler.pdb' is denied.
[2019.11.22-11.57.35:923][883]CompilerResultsLog: Attempting to retry...
[2019.11.22-11.57.35:923][883]CompilerResultsLog: Failed to delete file 'C:\Users\nesac\Desktop\VRDigiWrangler\Binaries\Win64\UE4Editor-VRDigiWrangler.pdb'
[2019.11.22-11.57.35:923][883]CompilerResultsLog:     Exception: Access to the path 'C:\Users\nesac\Desktop\VRDigiWrangler\Binaries\Win64\UE4Editor-VRDigiWrangler.pdb' is denied.
[2019.11.22-11.57.35:923][883]CompilerResultsLog: Attempting to retry...
[2019.11.22-11.57.35:923][883]CompilerResultsLog: Failed to delete file 'C:\Users\nesac\Desktop\VRDigiWrangler\Binaries\Win64\UE4Editor-VRDigiWrangler.pdb'
[2019.11.22-11.57.35:923][883]CompilerResultsLog:     Exception: Access to the path 'C:\Users\nesac\Desktop\VRDigiWrangler\Binaries\Win64\UE4Editor-VRDigiWrangler.pdb' is denied.
[2019.11.22-11.57.35:923][883]CompilerResultsLog: ERROR: Exhausted all retries!
[2019.11.22-11.57.35:923][883]CompilerResultsLog: Using Visual Studio 2019 14.23.28105 toolchain (C:\Program Files (x86)\Microsoft Visual Studio\2019\Enterprise\VC\Tools\MSVC\14.23.28105) and Windows 10.0.18362.0 SDK (C:\Program Files (x86)\Windows Kits\10).
[2019.11.22-11.57.35:923][883]CompilerResultsLog: Building 3 actions with 12 processes...
[2019.11.22-11.57.35:923][883]CompilerResultsLog:   [1/3] UE4Editor-VRDigiWrangler-2550.lib
[2019.11.22-11.57.35:923][883]CompilerResultsLog:      Creating library C:\Users\nesac\Desktop\VRDigiWrangler\Intermediate\Build\Win64\UE4Editor\Development\VRDigiWrangler\UE4Editor-VRDigiWrangler-2550.lib and object C:\Users\nesac\Desktop\VRDigiWrangler\Intermediate\Build\Win64\UE4Editor\Development\VRDigiWrangler\UE4Editor-VRDigiWrangler-2550.exp
[2019.11.22-11.57.35:923][883]CompilerResultsLog:   [2/3] UE4Editor-VRDigiWrangler-2550.dll
[2019.11.22-11.57.35:924][883]CompilerResultsLog:      Creating library C:\Users\nesac\Desktop\VRDigiWrangler\Intermediate\Build\Win64\UE4Editor\Development\VRDigiWrangler\UE4Editor-VRDigiWrangler-2550.suppressed.lib and object C:\Users\nesac\Desktop\VRDigiWrangler\Intermediate\Build\Win64\UE4Editor\Development\VRDigiWrangler\UE4Editor-VRDigiWrangler-2550.suppressed.exp
[2019.11.22-11.57.35:924][883]CompilerResultsLog:   [3/3] VRDigiWranglerEditor.target
[2019.11.22-11.57.35:924][883]CompilerResultsLog: Total time in Parallel executor: 0.76 seconds
[2019.11.22-11.57.35:924][883]CompilerResultsLog: Total execution time: 9.67 seconds
[2019.11.22-11.57.35:924][883]LogMainFrame: MainFrame: Module compiling took 9.748 seconds
[2019.11.22-11.57.35:950][883]LogUObjectHash: Compacting FUObjectHashTables data took   1.74ms
[2019.11.22-11.57.35:950][883]LogBlueprintActionDatabase: Requesting refresh due to module change: VRDigiWrangler (unloaded)
[2019.11.22-11.57.35:990][883]LogBlueprintActionDatabase: Requesting refresh due to module change: VRDigiWrangler (loaded)
[2019.11.22-11.57.35:990][883]LogContentBrowser: Native class hierarchy updated for 'VRDigiWrangler' in 0.0004 seconds. Added 5 classes and 3 folders.
[2019.11.22-11.57.35:994][883]Display: HotReload successful (0 functions remapped  0 scriptstructs remapped)
[2019.11.22-11.57.36:043][883]LogUObjectHash: Compacting FUObjectHashTables data took   1.42ms
[2019.11.22-11.57.36:043][883]LogBlueprintActionDatabase: Requesting refresh due to hot reload
[2019.11.22-11.57.36:056][883]LogContentBrowser: Native class hierarchy populated in 0.0075 seconds. Added 2738 classes and 664 folders.
[2019.11.22-11.57.36:056][883]Display: HotReload took  9.9s.
[2019.11.22-11.57.39:015][ 47]LogEditorViewport: Clicking on Actor (LMB): BP_MainPlayer_C (BP_MainPlayer)
[2019.11.22-11.57.39:784][ 93]LogEditorViewport: Clicking on Actor (LMB): BP_MainPlayer_C (BP_MainPlayer)
[2019.11.22-11.57.44:055][349]LogSlate: FSceneViewport::OnFocusLost() reason 0
[2019.11.22-11.57.46:271][478]LogUObjectHash: Compacting FUObjectHashTables data took   3.15ms
[2019.11.22-11.57.50:167][478]LogSlate: Window 'Delete Assets' being destroyed
[2019.11.22-11.57.50:171][478]LogUObjectGlobals: Force Deleting 1 Package(s):
	Asset Name: /Game/Blueprints/BP_MainPlayer.BP_MainPlayer
[2019.11.22-11.57.50:556][478]LogUObjectHash: Compacting FUObjectHashTables data took   2.53ms
[2019.11.22-11.57.50:689][478]LogUObjectHash: Compacting FUObjectHashTables data took   1.80ms
[2019.11.22-11.57.50:712][478]LogUObjectHash: Compacting FUObjectHashTables data took   1.59ms
[2019.11.22-11.57.50:732][478]LogUObjectHash: Compacting FUObjectHashTables data took   0.65ms
[2019.11.22-11.58.14:151][880]LogAssetEditorManager: Opening Asset editor for Blueprint /Game/Blueprints/BP_MainPlayer.BP_MainPlayer
[2019.11.22-11.58.14:450][880]LogSlate: Window 'Add Blueprint Class' being destroyed
[2019.11.22-11.58.14:454][880]PIE: Warning: AttachTo: '/Engine/Transient.World_3:PersistentLevel.BP_MainPlayer_C_0.Capsule Component' root component cannot be attached to other components in the same actor. Aborting.
[2019.11.22-11.58.22:247][343]BlueprintLog: New page: Compile BP_MainPlayer
[2019.11.22-11.58.22:261][343]PIE: Warning: AttachTo: '/Engine/Transient.World_3:PersistentLevel.BP_MainPlayer_C_0.Capsule Component' root component cannot be attached to other components in the same actor. Aborting.
[2019.11.22-11.58.22:373][343]LogUObjectHash: Compacting FUObjectHashTables data took   2.09ms
[2019.11.22-11.58.22:939][376]Cmd: OBJ SAVEPACKAGE PACKAGE="/Game/Blueprints/BP_MainPlayer" FILE="../../../../../../Users/nesac/Desktop/VRDigiWrangler/Content/Blueprints/BP_MainPlayer.uasset" SILENT=true
[2019.11.22-11.58.22:951][376]LogSavePackage: Moving '../../../../../../Users/nesac/Desktop/VRDigiWrangler/Saved/BP_MainPlayer1C0EAB36470E2CBB66215996DEA52B74.tmp' to '../../../../../../Users/nesac/Desktop/VRDigiWrangler/Content/Blueprints/BP_MainPlayer.uasset'
[2019.11.22-11.58.41:957][513]Cmd: OBJ SAVEPACKAGE PACKAGE="/Game/Blueprints/BP_MainPlayer" FILE="../../../../../../Users/nesac/Desktop/VRDigiWrangler/Content/Blueprints/BP_MainPlayer.uasset" SILENT=true
[2019.11.22-11.58.41:969][513]LogSavePackage: Moving '../../../../../../Users/nesac/Desktop/VRDigiWrangler/Saved/BP_MainPlayer6B2D0AB14A786DA29F2D4AA45BD7EB9B.tmp' to '../../../../../../Users/nesac/Desktop/VRDigiWrangler/Content/Blueprints/BP_MainPlayer.uasset'
[2019.11.22-11.58.42:652][554]BlueprintLog: New page: Compile BP_MainPlayer
[2019.11.22-11.58.42:671][554]PIE: Warning: AttachTo: '/Engine/Transient.World_3:PersistentLevel.BP_MainPlayer_C_0.Capsule Component' root component cannot be attached to other components in the same actor. Aborting.
[2019.11.22-11.58.42:787][554]LogUObjectHash: Compacting FUObjectHashTables data took   2.09ms
[2019.11.22-11.58.46:537][779]LogSlate: Window 'BP_MainPlayer' being destroyed
[2019.11.22-11.58.46:541][779]LogSlate: Window 'BP_MainPlayer' being destroyed
[2019.11.22-11.58.50:042][985]PIE: Warning: AttachTo: '/Game/Level/VRDigiWrangler.VRDigiWrangler:PersistentLevel.BP_MainPlayer_C_0.Capsule Component' root component cannot be attached to other components in the same actor. Aborting.
[2019.11.22-11.58.51:628][ 80]PIE: Warning: AttachTo: '/Game/Level/VRDigiWrangler.VRDigiWrangler:PersistentLevel.BP_MainPlayer_C_1.Capsule Component' root component cannot be attached to other components in the same actor. Aborting.
[2019.11.22-11.58.52:888][154]LogEditorViewport: Clicking on Actor (LMB): BP_MainPlayer_C (BP_MainPlayer)
