Log file open, 11/29/19 08:16:11
LogWindows: Failed to load 'aqProf.dll' (GetLastError=126)
LogWindows: File 'aqProf.dll' does not exist
LogWindows: Failed to load 'VtuneApi.dll' (GetLastError=126)
LogWindows: File 'VtuneApi.dll' does not exist
LogWindows: Failed to load 'VtuneApi32e.dll' (GetLastError=126)
LogWindows: File 'VtuneApi32e.dll' does not exist
LogConsoleResponse: Display: Failed to find resolution value strings in scalability ini. Falling back to default.
LogInit: Display: Running engine for game: VRDigiWrangler
LogPakFile: Registered encryption key '00000000000000000000000000000000': 0 pak files mounted, 0 remain pending
LogPlatformFile: Not using cached read wrapper
LogTaskGraph: Started task graph with 5 named threads and 23 total threads with 3 sets of task threads.
LogStats: Stats thread started at 0.437724
LogD3D11RHI: Loaded GFSDK_Aftermath_Lib.x64.dll
LogICUInternationalization: ICU TimeZone Detection - Raw Offset: -5:00, Platform Override: ''
LogPluginManager: Mounting plugin Paper2D
LogPluginManager: Mounting plugin AISupport
LogPluginManager: Mounting plugin LightPropagationVolume
LogPluginManager: Mounting plugin ActorLayerUtilities
LogPluginManager: Mounting plugin AnimationSharing
LogPluginManager: Mounting plugin CLionSourceCodeAccess
LogPluginManager: Mounting plugin CodeLiteSourceCodeAccess
LogPluginManager: Mounting plugin GitSourceControl
LogPluginManager: Mounting plugin KDevelopSourceCodeAccess
LogPluginManager: Mounting plugin NullSourceCodeAccess
LogPluginManager: Mounting plugin PerforceSourceControl
LogPluginManager: Mounting plugin SubversionSourceControl
LogPluginManager: Mounting plugin UObjectPlugin
LogPluginManager: Mounting plugin VisualStudioCodeSourceCodeAccess
LogPluginManager: Mounting plugin VisualStudioSourceCodeAccess
LogPluginManager: Mounting plugin XCodeSourceCodeAccess
LogPluginManager: Mounting plugin AssetManagerEditor
LogPluginManager: Mounting plugin CryptoKeys
LogPluginManager: Mounting plugin DataValidation
LogPluginManager: Mounting plugin FacialAnimation
LogPluginManager: Mounting plugin GameplayTagsEditor
LogPluginManager: Mounting plugin MacGraphicsSwitching
LogPluginManager: Mounting plugin MaterialAnalyzer
LogPluginManager: Mounting plugin MobileLauncherProfileWizard
LogPluginManager: Mounting plugin PluginBrowser
LogPluginManager: Mounting plugin SpeedTreeImporter
LogPluginManager: Mounting plugin DatasmithContent
LogPluginManager: Mounting plugin VariantManagerContent
LogPluginManager: Mounting plugin AlembicImporter
LogPluginManager: Mounting plugin AppleImageUtils
LogPluginManager: Mounting plugin AppleVision
LogPluginManager: Mounting plugin BackChannel
LogPluginManager: Mounting plugin CharacterAI
LogPluginManager: Mounting plugin GeometryCache
LogPluginManager: Mounting plugin HTML5Networking
LogPluginManager: Mounting plugin ProxyLODPlugin
LogPluginManager: Mounting plugin SkeletalReduction
LogPluginManager: Mounting plugin MagicLeap
LogPluginManager: Mounting plugin MagicLeapMedia
LogPluginManager: Mounting plugin AndroidMedia
LogPluginManager: Mounting plugin AvfMedia
LogPluginManager: Mounting plugin ImgMedia
LogPluginManager: Mounting plugin LinearTimecode
LogPluginManager: Mounting plugin MediaCompositing
LogPluginManager: Mounting plugin MediaPlayerEditor
LogPluginManager: Mounting plugin WebMMedia
LogPluginManager: Mounting plugin WmfMedia
LogPluginManager: Mounting plugin TcpMessaging
LogPluginManager: Mounting plugin UdpMessaging
LogPluginManager: Mounting plugin ActorSequence
LogPluginManager: Mounting plugin LevelSequenceEditor
LogPluginManager: Mounting plugin MatineeToLevelSequence
LogPluginManager: Mounting plugin NetcodeUnitTest
LogPluginManager: Mounting plugin NUTUnrealEngine4
LogPluginManager: Mounting plugin OnlineSubsystemGooglePlay
LogPluginManager: Mounting plugin OnlineSubsystemIOS
LogPluginManager: Mounting plugin OnlineSubsystem
LogPluginManager: Mounting plugin OnlineSubsystemNull
LogPluginManager: Mounting plugin OnlineSubsystemUtils
LogPluginManager: Mounting plugin LauncherChunkInstaller
LogPluginManager: Mounting plugin AndroidDeviceProfileSelector
LogPluginManager: Mounting plugin AndroidMoviePlayer
LogPluginManager: Mounting plugin AndroidPermission
LogPluginManager: Mounting plugin AppleMoviePlayer
LogPluginManager: Mounting plugin ArchVisCharacter
LogPluginManager: Mounting plugin AudioCapture
LogPluginManager: Mounting plugin CableComponent
LogPluginManager: Mounting plugin CustomMeshComponent
LogPluginManager: Mounting plugin EditableMesh
LogPluginManager: Mounting plugin ExampleDeviceProfileSelector
LogPluginManager: Mounting plugin Firebase
LogPluginManager: Mounting plugin GoogleCloudMessaging
LogPluginManager: Mounting plugin IOSDeviceProfileSelector
LogPluginManager: Mounting plugin LinuxDeviceProfileSelector
LogPluginManager: Mounting plugin LocationServicesBPLibrary
LogPluginManager: Mounting plugin MobilePatchingUtils
LogPluginManager: Mounting plugin OculusVR
LogPluginManager: Mounting plugin PhysXVehicles
LogPluginManager: Mounting plugin ProceduralMeshComponent
LogPluginManager: Mounting plugin RuntimePhysXCooking
LogPluginManager: Mounting plugin SignificanceManager
LogPluginManager: Mounting plugin SteamVR
LogPluginManager: Mounting plugin WebMMoviePlayer
LogPluginManager: Mounting plugin WindowsMoviePlayer
LogInit: Using libcurl 7.55.1-DEV
LogInit:  - built for x86_64-pc-win32
LogInit:  - supports SSL with OpenSSL/1.1.1
LogInit:  - supports HTTP deflate (compression) using libz 1.2.8
LogInit:  - other features:
LogInit:      CURL_VERSION_SSL
LogInit:      CURL_VERSION_LIBZ
LogInit:      CURL_VERSION_IPV6
LogInit:      CURL_VERSION_ASYNCHDNS
LogInit:      CURL_VERSION_LARGEFILE
LogInit:      CURL_VERSION_IDN
LogInit:  CurlRequestOptions (configurable via config and command line):
LogInit:  - bVerifyPeer = true  - Libcurl will verify peer certificate
LogInit:  - bUseHttpProxy = false  - Libcurl will NOT use HTTP proxy
LogInit:  - bDontReuseConnections = false  - Libcurl will reuse connections
LogInit:  - MaxHostConnections = 16  - Libcurl will limit the number of connections to a host
LogInit:  - LocalHostAddr = Default
LogInit:  - BufferSize = 65536
LogInit: WinSock: version 1.1 (2.2), MaxSocks=32767, MaxUdp=65467
LogInit: Build: ++UE4+Release-4.22-CL-7053642
LogInit: Engine Version: 4.22.3-7053642+++UE4+Release-4.22
LogInit: Compatible Engine Version: 4.22.0-5660361+++UE4+Release-4.22
LogInit: Net CL: 5660361
LogInit: OS: Windows 10 (Release 1809) (), CPU: Intel(R) Core(TM) i7-6700K CPU @ 4.00GHz, GPU: NVIDIA GeForce GTX 970
LogInit: Compiled (64-bit): Jun 18 2019 03:09:11
LogInit: Compiled with Visual C++: 19.16.27025.01
LogInit: Build Configuration: Development
LogInit: Branch Name: ++UE4+Release-4.22
LogInit: Command Line:  -skipcompile
LogInit: Base Directory: C:/Program Files/Epic Games/UE_4.22/Engine/Binaries/Win64/
LogInit: Installed Engine Build: 1
LogDevObjectVersion: Number of dev versions registered: 23
LogDevObjectVersion:   Dev-Blueprints (B0D832E4-1F89-4F0D-ACCF-7EB736FD4AA2): 10
LogDevObjectVersion:   Dev-Build (E1C64328-A22C-4D53-A36C-8E866417BD8C): 0
LogDevObjectVersion:   Dev-Core (375EC13C-06E4-48FB-B500-84F0262A717E): 3
LogDevObjectVersion:   Dev-Editor (E4B068ED-F494-42E9-A231-DA0B2E46BB41): 30
LogDevObjectVersion:   Dev-Framework (CFFC743F-43B0-4480-9391-14DF171D2073): 35
LogDevObjectVersion:   Dev-Mobile (B02B49B5-BB20-44E9-A304-32B752E40360): 2
LogDevObjectVersion:   Dev-Networking (A4E4105C-59A1-49B5-A7C5-40C4547EDFEE): 0
LogDevObjectVersion:   Dev-Online (39C831C9-5AE6-47DC-9A44-9C173E1C8E7C): 0
LogDevObjectVersion:   Dev-Physics (78F01B33-EBEA-4F98-B9B4-84EACCB95AA2): 0
LogDevObjectVersion:   Dev-Platform (6631380F-2D4D-43E0-8009-CF276956A95A): 0
LogDevObjectVersion:   Dev-Rendering (12F88B9F-8875-4AFC-A67C-D90C383ABD29): 28
LogDevObjectVersion:   Dev-Sequencer (7B5AE74C-D270-4C10-A958-57980B212A5A): 11
LogDevObjectVersion:   Dev-VR (D7296918-1DD6-4BDD-9DE2-64A83CC13884): 2
LogDevObjectVersion:   Dev-LoadTimes (C2A15278-BFE7-4AFE-6C17-90FF531DF755): 1
LogDevObjectVersion:   Private-Geometry (6EACA3D4-40EC-4CC1-B786-8BED09428FC5): 3
LogDevObjectVersion:   Dev-AnimPhys (29E575DD-E0A3-4627-9D10-D276232CDCEA): 17
LogDevObjectVersion:   Dev-Anim (AF43A65D-7FD3-4947-9873-3E8ED9C1BB05): 2
LogDevObjectVersion:   Dev-ReflectionCapture (6B266CEC-1EC7-4B8F-A30B-E4D90942FC07): 1
LogDevObjectVersion:   Dev-Automation (0DF73D61-A23F-47EA-B727-89E90C41499A): 1
LogDevObjectVersion:   FortniteMain (601D1886-AC64-4F84-AA16-D3DE0DEAC7D6): 25
LogDevObjectVersion:   Dev-Enterprise (9DFFBCD6-494F-0158-E221-12823C92A888): 6
LogDevObjectVersion:   Dev-Niagara (F2AED0AC-9AFE-416F-8664-AA7FFA26D6FC): 1
LogDevObjectVersion:   Dev-Destruction (174F1F0B-B4C6-45A5-B13F-2EE8D0FB917D): 2
LogInit: Presizing for max 16777216 objects, including 0 objects not considered by GC, pre-allocating 0 bytes for permanent pool.
LogInit: Object subsystem initialized
LogConfig: Setting CVar [[con.DebugEarlyDefault:1]]
LogConfig: Setting CVar [[r.setres:1280x720]]
[2019.11.29-13.16.11:797][  0]LogConfig: Setting CVar [[r.VSync:0]]
[2019.11.29-13.16.11:797][  0]LogConfig: Setting CVar [[r.RHICmdBypass:0]]
[2019.11.29-13.16.11:797][  0]LogConfig: Applying CVar settings from Section [/Script/Engine.RendererSettings] File [C:/Users/rako0016/Desktop/HighLevel/Assignment 3/VRDigiWrangler/Saved/Config/Windows/Engine.ini]
[2019.11.29-13.16.11:797][  0]LogConfig: Setting CVar [[r.GPUCrashDebugging:0]]
[2019.11.29-13.16.11:797][  0]LogConfig: Setting CVar [[r.DefaultFeature.AutoExposure.ExtendDefaultLuminanceRange:1]]
[2019.11.29-13.16.11:797][  0]LogConfig: Applying CVar settings from Section [/Script/Engine.RendererOverrideSettings] File [C:/Users/rako0016/Desktop/HighLevel/Assignment 3/VRDigiWrangler/Saved/Config/Windows/Engine.ini]
[2019.11.29-13.16.11:797][  0]LogConfig: Applying CVar settings from Section [/Script/Engine.StreamingSettings] File [C:/Users/rako0016/Desktop/HighLevel/Assignment 3/VRDigiWrangler/Saved/Config/Windows/Engine.ini]
[2019.11.29-13.16.11:797][  0]LogConfig: Setting CVar [[s.MinBulkDataSizeForAsyncLoading:131072]]
[2019.11.29-13.16.11:797][  0]LogConfig: Setting CVar [[s.AsyncLoadingThreadEnabled:0]]
[2019.11.29-13.16.11:797][  0]LogConfig: Setting CVar [[s.EventDrivenLoaderEnabled:1]]
[2019.11.29-13.16.11:797][  0]LogConfig: Setting CVar [[s.WarnIfTimeLimitExceeded:0]]
[2019.11.29-13.16.11:797][  0]LogConfig: Setting CVar [[s.TimeLimitExceededMultiplier:1.5]]
[2019.11.29-13.16.11:797][  0]LogConfig: Setting CVar [[s.TimeLimitExceededMinTime:0.005]]
[2019.11.29-13.16.11:797][  0]LogConfig: Setting CVar [[s.UseBackgroundLevelStreaming:1]]
[2019.11.29-13.16.11:797][  0]LogConfig: Setting CVar [[s.PriorityAsyncLoadingExtraTime:15.0]]
[2019.11.29-13.16.11:797][  0]LogConfig: Setting CVar [[s.LevelStreamingActorsUpdateTimeLimit:5.0]]
[2019.11.29-13.16.11:797][  0]LogConfig: Setting CVar [[s.PriorityLevelStreamingActorsUpdateExtraTime:5.0]]
[2019.11.29-13.16.11:797][  0]LogConfig: Setting CVar [[s.LevelStreamingComponentsRegistrationGranularity:10]]
[2019.11.29-13.16.11:797][  0]LogConfig: Setting CVar [[s.UnregisterComponentsTimeLimit:1.0]]
[2019.11.29-13.16.11:797][  0]LogConfig: Setting CVar [[s.LevelStreamingComponentsUnregistrationGranularity:5]]
[2019.11.29-13.16.11:797][  0]LogConfig: Applying CVar settings from Section [/Script/Engine.GarbageCollectionSettings] File [C:/Users/rako0016/Desktop/HighLevel/Assignment 3/VRDigiWrangler/Saved/Config/Windows/Engine.ini]
[2019.11.29-13.16.11:797][  0]LogConfig: Setting CVar [[gc.MaxObjectsNotConsideredByGC:1]]
[2019.11.29-13.16.11:797][  0]LogConfig: Setting CVar [[gc.SizeOfPermanentObjectPool:0]]
[2019.11.29-13.16.11:797][  0]LogConfig: Setting CVar [[gc.FlushStreamingOnGC:0]]
[2019.11.29-13.16.11:797][  0]LogConfig: Setting CVar [[gc.NumRetriesBeforeForcingGC:10]]
[2019.11.29-13.16.11:797][  0]LogConfig: Setting CVar [[gc.AllowParallelGC:1]]
[2019.11.29-13.16.11:797][  0]LogConfig: Setting CVar [[gc.TimeBetweenPurgingPendingKillObjects:61.1]]
[2019.11.29-13.16.11:797][  0]LogConfig: Setting CVar [[gc.MaxObjectsInEditor:16777216]]
[2019.11.29-13.16.11:797][  0]LogConfig: Setting CVar [[gc.IncrementalBeginDestroyEnabled:1]]
[2019.11.29-13.16.11:797][  0]LogConfig: Setting CVar [[gc.CreateGCClusters:1]]
[2019.11.29-13.16.11:797][  0]LogConfig: Setting CVar [[gc.MinGCClusterSize:5]]
[2019.11.29-13.16.11:797][  0]LogConfig: Setting CVar [[gc.ActorClusteringEnabled:0]]
[2019.11.29-13.16.11:797][  0]LogConfig: Setting CVar [[gc.BlueprintClusteringEnabled:0]]
[2019.11.29-13.16.11:797][  0]LogConfig: Setting CVar [[gc.UseDisregardForGCOnDedicatedServers:0]]
[2019.11.29-13.16.11:797][  0]LogConfig: Applying CVar settings from Section [/Script/Engine.NetworkSettings] File [C:/Users/rako0016/Desktop/HighLevel/Assignment 3/VRDigiWrangler/Saved/Config/Windows/Engine.ini]
[2019.11.29-13.16.11:797][  0]LogConfig: Applying CVar settings from Section [/Script/UnrealEd.CookerSettings] File [C:/Users/rako0016/Desktop/HighLevel/Assignment 3/VRDigiWrangler/Saved/Config/Windows/Engine.ini]
[2019.11.29-13.16.11:797][  0]LogConfig: Applying CVar settings from Section [ViewDistanceQuality@3] File [C:/Users/rako0016/Desktop/HighLevel/Assignment 3/VRDigiWrangler/Saved/Config/Windows/Scalability.ini]
[2019.11.29-13.16.11:797][  0]LogConfig: Setting CVar [[r.SkeletalMeshLODBias:0]]
[2019.11.29-13.16.11:797][  0]LogConfig: Setting CVar [[r.ViewDistanceScale:1.0]]
[2019.11.29-13.16.11:797][  0]LogConfig: Applying CVar settings from Section [AntiAliasingQuality@3] File [C:/Users/rako0016/Desktop/HighLevel/Assignment 3/VRDigiWrangler/Saved/Config/Windows/Scalability.ini]
[2019.11.29-13.16.11:797][  0]LogConfig: Setting CVar [[r.PostProcessAAQuality:4]]
[2019.11.29-13.16.11:797][  0]LogConfig: Applying CVar settings from Section [ShadowQuality@3] File [C:/Users/rako0016/Desktop/HighLevel/Assignment 3/VRDigiWrangler/Saved/Config/Windows/Scalability.ini]
[2019.11.29-13.16.11:797][  0]LogConfig: Setting CVar [[r.LightFunctionQuality:1]]
[2019.11.29-13.16.11:797][  0]LogConfig: Setting CVar [[r.ShadowQuality:5]]
[2019.11.29-13.16.11:797][  0]LogConfig: Setting CVar [[r.Shadow.CSM.MaxCascades:10]]
[2019.11.29-13.16.11:797][  0]LogConfig: Setting CVar [[r.Shadow.MaxResolution:2048]]
[2019.11.29-13.16.11:797][  0]LogConfig: Setting CVar [[r.Shadow.MaxCSMResolution:2048]]
[2019.11.29-13.16.11:797][  0]LogConfig: Setting CVar [[r.Shadow.RadiusThreshold:0.01]]
[2019.11.29-13.16.11:797][  0]LogConfig: Setting CVar [[r.Shadow.DistanceScale:1.0]]
[2019.11.29-13.16.11:797][  0]LogConfig: Setting CVar [[r.Shadow.CSM.TransitionScale:1.0]]
[2019.11.29-13.16.11:797][  0]LogConfig: Setting CVar [[r.Shadow.PreShadowResolutionFactor:1.0]]
[2019.11.29-13.16.11:797][  0]LogConfig: Setting CVar [[r.DistanceFieldShadowing:1]]
[2019.11.29-13.16.11:797][  0]LogConfig: Setting CVar [[r.DistanceFieldAO:1]]
[2019.11.29-13.16.11:797][  0]LogConfig: Setting CVar [[r.AOQuality:2]]
[2019.11.29-13.16.11:797][  0]LogConfig: Setting CVar [[r.VolumetricFog:1]]
[2019.11.29-13.16.11:797][  0]LogConfig: Setting CVar [[r.VolumetricFog.GridPixelSize:8]]
[2019.11.29-13.16.11:797][  0]LogConfig: Setting CVar [[r.VolumetricFog.GridSizeZ:128]]
[2019.11.29-13.16.11:797][  0]LogConfig: Setting CVar [[r.VolumetricFog.HistoryMissSupersampleCount:4]]
[2019.11.29-13.16.11:797][  0]LogConfig: Setting CVar [[r.LightMaxDrawDistanceScale:1]]
[2019.11.29-13.16.11:797][  0]LogConfig: Setting CVar [[r.CapsuleShadows:1]]
[2019.11.29-13.16.11:797][  0]LogConfig: Applying CVar settings from Section [PostProcessQuality@3] File [C:/Users/rako0016/Desktop/HighLevel/Assignment 3/VRDigiWrangler/Saved/Config/Windows/Scalability.ini]
[2019.11.29-13.16.11:797][  0]LogConfig: Setting CVar [[r.MotionBlurQuality:4]]
[2019.11.29-13.16.11:797][  0]LogConfig: Setting CVar [[r.AmbientOcclusionMipLevelFactor:0.4]]
[2019.11.29-13.16.11:797][  0]LogConfig: Setting CVar [[r.AmbientOcclusionMaxQuality:100]]
[2019.11.29-13.16.11:797][  0]LogConfig: Setting CVar [[r.AmbientOcclusionLevels:-1]]
[2019.11.29-13.16.11:797][  0]LogConfig: Setting CVar [[r.AmbientOcclusionRadiusScale:1.0]]
[2019.11.29-13.16.11:797][  0]LogConfig: Setting CVar [[r.DepthOfFieldQuality:2]]
[2019.11.29-13.16.11:797][  0]LogConfig: Setting CVar [[r.RenderTargetPoolMin:400]]
[2019.11.29-13.16.11:797][  0]LogConfig: Setting CVar [[r.LensFlareQuality:2]]
[2019.11.29-13.16.11:797][  0]LogConfig: Setting CVar [[r.SceneColorFringeQuality:1]]
[2019.11.29-13.16.11:797][  0]LogConfig: Setting CVar [[r.EyeAdaptationQuality:2]]
[2019.11.29-13.16.11:797][  0]LogConfig: Setting CVar [[r.BloomQuality:5]]
[2019.11.29-13.16.11:797][  0]LogConfig: Setting CVar [[r.FastBlurThreshold:100]]
[2019.11.29-13.16.11:797][  0]LogConfig: Setting CVar [[r.Upscale.Quality:3]]
[2019.11.29-13.16.11:797][  0]LogConfig: Setting CVar [[r.Tonemapper.GrainQuantization:1]]
[2019.11.29-13.16.11:797][  0]LogConfig: Setting CVar [[r.LightShaftQuality:1]]
[2019.11.29-13.16.11:797][  0]LogConfig: Setting CVar [[r.Filter.SizeScale:1]]
[2019.11.29-13.16.11:797][  0]LogConfig: Setting CVar [[r.Tonemapper.Quality:5]]
[2019.11.29-13.16.11:797][  0]LogConfig: Setting CVar [[r.DOF.Gather.AccumulatorQuality:1        ; higher gathering accumulator quality]]
[2019.11.29-13.16.11:797][  0]LogConfig: Setting CVar [[r.DOF.Gather.PostfilterMethod:1          ; Median3x3 postfilering method]]
[2019.11.29-13.16.11:797][  0]LogConfig: Setting CVar [[r.DOF.Gather.EnableBokehSettings:0       ; no bokeh simulation when gathering]]
[2019.11.29-13.16.11:797][  0]LogConfig: Setting CVar [[r.DOF.Gather.RingCount:4                 ; medium number of samples when gathering]]
[2019.11.29-13.16.11:797][  0]LogConfig: Setting CVar [[r.DOF.Scatter.ForegroundCompositing:1    ; additive foreground scattering]]
[2019.11.29-13.16.11:797][  0]LogConfig: Setting CVar [[r.DOF.Scatter.BackgroundCompositing:2    ; additive background scattering]]
[2019.11.29-13.16.11:797][  0]LogConfig: Setting CVar [[r.DOF.Scatter.EnableBokehSettings:1      ; bokeh simulation when scattering]]
[2019.11.29-13.16.11:797][  0]LogConfig: Setting CVar [[r.DOF.Scatter.MaxSpriteRatio:0.1         ; only a maximum of 10% of scattered bokeh]]
[2019.11.29-13.16.11:797][  0]LogConfig: Setting CVar [[r.DOF.Recombine.Quality:1                ; cheap slight out of focus]]
[2019.11.29-13.16.11:797][  0]LogConfig: Setting CVar [[r.DOF.Recombine.EnableBokehSettings:0    ; no bokeh simulation on slight out of focus]]
[2019.11.29-13.16.11:797][  0]LogConfig: Setting CVar [[r.DOF.TemporalAAQuality:1                ; more stable temporal accumulation]]
[2019.11.29-13.16.11:797][  0]LogConfig: Setting CVar [[r.DOF.Kernel.MaxForegroundRadius:0.025]]
[2019.11.29-13.16.11:797][  0]LogConfig: Setting CVar [[r.DOF.Kernel.MaxBackgroundRadius:0.025]]
[2019.11.29-13.16.11:797][  0]LogConfig: Applying CVar settings from Section [TextureQuality@3] File [C:/Users/rako0016/Desktop/HighLevel/Assignment 3/VRDigiWrangler/Saved/Config/Windows/Scalability.ini]
[2019.11.29-13.16.11:797][  0]LogConfig: Setting CVar [[r.Streaming.MipBias:0]]
[2019.11.29-13.16.11:797][  0]LogConfig: Setting CVar [[r.Streaming.AmortizeCPUToGPUCopy:0]]
[2019.11.29-13.16.11:797][  0]LogConfig: Setting CVar [[r.Streaming.MaxNumTexturesToStreamPerFrame:0]]
[2019.11.29-13.16.11:797][  0]LogConfig: Setting CVar [[r.Streaming.Boost:1]]
[2019.11.29-13.16.11:797][  0]LogConfig: Setting CVar [[r.MaxAnisotropy:8]]
[2019.11.29-13.16.11:797][  0]LogConfig: Setting CVar [[r.Streaming.LimitPoolSizeToVRAM:0]]
[2019.11.29-13.16.11:797][  0]LogConfig: Setting CVar [[r.Streaming.PoolSize:1000]]
[2019.11.29-13.16.11:797][  0]LogConfig: Setting CVar [[r.Streaming.MaxEffectiveScreenSize:0]]
[2019.11.29-13.16.11:797][  0]LogConfig: Applying CVar settings from Section [EffectsQuality@3] File [C:/Users/rako0016/Desktop/HighLevel/Assignment 3/VRDigiWrangler/Saved/Config/Windows/Scalability.ini]
[2019.11.29-13.16.11:797][  0]LogConfig: Setting CVar [[r.TranslucencyLightingVolumeDim:64]]
[2019.11.29-13.16.11:797][  0]LogConfig: Setting CVar [[r.RefractionQuality:2]]
[2019.11.29-13.16.11:797][  0]LogConfig: Setting CVar [[r.SSR.Quality:3]]
[2019.11.29-13.16.11:797][  0]LogConfig: Setting CVar [[r.SceneColorFormat:4]]
[2019.11.29-13.16.11:797][  0]LogConfig: Setting CVar [[r.DetailMode:2]]
[2019.11.29-13.16.11:797][  0]LogConfig: Setting CVar [[r.TranslucencyVolumeBlur:1]]
[2019.11.29-13.16.11:797][  0]LogConfig: Setting CVar [[r.MaterialQualityLevel:1 ; High quality]]
[2019.11.29-13.16.11:797][  0]LogConfig: Setting CVar [[r.SSS.Scale:1]]
[2019.11.29-13.16.11:797][  0]LogConfig: Setting CVar [[r.SSS.SampleSet:2]]
[2019.11.29-13.16.11:797][  0]LogConfig: Setting CVar [[r.SSS.Quality:1]]
[2019.11.29-13.16.11:797][  0]LogConfig: Setting CVar [[r.SSS.HalfRes:1]]
[2019.11.29-13.16.11:797][  0]LogConfig: Setting CVar [[r.EmitterSpawnRateScale:1.0]]
[2019.11.29-13.16.11:797][  0]LogConfig: Setting CVar [[r.ParticleLightQuality:2]]
[2019.11.29-13.16.11:797][  0]LogConfig: Applying CVar settings from Section [FoliageQuality@3] File [C:/Users/rako0016/Desktop/HighLevel/Assignment 3/VRDigiWrangler/Saved/Config/Windows/Scalability.ini]
[2019.11.29-13.16.11:797][  0]LogConfig: Setting CVar [[foliage.DensityScale:1.0]]
[2019.11.29-13.16.11:797][  0]LogConfig: Setting CVar [[grass.DensityScale:1.0]]
[2019.11.29-13.16.11:797][  0]LogInit: Selected Device Profile: [Windows]
[2019.11.29-13.16.11:797][  0]LogInit: Applying CVar settings loaded from the selected device profile: [Windows]
[2019.11.29-13.16.11:812][  0]LogHAL: Display: Platform has ~ 16 GB [17096822784 / 17179869184 / 16], which maps to Larger [LargestMinGB=32, LargerMinGB=12, DefaultMinGB=8, SmallerMinGB=6, SmallestMinGB=0)
[2019.11.29-13.16.11:812][  0]LogConfig: Setting CVar [[r.Vulkan.UseRealUBs:0		; Required until we fix HLR fall-out]]
[2019.11.29-13.16.11:812][  0]LogInit: Going up to parent DeviceProfile []
[2019.11.29-13.16.11:812][  0]LogConfig: Applying CVar settings from Section [ViewDistanceQuality@3] File [C:/Users/rako0016/Desktop/HighLevel/Assignment 3/VRDigiWrangler/Saved/Config/Windows/Scalability.ini]
[2019.11.29-13.16.11:812][  0]LogConfig: Setting CVar [[r.SkeletalMeshLODBias:0]]
[2019.11.29-13.16.11:812][  0]LogConfig: Setting CVar [[r.ViewDistanceScale:1.0]]
[2019.11.29-13.16.11:812][  0]LogConfig: Applying CVar settings from Section [AntiAliasingQuality@3] File [C:/Users/rako0016/Desktop/HighLevel/Assignment 3/VRDigiWrangler/Saved/Config/Windows/Scalability.ini]
[2019.11.29-13.16.11:812][  0]LogConfig: Setting CVar [[r.PostProcessAAQuality:4]]
[2019.11.29-13.16.11:812][  0]LogConfig: Applying CVar settings from Section [ShadowQuality@3] File [C:/Users/rako0016/Desktop/HighLevel/Assignment 3/VRDigiWrangler/Saved/Config/Windows/Scalability.ini]
[2019.11.29-13.16.11:812][  0]LogConfig: Setting CVar [[r.LightFunctionQuality:1]]
[2019.11.29-13.16.11:812][  0]LogConfig: Setting CVar [[r.ShadowQuality:5]]
[2019.11.29-13.16.11:812][  0]LogConfig: Setting CVar [[r.Shadow.CSM.MaxCascades:10]]
[2019.11.29-13.16.11:812][  0]LogConfig: Setting CVar [[r.Shadow.MaxResolution:2048]]
[2019.11.29-13.16.11:812][  0]LogConfig: Setting CVar [[r.Shadow.MaxCSMResolution:2048]]
[2019.11.29-13.16.11:812][  0]LogConfig: Setting CVar [[r.Shadow.RadiusThreshold:0.01]]
[2019.11.29-13.16.11:812][  0]LogConfig: Setting CVar [[r.Shadow.DistanceScale:1.0]]
[2019.11.29-13.16.11:812][  0]LogConfig: Setting CVar [[r.Shadow.CSM.TransitionScale:1.0]]
[2019.11.29-13.16.11:812][  0]LogConfig: Setting CVar [[r.Shadow.PreShadowResolutionFactor:1.0]]
[2019.11.29-13.16.11:812][  0]LogConfig: Setting CVar [[r.DistanceFieldShadowing:1]]
[2019.11.29-13.16.11:812][  0]LogConfig: Setting CVar [[r.DistanceFieldAO:1]]
[2019.11.29-13.16.11:812][  0]LogConfig: Setting CVar [[r.AOQuality:2]]
[2019.11.29-13.16.11:812][  0]LogConfig: Setting CVar [[r.VolumetricFog:1]]
[2019.11.29-13.16.11:812][  0]LogConfig: Setting CVar [[r.VolumetricFog.GridPixelSize:8]]
[2019.11.29-13.16.11:812][  0]LogConfig: Setting CVar [[r.VolumetricFog.GridSizeZ:128]]
[2019.11.29-13.16.11:812][  0]LogConfig: Setting CVar [[r.VolumetricFog.HistoryMissSupersampleCount:4]]
[2019.11.29-13.16.11:812][  0]LogConfig: Setting CVar [[r.LightMaxDrawDistanceScale:1]]
[2019.11.29-13.16.11:812][  0]LogConfig: Setting CVar [[r.CapsuleShadows:1]]
[2019.11.29-13.16.11:812][  0]LogConfig: Applying CVar settings from Section [PostProcessQuality@3] File [C:/Users/rako0016/Desktop/HighLevel/Assignment 3/VRDigiWrangler/Saved/Config/Windows/Scalability.ini]
[2019.11.29-13.16.11:812][  0]LogConfig: Setting CVar [[r.MotionBlurQuality:4]]
[2019.11.29-13.16.11:812][  0]LogConfig: Setting CVar [[r.AmbientOcclusionMipLevelFactor:0.4]]
[2019.11.29-13.16.11:812][  0]LogConfig: Setting CVar [[r.AmbientOcclusionMaxQuality:100]]
[2019.11.29-13.16.11:812][  0]LogConfig: Setting CVar [[r.AmbientOcclusionLevels:-1]]
[2019.11.29-13.16.11:812][  0]LogConfig: Setting CVar [[r.AmbientOcclusionRadiusScale:1.0]]
[2019.11.29-13.16.11:812][  0]LogConfig: Setting CVar [[r.DepthOfFieldQuality:2]]
[2019.11.29-13.16.11:812][  0]LogConfig: Setting CVar [[r.RenderTargetPoolMin:400]]
[2019.11.29-13.16.11:812][  0]LogConfig: Setting CVar [[r.LensFlareQuality:2]]
[2019.11.29-13.16.11:812][  0]LogConfig: Setting CVar [[r.SceneColorFringeQuality:1]]
[2019.11.29-13.16.11:812][  0]LogConfig: Setting CVar [[r.EyeAdaptationQuality:2]]
[2019.11.29-13.16.11:812][  0]LogConfig: Setting CVar [[r.BloomQuality:5]]
[2019.11.29-13.16.11:812][  0]LogConfig: Setting CVar [[r.FastBlurThreshold:100]]
[2019.11.29-13.16.11:812][  0]LogConfig: Setting CVar [[r.Upscale.Quality:3]]
[2019.11.29-13.16.11:812][  0]LogConfig: Setting CVar [[r.Tonemapper.GrainQuantization:1]]
[2019.11.29-13.16.11:812][  0]LogConfig: Setting CVar [[r.LightShaftQuality:1]]
[2019.11.29-13.16.11:812][  0]LogConfig: Setting CVar [[r.Filter.SizeScale:1]]
[2019.11.29-13.16.11:812][  0]LogConfig: Setting CVar [[r.Tonemapper.Quality:5]]
[2019.11.29-13.16.11:812][  0]LogConfig: Setting CVar [[r.DOF.Gather.AccumulatorQuality:1        ; higher gathering accumulator quality]]
[2019.11.29-13.16.11:812][  0]LogConfig: Setting CVar [[r.DOF.Gather.PostfilterMethod:1          ; Median3x3 postfilering method]]
[2019.11.29-13.16.11:812][  0]LogConfig: Setting CVar [[r.DOF.Gather.EnableBokehSettings:0       ; no bokeh simulation when gathering]]
[2019.11.29-13.16.11:812][  0]LogConfig: Setting CVar [[r.DOF.Gather.RingCount:4                 ; medium number of samples when gathering]]
[2019.11.29-13.16.11:812][  0]LogConfig: Setting CVar [[r.DOF.Scatter.ForegroundCompositing:1    ; additive foreground scattering]]
[2019.11.29-13.16.11:812][  0]LogConfig: Setting CVar [[r.DOF.Scatter.BackgroundCompositing:2    ; additive background scattering]]
[2019.11.29-13.16.11:812][  0]LogConfig: Setting CVar [[r.DOF.Scatter.EnableBokehSettings:1      ; bokeh simulation when scattering]]
[2019.11.29-13.16.11:812][  0]LogConfig: Setting CVar [[r.DOF.Scatter.MaxSpriteRatio:0.1         ; only a maximum of 10% of scattered bokeh]]
[2019.11.29-13.16.11:812][  0]LogConfig: Setting CVar [[r.DOF.Recombine.Quality:1                ; cheap slight out of focus]]
[2019.11.29-13.16.11:812][  0]LogConfig: Setting CVar [[r.DOF.Recombine.EnableBokehSettings:0    ; no bokeh simulation on slight out of focus]]
[2019.11.29-13.16.11:812][  0]LogConfig: Setting CVar [[r.DOF.TemporalAAQuality:1                ; more stable temporal accumulation]]
[2019.11.29-13.16.11:812][  0]LogConfig: Setting CVar [[r.DOF.Kernel.MaxForegroundRadius:0.025]]
[2019.11.29-13.16.11:812][  0]LogConfig: Setting CVar [[r.DOF.Kernel.MaxBackgroundRadius:0.025]]
[2019.11.29-13.16.11:812][  0]LogConfig: Applying CVar settings from Section [TextureQuality@3] File [C:/Users/rako0016/Desktop/HighLevel/Assignment 3/VRDigiWrangler/Saved/Config/Windows/Scalability.ini]
[2019.11.29-13.16.11:812][  0]LogConfig: Setting CVar [[r.Streaming.MipBias:0]]
[2019.11.29-13.16.11:812][  0]LogConfig: Setting CVar [[r.Streaming.AmortizeCPUToGPUCopy:0]]
[2019.11.29-13.16.11:812][  0]LogConfig: Setting CVar [[r.Streaming.MaxNumTexturesToStreamPerFrame:0]]
[2019.11.29-13.16.11:812][  0]LogConfig: Setting CVar [[r.Streaming.Boost:1]]
[2019.11.29-13.16.11:812][  0]LogConfig: Setting CVar [[r.MaxAnisotropy:8]]
[2019.11.29-13.16.11:812][  0]LogConfig: Setting CVar [[r.Streaming.LimitPoolSizeToVRAM:0]]
[2019.11.29-13.16.11:812][  0]LogConfig: Setting CVar [[r.Streaming.PoolSize:1000]]
[2019.11.29-13.16.11:812][  0]LogConfig: Setting CVar [[r.Streaming.MaxEffectiveScreenSize:0]]
[2019.11.29-13.16.11:812][  0]LogConfig: Applying CVar settings from Section [EffectsQuality@3] File [C:/Users/rako0016/Desktop/HighLevel/Assignment 3/VRDigiWrangler/Saved/Config/Windows/Scalability.ini]
[2019.11.29-13.16.11:812][  0]LogConfig: Setting CVar [[r.TranslucencyLightingVolumeDim:64]]
[2019.11.29-13.16.11:812][  0]LogConfig: Setting CVar [[r.RefractionQuality:2]]
[2019.11.29-13.16.11:812][  0]LogConfig: Setting CVar [[r.SSR.Quality:3]]
[2019.11.29-13.16.11:812][  0]LogConfig: Setting CVar [[r.SceneColorFormat:4]]
[2019.11.29-13.16.11:812][  0]LogConfig: Setting CVar [[r.DetailMode:2]]
[2019.11.29-13.16.11:812][  0]LogConfig: Setting CVar [[r.TranslucencyVolumeBlur:1]]
[2019.11.29-13.16.11:812][  0]LogConfig: Setting CVar [[r.MaterialQualityLevel:1 ; High quality]]
[2019.11.29-13.16.11:812][  0]LogConfig: Setting CVar [[r.SSS.Scale:1]]
[2019.11.29-13.16.11:812][  0]LogConfig: Setting CVar [[r.SSS.SampleSet:2]]
[2019.11.29-13.16.11:812][  0]LogConfig: Setting CVar [[r.SSS.Quality:1]]
[2019.11.29-13.16.11:812][  0]LogConfig: Setting CVar [[r.SSS.HalfRes:1]]
[2019.11.29-13.16.11:812][  0]LogConfig: Setting CVar [[r.EmitterSpawnRateScale:1.0]]
[2019.11.29-13.16.11:812][  0]LogConfig: Setting CVar [[r.ParticleLightQuality:2]]
[2019.11.29-13.16.11:812][  0]LogConfig: Applying CVar settings from Section [FoliageQuality@3] File [C:/Users/rako0016/Desktop/HighLevel/Assignment 3/VRDigiWrangler/Saved/Config/Windows/Scalability.ini]
[2019.11.29-13.16.11:812][  0]LogConfig: Setting CVar [[foliage.DensityScale:1.0]]
[2019.11.29-13.16.11:812][  0]LogConfig: Setting CVar [[grass.DensityScale:1.0]]
[2019.11.29-13.16.11:812][  0]LogConfig: Applying CVar settings from Section [Startup] File [../../../Engine/Config/ConsoleVariables.ini]
[2019.11.29-13.16.11:812][  0]LogConfig: Setting CVar [[net.UseAdaptiveNetUpdateFrequency:0]]
[2019.11.29-13.16.11:812][  0]LogConfig: Setting CVar [[p.chaos.AllowCreatePhysxBodies:1]]
[2019.11.29-13.16.11:812][  0]LogConfig: Applying CVar settings from Section [ConsoleVariables] File [C:/Users/rako0016/Desktop/HighLevel/Assignment 3/VRDigiWrangler/Saved/Config/Windows/Engine.ini]
[2019.11.29-13.16.11:819][  0]LogInit: Computer: WT311-08
[2019.11.29-13.16.11:819][  0]LogInit: User: rako0016
[2019.11.29-13.16.11:819][  0]LogInit: CPU Page size=4096, Cores=4
[2019.11.29-13.16.11:819][  0]LogInit: High frequency timer resolution =10.000000 MHz
[2019.11.29-13.16.11:819][  0]LogMemory: Memory total: Physical=15.9GB (16GB approx)
[2019.11.29-13.16.11:819][  0]LogMemory: Platform Memory Stats for Windows
[2019.11.29-13.16.11:819][  0]LogMemory: Process Physical Memory: 100.59 MB used, 100.60 MB peak
[2019.11.29-13.16.11:819][  0]LogMemory: Process Virtual Memory: 89.04 MB used, 89.04 MB peak
[2019.11.29-13.16.11:819][  0]LogMemory: Physical Memory: 4916.03 MB used,  11388.77 MB free, 16304.80 MB total
[2019.11.29-13.16.11:819][  0]LogMemory: Virtual Memory: 4657.34 MB used,  134213072.00 MB free, 134217728.00 MB total
[2019.11.29-13.16.11:959][  0]LogInit: Using OS detected language (en-US).
[2019.11.29-13.16.11:959][  0]LogInit: Using OS detected locale (en-US).
[2019.11.29-13.16.11:960][  0]LogTextLocalizationManager: No specific localization for 'en-US' exists, so the 'en' localization will be used.
[2019.11.29-13.16.12:081][  0]LogInit: Setting process to per monitor DPI aware
[2019.11.29-13.16.12:122][  0]LogSlate: New Slate User Created.  User Index 0, Is Virtual User: 0
[2019.11.29-13.16.12:122][  0]LogSlate: Slate User Registered.  User Index 0, Is Virtual User: 0
[2019.11.29-13.16.12:383][  0]LogHMD: Failed to initialize OpenVR with code 110
[2019.11.29-13.16.12:383][  0]LogD3D11RHI: D3D11 adapters:
[2019.11.29-13.16.12:442][  0]LogD3D11RHI:    0. 'NVIDIA GeForce GTX 970' (Feature Level 11_0)
[2019.11.29-13.16.12:442][  0]LogD3D11RHI:       4043/0/8152 MB DedicatedVideo/DedicatedSystem/SharedSystem, Outputs:1, VendorId:0x10de
[2019.11.29-13.16.12:446][  0]LogD3D11RHI:    1. 'Microsoft Basic Render Driver' (Feature Level 11_0)
[2019.11.29-13.16.12:446][  0]LogD3D11RHI:       0/0/8152 MB DedicatedVideo/DedicatedSystem/SharedSystem, Outputs:0, VendorId:0x1414
[2019.11.29-13.16.12:446][  0]LogD3D11RHI: Chosen D3D11 Adapter: 0
[2019.11.29-13.16.12:450][  0]LogD3D11RHI: Creating new Direct3DDevice
[2019.11.29-13.16.12:450][  0]LogD3D11RHI:     GPU DeviceId: 0x13c2 (for the marketing name, search the web for "GPU Device Id")
[2019.11.29-13.16.12:450][  0]LogWindows: EnumDisplayDevices:
[2019.11.29-13.16.12:451][  0]LogWindows:    0. 'NVIDIA GeForce GTX 970' (P:1 D:1)
[2019.11.29-13.16.12:451][  0]LogWindows:    1. 'NVIDIA GeForce GTX 970' (P:0 D:0)
[2019.11.29-13.16.12:451][  0]LogWindows:    2. 'NVIDIA GeForce GTX 970' (P:0 D:0)
[2019.11.29-13.16.12:451][  0]LogWindows:    3. 'NVIDIA GeForce GTX 970' (P:0 D:0)
[2019.11.29-13.16.12:451][  0]LogWindows: DebugString: FoundDriverCount:4 
[2019.11.29-13.16.12:451][  0]LogD3D11RHI:     Adapter Name: NVIDIA GeForce GTX 970
[2019.11.29-13.16.12:451][  0]LogD3D11RHI:   Driver Version: 430.86 (internal:26.21.14.3086, unified:430.86)
[2019.11.29-13.16.12:451][  0]LogD3D11RHI:      Driver Date: 5-22-2019
[2019.11.29-13.16.12:451][  0]LogRHI: Texture pool is 2830 MB (70% of 4043 MB)
[2019.11.29-13.16.12:483][  0]LogD3D11RHI: Async texture creation enabled
[2019.11.29-13.16.12:486][  0]LogRendererCore: FGlobalReadBuffer::InitRHI
[2019.11.29-13.16.12:486][  0]LogRendererCore: FGlobalReadBuffer::InitRHI
[2019.11.29-13.16.12:486][  0]LogRendererCore: FGlobalReadBuffer::InitRHI
[2019.11.29-13.16.12:493][  0]LogD3D11RHI: GPU Timing Frequency: 1000.000000 (Debug: 2 1)
[2019.11.29-13.16.12:724][  0]LogTemp: Display: Module 'AllDesktopTargetPlatform' loaded TargetPlatform 'AllDesktop'
[2019.11.29-13.16.12:736][  0]LogTemp: Display: Module 'MacClientTargetPlatform' loaded TargetPlatform 'MacClient'
[2019.11.29-13.16.12:755][  0]LogTemp: Display: Module 'MacNoEditorTargetPlatform' loaded TargetPlatform 'MacNoEditor'
[2019.11.29-13.16.12:768][  0]LogTemp: Display: Module 'MacServerTargetPlatform' loaded TargetPlatform 'MacServer'
[2019.11.29-13.16.12:780][  0]LogTemp: Display: Module 'MacTargetPlatform' loaded TargetPlatform 'Mac'
[2019.11.29-13.16.12:792][  0]LogTemp: Display: Module 'WindowsClientTargetPlatform' loaded TargetPlatform 'WindowsClient'
[2019.11.29-13.16.12:804][  0]LogTemp: Display: Module 'WindowsNoEditorTargetPlatform' loaded TargetPlatform 'WindowsNoEditor'
[2019.11.29-13.16.12:816][  0]LogTemp: Display: Module 'WindowsServerTargetPlatform' loaded TargetPlatform 'WindowsServer'
[2019.11.29-13.16.12:822][  0]LogTemp: Display: Module 'WindowsTargetPlatform' loaded TargetPlatform 'Windows'
[2019.11.29-13.16.12:907][  0]LogTemp: Display: Module 'AndroidTargetPlatform' loaded TargetPlatform 'Android'
[2019.11.29-13.16.12:907][  0]LogTemp: Display: Module 'AndroidTargetPlatform' loaded TargetPlatform 'Android_ASTC'
[2019.11.29-13.16.12:907][  0]LogTemp: Display: Module 'AndroidTargetPlatform' loaded TargetPlatform 'Android_ATC'
[2019.11.29-13.16.12:907][  0]LogTemp: Display: Module 'AndroidTargetPlatform' loaded TargetPlatform 'Android_DXT'
[2019.11.29-13.16.12:907][  0]LogTemp: Display: Module 'AndroidTargetPlatform' loaded TargetPlatform 'Android_ETC1'
[2019.11.29-13.16.12:907][  0]LogTemp: Display: Module 'AndroidTargetPlatform' loaded TargetPlatform 'Android_ETC1a'
[2019.11.29-13.16.12:907][  0]LogTemp: Display: Module 'AndroidTargetPlatform' loaded TargetPlatform 'Android_ETC2'
[2019.11.29-13.16.12:907][  0]LogTemp: Display: Module 'AndroidTargetPlatform' loaded TargetPlatform 'Android_PVRTC'
[2019.11.29-13.16.12:907][  0]LogTemp: Display: Module 'AndroidTargetPlatform' loaded TargetPlatform 'AndroidClient'
[2019.11.29-13.16.12:907][  0]LogTemp: Display: Module 'AndroidTargetPlatform' loaded TargetPlatform 'Android_ASTCClient'
[2019.11.29-13.16.12:907][  0]LogTemp: Display: Module 'AndroidTargetPlatform' loaded TargetPlatform 'Android_ATCClient'
[2019.11.29-13.16.12:907][  0]LogTemp: Display: Module 'AndroidTargetPlatform' loaded TargetPlatform 'Android_DXTClient'
[2019.11.29-13.16.12:907][  0]LogTemp: Display: Module 'AndroidTargetPlatform' loaded TargetPlatform 'Android_ETC1Client'
[2019.11.29-13.16.12:907][  0]LogTemp: Display: Module 'AndroidTargetPlatform' loaded TargetPlatform 'Android_ETC1aClient'
[2019.11.29-13.16.12:907][  0]LogTemp: Display: Module 'AndroidTargetPlatform' loaded TargetPlatform 'Android_ETC2Client'
[2019.11.29-13.16.12:907][  0]LogTemp: Display: Module 'AndroidTargetPlatform' loaded TargetPlatform 'Android_PVRTCClient'
[2019.11.29-13.16.12:907][  0]LogTemp: Display: Module 'AndroidTargetPlatform' loaded TargetPlatform 'Android_Multi'
[2019.11.29-13.16.12:907][  0]LogTemp: Display: Module 'AndroidTargetPlatform' loaded TargetPlatform 'Android_MultiClient'
[2019.11.29-13.16.12:911][  0]LogTemp: Display: Module 'HTML5TargetPlatform' loaded TargetPlatform 'HTML5'
[2019.11.29-13.16.12:964][  0]LogTemp: Display: Module 'IOSTargetPlatform' loaded TargetPlatform 'IOSClient'
[2019.11.29-13.16.12:964][  0]LogTemp: Display: Module 'IOSTargetPlatform' loaded TargetPlatform 'IOS'
[2019.11.29-13.16.12:983][  0]LogTemp: Display: Module 'TVOSTargetPlatform' loaded TargetPlatform 'TVOSClient'
[2019.11.29-13.16.12:983][  0]LogTemp: Display: Module 'TVOSTargetPlatform' loaded TargetPlatform 'TVOS'
[2019.11.29-13.16.12:995][  0]LogTemp: Display: Module 'LinuxClientTargetPlatform' loaded TargetPlatform 'LinuxClient'
[2019.11.29-13.16.13:007][  0]LogTemp: Display: Module 'LinuxNoEditorTargetPlatform' loaded TargetPlatform 'LinuxNoEditor'
[2019.11.29-13.16.13:022][  0]LogTemp: Display: Module 'LinuxServerTargetPlatform' loaded TargetPlatform 'LinuxServer'
[2019.11.29-13.16.13:035][  0]LogTemp: Display: Module 'LinuxTargetPlatform' loaded TargetPlatform 'Linux'
[2019.11.29-13.16.13:073][  0]LogTemp: Display: Module 'LuminTargetPlatform' loaded TargetPlatform 'Lumin'
[2019.11.29-13.16.13:073][  0]LogTemp: Display: Module 'LuminTargetPlatform' loaded TargetPlatform 'LuminClient'
[2019.11.29-13.16.13:073][  0]LogTargetPlatformManager: Display: Building Assets For Windows
[2019.11.29-13.16.13:089][  0]LogAudioDebug: Display: Lib vorbis DLL was dynamically loaded.
[2019.11.29-13.16.13:175][  0]LogShaderCompilers: Guid format shader working directory is -29 characters bigger than the processId version (../../../../../../Users/rako0016/Desktop/HighLevel/Assignment 3/VRDigiWrangler/Intermediate/Shaders/WorkingDirectory/9952/).
[2019.11.29-13.16.13:175][  0]LogShaderCompilers: Cleaned the shader compiler working directory 'C:/Users/rako0016/AppData/Local/Temp/UnrealShaderWorkingDir/EA925BB54F221C9193A67B8B0E1B2406/'.
[2019.11.29-13.16.13:176][  0]LogXGEController: Cleaning working directory: C:/Users/rako0016/AppData/Local/Temp/UnrealXGEWorkingDir/
[2019.11.29-13.16.13:177][  0]LogXGEController: Cannot use XGE Controller as Incredibuild is not installed on this machine.
[2019.11.29-13.16.13:177][  0]LogShaderCompilers: Cannot use XGE Shader Compiler as Incredibuild is not installed on this machine.
[2019.11.29-13.16.13:177][  0]LogShaderCompilers: Display: Using Local Shader Compiler.
[2019.11.29-13.16.13:772][  0]LogDerivedDataCache: Display: Max Cache Size: 512 MB
[2019.11.29-13.16.13:810][  0]LogDerivedDataCache: Loaded boot cache 0.04s 73MB C:/Users/rako0016/AppData/Local/UnrealEngine/4.22/DerivedDataCache/Boot.ddc.
[2019.11.29-13.16.13:811][  0]LogDerivedDataCache: Display: Loaded Boot cache: C:/Users/rako0016/AppData/Local/UnrealEngine/4.22/DerivedDataCache/Boot.ddc
[2019.11.29-13.16.13:811][  0]LogDerivedDataCache: FDerivedDataBackendGraph:  Pak pak cache file ../../../../../../Users/rako0016/Desktop/HighLevel/Assignment 3/VRDigiWrangler/DerivedDataCache/DDC.ddp not found, will not use a pak cache.
[2019.11.29-13.16.13:811][  0]LogDerivedDataCache: Unable to find inner node Pak for hierarchical cache Hierarchy.
[2019.11.29-13.16.13:811][  0]LogDerivedDataCache: FDerivedDataBackendGraph:  CompressedPak pak cache file ../../../../../../Users/rako0016/Desktop/HighLevel/Assignment 3/VRDigiWrangler/DerivedDataCache/Compressed.ddp not found, will not use a pak cache.
[2019.11.29-13.16.13:811][  0]LogDerivedDataCache: Unable to find inner node CompressedPak for hierarchical cache Hierarchy.
[2019.11.29-13.16.13:821][  0]LogDerivedDataCache: Display: Pak cache opened for reading ../../../Engine/DerivedDataCache/Compressed.ddp.
[2019.11.29-13.16.13:821][  0]LogDerivedDataCache: FDerivedDataBackendGraph:  EnterprisePak pak cache file ../../../Enterprise/DerivedDataCache/Compressed.ddp not found, will not use a pak cache.
[2019.11.29-13.16.13:821][  0]LogDerivedDataCache: Unable to find inner node EnterprisePak for hierarchical cache Hierarchy.
[2019.11.29-13.16.13:833][  0]LogDerivedDataCache: Using Local data cache path C:/Users/rako0016/AppData/Local/UnrealEngine/Common/DerivedDataCache: Writable
[2019.11.29-13.16.13:833][  0]LogDerivedDataCache: Shared data cache path not found in *engine.ini, will not use an Shared cache.
[2019.11.29-13.16.13:833][  0]LogDerivedDataCache: Unable to find inner node Shared for hierarchical cache Hierarchy.
[2019.11.29-13.16.13:849][  0]LogMaterial: Verifying Global Shaders for PCD3D_SM5
[2019.11.29-13.16.13:850][  0]LogSlate: Using FreeType 2.6.0
[2019.11.29-13.16.13:851][  0]LogSlate: SlateFontServices - WITH_FREETYPE: 1, WITH_HARFBUZZ: 1
[2019.11.29-13.16.13:960][  0]LogAssetRegistry: FAssetRegistry took 0.0310 seconds to start up
[2019.11.29-13.16.14:211][  0]LogInit: Selected Device Profile: [Windows]
[2019.11.29-13.16.14:330][  0]LogMeshReduction: Using QuadricMeshReduction for automatic static mesh reduction
[2019.11.29-13.16.14:330][  0]LogMeshReduction: Using SimplygonMeshReduction for automatic skeletal mesh reduction
[2019.11.29-13.16.14:330][  0]LogMeshReduction: Using ProxyLODMeshReduction for automatic mesh merging
[2019.11.29-13.16.14:330][  0]LogMeshReduction: No distributed automatic mesh merging module available
[2019.11.29-13.16.14:330][  0]LogMeshMerging: No distributed automatic mesh merging module available
[2019.11.29-13.16.14:344][  0]LogNetVersion: VRDigiWrangler 1.0.0, NetCL: 5660361, EngineNetVer: 10, GameNetVer: 0 (Checksum: 1591920321)
[2019.11.29-13.16.14:669][  0]LogPackageLocalizationCache: Processed 10 localized package path(s) for 1 prioritized culture(s) in 0.028501 seconds
[2019.11.29-13.16.14:675][  0]LogUObjectArray: 42205 objects as part of root set at end of initial load.
[2019.11.29-13.16.14:676][  0]LogUObjectAllocator: 7325032 out of 0 bytes used by permanent object pool.
[2019.11.29-13.16.14:676][  0]LogUObjectArray: CloseDisregardForGC: 0/0 objects in disregard for GC pool
[2019.11.29-13.16.15:875][  0]LogTcpMessaging: Initializing TcpMessaging bridge
[2019.11.29-13.16.15:891][  0]LogUdpMessaging: Initializing bridge on interface 0.0.0.0:0 to multicast group 230.0.0.1:6666.
[2019.11.29-13.16.16:048][  0]SourceControl: Source control is disabled
[2019.11.29-13.16.16:049][  0]SourceControl: Source control is disabled
[2019.11.29-13.16.16:051][  0]SourceControl: Source control is disabled
[2019.11.29-13.16.16:054][  0]SourceControl: Source control is disabled
[2019.11.29-13.16.16:196][  0]LogAndroidPermission: UAndroidPermissionCallbackProxy::GetInstance
[2019.11.29-13.16.16:321][  0]LogOcInput: OculusInput pre-init called
[2019.11.29-13.16.16:994][  0]LogEngine: Initializing Engine...
[2019.11.29-13.16.16:995][  0]LogHMD: Failed to initialize OpenVR with code 110
[2019.11.29-13.16.16:996][  0]LogStats: UGameplayTagsManager::InitializeManager -  0.000 s
[2019.11.29-13.16.17:172][  0]LogInit: Initializing FReadOnlyCVARCache
[2019.11.29-13.16.17:186][  0]LogAIModule: Creating AISystem for world Untitled
[2019.11.29-13.16.17:208][  0]LogInit: XAudio2 using 'DELL P2715Q (NVIDIA High Definition Audio)' : 2 channels at 48 kHz using 16 bits per sample (channel mask 0x3)
[2019.11.29-13.16.17:285][  0]LogInit: FAudioDevice initialized.
[2019.11.29-13.16.17:285][  0]LogNetVersion: Set ProjectVersion to 1.0.0.0. Version Checksum will be recalculated on next use.
[2019.11.29-13.16.17:353][  0]LogDerivedDataCache: Saved boot cache 0.07s 73MB C:/Users/rako0016/AppData/Local/UnrealEngine/4.22/DerivedDataCache/Boot.ddc.
[2019.11.29-13.16.17:361][  0]LogInit: Texture streaming: Enabled
[2019.11.29-13.16.17:382][  0]LogEngineSessionManager: EngineSessionManager initialized
[2019.11.29-13.16.17:400][  0]LogInit: Transaction tracking system initialized
[2019.11.29-13.16.17:441][  0]BlueprintLog: New page: Editor Load
[2019.11.29-13.16.17:551][  0]LocalizationService: Localization service is disabled
[2019.11.29-13.16.17:806][  0]LogFileCache: Scanning file cache for directory 'C:/Users/rako0016/Desktop/HighLevel/Assignment 3/VRDigiWrangler/Content/' took 0.01s
[2019.11.29-13.16.17:807][  0]LogCook: Display: Max memory allowance for cook 16384mb min free memory 0mb
[2019.11.29-13.16.17:807][  0]LogCook: Display: Mobile HDR setting 1
[2019.11.29-13.16.18:023][  0]SourceControl: Source control is disabled
[2019.11.29-13.16.18:023][  0]Cmd: MAP LOAD FILE="../../../../../../Users/rako0016/Desktop/HighLevel/Assignment 3/VRDigiWrangler/Content/Level/VRDigiWrangler.umap" TEMPLATE=0 SHOWPROGRESS=1 FEATURELEVEL=3
[2019.11.29-13.16.18:024][  0]LightingResults: New page: Lighting Build
[2019.11.29-13.16.18:026][  0]MapCheck: New page: Map Check
[2019.11.29-13.16.18:026][  0]LightingResults: New page: Lighting Build
[2019.11.29-13.16.18:049][  0]LogUObjectHash: Compacting FUObjectHashTables data took   1.28ms
[2019.11.29-13.16.18:110][  0]LogLinker: Warning: Can't find file '/Game/Level/VRDigiWrangler_BuiltData'
[2019.11.29-13.16.18:110][  0]LogLinker: Warning: Can't find file for asset '/Game/Level/VRDigiWrangler_BuiltData' while loading NULL.
[2019.11.29-13.16.18:111][  0]LogLinker: Warning: Can't find file '/Game/Level/VRDigiWrangler_BuiltData'
[2019.11.29-13.16.18:112][  0]LogLinker: Warning: Can't find file for asset '/Game/Level/VRDigiWrangler_BuiltData' while loading NULL.
[2019.11.29-13.16.18:112][  0]LogLinker: Warning: Can't find file '/Game/Level/VRDigiWrangler_BuiltData'
[2019.11.29-13.16.18:112][  0]LogLinker: Warning: Can't find file for asset '/Game/Level/VRDigiWrangler_BuiltData' while loading NULL.
[2019.11.29-13.16.18:112][  0]LogLinker: Warning: Can't find file '/Game/Level/VRDigiWrangler_BuiltData'
[2019.11.29-13.16.18:113][  0]LogLinker: Warning: Can't find file for asset '/Game/Level/VRDigiWrangler_BuiltData' while loading NULL.
[2019.11.29-13.16.18:117][  0]LogLinker: Warning: Can't find file '/Game/Level/VRDigiWrangler_BuiltData'
[2019.11.29-13.16.18:117][  0]LoadErrors: Failed to load /Game/Level/VRDigiWrangler_BuiltData.VRDigiWrangler_BuiltData Referenced by PersistentLevel
[2019.11.29-13.16.18:117][  0]LogLinker: Warning: Can't find file for asset '/Game/Level/VRDigiWrangler_BuiltData' while loading NULL.
[2019.11.29-13.16.18:133][  0]LogAIModule: Creating AISystem for world VRDigiWrangler
[2019.11.29-13.16.18:138][  0]LogEditorServer: Finished looking for orphan Actors (0.000 secs)
[2019.11.29-13.16.18:159][  0]LogUObjectHash: Compacting FUObjectHashTables data took   1.51ms
[2019.11.29-13.16.18:159][  0]Cmd: MAP CHECKDEP NOCLEARLOG
[2019.11.29-13.16.18:159][  0]MapCheck: Map check complete: 0 Error(s), 0 Warning(s), took 0.077ms to complete.
[2019.11.29-13.16.18:159][  0]LogFileHelpers: Loading map 'VRDigiWrangler' took 0.135
[2019.11.29-13.16.18:256][  0]LogSlate: Updating window title bar state: overlay mode, drag disabled, window buttons hidden, title bar hidden
[2019.11.29-13.16.18:262][  0]LogSlate: Updating window title bar state: overlay mode, drag disabled, window buttons hidden, title bar hidden
[2019.11.29-13.16.18:269][  0]LogSlate: Updating window title bar state: overlay mode, drag disabled, window buttons hidden, title bar hidden
[2019.11.29-13.16.18:275][  0]LogSlate: Updating window title bar state: overlay mode, drag disabled, window buttons hidden, title bar hidden
[2019.11.29-13.16.18:282][  0]LogCollectionManager: Loaded 0 collections in 0.001425 seconds
[2019.11.29-13.16.18:311][  0]LogFileCache: Scanning file cache for directory 'C:/Users/rako0016/Desktop/HighLevel/Assignment 3/VRDigiWrangler/Saved/Collections/' took 0.01s
[2019.11.29-13.16.18:311][  0]LogFileCache: Scanning file cache for directory 'C:/Users/rako0016/Desktop/HighLevel/Assignment 3/VRDigiWrangler/Content/Developers/rako0016/Collections/' took 0.00s
[2019.11.29-13.16.18:311][  0]LogFileCache: Scanning file cache for directory 'C:/Users/rako0016/Desktop/HighLevel/Assignment 3/VRDigiWrangler/Content/Collections/' took 0.01s
[2019.11.29-13.16.18:312][  0]LogCollectionManager: Rebuilt the GUID cache for 0 collections in 0.000000 seconds
[2019.11.29-13.16.18:318][  0]LogContentBrowser: Native class hierarchy populated in 0.0068 seconds. Added 2742 classes and 662 folders.
[2019.11.29-13.16.18:323][  0]LogContentBrowser: Native class hierarchy updated for 'WidgetCarousel' in 0.0003 seconds. Added 0 classes and 0 folders.
[2019.11.29-13.16.18:325][  0]LogPakFile: Registered encryption key '00000000000000000000000000000000': 0 pak files mounted, 0 remain pending
[2019.11.29-13.16.18:326][  0]LogPakFile: Registered encryption key '00000000000000000000000000000000': 0 pak files mounted, 0 remain pending
[2019.11.29-13.16.18:327][  0]LogPakFile: Registered encryption key '00000000000000000000000000000000': 0 pak files mounted, 0 remain pending
[2019.11.29-13.16.18:327][  0]LogPakFile: Registered encryption key '00000000000000000000000000000000': 0 pak files mounted, 0 remain pending
[2019.11.29-13.16.18:328][  0]LogPakFile: Registered encryption key '00000000000000000000000000000000': 0 pak files mounted, 0 remain pending
[2019.11.29-13.16.18:329][  0]LogPakFile: Registered encryption key '00000000000000000000000000000000': 0 pak files mounted, 0 remain pending
[2019.11.29-13.16.18:330][  0]LogPakFile: Registered encryption key '00000000000000000000000000000000': 0 pak files mounted, 0 remain pending
[2019.11.29-13.16.18:330][  0]LogPakFile: Registered encryption key '00000000000000000000000000000000': 0 pak files mounted, 0 remain pending
[2019.11.29-13.16.18:331][  0]LogPakFile: Registered encryption key '00000000000000000000000000000000': 0 pak files mounted, 0 remain pending
[2019.11.29-13.16.18:332][  0]LogPakFile: Registered encryption key '00000000000000000000000000000000': 0 pak files mounted, 0 remain pending
[2019.11.29-13.16.18:333][  0]LogPakFile: Registered encryption key '00000000000000000000000000000000': 0 pak files mounted, 0 remain pending
[2019.11.29-13.16.18:333][  0]LogPakFile: Registered encryption key '00000000000000000000000000000000': 0 pak files mounted, 0 remain pending
[2019.11.29-13.16.18:334][  0]LogPakFile: Registered encryption key '00000000000000000000000000000000': 0 pak files mounted, 0 remain pending
[2019.11.29-13.16.18:335][  0]LogPakFile: Registered encryption key '00000000000000000000000000000000': 0 pak files mounted, 0 remain pending
[2019.11.29-13.16.18:335][  0]LogPakFile: Registered encryption key '00000000000000000000000000000000': 0 pak files mounted, 0 remain pending
[2019.11.29-13.16.18:336][  0]LogPakFile: Registered encryption key '00000000000000000000000000000000': 0 pak files mounted, 0 remain pending
[2019.11.29-13.16.18:337][  0]LogPakFile: Registered encryption key '00000000000000000000000000000000': 0 pak files mounted, 0 remain pending
[2019.11.29-13.16.18:337][  0]LogPakFile: Registered encryption key '00000000000000000000000000000000': 0 pak files mounted, 0 remain pending
[2019.11.29-13.16.18:338][  0]LogPakFile: Registered encryption key '00000000000000000000000000000000': 0 pak files mounted, 0 remain pending
[2019.11.29-13.16.18:339][  0]LogPakFile: Registered encryption key '00000000000000000000000000000000': 0 pak files mounted, 0 remain pending
[2019.11.29-13.16.18:339][  0]LogPakFile: Registered encryption key '00000000000000000000000000000000': 0 pak files mounted, 0 remain pending
[2019.11.29-13.16.18:340][  0]LogPakFile: Registered encryption key '00000000000000000000000000000000': 0 pak files mounted, 0 remain pending
[2019.11.29-13.16.18:341][  0]LogPakFile: Registered encryption key '00000000000000000000000000000000': 0 pak files mounted, 0 remain pending
[2019.11.29-13.16.18:342][  0]LogPakFile: Registered encryption key '00000000000000000000000000000000': 0 pak files mounted, 0 remain pending
[2019.11.29-13.16.18:342][  0]LogPakFile: Registered encryption key '00000000000000000000000000000000': 0 pak files mounted, 0 remain pending
[2019.11.29-13.16.18:343][  0]LogPakFile: Registered encryption key '00000000000000000000000000000000': 0 pak files mounted, 0 remain pending
[2019.11.29-13.16.18:373][  0]LogContentBrowser: Native class hierarchy updated for 'AddContentDialog' in 0.0003 seconds. Added 0 classes and 0 folders.
[2019.11.29-13.16.18:379][  0]LogContentBrowser: Native class hierarchy updated for 'SceneOutliner' in 0.0005 seconds. Added 1 classes and 2 folders.
[2019.11.29-13.16.18:389][  0]LogSlate: Took 0.000524 seconds to synchronously load lazily loaded font '../../../Engine/Content/Slate/Fonts/Roboto-Regular.ttf' (155K)
[2019.11.29-13.16.18:391][  0]LogSlate: Took 0.000510 seconds to synchronously load lazily loaded font '../../../Engine/Content/Slate/Fonts/Roboto-Bold.ttf' (160K)
[2019.11.29-13.16.18:395][  0]LogSlate: Took 0.000406 seconds to synchronously load lazily loaded font '../../../Engine/Content/Editor/Slate/Fonts/FontAwesome.ttf' (139K)
[2019.11.29-13.16.18:450][  0]LogRenderer: Reallocating scene render targets to support 1616x808 Format 10 NumSamples 1 (Frame:1).
[2019.11.29-13.16.18:588][  0]LogSlate: FSceneViewport::OnFocusLost() reason 2
[2019.11.29-13.16.18:601][  0]LogSlate: Window 'Tutorials' being destroyed
[2019.11.29-13.16.18:634][  0]LogContentBrowser: Native class hierarchy updated for 'HierarchicalLODOutliner' in 0.0004 seconds. Added 0 classes and 0 folders.
[2019.11.29-13.16.18:634][  0]LogLoad: (Engine Initialization) Total time: 8.44 seconds
[2019.11.29-13.16.18:634][  0]LogLoad: (Engine Initialization) Total Blueprint compile time: 0.00 seconds
[2019.11.29-13.16.18:663][  0]LogAssetRegistry: Asset discovery search completed in 4.7129 seconds
[2019.11.29-13.16.18:666][  0]LogCollectionManager: Rebuilt the object cache for 0 collections in 0.000000 seconds (found 0 objects)
[2019.11.29-13.16.18:666][  0]LogCollectionManager: Fixed up redirectors for 0 collections in 0.000122 seconds (updated 0 objects)
[2019.11.29-13.16.18:667][  0]LogContentStreaming: Texture pool size now 1000 MB
[2019.11.29-13.16.18:674][  0]LogSlate: FSceneViewport::OnFocusLost() reason 2
[2019.11.29-13.16.27:678][ 67]LogSlate: Window 'Message Log' being destroyed
[2019.11.29-13.16.27:680][ 67]LogSlate: Window 'Message Log' being destroyed
[2019.11.29-13.16.28:313][143]LogEditorViewport: Clicking on Actor (LMB): BP_Sky_Sphere_C (Sky Sphere)
[2019.11.29-13.16.29:711][302]LogSlate: FSceneViewport::OnFocusLost() reason 0
[2019.11.29-13.16.29:795][312]LogTemp: Repeating last play command: Selected Viewport
[2019.11.29-13.16.29:804][312]LogBlueprintUserMessages: Early PlayInEditor Detection: Level '/Game/Level/VRDigiWrangler.VRDigiWrangler:PersistentLevel' has LevelScriptBlueprint '/Game/Level/VRDigiWrangler.VRDigiWrangler:PersistentLevel.VRDigiWrangler' with GeneratedClass '/Game/Level/VRDigiWrangler.VRDigiWrangler_C' with ClassGeneratedBy '/Game/Level/VRDigiWrangler.VRDigiWrangler:PersistentLevel.VRDigiWrangler'
[2019.11.29-13.16.29:805][312]LogPlayLevel: PlayLevel: No blueprints needed recompiling
[2019.11.29-13.16.29:805][312]PIE: New page: PIE session: VRDigiWrangler (Nov 29, 2019, 3:16:29 AM)
[2019.11.29-13.16.29:818][312]LogPlayLevel: Creating play world package: /Game/Level/UEDPIE_0_VRDigiWrangler
[2019.11.29-13.16.29:822][312]LogPlayLevel: PIE: StaticDuplicateObject took: (0.003833s)
[2019.11.29-13.16.29:822][312]LogAIModule: Creating AISystem for world VRDigiWrangler
[2019.11.29-13.16.29:823][312]LogPlayLevel: PIE: World Init took: (0.000712s)
[2019.11.29-13.16.29:823][312]LogPlayLevel: PIE: Created PIE world by copying editor world from /Game/Level/VRDigiWrangler.VRDigiWrangler to /Game/Level/UEDPIE_0_VRDigiWrangler.VRDigiWrangler (0.004928s)
[2019.11.29-13.16.29:842][312]LogUObjectHash: Compacting FUObjectHashTables data took   0.86ms
[2019.11.29-13.16.29:863][312]LogInit: XAudio2 using 'DELL P2715Q (NVIDIA High Definition Audio)' : 2 channels at 48 kHz using 16 bits per sample (channel mask 0x3)
[2019.11.29-13.16.29:874][312]LogInit: FAudioDevice initialized.
[2019.11.29-13.16.29:930][312]LogLoad: Game class is 'BP_VRGameModeBase_C'
[2019.11.29-13.16.29:932][312]LogWorld: Bringing World /Game/Level/UEDPIE_0_VRDigiWrangler.VRDigiWrangler up for play (max tick rate 0) at 2019.11.29-08.16.29
[2019.11.29-13.16.29:933][312]LogWorld: Bringing up level for play took: 0.001408
[2019.11.29-13.16.29:949][312]LogContentBrowser: Native class hierarchy updated for 'MovieSceneCapture' in 0.0003 seconds. Added 20 classes and 0 folders.
[2019.11.29-13.16.29:954][312]PIE: Play in editor start time for /Game/Level/UEDPIE_0_VRDigiWrangler 0.056
[2019.11.29-13.16.29:954][312]LogBlueprintUserMessages: Late PlayInEditor Detection: Level '/Game/Level/VRDigiWrangler.VRDigiWrangler:PersistentLevel' has LevelScriptBlueprint '/Game/Level/VRDigiWrangler.VRDigiWrangler:PersistentLevel.VRDigiWrangler' with GeneratedClass '/Game/Level/VRDigiWrangler.VRDigiWrangler_C' with ClassGeneratedBy '/Game/Level/VRDigiWrangler.VRDigiWrangler:PersistentLevel.VRDigiWrangler'
[2019.11.29-13.16.30:372][357]LogTemp: Error: ProjectileTemplate == NULL
[2019.11.29-13.16.30:572][381]LogTemp: Error: ProjectileTemplate == NULL
[2019.11.29-13.16.30:748][402]LogTemp: Error: ProjectileTemplate == NULL
[2019.11.29-13.16.31:307][469]LogTemp: Error: ProjectileTemplate == NULL
[2019.11.29-13.16.31:482][490]LogTemp: Error: ProjectileTemplate == NULL
[2019.11.29-13.16.33:547][734]LogSlate: FSceneViewport::OnFocusLost() reason 2
[2019.11.29-13.16.34:763][879]LogSlate: FSceneViewport::OnFocusLost() reason 2
[2019.11.29-13.16.35:486][879]LogSlate: Only BGRA pngs, bmps or icos are supported in by External Image Picker
[2019.11.29-13.17.21:481][363]LogSlate: Window 'Project Settings' being destroyed
[2019.11.29-13.17.21:484][363]LogSlate: Window 'Project Settings' being destroyed
[2019.11.29-13.17.22:613][497]LogTemp: Error: ProjectileTemplate == NULL
[2019.11.29-13.17.23:255][574]LogTemp: Error: ProjectileTemplate == NULL
[2019.11.29-13.17.23:430][595]LogTemp: Error: ProjectileTemplate == NULL
[2019.11.29-13.17.23:805][640]LogTemp: Error: ProjectileTemplate == NULL
[2019.11.29-13.17.32:188][646]LogSlate: FSceneViewport::OnFocusLost() reason 0
[2019.11.29-13.17.32:372][668]LogBlueprintUserMessages: Early EndPlayMap Detection: Level '/Game/Level/VRDigiWrangler.VRDigiWrangler:PersistentLevel' has LevelScriptBlueprint '/Game/Level/VRDigiWrangler.VRDigiWrangler:PersistentLevel.VRDigiWrangler' with GeneratedClass '/Game/Level/VRDigiWrangler.VRDigiWrangler_C' with ClassGeneratedBy '/Game/Level/VRDigiWrangler.VRDigiWrangler:PersistentLevel.VRDigiWrangler'
[2019.11.29-13.17.32:373][668]LogSlate: Updating window title bar state: overlay mode, drag disabled, window buttons hidden, title bar hidden
[2019.11.29-13.17.32:407][668]LogPlayLevel: Display: Shutting down PIE online subsystems
[2019.11.29-13.17.32:407][668]LogBlueprintUserMessages: Late EndPlayMap Detection: Level '/Game/Level/VRDigiWrangler.VRDigiWrangler:PersistentLevel' has LevelScriptBlueprint '/Game/Level/VRDigiWrangler.VRDigiWrangler:PersistentLevel.VRDigiWrangler' with GeneratedClass '/Game/Level/VRDigiWrangler.VRDigiWrangler_C' with ClassGeneratedBy '/Game/Level/VRDigiWrangler.VRDigiWrangler:PersistentLevel.VRDigiWrangler'
[2019.11.29-13.17.32:432][668]LogSlate: Updating window title bar state: overlay mode, drag disabled, window buttons hidden, title bar hidden
[2019.11.29-13.17.32:436][668]LogUObjectHash: Compacting FUObjectHashTables data took   1.54ms
[2019.11.29-13.17.32:479][672]LogPlayLevel: Display: Destroying online subsystem :Context_1
[2019.11.29-13.17.46:886][384]LogSlate: FSceneViewport::OnFocusLost() reason 0
[2019.11.29-13.17.47:037][402]LogTemp: Repeating last play command: Selected Viewport
[2019.11.29-13.17.47:044][402]LogBlueprintUserMessages: Early PlayInEditor Detection: Level '/Game/Level/VRDigiWrangler.VRDigiWrangler:PersistentLevel' has LevelScriptBlueprint '/Game/Level/VRDigiWrangler.VRDigiWrangler:PersistentLevel.VRDigiWrangler' with GeneratedClass '/Game/Level/VRDigiWrangler.VRDigiWrangler_C' with ClassGeneratedBy '/Game/Level/VRDigiWrangler.VRDigiWrangler:PersistentLevel.VRDigiWrangler'
[2019.11.29-13.17.47:044][402]LogPlayLevel: PlayLevel: No blueprints needed recompiling
[2019.11.29-13.17.47:045][402]PIE: New page: PIE session: VRDigiWrangler (Nov 29, 2019, 3:17:47 AM)
[2019.11.29-13.17.47:045][402]LogPlayLevel: Creating play world package: /Game/Level/UEDPIE_0_VRDigiWrangler
[2019.11.29-13.17.47:048][402]LogPlayLevel: PIE: StaticDuplicateObject took: (0.002624s)
[2019.11.29-13.17.47:048][402]LogAIModule: Creating AISystem for world VRDigiWrangler
[2019.11.29-13.17.47:049][402]LogPlayLevel: PIE: World Init took: (0.000631s)
[2019.11.29-13.17.47:049][402]LogPlayLevel: PIE: Created PIE world by copying editor world from /Game/Level/VRDigiWrangler.VRDigiWrangler to /Game/Level/UEDPIE_0_VRDigiWrangler.VRDigiWrangler (0.003785s)
[2019.11.29-13.17.47:069][402]LogUObjectHash: Compacting FUObjectHashTables data took   0.89ms
[2019.11.29-13.17.47:083][402]LogInit: XAudio2 using 'DELL P2715Q (NVIDIA High Definition Audio)' : 2 channels at 48 kHz using 16 bits per sample (channel mask 0x3)
[2019.11.29-13.17.47:092][402]LogInit: FAudioDevice initialized.
[2019.11.29-13.17.47:124][402]LogLoad: Game class is 'BP_VRGameModeBase_C'
[2019.11.29-13.17.47:125][402]LogWorld: Bringing World /Game/Level/UEDPIE_0_VRDigiWrangler.VRDigiWrangler up for play (max tick rate 0) at 2019.11.29-08.17.47
[2019.11.29-13.17.47:126][402]LogWorld: Bringing up level for play took: 0.001422
[2019.11.29-13.17.47:143][402]PIE: Play in editor start time for /Game/Level/UEDPIE_0_VRDigiWrangler -0.793
[2019.11.29-13.17.47:143][402]LogBlueprintUserMessages: Late PlayInEditor Detection: Level '/Game/Level/VRDigiWrangler.VRDigiWrangler:PersistentLevel' has LevelScriptBlueprint '/Game/Level/VRDigiWrangler.VRDigiWrangler:PersistentLevel.VRDigiWrangler' with GeneratedClass '/Game/Level/VRDigiWrangler.VRDigiWrangler_C' with ClassGeneratedBy '/Game/Level/VRDigiWrangler.VRDigiWrangler:PersistentLevel.VRDigiWrangler'
[2019.11.29-13.17.52:650][ 60]LogTemp: Error: ProjectileTemplate == NULL
[2019.11.29-13.17.55:100][354]LogTemp: Error: ProjectileTemplate == NULL
[2019.11.29-13.17.55:366][386]LogTemp: Error: ProjectileTemplate == NULL
[2019.11.29-13.17.55:708][427]LogTemp: Error: ProjectileTemplate == NULL
[2019.11.29-13.17.55:916][452]LogTemp: Error: ProjectileTemplate == NULL
[2019.11.29-13.17.56:092][473]LogTemp: Error: ProjectileTemplate == NULL
[2019.11.29-13.17.56:283][496]LogTemp: Error: ProjectileTemplate == NULL
[2019.11.29-13.17.56:441][515]LogTemp: Error: ProjectileTemplate == NULL
[2019.11.29-13.17.56:600][534]LogTemp: Error: ProjectileTemplate == NULL
[2019.11.29-13.17.56:799][558]LogTemp: Error: ProjectileTemplate == NULL
[2019.11.29-13.17.57:033][586]LogTemp: Error: ProjectileTemplate == NULL
[2019.11.29-13.17.58:949][816]LogSlate: FSceneViewport::OnFocusLost() reason 0
[2019.11.29-13.17.59:092][833]LogBlueprintUserMessages: Early EndPlayMap Detection: Level '/Game/Level/VRDigiWrangler.VRDigiWrangler:PersistentLevel' has LevelScriptBlueprint '/Game/Level/VRDigiWrangler.VRDigiWrangler:PersistentLevel.VRDigiWrangler' with GeneratedClass '/Game/Level/VRDigiWrangler.VRDigiWrangler_C' with ClassGeneratedBy '/Game/Level/VRDigiWrangler.VRDigiWrangler:PersistentLevel.VRDigiWrangler'
[2019.11.29-13.17.59:092][833]LogSlate: Updating window title bar state: overlay mode, drag disabled, window buttons hidden, title bar hidden
[2019.11.29-13.17.59:123][833]LogPlayLevel: Display: Shutting down PIE online subsystems
[2019.11.29-13.17.59:124][833]LogBlueprintUserMessages: Late EndPlayMap Detection: Level '/Game/Level/VRDigiWrangler.VRDigiWrangler:PersistentLevel' has LevelScriptBlueprint '/Game/Level/VRDigiWrangler.VRDigiWrangler:PersistentLevel.VRDigiWrangler' with GeneratedClass '/Game/Level/VRDigiWrangler.VRDigiWrangler_C' with ClassGeneratedBy '/Game/Level/VRDigiWrangler.VRDigiWrangler:PersistentLevel.VRDigiWrangler'
[2019.11.29-13.17.59:145][833]LogSlate: Updating window title bar state: overlay mode, drag disabled, window buttons hidden, title bar hidden
[2019.11.29-13.17.59:147][833]LogUObjectHash: Compacting FUObjectHashTables data took   0.86ms
[2019.11.29-13.17.59:191][838]LogPlayLevel: Display: Destroying online subsystem :Context_3
