Log file open, 11/27/19 10:17:17
LogWindows: Failed to load 'aqProf.dll' (GetLastError=126)
LogWindows: File 'aqProf.dll' does not exist
LogWindows: Failed to load 'VtuneApi.dll' (GetLastError=126)
LogWindows: File 'VtuneApi.dll' does not exist
LogWindows: Failed to load 'VtuneApi32e.dll' (GetLastError=126)
LogWindows: File 'VtuneApi32e.dll' does not exist
LogConsoleResponse: Display: Failed to find resolution value strings in scalability ini. Falling back to default.
LogInit: Display: Running engine for game: VRDigiWrangler
LogPakFile: Registered encryption key '00000000000000000000000000000000': 0 pak files mounted, 0 remain pending
LogPlatformFile: Not using cached read wrapper
LogTaskGraph: Started task graph with 5 named threads and 23 total threads with 3 sets of task threads.
LogStats: Stats thread started at 0.445857
LogD3D11RHI: Loaded GFSDK_Aftermath_Lib.x64.dll
LogICUInternationalization: ICU TimeZone Detection - Raw Offset: -5:00, Platform Override: ''
LogPluginManager: Mounting plugin Paper2D
LogPluginManager: Mounting plugin AISupport
LogPluginManager: Mounting plugin LightPropagationVolume
LogPluginManager: Mounting plugin ActorLayerUtilities
LogPluginManager: Mounting plugin AnimationSharing
LogPluginManager: Mounting plugin CLionSourceCodeAccess
LogPluginManager: Mounting plugin CodeLiteSourceCodeAccess
LogPluginManager: Mounting plugin GitSourceControl
LogPluginManager: Mounting plugin KDevelopSourceCodeAccess
LogPluginManager: Mounting plugin NullSourceCodeAccess
LogPluginManager: Mounting plugin PerforceSourceControl
LogPluginManager: Mounting plugin SubversionSourceControl
LogPluginManager: Mounting plugin UObjectPlugin
LogPluginManager: Mounting plugin VisualStudioCodeSourceCodeAccess
LogPluginManager: Mounting plugin VisualStudioSourceCodeAccess
LogPluginManager: Mounting plugin XCodeSourceCodeAccess
LogPluginManager: Mounting plugin AssetManagerEditor
LogPluginManager: Mounting plugin CryptoKeys
LogPluginManager: Mounting plugin DataValidation
LogPluginManager: Mounting plugin FacialAnimation
LogPluginManager: Mounting plugin GameplayTagsEditor
LogPluginManager: Mounting plugin MacGraphicsSwitching
LogPluginManager: Mounting plugin MaterialAnalyzer
LogPluginManager: Mounting plugin MobileLauncherProfileWizard
LogPluginManager: Mounting plugin PluginBrowser
LogPluginManager: Mounting plugin SpeedTreeImporter
LogPluginManager: Mounting plugin DatasmithContent
LogPluginManager: Mounting plugin VariantManagerContent
LogPluginManager: Mounting plugin AlembicImporter
LogPluginManager: Mounting plugin AppleImageUtils
LogPluginManager: Mounting plugin AppleVision
LogPluginManager: Mounting plugin BackChannel
LogPluginManager: Mounting plugin CharacterAI
LogPluginManager: Mounting plugin GeometryCache
LogPluginManager: Mounting plugin HTML5Networking
LogPluginManager: Mounting plugin ProxyLODPlugin
LogPluginManager: Mounting plugin SkeletalReduction
LogPluginManager: Mounting plugin MagicLeap
LogPluginManager: Mounting plugin MagicLeapMedia
LogPluginManager: Mounting plugin AndroidMedia
LogPluginManager: Mounting plugin AvfMedia
LogPluginManager: Mounting plugin ImgMedia
LogPluginManager: Mounting plugin LinearTimecode
LogPluginManager: Mounting plugin MediaCompositing
LogPluginManager: Mounting plugin MediaPlayerEditor
LogPluginManager: Mounting plugin WebMMedia
LogPluginManager: Mounting plugin WmfMedia
LogPluginManager: Mounting plugin TcpMessaging
LogPluginManager: Mounting plugin UdpMessaging
LogPluginManager: Mounting plugin ActorSequence
LogPluginManager: Mounting plugin LevelSequenceEditor
LogPluginManager: Mounting plugin MatineeToLevelSequence
LogPluginManager: Mounting plugin NetcodeUnitTest
LogPluginManager: Mounting plugin NUTUnrealEngine4
LogPluginManager: Mounting plugin OnlineSubsystemGooglePlay
LogPluginManager: Mounting plugin OnlineSubsystemIOS
LogPluginManager: Mounting plugin OnlineSubsystem
LogPluginManager: Mounting plugin OnlineSubsystemNull
LogPluginManager: Mounting plugin OnlineSubsystemUtils
LogPluginManager: Mounting plugin LauncherChunkInstaller
LogPluginManager: Mounting plugin AndroidDeviceProfileSelector
LogPluginManager: Mounting plugin AndroidMoviePlayer
LogPluginManager: Mounting plugin AndroidPermission
LogPluginManager: Mounting plugin AppleMoviePlayer
LogPluginManager: Mounting plugin ArchVisCharacter
LogPluginManager: Mounting plugin AudioCapture
LogPluginManager: Mounting plugin CableComponent
LogPluginManager: Mounting plugin CustomMeshComponent
LogPluginManager: Mounting plugin EditableMesh
LogPluginManager: Mounting plugin ExampleDeviceProfileSelector
LogPluginManager: Mounting plugin Firebase
LogPluginManager: Mounting plugin GoogleCloudMessaging
LogPluginManager: Mounting plugin IOSDeviceProfileSelector
LogPluginManager: Mounting plugin LinuxDeviceProfileSelector
LogPluginManager: Mounting plugin LocationServicesBPLibrary
LogPluginManager: Mounting plugin MobilePatchingUtils
LogPluginManager: Mounting plugin OculusVR
LogPluginManager: Mounting plugin PhysXVehicles
LogPluginManager: Mounting plugin ProceduralMeshComponent
LogPluginManager: Mounting plugin RuntimePhysXCooking
LogPluginManager: Mounting plugin SignificanceManager
LogPluginManager: Mounting plugin SteamVR
LogPluginManager: Mounting plugin WebMMoviePlayer
LogPluginManager: Mounting plugin WindowsMoviePlayer
LogInit: Using libcurl 7.55.1-DEV
LogInit:  - built for x86_64-pc-win32
LogInit:  - supports SSL with OpenSSL/1.1.1
LogInit:  - supports HTTP deflate (compression) using libz 1.2.8
LogInit:  - other features:
LogInit:      CURL_VERSION_SSL
LogInit:      CURL_VERSION_LIBZ
LogInit:      CURL_VERSION_IPV6
LogInit:      CURL_VERSION_ASYNCHDNS
LogInit:      CURL_VERSION_LARGEFILE
LogInit:      CURL_VERSION_IDN
LogInit:  CurlRequestOptions (configurable via config and command line):
LogInit:  - bVerifyPeer = true  - Libcurl will verify peer certificate
LogInit:  - bUseHttpProxy = false  - Libcurl will NOT use HTTP proxy
LogInit:  - bDontReuseConnections = false  - Libcurl will reuse connections
LogInit:  - MaxHostConnections = 16  - Libcurl will limit the number of connections to a host
LogInit:  - LocalHostAddr = Default
LogInit:  - BufferSize = 65536
LogInit: WinSock: version 1.1 (2.2), MaxSocks=32767, MaxUdp=65467
LogInit: Build: ++UE4+Release-4.22-CL-7053642
LogInit: Engine Version: 4.22.3-7053642+++UE4+Release-4.22
LogInit: Compatible Engine Version: 4.22.0-5660361+++UE4+Release-4.22
LogInit: Net CL: 5660361
LogInit: OS: Windows 10 (Release 1809) (), CPU: Intel(R) Core(TM) i7-6700K CPU @ 4.00GHz, GPU: NVIDIA GeForce GTX 970
LogInit: Compiled (64-bit): Jun 18 2019 03:09:11
LogInit: Compiled with Visual C++: 19.16.27025.01
LogInit: Build Configuration: Development
LogInit: Branch Name: ++UE4+Release-4.22
LogInit: Command Line:  -skipcompile
LogInit: Base Directory: C:/Program Files/Epic Games/UE_4.22/Engine/Binaries/Win64/
LogInit: Installed Engine Build: 1
LogDevObjectVersion: Number of dev versions registered: 23
LogDevObjectVersion:   Dev-Blueprints (B0D832E4-1F89-4F0D-ACCF-7EB736FD4AA2): 10
LogDevObjectVersion:   Dev-Build (E1C64328-A22C-4D53-A36C-8E866417BD8C): 0
LogDevObjectVersion:   Dev-Core (375EC13C-06E4-48FB-B500-84F0262A717E): 3
LogDevObjectVersion:   Dev-Editor (E4B068ED-F494-42E9-A231-DA0B2E46BB41): 30
LogDevObjectVersion:   Dev-Framework (CFFC743F-43B0-4480-9391-14DF171D2073): 35
LogDevObjectVersion:   Dev-Mobile (B02B49B5-BB20-44E9-A304-32B752E40360): 2
LogDevObjectVersion:   Dev-Networking (A4E4105C-59A1-49B5-A7C5-40C4547EDFEE): 0
LogDevObjectVersion:   Dev-Online (39C831C9-5AE6-47DC-9A44-9C173E1C8E7C): 0
LogDevObjectVersion:   Dev-Physics (78F01B33-EBEA-4F98-B9B4-84EACCB95AA2): 0
LogDevObjectVersion:   Dev-Platform (6631380F-2D4D-43E0-8009-CF276956A95A): 0
LogDevObjectVersion:   Dev-Rendering (12F88B9F-8875-4AFC-A67C-D90C383ABD29): 28
LogDevObjectVersion:   Dev-Sequencer (7B5AE74C-D270-4C10-A958-57980B212A5A): 11
LogDevObjectVersion:   Dev-VR (D7296918-1DD6-4BDD-9DE2-64A83CC13884): 2
LogDevObjectVersion:   Dev-LoadTimes (C2A15278-BFE7-4AFE-6C17-90FF531DF755): 1
LogDevObjectVersion:   Private-Geometry (6EACA3D4-40EC-4CC1-B786-8BED09428FC5): 3
LogDevObjectVersion:   Dev-AnimPhys (29E575DD-E0A3-4627-9D10-D276232CDCEA): 17
LogDevObjectVersion:   Dev-Anim (AF43A65D-7FD3-4947-9873-3E8ED9C1BB05): 2
LogDevObjectVersion:   Dev-ReflectionCapture (6B266CEC-1EC7-4B8F-A30B-E4D90942FC07): 1
LogDevObjectVersion:   Dev-Automation (0DF73D61-A23F-47EA-B727-89E90C41499A): 1
LogDevObjectVersion:   FortniteMain (601D1886-AC64-4F84-AA16-D3DE0DEAC7D6): 25
LogDevObjectVersion:   Dev-Enterprise (9DFFBCD6-494F-0158-E221-12823C92A888): 6
LogDevObjectVersion:   Dev-Niagara (F2AED0AC-9AFE-416F-8664-AA7FFA26D6FC): 1
LogDevObjectVersion:   Dev-Destruction (174F1F0B-B4C6-45A5-B13F-2EE8D0FB917D): 2
LogInit: Presizing for max 16777216 objects, including 0 objects not considered by GC, pre-allocating 0 bytes for permanent pool.
LogInit: Object subsystem initialized
LogConfig: Setting CVar [[con.DebugEarlyDefault:1]]
LogConfig: Setting CVar [[r.setres:1280x720]]
[2019.11.27-15.17.17:691][  0]LogConfig: Setting CVar [[r.VSync:0]]
[2019.11.27-15.17.17:691][  0]LogConfig: Setting CVar [[r.RHICmdBypass:0]]
[2019.11.27-15.17.17:691][  0]LogConfig: Applying CVar settings from Section [/Script/Engine.RendererSettings] File [C:/Users/rako0016/Desktop/HighLevel/Assignment 3/VRDigiWrangler/Saved/Config/Windows/Engine.ini]
[2019.11.27-15.17.17:691][  0]LogConfig: Setting CVar [[r.GPUCrashDebugging:0]]
[2019.11.27-15.17.17:691][  0]LogConfig: Setting CVar [[r.DefaultFeature.AutoExposure.ExtendDefaultLuminanceRange:1]]
[2019.11.27-15.17.17:691][  0]LogConfig: Applying CVar settings from Section [/Script/Engine.RendererOverrideSettings] File [C:/Users/rako0016/Desktop/HighLevel/Assignment 3/VRDigiWrangler/Saved/Config/Windows/Engine.ini]
[2019.11.27-15.17.17:691][  0]LogConfig: Applying CVar settings from Section [/Script/Engine.StreamingSettings] File [C:/Users/rako0016/Desktop/HighLevel/Assignment 3/VRDigiWrangler/Saved/Config/Windows/Engine.ini]
[2019.11.27-15.17.17:691][  0]LogConfig: Setting CVar [[s.MinBulkDataSizeForAsyncLoading:131072]]
[2019.11.27-15.17.17:691][  0]LogConfig: Setting CVar [[s.AsyncLoadingThreadEnabled:0]]
[2019.11.27-15.17.17:691][  0]LogConfig: Setting CVar [[s.EventDrivenLoaderEnabled:1]]
[2019.11.27-15.17.17:691][  0]LogConfig: Setting CVar [[s.WarnIfTimeLimitExceeded:0]]
[2019.11.27-15.17.17:691][  0]LogConfig: Setting CVar [[s.TimeLimitExceededMultiplier:1.5]]
[2019.11.27-15.17.17:691][  0]LogConfig: Setting CVar [[s.TimeLimitExceededMinTime:0.005]]
[2019.11.27-15.17.17:691][  0]LogConfig: Setting CVar [[s.UseBackgroundLevelStreaming:1]]
[2019.11.27-15.17.17:691][  0]LogConfig: Setting CVar [[s.PriorityAsyncLoadingExtraTime:15.0]]
[2019.11.27-15.17.17:691][  0]LogConfig: Setting CVar [[s.LevelStreamingActorsUpdateTimeLimit:5.0]]
[2019.11.27-15.17.17:691][  0]LogConfig: Setting CVar [[s.PriorityLevelStreamingActorsUpdateExtraTime:5.0]]
[2019.11.27-15.17.17:691][  0]LogConfig: Setting CVar [[s.LevelStreamingComponentsRegistrationGranularity:10]]
[2019.11.27-15.17.17:691][  0]LogConfig: Setting CVar [[s.UnregisterComponentsTimeLimit:1.0]]
[2019.11.27-15.17.17:691][  0]LogConfig: Setting CVar [[s.LevelStreamingComponentsUnregistrationGranularity:5]]
[2019.11.27-15.17.17:691][  0]LogConfig: Applying CVar settings from Section [/Script/Engine.GarbageCollectionSettings] File [C:/Users/rako0016/Desktop/HighLevel/Assignment 3/VRDigiWrangler/Saved/Config/Windows/Engine.ini]
[2019.11.27-15.17.17:691][  0]LogConfig: Setting CVar [[gc.MaxObjectsNotConsideredByGC:1]]
[2019.11.27-15.17.17:691][  0]LogConfig: Setting CVar [[gc.SizeOfPermanentObjectPool:0]]
[2019.11.27-15.17.17:691][  0]LogConfig: Setting CVar [[gc.FlushStreamingOnGC:0]]
[2019.11.27-15.17.17:691][  0]LogConfig: Setting CVar [[gc.NumRetriesBeforeForcingGC:10]]
[2019.11.27-15.17.17:691][  0]LogConfig: Setting CVar [[gc.AllowParallelGC:1]]
[2019.11.27-15.17.17:691][  0]LogConfig: Setting CVar [[gc.TimeBetweenPurgingPendingKillObjects:61.1]]
[2019.11.27-15.17.17:691][  0]LogConfig: Setting CVar [[gc.MaxObjectsInEditor:16777216]]
[2019.11.27-15.17.17:691][  0]LogConfig: Setting CVar [[gc.IncrementalBeginDestroyEnabled:1]]
[2019.11.27-15.17.17:691][  0]LogConfig: Setting CVar [[gc.CreateGCClusters:1]]
[2019.11.27-15.17.17:691][  0]LogConfig: Setting CVar [[gc.MinGCClusterSize:5]]
[2019.11.27-15.17.17:691][  0]LogConfig: Setting CVar [[gc.ActorClusteringEnabled:0]]
[2019.11.27-15.17.17:691][  0]LogConfig: Setting CVar [[gc.BlueprintClusteringEnabled:0]]
[2019.11.27-15.17.17:691][  0]LogConfig: Setting CVar [[gc.UseDisregardForGCOnDedicatedServers:0]]
[2019.11.27-15.17.17:691][  0]LogConfig: Applying CVar settings from Section [/Script/Engine.NetworkSettings] File [C:/Users/rako0016/Desktop/HighLevel/Assignment 3/VRDigiWrangler/Saved/Config/Windows/Engine.ini]
[2019.11.27-15.17.17:691][  0]LogConfig: Applying CVar settings from Section [/Script/UnrealEd.CookerSettings] File [C:/Users/rako0016/Desktop/HighLevel/Assignment 3/VRDigiWrangler/Saved/Config/Windows/Engine.ini]
[2019.11.27-15.17.17:691][  0]LogConfig: Applying CVar settings from Section [ViewDistanceQuality@3] File [C:/Users/rako0016/Desktop/HighLevel/Assignment 3/VRDigiWrangler/Saved/Config/Windows/Scalability.ini]
[2019.11.27-15.17.17:691][  0]LogConfig: Setting CVar [[r.SkeletalMeshLODBias:0]]
[2019.11.27-15.17.17:691][  0]LogConfig: Setting CVar [[r.ViewDistanceScale:1.0]]
[2019.11.27-15.17.17:691][  0]LogConfig: Applying CVar settings from Section [AntiAliasingQuality@3] File [C:/Users/rako0016/Desktop/HighLevel/Assignment 3/VRDigiWrangler/Saved/Config/Windows/Scalability.ini]
[2019.11.27-15.17.17:691][  0]LogConfig: Setting CVar [[r.PostProcessAAQuality:4]]
[2019.11.27-15.17.17:691][  0]LogConfig: Applying CVar settings from Section [ShadowQuality@3] File [C:/Users/rako0016/Desktop/HighLevel/Assignment 3/VRDigiWrangler/Saved/Config/Windows/Scalability.ini]
[2019.11.27-15.17.17:691][  0]LogConfig: Setting CVar [[r.LightFunctionQuality:1]]
[2019.11.27-15.17.17:691][  0]LogConfig: Setting CVar [[r.ShadowQuality:5]]
[2019.11.27-15.17.17:691][  0]LogConfig: Setting CVar [[r.Shadow.CSM.MaxCascades:10]]
[2019.11.27-15.17.17:691][  0]LogConfig: Setting CVar [[r.Shadow.MaxResolution:2048]]
[2019.11.27-15.17.17:691][  0]LogConfig: Setting CVar [[r.Shadow.MaxCSMResolution:2048]]
[2019.11.27-15.17.17:691][  0]LogConfig: Setting CVar [[r.Shadow.RadiusThreshold:0.01]]
[2019.11.27-15.17.17:691][  0]LogConfig: Setting CVar [[r.Shadow.DistanceScale:1.0]]
[2019.11.27-15.17.17:691][  0]LogConfig: Setting CVar [[r.Shadow.CSM.TransitionScale:1.0]]
[2019.11.27-15.17.17:691][  0]LogConfig: Setting CVar [[r.Shadow.PreShadowResolutionFactor:1.0]]
[2019.11.27-15.17.17:691][  0]LogConfig: Setting CVar [[r.DistanceFieldShadowing:1]]
[2019.11.27-15.17.17:691][  0]LogConfig: Setting CVar [[r.DistanceFieldAO:1]]
[2019.11.27-15.17.17:691][  0]LogConfig: Setting CVar [[r.AOQuality:2]]
[2019.11.27-15.17.17:691][  0]LogConfig: Setting CVar [[r.VolumetricFog:1]]
[2019.11.27-15.17.17:691][  0]LogConfig: Setting CVar [[r.VolumetricFog.GridPixelSize:8]]
[2019.11.27-15.17.17:691][  0]LogConfig: Setting CVar [[r.VolumetricFog.GridSizeZ:128]]
[2019.11.27-15.17.17:691][  0]LogConfig: Setting CVar [[r.VolumetricFog.HistoryMissSupersampleCount:4]]
[2019.11.27-15.17.17:691][  0]LogConfig: Setting CVar [[r.LightMaxDrawDistanceScale:1]]
[2019.11.27-15.17.17:691][  0]LogConfig: Setting CVar [[r.CapsuleShadows:1]]
[2019.11.27-15.17.17:691][  0]LogConfig: Applying CVar settings from Section [PostProcessQuality@3] File [C:/Users/rako0016/Desktop/HighLevel/Assignment 3/VRDigiWrangler/Saved/Config/Windows/Scalability.ini]
[2019.11.27-15.17.17:691][  0]LogConfig: Setting CVar [[r.MotionBlurQuality:4]]
[2019.11.27-15.17.17:691][  0]LogConfig: Setting CVar [[r.AmbientOcclusionMipLevelFactor:0.4]]
[2019.11.27-15.17.17:691][  0]LogConfig: Setting CVar [[r.AmbientOcclusionMaxQuality:100]]
[2019.11.27-15.17.17:691][  0]LogConfig: Setting CVar [[r.AmbientOcclusionLevels:-1]]
[2019.11.27-15.17.17:691][  0]LogConfig: Setting CVar [[r.AmbientOcclusionRadiusScale:1.0]]
[2019.11.27-15.17.17:691][  0]LogConfig: Setting CVar [[r.DepthOfFieldQuality:2]]
[2019.11.27-15.17.17:691][  0]LogConfig: Setting CVar [[r.RenderTargetPoolMin:400]]
[2019.11.27-15.17.17:691][  0]LogConfig: Setting CVar [[r.LensFlareQuality:2]]
[2019.11.27-15.17.17:691][  0]LogConfig: Setting CVar [[r.SceneColorFringeQuality:1]]
[2019.11.27-15.17.17:691][  0]LogConfig: Setting CVar [[r.EyeAdaptationQuality:2]]
[2019.11.27-15.17.17:691][  0]LogConfig: Setting CVar [[r.BloomQuality:5]]
[2019.11.27-15.17.17:691][  0]LogConfig: Setting CVar [[r.FastBlurThreshold:100]]
[2019.11.27-15.17.17:691][  0]LogConfig: Setting CVar [[r.Upscale.Quality:3]]
[2019.11.27-15.17.17:691][  0]LogConfig: Setting CVar [[r.Tonemapper.GrainQuantization:1]]
[2019.11.27-15.17.17:691][  0]LogConfig: Setting CVar [[r.LightShaftQuality:1]]
[2019.11.27-15.17.17:691][  0]LogConfig: Setting CVar [[r.Filter.SizeScale:1]]
[2019.11.27-15.17.17:691][  0]LogConfig: Setting CVar [[r.Tonemapper.Quality:5]]
[2019.11.27-15.17.17:691][  0]LogConfig: Setting CVar [[r.DOF.Gather.AccumulatorQuality:1        ; higher gathering accumulator quality]]
[2019.11.27-15.17.17:691][  0]LogConfig: Setting CVar [[r.DOF.Gather.PostfilterMethod:1          ; Median3x3 postfilering method]]
[2019.11.27-15.17.17:691][  0]LogConfig: Setting CVar [[r.DOF.Gather.EnableBokehSettings:0       ; no bokeh simulation when gathering]]
[2019.11.27-15.17.17:691][  0]LogConfig: Setting CVar [[r.DOF.Gather.RingCount:4                 ; medium number of samples when gathering]]
[2019.11.27-15.17.17:691][  0]LogConfig: Setting CVar [[r.DOF.Scatter.ForegroundCompositing:1    ; additive foreground scattering]]
[2019.11.27-15.17.17:691][  0]LogConfig: Setting CVar [[r.DOF.Scatter.BackgroundCompositing:2    ; additive background scattering]]
[2019.11.27-15.17.17:691][  0]LogConfig: Setting CVar [[r.DOF.Scatter.EnableBokehSettings:1      ; bokeh simulation when scattering]]
[2019.11.27-15.17.17:691][  0]LogConfig: Setting CVar [[r.DOF.Scatter.MaxSpriteRatio:0.1         ; only a maximum of 10% of scattered bokeh]]
[2019.11.27-15.17.17:691][  0]LogConfig: Setting CVar [[r.DOF.Recombine.Quality:1                ; cheap slight out of focus]]
[2019.11.27-15.17.17:691][  0]LogConfig: Setting CVar [[r.DOF.Recombine.EnableBokehSettings:0    ; no bokeh simulation on slight out of focus]]
[2019.11.27-15.17.17:691][  0]LogConfig: Setting CVar [[r.DOF.TemporalAAQuality:1                ; more stable temporal accumulation]]
[2019.11.27-15.17.17:691][  0]LogConfig: Setting CVar [[r.DOF.Kernel.MaxForegroundRadius:0.025]]
[2019.11.27-15.17.17:691][  0]LogConfig: Setting CVar [[r.DOF.Kernel.MaxBackgroundRadius:0.025]]
[2019.11.27-15.17.17:691][  0]LogConfig: Applying CVar settings from Section [TextureQuality@3] File [C:/Users/rako0016/Desktop/HighLevel/Assignment 3/VRDigiWrangler/Saved/Config/Windows/Scalability.ini]
[2019.11.27-15.17.17:691][  0]LogConfig: Setting CVar [[r.Streaming.MipBias:0]]
[2019.11.27-15.17.17:691][  0]LogConfig: Setting CVar [[r.Streaming.AmortizeCPUToGPUCopy:0]]
[2019.11.27-15.17.17:691][  0]LogConfig: Setting CVar [[r.Streaming.MaxNumTexturesToStreamPerFrame:0]]
[2019.11.27-15.17.17:691][  0]LogConfig: Setting CVar [[r.Streaming.Boost:1]]
[2019.11.27-15.17.17:691][  0]LogConfig: Setting CVar [[r.MaxAnisotropy:8]]
[2019.11.27-15.17.17:691][  0]LogConfig: Setting CVar [[r.Streaming.LimitPoolSizeToVRAM:0]]
[2019.11.27-15.17.17:691][  0]LogConfig: Setting CVar [[r.Streaming.PoolSize:1000]]
[2019.11.27-15.17.17:691][  0]LogConfig: Setting CVar [[r.Streaming.MaxEffectiveScreenSize:0]]
[2019.11.27-15.17.17:691][  0]LogConfig: Applying CVar settings from Section [EffectsQuality@3] File [C:/Users/rako0016/Desktop/HighLevel/Assignment 3/VRDigiWrangler/Saved/Config/Windows/Scalability.ini]
[2019.11.27-15.17.17:691][  0]LogConfig: Setting CVar [[r.TranslucencyLightingVolumeDim:64]]
[2019.11.27-15.17.17:691][  0]LogConfig: Setting CVar [[r.RefractionQuality:2]]
[2019.11.27-15.17.17:691][  0]LogConfig: Setting CVar [[r.SSR.Quality:3]]
[2019.11.27-15.17.17:691][  0]LogConfig: Setting CVar [[r.SceneColorFormat:4]]
[2019.11.27-15.17.17:691][  0]LogConfig: Setting CVar [[r.DetailMode:2]]
[2019.11.27-15.17.17:691][  0]LogConfig: Setting CVar [[r.TranslucencyVolumeBlur:1]]
[2019.11.27-15.17.17:691][  0]LogConfig: Setting CVar [[r.MaterialQualityLevel:1 ; High quality]]
[2019.11.27-15.17.17:691][  0]LogConfig: Setting CVar [[r.SSS.Scale:1]]
[2019.11.27-15.17.17:691][  0]LogConfig: Setting CVar [[r.SSS.SampleSet:2]]
[2019.11.27-15.17.17:691][  0]LogConfig: Setting CVar [[r.SSS.Quality:1]]
[2019.11.27-15.17.17:691][  0]LogConfig: Setting CVar [[r.SSS.HalfRes:1]]
[2019.11.27-15.17.17:691][  0]LogConfig: Setting CVar [[r.EmitterSpawnRateScale:1.0]]
[2019.11.27-15.17.17:691][  0]LogConfig: Setting CVar [[r.ParticleLightQuality:2]]
[2019.11.27-15.17.17:691][  0]LogConfig: Applying CVar settings from Section [FoliageQuality@3] File [C:/Users/rako0016/Desktop/HighLevel/Assignment 3/VRDigiWrangler/Saved/Config/Windows/Scalability.ini]
[2019.11.27-15.17.17:691][  0]LogConfig: Setting CVar [[foliage.DensityScale:1.0]]
[2019.11.27-15.17.17:691][  0]LogConfig: Setting CVar [[grass.DensityScale:1.0]]
[2019.11.27-15.17.17:691][  0]LogInit: Selected Device Profile: [Windows]
[2019.11.27-15.17.17:691][  0]LogInit: Applying CVar settings loaded from the selected device profile: [Windows]
[2019.11.27-15.17.17:707][  0]LogHAL: Display: Platform has ~ 16 GB [17096822784 / 17179869184 / 16], which maps to Larger [LargestMinGB=32, LargerMinGB=12, DefaultMinGB=8, SmallerMinGB=6, SmallestMinGB=0)
[2019.11.27-15.17.17:707][  0]LogConfig: Setting CVar [[r.Vulkan.UseRealUBs:0		; Required until we fix HLR fall-out]]
[2019.11.27-15.17.17:707][  0]LogInit: Going up to parent DeviceProfile []
[2019.11.27-15.17.17:707][  0]LogConfig: Applying CVar settings from Section [ViewDistanceQuality@3] File [C:/Users/rako0016/Desktop/HighLevel/Assignment 3/VRDigiWrangler/Saved/Config/Windows/Scalability.ini]
[2019.11.27-15.17.17:707][  0]LogConfig: Setting CVar [[r.SkeletalMeshLODBias:0]]
[2019.11.27-15.17.17:707][  0]LogConfig: Setting CVar [[r.ViewDistanceScale:1.0]]
[2019.11.27-15.17.17:707][  0]LogConfig: Applying CVar settings from Section [AntiAliasingQuality@3] File [C:/Users/rako0016/Desktop/HighLevel/Assignment 3/VRDigiWrangler/Saved/Config/Windows/Scalability.ini]
[2019.11.27-15.17.17:707][  0]LogConfig: Setting CVar [[r.PostProcessAAQuality:4]]
[2019.11.27-15.17.17:707][  0]LogConfig: Applying CVar settings from Section [ShadowQuality@3] File [C:/Users/rako0016/Desktop/HighLevel/Assignment 3/VRDigiWrangler/Saved/Config/Windows/Scalability.ini]
[2019.11.27-15.17.17:707][  0]LogConfig: Setting CVar [[r.LightFunctionQuality:1]]
[2019.11.27-15.17.17:707][  0]LogConfig: Setting CVar [[r.ShadowQuality:5]]
[2019.11.27-15.17.17:707][  0]LogConfig: Setting CVar [[r.Shadow.CSM.MaxCascades:10]]
[2019.11.27-15.17.17:707][  0]LogConfig: Setting CVar [[r.Shadow.MaxResolution:2048]]
[2019.11.27-15.17.17:707][  0]LogConfig: Setting CVar [[r.Shadow.MaxCSMResolution:2048]]
[2019.11.27-15.17.17:707][  0]LogConfig: Setting CVar [[r.Shadow.RadiusThreshold:0.01]]
[2019.11.27-15.17.17:707][  0]LogConfig: Setting CVar [[r.Shadow.DistanceScale:1.0]]
[2019.11.27-15.17.17:707][  0]LogConfig: Setting CVar [[r.Shadow.CSM.TransitionScale:1.0]]
[2019.11.27-15.17.17:707][  0]LogConfig: Setting CVar [[r.Shadow.PreShadowResolutionFactor:1.0]]
[2019.11.27-15.17.17:707][  0]LogConfig: Setting CVar [[r.DistanceFieldShadowing:1]]
[2019.11.27-15.17.17:707][  0]LogConfig: Setting CVar [[r.DistanceFieldAO:1]]
[2019.11.27-15.17.17:707][  0]LogConfig: Setting CVar [[r.AOQuality:2]]
[2019.11.27-15.17.17:707][  0]LogConfig: Setting CVar [[r.VolumetricFog:1]]
[2019.11.27-15.17.17:707][  0]LogConfig: Setting CVar [[r.VolumetricFog.GridPixelSize:8]]
[2019.11.27-15.17.17:707][  0]LogConfig: Setting CVar [[r.VolumetricFog.GridSizeZ:128]]
[2019.11.27-15.17.17:707][  0]LogConfig: Setting CVar [[r.VolumetricFog.HistoryMissSupersampleCount:4]]
[2019.11.27-15.17.17:707][  0]LogConfig: Setting CVar [[r.LightMaxDrawDistanceScale:1]]
[2019.11.27-15.17.17:707][  0]LogConfig: Setting CVar [[r.CapsuleShadows:1]]
[2019.11.27-15.17.17:707][  0]LogConfig: Applying CVar settings from Section [PostProcessQuality@3] File [C:/Users/rako0016/Desktop/HighLevel/Assignment 3/VRDigiWrangler/Saved/Config/Windows/Scalability.ini]
[2019.11.27-15.17.17:707][  0]LogConfig: Setting CVar [[r.MotionBlurQuality:4]]
[2019.11.27-15.17.17:707][  0]LogConfig: Setting CVar [[r.AmbientOcclusionMipLevelFactor:0.4]]
[2019.11.27-15.17.17:707][  0]LogConfig: Setting CVar [[r.AmbientOcclusionMaxQuality:100]]
[2019.11.27-15.17.17:707][  0]LogConfig: Setting CVar [[r.AmbientOcclusionLevels:-1]]
[2019.11.27-15.17.17:707][  0]LogConfig: Setting CVar [[r.AmbientOcclusionRadiusScale:1.0]]
[2019.11.27-15.17.17:707][  0]LogConfig: Setting CVar [[r.DepthOfFieldQuality:2]]
[2019.11.27-15.17.17:707][  0]LogConfig: Setting CVar [[r.RenderTargetPoolMin:400]]
[2019.11.27-15.17.17:707][  0]LogConfig: Setting CVar [[r.LensFlareQuality:2]]
[2019.11.27-15.17.17:707][  0]LogConfig: Setting CVar [[r.SceneColorFringeQuality:1]]
[2019.11.27-15.17.17:707][  0]LogConfig: Setting CVar [[r.EyeAdaptationQuality:2]]
[2019.11.27-15.17.17:707][  0]LogConfig: Setting CVar [[r.BloomQuality:5]]
[2019.11.27-15.17.17:707][  0]LogConfig: Setting CVar [[r.FastBlurThreshold:100]]
[2019.11.27-15.17.17:707][  0]LogConfig: Setting CVar [[r.Upscale.Quality:3]]
[2019.11.27-15.17.17:707][  0]LogConfig: Setting CVar [[r.Tonemapper.GrainQuantization:1]]
[2019.11.27-15.17.17:707][  0]LogConfig: Setting CVar [[r.LightShaftQuality:1]]
[2019.11.27-15.17.17:707][  0]LogConfig: Setting CVar [[r.Filter.SizeScale:1]]
[2019.11.27-15.17.17:707][  0]LogConfig: Setting CVar [[r.Tonemapper.Quality:5]]
[2019.11.27-15.17.17:707][  0]LogConfig: Setting CVar [[r.DOF.Gather.AccumulatorQuality:1        ; higher gathering accumulator quality]]
[2019.11.27-15.17.17:707][  0]LogConfig: Setting CVar [[r.DOF.Gather.PostfilterMethod:1          ; Median3x3 postfilering method]]
[2019.11.27-15.17.17:707][  0]LogConfig: Setting CVar [[r.DOF.Gather.EnableBokehSettings:0       ; no bokeh simulation when gathering]]
[2019.11.27-15.17.17:707][  0]LogConfig: Setting CVar [[r.DOF.Gather.RingCount:4                 ; medium number of samples when gathering]]
[2019.11.27-15.17.17:707][  0]LogConfig: Setting CVar [[r.DOF.Scatter.ForegroundCompositing:1    ; additive foreground scattering]]
[2019.11.27-15.17.17:707][  0]LogConfig: Setting CVar [[r.DOF.Scatter.BackgroundCompositing:2    ; additive background scattering]]
[2019.11.27-15.17.17:707][  0]LogConfig: Setting CVar [[r.DOF.Scatter.EnableBokehSettings:1      ; bokeh simulation when scattering]]
[2019.11.27-15.17.17:707][  0]LogConfig: Setting CVar [[r.DOF.Scatter.MaxSpriteRatio:0.1         ; only a maximum of 10% of scattered bokeh]]
[2019.11.27-15.17.17:707][  0]LogConfig: Setting CVar [[r.DOF.Recombine.Quality:1                ; cheap slight out of focus]]
[2019.11.27-15.17.17:707][  0]LogConfig: Setting CVar [[r.DOF.Recombine.EnableBokehSettings:0    ; no bokeh simulation on slight out of focus]]
[2019.11.27-15.17.17:707][  0]LogConfig: Setting CVar [[r.DOF.TemporalAAQuality:1                ; more stable temporal accumulation]]
[2019.11.27-15.17.17:707][  0]LogConfig: Setting CVar [[r.DOF.Kernel.MaxForegroundRadius:0.025]]
[2019.11.27-15.17.17:707][  0]LogConfig: Setting CVar [[r.DOF.Kernel.MaxBackgroundRadius:0.025]]
[2019.11.27-15.17.17:707][  0]LogConfig: Applying CVar settings from Section [TextureQuality@3] File [C:/Users/rako0016/Desktop/HighLevel/Assignment 3/VRDigiWrangler/Saved/Config/Windows/Scalability.ini]
[2019.11.27-15.17.17:707][  0]LogConfig: Setting CVar [[r.Streaming.MipBias:0]]
[2019.11.27-15.17.17:707][  0]LogConfig: Setting CVar [[r.Streaming.AmortizeCPUToGPUCopy:0]]
[2019.11.27-15.17.17:707][  0]LogConfig: Setting CVar [[r.Streaming.MaxNumTexturesToStreamPerFrame:0]]
[2019.11.27-15.17.17:707][  0]LogConfig: Setting CVar [[r.Streaming.Boost:1]]
[2019.11.27-15.17.17:707][  0]LogConfig: Setting CVar [[r.MaxAnisotropy:8]]
[2019.11.27-15.17.17:707][  0]LogConfig: Setting CVar [[r.Streaming.LimitPoolSizeToVRAM:0]]
[2019.11.27-15.17.17:707][  0]LogConfig: Setting CVar [[r.Streaming.PoolSize:1000]]
[2019.11.27-15.17.17:707][  0]LogConfig: Setting CVar [[r.Streaming.MaxEffectiveScreenSize:0]]
[2019.11.27-15.17.17:707][  0]LogConfig: Applying CVar settings from Section [EffectsQuality@3] File [C:/Users/rako0016/Desktop/HighLevel/Assignment 3/VRDigiWrangler/Saved/Config/Windows/Scalability.ini]
[2019.11.27-15.17.17:707][  0]LogConfig: Setting CVar [[r.TranslucencyLightingVolumeDim:64]]
[2019.11.27-15.17.17:707][  0]LogConfig: Setting CVar [[r.RefractionQuality:2]]
[2019.11.27-15.17.17:707][  0]LogConfig: Setting CVar [[r.SSR.Quality:3]]
[2019.11.27-15.17.17:707][  0]LogConfig: Setting CVar [[r.SceneColorFormat:4]]
[2019.11.27-15.17.17:707][  0]LogConfig: Setting CVar [[r.DetailMode:2]]
[2019.11.27-15.17.17:707][  0]LogConfig: Setting CVar [[r.TranslucencyVolumeBlur:1]]
[2019.11.27-15.17.17:707][  0]LogConfig: Setting CVar [[r.MaterialQualityLevel:1 ; High quality]]
[2019.11.27-15.17.17:707][  0]LogConfig: Setting CVar [[r.SSS.Scale:1]]
[2019.11.27-15.17.17:707][  0]LogConfig: Setting CVar [[r.SSS.SampleSet:2]]
[2019.11.27-15.17.17:707][  0]LogConfig: Setting CVar [[r.SSS.Quality:1]]
[2019.11.27-15.17.17:707][  0]LogConfig: Setting CVar [[r.SSS.HalfRes:1]]
[2019.11.27-15.17.17:707][  0]LogConfig: Setting CVar [[r.EmitterSpawnRateScale:1.0]]
[2019.11.27-15.17.17:707][  0]LogConfig: Setting CVar [[r.ParticleLightQuality:2]]
[2019.11.27-15.17.17:707][  0]LogConfig: Applying CVar settings from Section [FoliageQuality@3] File [C:/Users/rako0016/Desktop/HighLevel/Assignment 3/VRDigiWrangler/Saved/Config/Windows/Scalability.ini]
[2019.11.27-15.17.17:707][  0]LogConfig: Setting CVar [[foliage.DensityScale:1.0]]
[2019.11.27-15.17.17:707][  0]LogConfig: Setting CVar [[grass.DensityScale:1.0]]
[2019.11.27-15.17.17:707][  0]LogConfig: Applying CVar settings from Section [Startup] File [../../../Engine/Config/ConsoleVariables.ini]
[2019.11.27-15.17.17:707][  0]LogConfig: Setting CVar [[net.UseAdaptiveNetUpdateFrequency:0]]
[2019.11.27-15.17.17:707][  0]LogConfig: Setting CVar [[p.chaos.AllowCreatePhysxBodies:1]]
[2019.11.27-15.17.17:707][  0]LogConfig: Applying CVar settings from Section [ConsoleVariables] File [C:/Users/rako0016/Desktop/HighLevel/Assignment 3/VRDigiWrangler/Saved/Config/Windows/Engine.ini]
[2019.11.27-15.17.17:710][  0]LogInit: Computer: WT311-07
[2019.11.27-15.17.17:710][  0]LogInit: User: rako0016
[2019.11.27-15.17.17:710][  0]LogInit: CPU Page size=4096, Cores=4
[2019.11.27-15.17.17:710][  0]LogInit: High frequency timer resolution =10.000000 MHz
[2019.11.27-15.17.17:710][  0]LogMemory: Memory total: Physical=15.9GB (16GB approx)
[2019.11.27-15.17.17:710][  0]LogMemory: Platform Memory Stats for Windows
[2019.11.27-15.17.17:710][  0]LogMemory: Process Physical Memory: 97.18 MB used, 97.19 MB peak
[2019.11.27-15.17.17:710][  0]LogMemory: Process Virtual Memory: 89.06 MB used, 89.06 MB peak
[2019.11.27-15.17.17:710][  0]LogMemory: Physical Memory: 6510.58 MB used,  9794.22 MB free, 16304.80 MB total
[2019.11.27-15.17.17:710][  0]LogMemory: Virtual Memory: 4657.79 MB used,  134213072.00 MB free, 134217728.00 MB total
[2019.11.27-15.17.17:824][  0]LogInit: Using OS detected language (en-US).
[2019.11.27-15.17.17:824][  0]LogInit: Using OS detected locale (en-US).
[2019.11.27-15.17.17:825][  0]LogTextLocalizationManager: No specific localization for 'en-US' exists, so the 'en' localization will be used.
[2019.11.27-15.17.17:937][  0]LogInit: Setting process to per monitor DPI aware
[2019.11.27-15.17.17:968][  0]LogSlate: New Slate User Created.  User Index 0, Is Virtual User: 0
[2019.11.27-15.17.17:968][  0]LogSlate: Slate User Registered.  User Index 0, Is Virtual User: 0
[2019.11.27-15.17.18:151][  0]LogHMD: Failed to initialize OpenVR with code 110
[2019.11.27-15.17.18:151][  0]LogD3D11RHI: D3D11 adapters:
[2019.11.27-15.17.18:199][  0]LogD3D11RHI:    0. 'NVIDIA GeForce GTX 970' (Feature Level 11_0)
[2019.11.27-15.17.18:199][  0]LogD3D11RHI:       4043/0/8152 MB DedicatedVideo/DedicatedSystem/SharedSystem, Outputs:1, VendorId:0x10de
[2019.11.27-15.17.18:203][  0]LogD3D11RHI:    1. 'Microsoft Basic Render Driver' (Feature Level 11_0)
[2019.11.27-15.17.18:203][  0]LogD3D11RHI:       0/0/8152 MB DedicatedVideo/DedicatedSystem/SharedSystem, Outputs:0, VendorId:0x1414
[2019.11.27-15.17.18:203][  0]LogD3D11RHI: Chosen D3D11 Adapter: 0
[2019.11.27-15.17.18:208][  0]LogD3D11RHI: Creating new Direct3DDevice
[2019.11.27-15.17.18:208][  0]LogD3D11RHI:     GPU DeviceId: 0x13c2 (for the marketing name, search the web for "GPU Device Id")
[2019.11.27-15.17.18:208][  0]LogWindows: EnumDisplayDevices:
[2019.11.27-15.17.18:208][  0]LogWindows:    0. 'NVIDIA GeForce GTX 970' (P:1 D:1)
[2019.11.27-15.17.18:208][  0]LogWindows:    1. 'NVIDIA GeForce GTX 970' (P:0 D:0)
[2019.11.27-15.17.18:208][  0]LogWindows:    2. 'NVIDIA GeForce GTX 970' (P:0 D:0)
[2019.11.27-15.17.18:209][  0]LogWindows:    3. 'NVIDIA GeForce GTX 970' (P:0 D:0)
[2019.11.27-15.17.18:209][  0]LogWindows: DebugString: FoundDriverCount:4 
[2019.11.27-15.17.18:209][  0]LogD3D11RHI:     Adapter Name: NVIDIA GeForce GTX 970
[2019.11.27-15.17.18:209][  0]LogD3D11RHI:   Driver Version: 430.86 (internal:26.21.14.3086, unified:430.86)
[2019.11.27-15.17.18:209][  0]LogD3D11RHI:      Driver Date: 5-22-2019
[2019.11.27-15.17.18:209][  0]LogRHI: Texture pool is 2830 MB (70% of 4043 MB)
[2019.11.27-15.17.18:241][  0]LogD3D11RHI: Async texture creation enabled
[2019.11.27-15.17.18:244][  0]LogRendererCore: FGlobalReadBuffer::InitRHI
[2019.11.27-15.17.18:244][  0]LogRendererCore: FGlobalReadBuffer::InitRHI
[2019.11.27-15.17.18:244][  0]LogRendererCore: FGlobalReadBuffer::InitRHI
[2019.11.27-15.17.18:251][  0]LogD3D11RHI: GPU Timing Frequency: 1000.000000 (Debug: 2 1)
[2019.11.27-15.17.18:492][  0]LogTemp: Display: Module 'AllDesktopTargetPlatform' loaded TargetPlatform 'AllDesktop'
[2019.11.27-15.17.18:503][  0]LogTemp: Display: Module 'MacClientTargetPlatform' loaded TargetPlatform 'MacClient'
[2019.11.27-15.17.18:519][  0]LogTemp: Display: Module 'MacNoEditorTargetPlatform' loaded TargetPlatform 'MacNoEditor'
[2019.11.27-15.17.18:530][  0]LogTemp: Display: Module 'MacServerTargetPlatform' loaded TargetPlatform 'MacServer'
[2019.11.27-15.17.18:542][  0]LogTemp: Display: Module 'MacTargetPlatform' loaded TargetPlatform 'Mac'
[2019.11.27-15.17.18:555][  0]LogTemp: Display: Module 'WindowsClientTargetPlatform' loaded TargetPlatform 'WindowsClient'
[2019.11.27-15.17.18:567][  0]LogTemp: Display: Module 'WindowsNoEditorTargetPlatform' loaded TargetPlatform 'WindowsNoEditor'
[2019.11.27-15.17.18:583][  0]LogTemp: Display: Module 'WindowsServerTargetPlatform' loaded TargetPlatform 'WindowsServer'
[2019.11.27-15.17.18:589][  0]LogTemp: Display: Module 'WindowsTargetPlatform' loaded TargetPlatform 'Windows'
[2019.11.27-15.17.18:654][  0]LogTemp: Display: Module 'AndroidTargetPlatform' loaded TargetPlatform 'Android'
[2019.11.27-15.17.18:654][  0]LogTemp: Display: Module 'AndroidTargetPlatform' loaded TargetPlatform 'Android_ASTC'
[2019.11.27-15.17.18:654][  0]LogTemp: Display: Module 'AndroidTargetPlatform' loaded TargetPlatform 'Android_ATC'
[2019.11.27-15.17.18:654][  0]LogTemp: Display: Module 'AndroidTargetPlatform' loaded TargetPlatform 'Android_DXT'
[2019.11.27-15.17.18:654][  0]LogTemp: Display: Module 'AndroidTargetPlatform' loaded TargetPlatform 'Android_ETC1'
[2019.11.27-15.17.18:654][  0]LogTemp: Display: Module 'AndroidTargetPlatform' loaded TargetPlatform 'Android_ETC1a'
[2019.11.27-15.17.18:654][  0]LogTemp: Display: Module 'AndroidTargetPlatform' loaded TargetPlatform 'Android_ETC2'
[2019.11.27-15.17.18:654][  0]LogTemp: Display: Module 'AndroidTargetPlatform' loaded TargetPlatform 'Android_PVRTC'
[2019.11.27-15.17.18:654][  0]LogTemp: Display: Module 'AndroidTargetPlatform' loaded TargetPlatform 'AndroidClient'
[2019.11.27-15.17.18:654][  0]LogTemp: Display: Module 'AndroidTargetPlatform' loaded TargetPlatform 'Android_ASTCClient'
[2019.11.27-15.17.18:654][  0]LogTemp: Display: Module 'AndroidTargetPlatform' loaded TargetPlatform 'Android_ATCClient'
[2019.11.27-15.17.18:654][  0]LogTemp: Display: Module 'AndroidTargetPlatform' loaded TargetPlatform 'Android_DXTClient'
[2019.11.27-15.17.18:654][  0]LogTemp: Display: Module 'AndroidTargetPlatform' loaded TargetPlatform 'Android_ETC1Client'
[2019.11.27-15.17.18:654][  0]LogTemp: Display: Module 'AndroidTargetPlatform' loaded TargetPlatform 'Android_ETC1aClient'
[2019.11.27-15.17.18:654][  0]LogTemp: Display: Module 'AndroidTargetPlatform' loaded TargetPlatform 'Android_ETC2Client'
[2019.11.27-15.17.18:654][  0]LogTemp: Display: Module 'AndroidTargetPlatform' loaded TargetPlatform 'Android_PVRTCClient'
[2019.11.27-15.17.18:654][  0]LogTemp: Display: Module 'AndroidTargetPlatform' loaded TargetPlatform 'Android_Multi'
[2019.11.27-15.17.18:655][  0]LogTemp: Display: Module 'AndroidTargetPlatform' loaded TargetPlatform 'Android_MultiClient'
[2019.11.27-15.17.18:657][  0]LogTemp: Display: Module 'HTML5TargetPlatform' loaded TargetPlatform 'HTML5'
[2019.11.27-15.17.18:706][  0]LogTemp: Display: Module 'IOSTargetPlatform' loaded TargetPlatform 'IOSClient'
[2019.11.27-15.17.18:707][  0]LogTemp: Display: Module 'IOSTargetPlatform' loaded TargetPlatform 'IOS'
[2019.11.27-15.17.18:726][  0]LogTemp: Display: Module 'TVOSTargetPlatform' loaded TargetPlatform 'TVOSClient'
[2019.11.27-15.17.18:726][  0]LogTemp: Display: Module 'TVOSTargetPlatform' loaded TargetPlatform 'TVOS'
[2019.11.27-15.17.18:740][  0]LogTemp: Display: Module 'LinuxClientTargetPlatform' loaded TargetPlatform 'LinuxClient'
[2019.11.27-15.17.18:750][  0]LogTemp: Display: Module 'LinuxNoEditorTargetPlatform' loaded TargetPlatform 'LinuxNoEditor'
[2019.11.27-15.17.18:764][  0]LogTemp: Display: Module 'LinuxServerTargetPlatform' loaded TargetPlatform 'LinuxServer'
[2019.11.27-15.17.18:776][  0]LogTemp: Display: Module 'LinuxTargetPlatform' loaded TargetPlatform 'Linux'
[2019.11.27-15.17.18:812][  0]LogTemp: Display: Module 'LuminTargetPlatform' loaded TargetPlatform 'Lumin'
[2019.11.27-15.17.18:812][  0]LogTemp: Display: Module 'LuminTargetPlatform' loaded TargetPlatform 'LuminClient'
[2019.11.27-15.17.18:812][  0]LogTargetPlatformManager: Display: Building Assets For Windows
[2019.11.27-15.17.18:824][  0]LogAudioDebug: Display: Lib vorbis DLL was dynamically loaded.
[2019.11.27-15.17.18:884][  0]LogShaderCompilers: Guid format shader working directory is -29 characters bigger than the processId version (../../../../../../Users/rako0016/Desktop/HighLevel/Assignment 3/VRDigiWrangler/Intermediate/Shaders/WorkingDirectory/7928/).
[2019.11.27-15.17.18:884][  0]LogShaderCompilers: Cleaned the shader compiler working directory 'C:/Users/rako0016/AppData/Local/Temp/UnrealShaderWorkingDir/8A3813BE4F2EE4333AAC008641B30C19/'.
[2019.11.27-15.17.18:886][  0]LogXGEController: Cleaning working directory: C:/Users/rako0016/AppData/Local/Temp/UnrealXGEWorkingDir/
[2019.11.27-15.17.18:886][  0]LogXGEController: Cannot use XGE Controller as Incredibuild is not installed on this machine.
[2019.11.27-15.17.18:886][  0]LogShaderCompilers: Cannot use XGE Shader Compiler as Incredibuild is not installed on this machine.
[2019.11.27-15.17.18:886][  0]LogShaderCompilers: Display: Using Local Shader Compiler.
[2019.11.27-15.17.19:336][  0]LogDerivedDataCache: Display: Max Cache Size: 512 MB
[2019.11.27-15.17.19:373][  0]LogDerivedDataCache: Loaded boot cache 0.04s 71MB C:/Users/rako0016/AppData/Local/UnrealEngine/4.22/DerivedDataCache/Boot.ddc.
[2019.11.27-15.17.19:373][  0]LogDerivedDataCache: Display: Loaded Boot cache: C:/Users/rako0016/AppData/Local/UnrealEngine/4.22/DerivedDataCache/Boot.ddc
[2019.11.27-15.17.19:373][  0]LogDerivedDataCache: FDerivedDataBackendGraph:  Pak pak cache file ../../../../../../Users/rako0016/Desktop/HighLevel/Assignment 3/VRDigiWrangler/DerivedDataCache/DDC.ddp not found, will not use a pak cache.
[2019.11.27-15.17.19:373][  0]LogDerivedDataCache: Unable to find inner node Pak for hierarchical cache Hierarchy.
[2019.11.27-15.17.19:373][  0]LogDerivedDataCache: FDerivedDataBackendGraph:  CompressedPak pak cache file ../../../../../../Users/rako0016/Desktop/HighLevel/Assignment 3/VRDigiWrangler/DerivedDataCache/Compressed.ddp not found, will not use a pak cache.
[2019.11.27-15.17.19:373][  0]LogDerivedDataCache: Unable to find inner node CompressedPak for hierarchical cache Hierarchy.
[2019.11.27-15.17.19:383][  0]LogDerivedDataCache: Display: Pak cache opened for reading ../../../Engine/DerivedDataCache/Compressed.ddp.
[2019.11.27-15.17.19:383][  0]LogDerivedDataCache: FDerivedDataBackendGraph:  EnterprisePak pak cache file ../../../Enterprise/DerivedDataCache/Compressed.ddp not found, will not use a pak cache.
[2019.11.27-15.17.19:383][  0]LogDerivedDataCache: Unable to find inner node EnterprisePak for hierarchical cache Hierarchy.
[2019.11.27-15.17.19:396][  0]LogDerivedDataCache: Using Local data cache path C:/Users/rako0016/AppData/Local/UnrealEngine/Common/DerivedDataCache: Writable
[2019.11.27-15.17.19:396][  0]LogDerivedDataCache: Shared data cache path not found in *engine.ini, will not use an Shared cache.
[2019.11.27-15.17.19:396][  0]LogDerivedDataCache: Unable to find inner node Shared for hierarchical cache Hierarchy.
[2019.11.27-15.17.19:429][  0]LogMaterial: Verifying Global Shaders for PCD3D_SM5
[2019.11.27-15.17.19:431][  0]LogSlate: Using FreeType 2.6.0
[2019.11.27-15.17.19:432][  0]LogSlate: SlateFontServices - WITH_FREETYPE: 1, WITH_HARFBUZZ: 1
[2019.11.27-15.17.19:516][  0]LogAssetRegistry: FAssetRegistry took 0.0305 seconds to start up
[2019.11.27-15.17.19:756][  0]LogInit: Selected Device Profile: [Windows]
[2019.11.27-15.17.19:872][  0]LogMeshReduction: Using QuadricMeshReduction for automatic static mesh reduction
[2019.11.27-15.17.19:872][  0]LogMeshReduction: Using SimplygonMeshReduction for automatic skeletal mesh reduction
[2019.11.27-15.17.19:872][  0]LogMeshReduction: Using ProxyLODMeshReduction for automatic mesh merging
[2019.11.27-15.17.19:872][  0]LogMeshReduction: No distributed automatic mesh merging module available
[2019.11.27-15.17.19:872][  0]LogMeshMerging: No distributed automatic mesh merging module available
[2019.11.27-15.17.19:881][  0]LogNetVersion: VRDigiWrangler 1.0.0, NetCL: 5660361, EngineNetVer: 10, GameNetVer: 0 (Checksum: 1591920321)
[2019.11.27-15.17.20:181][  0]LogPackageLocalizationCache: Processed 10 localized package path(s) for 1 prioritized culture(s) in 0.032923 seconds
[2019.11.27-15.17.20:188][  0]LogUObjectArray: 42205 objects as part of root set at end of initial load.
[2019.11.27-15.17.20:189][  0]LogUObjectAllocator: 7325032 out of 0 bytes used by permanent object pool.
[2019.11.27-15.17.20:189][  0]LogUObjectArray: CloseDisregardForGC: 0/0 objects in disregard for GC pool
[2019.11.27-15.17.21:007][  0]LogTcpMessaging: Initializing TcpMessaging bridge
[2019.11.27-15.17.21:023][  0]LogUdpMessaging: Initializing bridge on interface 0.0.0.0:0 to multicast group 230.0.0.1:6666.
[2019.11.27-15.17.21:177][  0]SourceControl: Source control is disabled
[2019.11.27-15.17.21:177][  0]SourceControl: Source control is disabled
[2019.11.27-15.17.21:181][  0]SourceControl: Source control is disabled
[2019.11.27-15.17.21:183][  0]SourceControl: Source control is disabled
[2019.11.27-15.17.21:292][  0]LogAndroidPermission: UAndroidPermissionCallbackProxy::GetInstance
[2019.11.27-15.17.21:392][  0]LogOcInput: OculusInput pre-init called
[2019.11.27-15.17.22:079][  0]LogEngine: Initializing Engine...
[2019.11.27-15.17.22:080][  0]LogHMD: Failed to initialize OpenVR with code 110
[2019.11.27-15.17.22:081][  0]LogStats: UGameplayTagsManager::InitializeManager -  0.000 s
[2019.11.27-15.17.22:243][  0]LogInit: Initializing FReadOnlyCVARCache
[2019.11.27-15.17.22:254][  0]LogAIModule: Creating AISystem for world Untitled
[2019.11.27-15.17.22:276][  0]LogInit: XAudio2 using 'DELL P2715Q (NVIDIA High Definition Audio)' : 2 channels at 48 kHz using 16 bits per sample (channel mask 0x3)
[2019.11.27-15.17.22:349][  0]LogInit: FAudioDevice initialized.
[2019.11.27-15.17.22:350][  0]LogNetVersion: Set ProjectVersion to 1.0.0.0. Version Checksum will be recalculated on next use.
[2019.11.27-15.17.22:413][  0]LogDerivedDataCache: Saved boot cache 0.06s 71MB C:/Users/rako0016/AppData/Local/UnrealEngine/4.22/DerivedDataCache/Boot.ddc.
[2019.11.27-15.17.22:418][  0]LogInit: Texture streaming: Enabled
[2019.11.27-15.17.22:437][  0]LogEngineSessionManager: EngineSessionManager initialized
[2019.11.27-15.17.22:437][  0]LogEngineSessionManager: EngineSessionManager sent abnormal shutdown report. Type=Debugger, SessionId={D6B1FC8F-4EE1-4826-CB50-51B077AF33AE}
[2019.11.27-15.17.22:437][  0]LogEngineSessionManager: EngineSessionManager sent abnormal shutdown report. Type=Debugger, SessionId={C00B32BA-4762-1E1C-244C-C1B797BFA03E}
[2019.11.27-15.17.22:450][  0]LogInit: Transaction tracking system initialized
[2019.11.27-15.17.22:475][  0]BlueprintLog: New page: Editor Load
[2019.11.27-15.17.22:562][  0]LocalizationService: Localization service is disabled
[2019.11.27-15.17.22:796][  0]LogFileCache: Scanning file cache for directory 'C:/Users/rako0016/Desktop/HighLevel/Assignment 3/VRDigiWrangler/Content/' took 0.01s
[2019.11.27-15.17.22:796][  0]LogCook: Display: Max memory allowance for cook 16384mb min free memory 0mb
[2019.11.27-15.17.22:797][  0]LogCook: Display: Mobile HDR setting 1
[2019.11.27-15.17.22:974][  0]SourceControl: Source control is disabled
[2019.11.27-15.17.22:974][  0]Cmd: MAP LOAD FILE="../../../../../../Users/rako0016/Desktop/HighLevel/Assignment 3/VRDigiWrangler/Content/Level/VRDigiWrangler.umap" TEMPLATE=0 SHOWPROGRESS=1 FEATURELEVEL=3
[2019.11.27-15.17.22:975][  0]LightingResults: New page: Lighting Build
[2019.11.27-15.17.22:977][  0]MapCheck: New page: Map Check
[2019.11.27-15.17.22:977][  0]LightingResults: New page: Lighting Build
[2019.11.27-15.17.22:996][  0]LogUObjectHash: Compacting FUObjectHashTables data took   1.26ms
[2019.11.27-15.17.23:055][  0]LogAIModule: Creating AISystem for world VRDigiWrangler
[2019.11.27-15.17.23:060][  0]LogEditorServer: Finished looking for orphan Actors (0.000 secs)
[2019.11.27-15.17.23:079][  0]LogUObjectHash: Compacting FUObjectHashTables data took   1.50ms
[2019.11.27-15.17.23:079][  0]Cmd: MAP CHECKDEP NOCLEARLOG
[2019.11.27-15.17.23:079][  0]MapCheck: Map check complete: 0 Error(s), 0 Warning(s), took 0.081ms to complete.
[2019.11.27-15.17.23:079][  0]LogFileHelpers: Loading map 'VRDigiWrangler' took 0.106
[2019.11.27-15.17.23:218][  0]LogSlate: Updating window title bar state: overlay mode, drag disabled, window buttons hidden, title bar hidden
[2019.11.27-15.17.23:225][  0]LogSlate: Updating window title bar state: overlay mode, drag disabled, window buttons hidden, title bar hidden
[2019.11.27-15.17.23:232][  0]LogSlate: Updating window title bar state: overlay mode, drag disabled, window buttons hidden, title bar hidden
[2019.11.27-15.17.23:243][  0]LogSlate: Updating window title bar state: overlay mode, drag disabled, window buttons hidden, title bar hidden
[2019.11.27-15.17.23:249][  0]LogCollectionManager: Loaded 0 collections in 0.001184 seconds
[2019.11.27-15.17.23:264][  0]LogFileCache: Scanning file cache for directory 'C:/Users/rako0016/Desktop/HighLevel/Assignment 3/VRDigiWrangler/Saved/Collections/' took 0.01s
[2019.11.27-15.17.23:264][  0]LogFileCache: Scanning file cache for directory 'C:/Users/rako0016/Desktop/HighLevel/Assignment 3/VRDigiWrangler/Content/Developers/rako0016/Collections/' took 0.00s
[2019.11.27-15.17.23:264][  0]LogFileCache: Scanning file cache for directory 'C:/Users/rako0016/Desktop/HighLevel/Assignment 3/VRDigiWrangler/Content/Collections/' took 0.00s
[2019.11.27-15.17.23:264][  0]LogCollectionManager: Rebuilt the GUID cache for 0 collections in 0.000000 seconds
[2019.11.27-15.17.23:271][  0]LogContentBrowser: Native class hierarchy populated in 0.0068 seconds. Added 2739 classes and 662 folders.
[2019.11.27-15.17.23:276][  0]LogContentBrowser: Native class hierarchy updated for 'WidgetCarousel' in 0.0003 seconds. Added 0 classes and 0 folders.
[2019.11.27-15.17.23:277][  0]LogPakFile: Registered encryption key '00000000000000000000000000000000': 0 pak files mounted, 0 remain pending
[2019.11.27-15.17.23:278][  0]LogPakFile: Registered encryption key '00000000000000000000000000000000': 0 pak files mounted, 0 remain pending
[2019.11.27-15.17.23:278][  0]LogPakFile: Registered encryption key '00000000000000000000000000000000': 0 pak files mounted, 0 remain pending
[2019.11.27-15.17.23:279][  0]LogPakFile: Registered encryption key '00000000000000000000000000000000': 0 pak files mounted, 0 remain pending
[2019.11.27-15.17.23:279][  0]LogPakFile: Registered encryption key '00000000000000000000000000000000': 0 pak files mounted, 0 remain pending
[2019.11.27-15.17.23:279][  0]LogPakFile: Registered encryption key '00000000000000000000000000000000': 0 pak files mounted, 0 remain pending
[2019.11.27-15.17.23:280][  0]LogPakFile: Registered encryption key '00000000000000000000000000000000': 0 pak files mounted, 0 remain pending
[2019.11.27-15.17.23:280][  0]LogPakFile: Registered encryption key '00000000000000000000000000000000': 0 pak files mounted, 0 remain pending
[2019.11.27-15.17.23:280][  0]LogPakFile: Registered encryption key '00000000000000000000000000000000': 0 pak files mounted, 0 remain pending
[2019.11.27-15.17.23:281][  0]LogPakFile: Registered encryption key '00000000000000000000000000000000': 0 pak files mounted, 0 remain pending
[2019.11.27-15.17.23:281][  0]LogPakFile: Registered encryption key '00000000000000000000000000000000': 0 pak files mounted, 0 remain pending
[2019.11.27-15.17.23:282][  0]LogPakFile: Registered encryption key '00000000000000000000000000000000': 0 pak files mounted, 0 remain pending
[2019.11.27-15.17.23:282][  0]LogPakFile: Registered encryption key '00000000000000000000000000000000': 0 pak files mounted, 0 remain pending
[2019.11.27-15.17.23:282][  0]LogPakFile: Registered encryption key '00000000000000000000000000000000': 0 pak files mounted, 0 remain pending
[2019.11.27-15.17.23:283][  0]LogPakFile: Registered encryption key '00000000000000000000000000000000': 0 pak files mounted, 0 remain pending
[2019.11.27-15.17.23:283][  0]LogPakFile: Registered encryption key '00000000000000000000000000000000': 0 pak files mounted, 0 remain pending
[2019.11.27-15.17.23:283][  0]LogPakFile: Registered encryption key '00000000000000000000000000000000': 0 pak files mounted, 0 remain pending
[2019.11.27-15.17.23:284][  0]LogPakFile: Registered encryption key '00000000000000000000000000000000': 0 pak files mounted, 0 remain pending
[2019.11.27-15.17.23:284][  0]LogPakFile: Registered encryption key '00000000000000000000000000000000': 0 pak files mounted, 0 remain pending
[2019.11.27-15.17.23:284][  0]LogPakFile: Registered encryption key '00000000000000000000000000000000': 0 pak files mounted, 0 remain pending
[2019.11.27-15.17.23:285][  0]LogPakFile: Registered encryption key '00000000000000000000000000000000': 0 pak files mounted, 0 remain pending
[2019.11.27-15.17.23:285][  0]LogPakFile: Registered encryption key '00000000000000000000000000000000': 0 pak files mounted, 0 remain pending
[2019.11.27-15.17.23:286][  0]LogPakFile: Registered encryption key '00000000000000000000000000000000': 0 pak files mounted, 0 remain pending
[2019.11.27-15.17.23:286][  0]LogPakFile: Registered encryption key '00000000000000000000000000000000': 0 pak files mounted, 0 remain pending
[2019.11.27-15.17.23:286][  0]LogPakFile: Registered encryption key '00000000000000000000000000000000': 0 pak files mounted, 0 remain pending
[2019.11.27-15.17.23:287][  0]LogPakFile: Registered encryption key '00000000000000000000000000000000': 0 pak files mounted, 0 remain pending
[2019.11.27-15.17.23:307][  0]LogContentBrowser: Native class hierarchy updated for 'AddContentDialog' in 0.0003 seconds. Added 0 classes and 0 folders.
[2019.11.27-15.17.23:312][  0]LogContentBrowser: Native class hierarchy updated for 'SceneOutliner' in 0.0003 seconds. Added 1 classes and 2 folders.
[2019.11.27-15.17.23:323][  0]LogSlate: Took 0.000271 seconds to synchronously load lazily loaded font '../../../Engine/Content/Slate/Fonts/Roboto-Regular.ttf' (155K)
[2019.11.27-15.17.23:325][  0]LogSlate: Took 0.000230 seconds to synchronously load lazily loaded font '../../../Engine/Content/Slate/Fonts/Roboto-Bold.ttf' (160K)
[2019.11.27-15.17.23:329][  0]LogSlate: Took 0.000206 seconds to synchronously load lazily loaded font '../../../Engine/Content/Editor/Slate/Fonts/FontAwesome.ttf' (139K)
[2019.11.27-15.17.23:387][  0]LogRenderer: Reallocating scene render targets to support 1616x808 Format 10 NumSamples 1 (Frame:1).
[2019.11.27-15.17.23:545][  0]LogContentBrowser: Native class hierarchy updated for 'HierarchicalLODOutliner' in 0.0003 seconds. Added 0 classes and 0 folders.
[2019.11.27-15.17.23:546][  0]LogLoad: (Engine Initialization) Total time: 7.54 seconds
[2019.11.27-15.17.23:546][  0]LogLoad: (Engine Initialization) Total Blueprint compile time: 0.00 seconds
[2019.11.27-15.17.23:571][  0]LogAssetRegistry: Asset discovery search completed in 4.0779 seconds
[2019.11.27-15.17.23:573][  0]LogCollectionManager: Rebuilt the object cache for 0 collections in 0.000001 seconds (found 0 objects)
[2019.11.27-15.17.23:573][  0]LogCollectionManager: Fixed up redirectors for 0 collections in 0.000073 seconds (updated 0 objects)
[2019.11.27-15.17.23:574][  0]LogContentStreaming: Texture pool size now 1000 MB
[2019.11.27-15.17.25:392][213]LogSlate: FSceneViewport::OnFocusLost() reason 0
[2019.11.27-15.17.25:567][234]LogTemp: Repeating last play command: Selected Viewport
[2019.11.27-15.17.25:574][234]LogBlueprintUserMessages: Early PlayInEditor Detection: Level '/Game/Level/VRDigiWrangler.VRDigiWrangler:PersistentLevel' has LevelScriptBlueprint '/Game/Level/VRDigiWrangler.VRDigiWrangler:PersistentLevel.VRDigiWrangler' with GeneratedClass '/Game/Level/VRDigiWrangler.VRDigiWrangler_C' with ClassGeneratedBy '/Game/Level/VRDigiWrangler.VRDigiWrangler:PersistentLevel.VRDigiWrangler'
[2019.11.27-15.17.25:574][234]LogPlayLevel: PlayLevel: No blueprints needed recompiling
[2019.11.27-15.17.25:574][234]PIE: New page: PIE session: VRDigiWrangler (Nov 27, 2019, 5:17:25 AM)
[2019.11.27-15.17.25:587][234]LogPlayLevel: Creating play world package: /Game/Level/UEDPIE_0_VRDigiWrangler
[2019.11.27-15.17.25:589][234]LogPlayLevel: PIE: StaticDuplicateObject took: (0.002079s)
[2019.11.27-15.17.25:589][234]LogAIModule: Creating AISystem for world VRDigiWrangler
[2019.11.27-15.17.25:590][234]LogPlayLevel: PIE: World Init took: (0.000582s)
[2019.11.27-15.17.25:590][234]LogPlayLevel: PIE: Created PIE world by copying editor world from /Game/Level/VRDigiWrangler.VRDigiWrangler to /Game/Level/UEDPIE_0_VRDigiWrangler.VRDigiWrangler (0.002984s)
[2019.11.27-15.17.25:608][234]LogUObjectHash: Compacting FUObjectHashTables data took   0.85ms
[2019.11.27-15.17.25:622][234]LogInit: XAudio2 using 'DELL P2715Q (NVIDIA High Definition Audio)' : 2 channels at 48 kHz using 16 bits per sample (channel mask 0x3)
[2019.11.27-15.17.25:630][234]LogInit: FAudioDevice initialized.
[2019.11.27-15.17.25:702][234]LogLoad: Game class is 'BP_VRGameModeBase_C'
[2019.11.27-15.17.25:703][234]LogWorld: Bringing World /Game/Level/UEDPIE_0_VRDigiWrangler.VRDigiWrangler up for play (max tick rate 0) at 2019.11.27-10.17.25
[2019.11.27-15.17.25:704][234]LogWorld: Bringing up level for play took: 0.001138
[2019.11.27-15.17.25:721][234]LogContentBrowser: Native class hierarchy updated for 'MovieSceneCapture' in 0.0005 seconds. Added 20 classes and 0 folders.
[2019.11.27-15.17.25:722][234]PIE: Play in editor start time for /Game/Level/UEDPIE_0_VRDigiWrangler -0.142
[2019.11.27-15.17.25:722][234]LogBlueprintUserMessages: Late PlayInEditor Detection: Level '/Game/Level/VRDigiWrangler.VRDigiWrangler:PersistentLevel' has LevelScriptBlueprint '/Game/Level/VRDigiWrangler.VRDigiWrangler:PersistentLevel.VRDigiWrangler' with GeneratedClass '/Game/Level/VRDigiWrangler.VRDigiWrangler_C' with ClassGeneratedBy '/Game/Level/VRDigiWrangler.VRDigiWrangler:PersistentLevel.VRDigiWrangler'
[2019.11.27-15.17.35:553][410]LogBlueprintUserMessages: Early EndPlayMap Detection: Level '/Game/Level/VRDigiWrangler.VRDigiWrangler:PersistentLevel' has LevelScriptBlueprint '/Game/Level/VRDigiWrangler.VRDigiWrangler:PersistentLevel.VRDigiWrangler' with GeneratedClass '/Game/Level/VRDigiWrangler.VRDigiWrangler_C' with ClassGeneratedBy '/Game/Level/VRDigiWrangler.VRDigiWrangler:PersistentLevel.VRDigiWrangler'
[2019.11.27-15.17.35:553][410]LogSlate: Updating window title bar state: overlay mode, drag disabled, window buttons hidden, title bar hidden
[2019.11.27-15.17.35:588][410]LogPlayLevel: Display: Shutting down PIE online subsystems
[2019.11.27-15.17.35:588][410]LogBlueprintUserMessages: Late EndPlayMap Detection: Level '/Game/Level/VRDigiWrangler.VRDigiWrangler:PersistentLevel' has LevelScriptBlueprint '/Game/Level/VRDigiWrangler.VRDigiWrangler:PersistentLevel.VRDigiWrangler' with GeneratedClass '/Game/Level/VRDigiWrangler.VRDigiWrangler_C' with ClassGeneratedBy '/Game/Level/VRDigiWrangler.VRDigiWrangler:PersistentLevel.VRDigiWrangler'
[2019.11.27-15.17.35:610][410]LogSlate: Updating window title bar state: overlay mode, drag disabled, window buttons hidden, title bar hidden
[2019.11.27-15.17.35:613][410]LogUObjectHash: Compacting FUObjectHashTables data took   1.50ms
[2019.11.27-15.17.35:667][412]LogPlayLevel: Display: Destroying online subsystem :Context_1
