Log file open, 11/22/19 06:47:56
LogWindows: Failed to load 'aqProf.dll' (GetLastError=126)
LogWindows: File 'aqProf.dll' does not exist
LogWindows: Failed to load 'VtuneApi.dll' (GetLastError=126)
LogWindows: File 'VtuneApi.dll' does not exist
LogWindows: Failed to load 'VtuneApi32e.dll' (GetLastError=126)
LogWindows: File 'VtuneApi32e.dll' does not exist
LogConsoleResponse: Display: Failed to find resolution value strings in scalability ini. Falling back to default.
LogInit: Display: Running engine for game: VRDigiWrangler
LogPakFile: Registered encryption key '00000000000000000000000000000000': 0 pak files mounted, 0 remain pending
LogPlatformFile: Not using cached read wrapper
LogTaskGraph: Started task graph with 5 named threads and 35 total threads with 3 sets of task threads.
LogStats: Stats thread started at 0.496258
LogD3D11RHI: Loaded GFSDK_Aftermath_Lib.x64.dll
LogICUInternationalization: ICU TimeZone Detection - Raw Offset: -5:00, Platform Override: ''
LogPluginManager: Mounting plugin Paper2D
LogPluginManager: Mounting plugin AISupport
LogPluginManager: Mounting plugin LightPropagationVolume
LogPluginManager: Mounting plugin ActorLayerUtilities
LogPluginManager: Mounting plugin AnimationSharing
LogPluginManager: Mounting plugin CLionSourceCodeAccess
LogPluginManager: Mounting plugin CodeLiteSourceCodeAccess
LogPluginManager: Mounting plugin GitSourceControl
LogPluginManager: Mounting plugin KDevelopSourceCodeAccess
LogPluginManager: Mounting plugin NullSourceCodeAccess
LogPluginManager: Mounting plugin PerforceSourceControl
LogPluginManager: Mounting plugin SubversionSourceControl
LogPluginManager: Mounting plugin UObjectPlugin
LogPluginManager: Mounting plugin VisualStudioCodeSourceCodeAccess
LogPluginManager: Mounting plugin VisualStudioSourceCodeAccess
LogPluginManager: Mounting plugin XCodeSourceCodeAccess
LogPluginManager: Mounting plugin AssetManagerEditor
LogPluginManager: Mounting plugin CryptoKeys
LogPluginManager: Mounting plugin DataValidation
LogPluginManager: Mounting plugin FacialAnimation
LogPluginManager: Mounting plugin GameplayTagsEditor
LogPluginManager: Mounting plugin MacGraphicsSwitching
LogPluginManager: Mounting plugin MaterialAnalyzer
LogPluginManager: Mounting plugin MobileLauncherProfileWizard
LogPluginManager: Mounting plugin PluginBrowser
LogPluginManager: Mounting plugin SpeedTreeImporter
LogPluginManager: Mounting plugin DatasmithContent
LogPluginManager: Mounting plugin VariantManagerContent
LogPluginManager: Mounting plugin AlembicImporter
LogPluginManager: Mounting plugin AppleImageUtils
LogPluginManager: Mounting plugin AppleVision
LogPluginManager: Mounting plugin BackChannel
LogPluginManager: Mounting plugin CharacterAI
LogPluginManager: Mounting plugin GeometryCache
LogPluginManager: Mounting plugin HTML5Networking
LogPluginManager: Mounting plugin ProxyLODPlugin
LogPluginManager: Mounting plugin SkeletalReduction
LogPluginManager: Mounting plugin MagicLeap
LogPluginManager: Mounting plugin MagicLeapMedia
LogPluginManager: Mounting plugin AndroidMedia
LogPluginManager: Mounting plugin AvfMedia
LogPluginManager: Mounting plugin ImgMedia
LogPluginManager: Mounting plugin LinearTimecode
LogPluginManager: Mounting plugin MediaCompositing
LogPluginManager: Mounting plugin MediaPlayerEditor
LogPluginManager: Mounting plugin WebMMedia
LogPluginManager: Mounting plugin WmfMedia
LogPluginManager: Mounting plugin TcpMessaging
LogPluginManager: Mounting plugin UdpMessaging
LogPluginManager: Mounting plugin ActorSequence
LogPluginManager: Mounting plugin LevelSequenceEditor
LogPluginManager: Mounting plugin MatineeToLevelSequence
LogPluginManager: Mounting plugin NetcodeUnitTest
LogPluginManager: Mounting plugin NUTUnrealEngine4
LogPluginManager: Mounting plugin OnlineSubsystemGooglePlay
LogPluginManager: Mounting plugin OnlineSubsystemIOS
LogPluginManager: Mounting plugin OnlineSubsystem
LogPluginManager: Mounting plugin OnlineSubsystemNull
LogPluginManager: Mounting plugin OnlineSubsystemUtils
LogPluginManager: Mounting plugin LauncherChunkInstaller
LogPluginManager: Mounting plugin AndroidDeviceProfileSelector
LogPluginManager: Mounting plugin AndroidMoviePlayer
LogPluginManager: Mounting plugin AndroidPermission
LogPluginManager: Mounting plugin AppleMoviePlayer
LogPluginManager: Mounting plugin ArchVisCharacter
LogPluginManager: Mounting plugin AudioCapture
LogPluginManager: Mounting plugin CableComponent
LogPluginManager: Mounting plugin CustomMeshComponent
LogPluginManager: Mounting plugin EditableMesh
LogPluginManager: Mounting plugin ExampleDeviceProfileSelector
LogPluginManager: Mounting plugin Firebase
LogPluginManager: Mounting plugin GoogleCloudMessaging
LogPluginManager: Mounting plugin IOSDeviceProfileSelector
LogPluginManager: Mounting plugin LinuxDeviceProfileSelector
LogPluginManager: Mounting plugin LocationServicesBPLibrary
LogPluginManager: Mounting plugin MobilePatchingUtils
LogPluginManager: Mounting plugin OculusVR
LogPluginManager: Mounting plugin PhysXVehicles
LogPluginManager: Mounting plugin ProceduralMeshComponent
LogPluginManager: Mounting plugin RuntimePhysXCooking
LogPluginManager: Mounting plugin SignificanceManager
LogPluginManager: Mounting plugin SteamVR
LogPluginManager: Mounting plugin WebMMoviePlayer
LogPluginManager: Mounting plugin WindowsMoviePlayer
LogInit: Using libcurl 7.55.1-DEV
LogInit:  - built for x86_64-pc-win32
LogInit:  - supports SSL with OpenSSL/1.1.1
LogInit:  - supports HTTP deflate (compression) using libz 1.2.8
LogInit:  - other features:
LogInit:      CURL_VERSION_SSL
LogInit:      CURL_VERSION_LIBZ
LogInit:      CURL_VERSION_IPV6
LogInit:      CURL_VERSION_ASYNCHDNS
LogInit:      CURL_VERSION_LARGEFILE
LogInit:      CURL_VERSION_IDN
LogInit:  CurlRequestOptions (configurable via config and command line):
LogInit:  - bVerifyPeer = true  - Libcurl will verify peer certificate
LogInit:  - bUseHttpProxy = false  - Libcurl will NOT use HTTP proxy
LogInit:  - bDontReuseConnections = false  - Libcurl will reuse connections
LogInit:  - MaxHostConnections = 16  - Libcurl will limit the number of connections to a host
LogInit:  - LocalHostAddr = Default
LogInit:  - BufferSize = 65536
LogInit: WinSock: version 1.1 (2.2), MaxSocks=32767, MaxUdp=65467
LogInit: Build: ++UE4+Release-4.22-CL-7053642
LogInit: Engine Version: 4.22.3-7053642+++UE4+Release-4.22
LogInit: Compatible Engine Version: 4.22.0-5660361+++UE4+Release-4.22
LogInit: Net CL: 5660361
LogInit: OS: Windows 10 (Release 1809) (), CPU: Intel(R) Core(TM) i7-9750H CPU @ 2.60GHz, GPU: Intel(R) UHD Graphics 630
LogInit: Compiled (64-bit): Jun 18 2019 03:09:11
LogInit: Compiled with Visual C++: 19.16.27025.01
LogInit: Build Configuration: Development
LogInit: Branch Name: ++UE4+Release-4.22
LogInit: Command Line:  -skipcompile
LogInit: Base Directory: C:/Program Files/Epic Games/UE_4.22/Engine/Binaries/Win64/
LogInit: Installed Engine Build: 1
LogDevObjectVersion: Number of dev versions registered: 23
LogDevObjectVersion:   Dev-Blueprints (B0D832E4-1F89-4F0D-ACCF-7EB736FD4AA2): 10
LogDevObjectVersion:   Dev-Build (E1C64328-A22C-4D53-A36C-8E866417BD8C): 0
LogDevObjectVersion:   Dev-Core (375EC13C-06E4-48FB-B500-84F0262A717E): 3
LogDevObjectVersion:   Dev-Editor (E4B068ED-F494-42E9-A231-DA0B2E46BB41): 30
LogDevObjectVersion:   Dev-Framework (CFFC743F-43B0-4480-9391-14DF171D2073): 35
LogDevObjectVersion:   Dev-Mobile (B02B49B5-BB20-44E9-A304-32B752E40360): 2
LogDevObjectVersion:   Dev-Networking (A4E4105C-59A1-49B5-A7C5-40C4547EDFEE): 0
LogDevObjectVersion:   Dev-Online (39C831C9-5AE6-47DC-9A44-9C173E1C8E7C): 0
LogDevObjectVersion:   Dev-Physics (78F01B33-EBEA-4F98-B9B4-84EACCB95AA2): 0
LogDevObjectVersion:   Dev-Platform (6631380F-2D4D-43E0-8009-CF276956A95A): 0
LogDevObjectVersion:   Dev-Rendering (12F88B9F-8875-4AFC-A67C-D90C383ABD29): 28
LogDevObjectVersion:   Dev-Sequencer (7B5AE74C-D270-4C10-A958-57980B212A5A): 11
LogDevObjectVersion:   Dev-VR (D7296918-1DD6-4BDD-9DE2-64A83CC13884): 2
LogDevObjectVersion:   Dev-LoadTimes (C2A15278-BFE7-4AFE-6C17-90FF531DF755): 1
LogDevObjectVersion:   Private-Geometry (6EACA3D4-40EC-4CC1-B786-8BED09428FC5): 3
LogDevObjectVersion:   Dev-AnimPhys (29E575DD-E0A3-4627-9D10-D276232CDCEA): 17
LogDevObjectVersion:   Dev-Anim (AF43A65D-7FD3-4947-9873-3E8ED9C1BB05): 2
LogDevObjectVersion:   Dev-ReflectionCapture (6B266CEC-1EC7-4B8F-A30B-E4D90942FC07): 1
LogDevObjectVersion:   Dev-Automation (0DF73D61-A23F-47EA-B727-89E90C41499A): 1
LogDevObjectVersion:   FortniteMain (601D1886-AC64-4F84-AA16-D3DE0DEAC7D6): 25
LogDevObjectVersion:   Dev-Enterprise (9DFFBCD6-494F-0158-E221-12823C92A888): 6
LogDevObjectVersion:   Dev-Niagara (F2AED0AC-9AFE-416F-8664-AA7FFA26D6FC): 1
LogDevObjectVersion:   Dev-Destruction (174F1F0B-B4C6-45A5-B13F-2EE8D0FB917D): 2
LogInit: Presizing for max 16777216 objects, including 0 objects not considered by GC, pre-allocating 0 bytes for permanent pool.
LogInit: Object subsystem initialized
LogConfig: Setting CVar [[con.DebugEarlyDefault:1]]
LogConfig: Setting CVar [[r.setres:1280x720]]
[2019.11.22-11.47.56:903][  0]LogConfig: Setting CVar [[r.VSync:0]]
[2019.11.22-11.47.56:903][  0]LogConfig: Setting CVar [[r.RHICmdBypass:0]]
[2019.11.22-11.47.56:903][  0]LogConfig: Applying CVar settings from Section [/Script/Engine.RendererSettings] File [C:/Users/nesac/Desktop/VRDigiWrangler/Saved/Config/Windows/Engine.ini]
[2019.11.22-11.47.56:903][  0]LogConfig: Setting CVar [[r.GPUCrashDebugging:0]]
[2019.11.22-11.47.56:903][  0]LogConfig: Setting CVar [[r.DefaultFeature.AutoExposure.ExtendDefaultLuminanceRange:1]]
[2019.11.22-11.47.56:903][  0]LogConfig: Applying CVar settings from Section [/Script/Engine.RendererOverrideSettings] File [C:/Users/nesac/Desktop/VRDigiWrangler/Saved/Config/Windows/Engine.ini]
[2019.11.22-11.47.56:903][  0]LogConfig: Applying CVar settings from Section [/Script/Engine.StreamingSettings] File [C:/Users/nesac/Desktop/VRDigiWrangler/Saved/Config/Windows/Engine.ini]
[2019.11.22-11.47.56:903][  0]LogConfig: Setting CVar [[s.MinBulkDataSizeForAsyncLoading:131072]]
[2019.11.22-11.47.56:903][  0]LogConfig: Setting CVar [[s.AsyncLoadingThreadEnabled:0]]
[2019.11.22-11.47.56:903][  0]LogConfig: Setting CVar [[s.EventDrivenLoaderEnabled:1]]
[2019.11.22-11.47.56:903][  0]LogConfig: Setting CVar [[s.WarnIfTimeLimitExceeded:0]]
[2019.11.22-11.47.56:903][  0]LogConfig: Setting CVar [[s.TimeLimitExceededMultiplier:1.5]]
[2019.11.22-11.47.56:903][  0]LogConfig: Setting CVar [[s.TimeLimitExceededMinTime:0.005]]
[2019.11.22-11.47.56:903][  0]LogConfig: Setting CVar [[s.UseBackgroundLevelStreaming:1]]
[2019.11.22-11.47.56:903][  0]LogConfig: Setting CVar [[s.PriorityAsyncLoadingExtraTime:15.0]]
[2019.11.22-11.47.56:904][  0]LogConfig: Setting CVar [[s.LevelStreamingActorsUpdateTimeLimit:5.0]]
[2019.11.22-11.47.56:904][  0]LogConfig: Setting CVar [[s.PriorityLevelStreamingActorsUpdateExtraTime:5.0]]
[2019.11.22-11.47.56:904][  0]LogConfig: Setting CVar [[s.LevelStreamingComponentsRegistrationGranularity:10]]
[2019.11.22-11.47.56:904][  0]LogConfig: Setting CVar [[s.UnregisterComponentsTimeLimit:1.0]]
[2019.11.22-11.47.56:904][  0]LogConfig: Setting CVar [[s.LevelStreamingComponentsUnregistrationGranularity:5]]
[2019.11.22-11.47.56:904][  0]LogConfig: Applying CVar settings from Section [/Script/Engine.GarbageCollectionSettings] File [C:/Users/nesac/Desktop/VRDigiWrangler/Saved/Config/Windows/Engine.ini]
[2019.11.22-11.47.56:904][  0]LogConfig: Setting CVar [[gc.MaxObjectsNotConsideredByGC:1]]
[2019.11.22-11.47.56:904][  0]LogConfig: Setting CVar [[gc.SizeOfPermanentObjectPool:0]]
[2019.11.22-11.47.56:904][  0]LogConfig: Setting CVar [[gc.FlushStreamingOnGC:0]]
[2019.11.22-11.47.56:904][  0]LogConfig: Setting CVar [[gc.NumRetriesBeforeForcingGC:10]]
[2019.11.22-11.47.56:904][  0]LogConfig: Setting CVar [[gc.AllowParallelGC:1]]
[2019.11.22-11.47.56:904][  0]LogConfig: Setting CVar [[gc.TimeBetweenPurgingPendingKillObjects:61.1]]
[2019.11.22-11.47.56:904][  0]LogConfig: Setting CVar [[gc.MaxObjectsInEditor:16777216]]
[2019.11.22-11.47.56:904][  0]LogConfig: Setting CVar [[gc.IncrementalBeginDestroyEnabled:1]]
[2019.11.22-11.47.56:904][  0]LogConfig: Setting CVar [[gc.CreateGCClusters:1]]
[2019.11.22-11.47.56:904][  0]LogConfig: Setting CVar [[gc.MinGCClusterSize:5]]
[2019.11.22-11.47.56:904][  0]LogConfig: Setting CVar [[gc.ActorClusteringEnabled:0]]
[2019.11.22-11.47.56:904][  0]LogConfig: Setting CVar [[gc.BlueprintClusteringEnabled:0]]
[2019.11.22-11.47.56:904][  0]LogConfig: Setting CVar [[gc.UseDisregardForGCOnDedicatedServers:0]]
[2019.11.22-11.47.56:904][  0]LogConfig: Applying CVar settings from Section [/Script/Engine.NetworkSettings] File [C:/Users/nesac/Desktop/VRDigiWrangler/Saved/Config/Windows/Engine.ini]
[2019.11.22-11.47.56:905][  0]LogConfig: Applying CVar settings from Section [/Script/UnrealEd.CookerSettings] File [C:/Users/nesac/Desktop/VRDigiWrangler/Saved/Config/Windows/Engine.ini]
[2019.11.22-11.47.56:909][  0]LogConfig: Applying CVar settings from Section [ViewDistanceQuality@3] File [C:/Users/nesac/Desktop/VRDigiWrangler/Saved/Config/Windows/Scalability.ini]
[2019.11.22-11.47.56:909][  0]LogConfig: Setting CVar [[r.SkeletalMeshLODBias:0]]
[2019.11.22-11.47.56:909][  0]LogConfig: Setting CVar [[r.ViewDistanceScale:1.0]]
[2019.11.22-11.47.56:909][  0]LogConfig: Applying CVar settings from Section [AntiAliasingQuality@3] File [C:/Users/nesac/Desktop/VRDigiWrangler/Saved/Config/Windows/Scalability.ini]
[2019.11.22-11.47.56:909][  0]LogConfig: Setting CVar [[r.PostProcessAAQuality:4]]
[2019.11.22-11.47.56:910][  0]LogConfig: Applying CVar settings from Section [ShadowQuality@3] File [C:/Users/nesac/Desktop/VRDigiWrangler/Saved/Config/Windows/Scalability.ini]
[2019.11.22-11.47.56:910][  0]LogConfig: Setting CVar [[r.LightFunctionQuality:1]]
[2019.11.22-11.47.56:910][  0]LogConfig: Setting CVar [[r.ShadowQuality:5]]
[2019.11.22-11.47.56:910][  0]LogConfig: Setting CVar [[r.Shadow.CSM.MaxCascades:10]]
[2019.11.22-11.47.56:910][  0]LogConfig: Setting CVar [[r.Shadow.MaxResolution:2048]]
[2019.11.22-11.47.56:910][  0]LogConfig: Setting CVar [[r.Shadow.MaxCSMResolution:2048]]
[2019.11.22-11.47.56:910][  0]LogConfig: Setting CVar [[r.Shadow.RadiusThreshold:0.01]]
[2019.11.22-11.47.56:910][  0]LogConfig: Setting CVar [[r.Shadow.DistanceScale:1.0]]
[2019.11.22-11.47.56:910][  0]LogConfig: Setting CVar [[r.Shadow.CSM.TransitionScale:1.0]]
[2019.11.22-11.47.56:910][  0]LogConfig: Setting CVar [[r.Shadow.PreShadowResolutionFactor:1.0]]
[2019.11.22-11.47.56:910][  0]LogConfig: Setting CVar [[r.DistanceFieldShadowing:1]]
[2019.11.22-11.47.56:910][  0]LogConfig: Setting CVar [[r.DistanceFieldAO:1]]
[2019.11.22-11.47.56:910][  0]LogConfig: Setting CVar [[r.AOQuality:2]]
[2019.11.22-11.47.56:910][  0]LogConfig: Setting CVar [[r.VolumetricFog:1]]
[2019.11.22-11.47.56:910][  0]LogConfig: Setting CVar [[r.VolumetricFog.GridPixelSize:8]]
[2019.11.22-11.47.56:910][  0]LogConfig: Setting CVar [[r.VolumetricFog.GridSizeZ:128]]
[2019.11.22-11.47.56:910][  0]LogConfig: Setting CVar [[r.VolumetricFog.HistoryMissSupersampleCount:4]]
[2019.11.22-11.47.56:911][  0]LogConfig: Setting CVar [[r.LightMaxDrawDistanceScale:1]]
[2019.11.22-11.47.56:911][  0]LogConfig: Setting CVar [[r.CapsuleShadows:1]]
[2019.11.22-11.47.56:911][  0]LogConfig: Applying CVar settings from Section [PostProcessQuality@3] File [C:/Users/nesac/Desktop/VRDigiWrangler/Saved/Config/Windows/Scalability.ini]
[2019.11.22-11.47.56:911][  0]LogConfig: Setting CVar [[r.MotionBlurQuality:4]]
[2019.11.22-11.47.56:911][  0]LogConfig: Setting CVar [[r.AmbientOcclusionMipLevelFactor:0.4]]
[2019.11.22-11.47.56:911][  0]LogConfig: Setting CVar [[r.AmbientOcclusionMaxQuality:100]]
[2019.11.22-11.47.56:911][  0]LogConfig: Setting CVar [[r.AmbientOcclusionLevels:-1]]
[2019.11.22-11.47.56:911][  0]LogConfig: Setting CVar [[r.AmbientOcclusionRadiusScale:1.0]]
[2019.11.22-11.47.56:911][  0]LogConfig: Setting CVar [[r.DepthOfFieldQuality:2]]
[2019.11.22-11.47.56:911][  0]LogConfig: Setting CVar [[r.RenderTargetPoolMin:400]]
[2019.11.22-11.47.56:911][  0]LogConfig: Setting CVar [[r.LensFlareQuality:2]]
[2019.11.22-11.47.56:911][  0]LogConfig: Setting CVar [[r.SceneColorFringeQuality:1]]
[2019.11.22-11.47.56:911][  0]LogConfig: Setting CVar [[r.EyeAdaptationQuality:2]]
[2019.11.22-11.47.56:911][  0]LogConfig: Setting CVar [[r.BloomQuality:5]]
[2019.11.22-11.47.56:911][  0]LogConfig: Setting CVar [[r.FastBlurThreshold:100]]
[2019.11.22-11.47.56:911][  0]LogConfig: Setting CVar [[r.Upscale.Quality:3]]
[2019.11.22-11.47.56:911][  0]LogConfig: Setting CVar [[r.Tonemapper.GrainQuantization:1]]
[2019.11.22-11.47.56:911][  0]LogConfig: Setting CVar [[r.LightShaftQuality:1]]
[2019.11.22-11.47.56:911][  0]LogConfig: Setting CVar [[r.Filter.SizeScale:1]]
[2019.11.22-11.47.56:911][  0]LogConfig: Setting CVar [[r.Tonemapper.Quality:5]]
[2019.11.22-11.47.56:912][  0]LogConfig: Setting CVar [[r.DOF.Gather.AccumulatorQuality:1        ; higher gathering accumulator quality]]
[2019.11.22-11.47.56:912][  0]LogConfig: Setting CVar [[r.DOF.Gather.PostfilterMethod:1          ; Median3x3 postfilering method]]
[2019.11.22-11.47.56:912][  0]LogConfig: Setting CVar [[r.DOF.Gather.EnableBokehSettings:0       ; no bokeh simulation when gathering]]
[2019.11.22-11.47.56:912][  0]LogConfig: Setting CVar [[r.DOF.Gather.RingCount:4                 ; medium number of samples when gathering]]
[2019.11.22-11.47.56:912][  0]LogConfig: Setting CVar [[r.DOF.Scatter.ForegroundCompositing:1    ; additive foreground scattering]]
[2019.11.22-11.47.56:912][  0]LogConfig: Setting CVar [[r.DOF.Scatter.BackgroundCompositing:2    ; additive background scattering]]
[2019.11.22-11.47.56:912][  0]LogConfig: Setting CVar [[r.DOF.Scatter.EnableBokehSettings:1      ; bokeh simulation when scattering]]
[2019.11.22-11.47.56:912][  0]LogConfig: Setting CVar [[r.DOF.Scatter.MaxSpriteRatio:0.1         ; only a maximum of 10% of scattered bokeh]]
[2019.11.22-11.47.56:912][  0]LogConfig: Setting CVar [[r.DOF.Recombine.Quality:1                ; cheap slight out of focus]]
[2019.11.22-11.47.56:912][  0]LogConfig: Setting CVar [[r.DOF.Recombine.EnableBokehSettings:0    ; no bokeh simulation on slight out of focus]]
[2019.11.22-11.47.56:912][  0]LogConfig: Setting CVar [[r.DOF.TemporalAAQuality:1                ; more stable temporal accumulation]]
[2019.11.22-11.47.56:912][  0]LogConfig: Setting CVar [[r.DOF.Kernel.MaxForegroundRadius:0.025]]
[2019.11.22-11.47.56:912][  0]LogConfig: Setting CVar [[r.DOF.Kernel.MaxBackgroundRadius:0.025]]
[2019.11.22-11.47.56:912][  0]LogConfig: Applying CVar settings from Section [TextureQuality@3] File [C:/Users/nesac/Desktop/VRDigiWrangler/Saved/Config/Windows/Scalability.ini]
[2019.11.22-11.47.56:912][  0]LogConfig: Setting CVar [[r.Streaming.MipBias:0]]
[2019.11.22-11.47.56:912][  0]LogConfig: Setting CVar [[r.Streaming.AmortizeCPUToGPUCopy:0]]
[2019.11.22-11.47.56:912][  0]LogConfig: Setting CVar [[r.Streaming.MaxNumTexturesToStreamPerFrame:0]]
[2019.11.22-11.47.56:912][  0]LogConfig: Setting CVar [[r.Streaming.Boost:1]]
[2019.11.22-11.47.56:912][  0]LogConfig: Setting CVar [[r.MaxAnisotropy:8]]
[2019.11.22-11.47.56:912][  0]LogConfig: Setting CVar [[r.Streaming.LimitPoolSizeToVRAM:0]]
[2019.11.22-11.47.56:912][  0]LogConfig: Setting CVar [[r.Streaming.PoolSize:1000]]
[2019.11.22-11.47.56:913][  0]LogConfig: Setting CVar [[r.Streaming.MaxEffectiveScreenSize:0]]
[2019.11.22-11.47.56:913][  0]LogConfig: Applying CVar settings from Section [EffectsQuality@3] File [C:/Users/nesac/Desktop/VRDigiWrangler/Saved/Config/Windows/Scalability.ini]
[2019.11.22-11.47.56:913][  0]LogConfig: Setting CVar [[r.TranslucencyLightingVolumeDim:64]]
[2019.11.22-11.47.56:913][  0]LogConfig: Setting CVar [[r.RefractionQuality:2]]
[2019.11.22-11.47.56:913][  0]LogConfig: Setting CVar [[r.SSR.Quality:3]]
[2019.11.22-11.47.56:913][  0]LogConfig: Setting CVar [[r.SceneColorFormat:4]]
[2019.11.22-11.47.56:913][  0]LogConfig: Setting CVar [[r.DetailMode:2]]
[2019.11.22-11.47.56:913][  0]LogConfig: Setting CVar [[r.TranslucencyVolumeBlur:1]]
[2019.11.22-11.47.56:913][  0]LogConfig: Setting CVar [[r.MaterialQualityLevel:1 ; High quality]]
[2019.11.22-11.47.56:913][  0]LogConfig: Setting CVar [[r.SSS.Scale:1]]
[2019.11.22-11.47.56:913][  0]LogConfig: Setting CVar [[r.SSS.SampleSet:2]]
[2019.11.22-11.47.56:913][  0]LogConfig: Setting CVar [[r.SSS.Quality:1]]
[2019.11.22-11.47.56:913][  0]LogConfig: Setting CVar [[r.SSS.HalfRes:1]]
[2019.11.22-11.47.56:913][  0]LogConfig: Setting CVar [[r.EmitterSpawnRateScale:1.0]]
[2019.11.22-11.47.56:913][  0]LogConfig: Setting CVar [[r.ParticleLightQuality:2]]
[2019.11.22-11.47.56:913][  0]LogConfig: Applying CVar settings from Section [FoliageQuality@3] File [C:/Users/nesac/Desktop/VRDigiWrangler/Saved/Config/Windows/Scalability.ini]
[2019.11.22-11.47.56:913][  0]LogConfig: Setting CVar [[foliage.DensityScale:1.0]]
[2019.11.22-11.47.56:913][  0]LogConfig: Setting CVar [[grass.DensityScale:1.0]]
[2019.11.22-11.47.56:913][  0]LogInit: Selected Device Profile: [Windows]
[2019.11.22-11.47.56:914][  0]LogInit: Applying CVar settings loaded from the selected device profile: [Windows]
[2019.11.22-11.47.56:925][  0]LogHAL: Display: Platform has ~ 16 GB [17012781056 / 17179869184 / 16], which maps to Larger [LargestMinGB=32, LargerMinGB=12, DefaultMinGB=8, SmallerMinGB=6, SmallestMinGB=0)
[2019.11.22-11.47.56:925][  0]LogConfig: Setting CVar [[r.Vulkan.UseRealUBs:0		; Required until we fix HLR fall-out]]
[2019.11.22-11.47.56:925][  0]LogInit: Going up to parent DeviceProfile []
[2019.11.22-11.47.56:925][  0]LogConfig: Applying CVar settings from Section [ViewDistanceQuality@3] File [C:/Users/nesac/Desktop/VRDigiWrangler/Saved/Config/Windows/Scalability.ini]
[2019.11.22-11.47.56:925][  0]LogConfig: Setting CVar [[r.SkeletalMeshLODBias:0]]
[2019.11.22-11.47.56:925][  0]LogConfig: Setting CVar [[r.ViewDistanceScale:1.0]]
[2019.11.22-11.47.56:925][  0]LogConfig: Applying CVar settings from Section [AntiAliasingQuality@3] File [C:/Users/nesac/Desktop/VRDigiWrangler/Saved/Config/Windows/Scalability.ini]
[2019.11.22-11.47.56:925][  0]LogConfig: Setting CVar [[r.PostProcessAAQuality:4]]
[2019.11.22-11.47.56:925][  0]LogConfig: Applying CVar settings from Section [ShadowQuality@3] File [C:/Users/nesac/Desktop/VRDigiWrangler/Saved/Config/Windows/Scalability.ini]
[2019.11.22-11.47.56:925][  0]LogConfig: Setting CVar [[r.LightFunctionQuality:1]]
[2019.11.22-11.47.56:925][  0]LogConfig: Setting CVar [[r.ShadowQuality:5]]
[2019.11.22-11.47.56:925][  0]LogConfig: Setting CVar [[r.Shadow.CSM.MaxCascades:10]]
[2019.11.22-11.47.56:925][  0]LogConfig: Setting CVar [[r.Shadow.MaxResolution:2048]]
[2019.11.22-11.47.56:925][  0]LogConfig: Setting CVar [[r.Shadow.MaxCSMResolution:2048]]
[2019.11.22-11.47.56:925][  0]LogConfig: Setting CVar [[r.Shadow.RadiusThreshold:0.01]]
[2019.11.22-11.47.56:925][  0]LogConfig: Setting CVar [[r.Shadow.DistanceScale:1.0]]
[2019.11.22-11.47.56:925][  0]LogConfig: Setting CVar [[r.Shadow.CSM.TransitionScale:1.0]]
[2019.11.22-11.47.56:926][  0]LogConfig: Setting CVar [[r.Shadow.PreShadowResolutionFactor:1.0]]
[2019.11.22-11.47.56:926][  0]LogConfig: Setting CVar [[r.DistanceFieldShadowing:1]]
[2019.11.22-11.47.56:926][  0]LogConfig: Setting CVar [[r.DistanceFieldAO:1]]
[2019.11.22-11.47.56:926][  0]LogConfig: Setting CVar [[r.AOQuality:2]]
[2019.11.22-11.47.56:926][  0]LogConfig: Setting CVar [[r.VolumetricFog:1]]
[2019.11.22-11.47.56:926][  0]LogConfig: Setting CVar [[r.VolumetricFog.GridPixelSize:8]]
[2019.11.22-11.47.56:926][  0]LogConfig: Setting CVar [[r.VolumetricFog.GridSizeZ:128]]
[2019.11.22-11.47.56:926][  0]LogConfig: Setting CVar [[r.VolumetricFog.HistoryMissSupersampleCount:4]]
[2019.11.22-11.47.56:926][  0]LogConfig: Setting CVar [[r.LightMaxDrawDistanceScale:1]]
[2019.11.22-11.47.56:926][  0]LogConfig: Setting CVar [[r.CapsuleShadows:1]]
[2019.11.22-11.47.56:926][  0]LogConfig: Applying CVar settings from Section [PostProcessQuality@3] File [C:/Users/nesac/Desktop/VRDigiWrangler/Saved/Config/Windows/Scalability.ini]
[2019.11.22-11.47.56:926][  0]LogConfig: Setting CVar [[r.MotionBlurQuality:4]]
[2019.11.22-11.47.56:926][  0]LogConfig: Setting CVar [[r.AmbientOcclusionMipLevelFactor:0.4]]
[2019.11.22-11.47.56:926][  0]LogConfig: Setting CVar [[r.AmbientOcclusionMaxQuality:100]]
[2019.11.22-11.47.56:926][  0]LogConfig: Setting CVar [[r.AmbientOcclusionLevels:-1]]
[2019.11.22-11.47.56:926][  0]LogConfig: Setting CVar [[r.AmbientOcclusionRadiusScale:1.0]]
[2019.11.22-11.47.56:926][  0]LogConfig: Setting CVar [[r.DepthOfFieldQuality:2]]
[2019.11.22-11.47.56:926][  0]LogConfig: Setting CVar [[r.RenderTargetPoolMin:400]]
[2019.11.22-11.47.56:926][  0]LogConfig: Setting CVar [[r.LensFlareQuality:2]]
[2019.11.22-11.47.56:926][  0]LogConfig: Setting CVar [[r.SceneColorFringeQuality:1]]
[2019.11.22-11.47.56:926][  0]LogConfig: Setting CVar [[r.EyeAdaptationQuality:2]]
[2019.11.22-11.47.56:927][  0]LogConfig: Setting CVar [[r.BloomQuality:5]]
[2019.11.22-11.47.56:927][  0]LogConfig: Setting CVar [[r.FastBlurThreshold:100]]
[2019.11.22-11.47.56:927][  0]LogConfig: Setting CVar [[r.Upscale.Quality:3]]
[2019.11.22-11.47.56:927][  0]LogConfig: Setting CVar [[r.Tonemapper.GrainQuantization:1]]
[2019.11.22-11.47.56:927][  0]LogConfig: Setting CVar [[r.LightShaftQuality:1]]
[2019.11.22-11.47.56:927][  0]LogConfig: Setting CVar [[r.Filter.SizeScale:1]]
[2019.11.22-11.47.56:927][  0]LogConfig: Setting CVar [[r.Tonemapper.Quality:5]]
[2019.11.22-11.47.56:927][  0]LogConfig: Setting CVar [[r.DOF.Gather.AccumulatorQuality:1        ; higher gathering accumulator quality]]
[2019.11.22-11.47.56:927][  0]LogConfig: Setting CVar [[r.DOF.Gather.PostfilterMethod:1          ; Median3x3 postfilering method]]
[2019.11.22-11.47.56:927][  0]LogConfig: Setting CVar [[r.DOF.Gather.EnableBokehSettings:0       ; no bokeh simulation when gathering]]
[2019.11.22-11.47.56:927][  0]LogConfig: Setting CVar [[r.DOF.Gather.RingCount:4                 ; medium number of samples when gathering]]
[2019.11.22-11.47.56:927][  0]LogConfig: Setting CVar [[r.DOF.Scatter.ForegroundCompositing:1    ; additive foreground scattering]]
[2019.11.22-11.47.56:927][  0]LogConfig: Setting CVar [[r.DOF.Scatter.BackgroundCompositing:2    ; additive background scattering]]
[2019.11.22-11.47.56:927][  0]LogConfig: Setting CVar [[r.DOF.Scatter.EnableBokehSettings:1      ; bokeh simulation when scattering]]
[2019.11.22-11.47.56:927][  0]LogConfig: Setting CVar [[r.DOF.Scatter.MaxSpriteRatio:0.1         ; only a maximum of 10% of scattered bokeh]]
[2019.11.22-11.47.56:927][  0]LogConfig: Setting CVar [[r.DOF.Recombine.Quality:1                ; cheap slight out of focus]]
[2019.11.22-11.47.56:927][  0]LogConfig: Setting CVar [[r.DOF.Recombine.EnableBokehSettings:0    ; no bokeh simulation on slight out of focus]]
[2019.11.22-11.47.56:927][  0]LogConfig: Setting CVar [[r.DOF.TemporalAAQuality:1                ; more stable temporal accumulation]]
[2019.11.22-11.47.56:927][  0]LogConfig: Setting CVar [[r.DOF.Kernel.MaxForegroundRadius:0.025]]
[2019.11.22-11.47.56:927][  0]LogConfig: Setting CVar [[r.DOF.Kernel.MaxBackgroundRadius:0.025]]
[2019.11.22-11.47.56:928][  0]LogConfig: Applying CVar settings from Section [TextureQuality@3] File [C:/Users/nesac/Desktop/VRDigiWrangler/Saved/Config/Windows/Scalability.ini]
[2019.11.22-11.47.56:928][  0]LogConfig: Setting CVar [[r.Streaming.MipBias:0]]
[2019.11.22-11.47.56:928][  0]LogConfig: Setting CVar [[r.Streaming.AmortizeCPUToGPUCopy:0]]
[2019.11.22-11.47.56:928][  0]LogConfig: Setting CVar [[r.Streaming.MaxNumTexturesToStreamPerFrame:0]]
[2019.11.22-11.47.56:928][  0]LogConfig: Setting CVar [[r.Streaming.Boost:1]]
[2019.11.22-11.47.56:928][  0]LogConfig: Setting CVar [[r.MaxAnisotropy:8]]
[2019.11.22-11.47.56:928][  0]LogConfig: Setting CVar [[r.Streaming.LimitPoolSizeToVRAM:0]]
[2019.11.22-11.47.56:928][  0]LogConfig: Setting CVar [[r.Streaming.PoolSize:1000]]
[2019.11.22-11.47.56:928][  0]LogConfig: Setting CVar [[r.Streaming.MaxEffectiveScreenSize:0]]
[2019.11.22-11.47.56:928][  0]LogConfig: Applying CVar settings from Section [EffectsQuality@3] File [C:/Users/nesac/Desktop/VRDigiWrangler/Saved/Config/Windows/Scalability.ini]
[2019.11.22-11.47.56:928][  0]LogConfig: Setting CVar [[r.TranslucencyLightingVolumeDim:64]]
[2019.11.22-11.47.56:928][  0]LogConfig: Setting CVar [[r.RefractionQuality:2]]
[2019.11.22-11.47.56:928][  0]LogConfig: Setting CVar [[r.SSR.Quality:3]]
[2019.11.22-11.47.56:928][  0]LogConfig: Setting CVar [[r.SceneColorFormat:4]]
[2019.11.22-11.47.56:928][  0]LogConfig: Setting CVar [[r.DetailMode:2]]
[2019.11.22-11.47.56:928][  0]LogConfig: Setting CVar [[r.TranslucencyVolumeBlur:1]]
[2019.11.22-11.47.56:928][  0]LogConfig: Setting CVar [[r.MaterialQualityLevel:1 ; High quality]]
[2019.11.22-11.47.56:928][  0]LogConfig: Setting CVar [[r.SSS.Scale:1]]
[2019.11.22-11.47.56:928][  0]LogConfig: Setting CVar [[r.SSS.SampleSet:2]]
[2019.11.22-11.47.56:928][  0]LogConfig: Setting CVar [[r.SSS.Quality:1]]
[2019.11.22-11.47.56:928][  0]LogConfig: Setting CVar [[r.SSS.HalfRes:1]]
[2019.11.22-11.47.56:929][  0]LogConfig: Setting CVar [[r.EmitterSpawnRateScale:1.0]]
[2019.11.22-11.47.56:929][  0]LogConfig: Setting CVar [[r.ParticleLightQuality:2]]
[2019.11.22-11.47.56:929][  0]LogConfig: Applying CVar settings from Section [FoliageQuality@3] File [C:/Users/nesac/Desktop/VRDigiWrangler/Saved/Config/Windows/Scalability.ini]
[2019.11.22-11.47.56:929][  0]LogConfig: Setting CVar [[foliage.DensityScale:1.0]]
[2019.11.22-11.47.56:929][  0]LogConfig: Setting CVar [[grass.DensityScale:1.0]]
[2019.11.22-11.47.56:929][  0]LogConfig: Applying CVar settings from Section [Startup] File [../../../Engine/Config/ConsoleVariables.ini]
[2019.11.22-11.47.56:929][  0]LogConfig: Setting CVar [[net.UseAdaptiveNetUpdateFrequency:0]]
[2019.11.22-11.47.56:929][  0]LogConfig: Setting CVar [[p.chaos.AllowCreatePhysxBodies:1]]
[2019.11.22-11.47.56:929][  0]LogConfig: Applying CVar settings from Section [ConsoleVariables] File [C:/Users/nesac/Desktop/VRDigiWrangler/Saved/Config/Windows/Engine.ini]
[2019.11.22-11.47.56:929][  0]LogInit: Computer: DESKTOP-OF6PSF5
[2019.11.22-11.47.56:929][  0]LogInit: User: ness
[2019.11.22-11.47.56:929][  0]LogInit: CPU Page size=4096, Cores=6
[2019.11.22-11.47.56:929][  0]LogInit: High frequency timer resolution =10.000000 MHz
[2019.11.22-11.47.56:930][  0]LogMemory: Memory total: Physical=15.8GB (16GB approx)
[2019.11.22-11.47.56:930][  0]LogMemory: Platform Memory Stats for Windows
[2019.11.22-11.47.56:930][  0]LogMemory: Process Physical Memory: 96.78 MB used, 96.78 MB peak
[2019.11.22-11.47.56:930][  0]LogMemory: Process Virtual Memory: 91.41 MB used, 91.41 MB peak
[2019.11.22-11.47.56:930][  0]LogMemory: Physical Memory: 8286.85 MB used,  7937.80 MB free, 16224.65 MB total
[2019.11.22-11.47.56:930][  0]LogMemory: Virtual Memory: 4676.22 MB used,  134213048.00 MB free, 134217728.00 MB total
[2019.11.22-11.47.57:128][  0]LogInit: Using OS detected language (en-US).
[2019.11.22-11.47.57:128][  0]LogInit: Using OS detected locale (en-CA).
[2019.11.22-11.47.57:129][  0]LogTextLocalizationManager: No specific localization for 'en-US' exists, so the 'en' localization will be used.
[2019.11.22-11.47.57:255][  0]LogInit: Setting process to per monitor DPI aware
[2019.11.22-11.47.57:298][  0]LogSlate: New Slate User Created.  User Index 0, Is Virtual User: 0
[2019.11.22-11.47.57:298][  0]LogSlate: Slate User Registered.  User Index 0, Is Virtual User: 0
[2019.11.22-11.47.57:449][  0]LogHMD: Failed to initialize OpenVR with code 110
[2019.11.22-11.47.57:449][  0]LogD3D11RHI: D3D11 adapters:
[2019.11.22-11.47.57:533][  0]LogD3D11RHI:    0. 'NVIDIA GeForce GTX 1650' (Feature Level 11_0)
[2019.11.22-11.47.57:533][  0]LogD3D11RHI:       3962/0/8112 MB DedicatedVideo/DedicatedSystem/SharedSystem, Outputs:1, VendorId:0x10de
[2019.11.22-11.47.57:563][  0]LogD3D11RHI:    1. 'Intel(R) UHD Graphics 630' (Feature Level 11_0)
[2019.11.22-11.47.57:564][  0]LogD3D11RHI:       128/0/8112 MB DedicatedVideo/DedicatedSystem/SharedSystem, Outputs:0, VendorId:0x8086
[2019.11.22-11.47.57:568][  0]LogD3D11RHI:    2. 'Microsoft Basic Render Driver' (Feature Level 11_0)
[2019.11.22-11.47.57:568][  0]LogD3D11RHI:       0/0/8112 MB DedicatedVideo/DedicatedSystem/SharedSystem, Outputs:0, VendorId:0x1414
[2019.11.22-11.47.57:568][  0]LogD3D11RHI: Chosen D3D11 Adapter: 0
[2019.11.22-11.47.57:600][  0]LogD3D11RHI: Creating new Direct3DDevice
[2019.11.22-11.47.57:600][  0]LogD3D11RHI:     GPU DeviceId: 0x1f91 (for the marketing name, search the web for "GPU Device Id")
[2019.11.22-11.47.57:600][  0]LogWindows: EnumDisplayDevices:
[2019.11.22-11.47.57:600][  0]LogWindows:    0. 'Intel(R) UHD Graphics 630' (P:1 D:1)
[2019.11.22-11.47.57:601][  0]LogWindows:    1. 'Intel(R) UHD Graphics 630' (P:0 D:0)
[2019.11.22-11.47.57:601][  0]LogWindows:    2. 'Intel(R) UHD Graphics 630' (P:0 D:0)
[2019.11.22-11.47.57:601][  0]LogWindows:    3. 'NVIDIA GeForce GTX 1650' (P:0 D:0)
[2019.11.22-11.47.57:601][  0]LogWindows: DebugString: PrimaryIsNotTheChoosenAdapter PrimaryIsNotTheChoosenAdapter PrimaryIsNotTheChoosenAdapter 
[2019.11.22-11.47.57:601][  0]LogD3D11RHI:     Adapter Name: NVIDIA GeForce GTX 1650
[2019.11.22-11.47.57:602][  0]LogD3D11RHI:   Driver Version: 419.71 (internal:25.21.14.1971, unified:419.71)
[2019.11.22-11.47.57:602][  0]LogD3D11RHI:      Driver Date: 3-18-2019
[2019.11.22-11.47.57:602][  0]LogRHI: Texture pool is 2773 MB (70% of 3962 MB)
[2019.11.22-11.47.57:652][  0]LogD3D11RHI: Async texture creation enabled
[2019.11.22-11.47.57:656][  0]LogRendererCore: FGlobalReadBuffer::InitRHI
[2019.11.22-11.47.57:657][  0]LogRendererCore: FGlobalReadBuffer::InitRHI
[2019.11.22-11.47.57:657][  0]LogRendererCore: FGlobalReadBuffer::InitRHI
[2019.11.22-11.47.57:670][  0]LogD3D11RHI: GPU Timing Frequency: 1000.000000 (Debug: 2 2)
[2019.11.22-11.47.57:921][  0]LogTemp: Display: Module 'AllDesktopTargetPlatform' loaded TargetPlatform 'AllDesktop'
[2019.11.22-11.47.57:936][  0]LogTemp: Display: Module 'MacClientTargetPlatform' loaded TargetPlatform 'MacClient'
[2019.11.22-11.47.57:949][  0]LogTemp: Display: Module 'MacNoEditorTargetPlatform' loaded TargetPlatform 'MacNoEditor'
[2019.11.22-11.47.57:963][  0]LogTemp: Display: Module 'MacServerTargetPlatform' loaded TargetPlatform 'MacServer'
[2019.11.22-11.47.57:976][  0]LogTemp: Display: Module 'MacTargetPlatform' loaded TargetPlatform 'Mac'
[2019.11.22-11.47.57:990][  0]LogTemp: Display: Module 'WindowsClientTargetPlatform' loaded TargetPlatform 'WindowsClient'
[2019.11.22-11.47.58:003][  0]LogTemp: Display: Module 'WindowsNoEditorTargetPlatform' loaded TargetPlatform 'WindowsNoEditor'
[2019.11.22-11.47.58:015][  0]LogTemp: Display: Module 'WindowsServerTargetPlatform' loaded TargetPlatform 'WindowsServer'
[2019.11.22-11.47.58:022][  0]LogTemp: Display: Module 'WindowsTargetPlatform' loaded TargetPlatform 'Windows'
[2019.11.22-11.47.58:089][  0]LogTemp: Display: Module 'AndroidTargetPlatform' loaded TargetPlatform 'Android'
[2019.11.22-11.47.58:089][  0]LogTemp: Display: Module 'AndroidTargetPlatform' loaded TargetPlatform 'Android_ASTC'
[2019.11.22-11.47.58:089][  0]LogTemp: Display: Module 'AndroidTargetPlatform' loaded TargetPlatform 'Android_ATC'
[2019.11.22-11.47.58:089][  0]LogTemp: Display: Module 'AndroidTargetPlatform' loaded TargetPlatform 'Android_DXT'
[2019.11.22-11.47.58:089][  0]LogTemp: Display: Module 'AndroidTargetPlatform' loaded TargetPlatform 'Android_ETC1'
[2019.11.22-11.47.58:089][  0]LogTemp: Display: Module 'AndroidTargetPlatform' loaded TargetPlatform 'Android_ETC1a'
[2019.11.22-11.47.58:089][  0]LogTemp: Display: Module 'AndroidTargetPlatform' loaded TargetPlatform 'Android_ETC2'
[2019.11.22-11.47.58:089][  0]LogTemp: Display: Module 'AndroidTargetPlatform' loaded TargetPlatform 'Android_PVRTC'
[2019.11.22-11.47.58:089][  0]LogTemp: Display: Module 'AndroidTargetPlatform' loaded TargetPlatform 'AndroidClient'
[2019.11.22-11.47.58:089][  0]LogTemp: Display: Module 'AndroidTargetPlatform' loaded TargetPlatform 'Android_ASTCClient'
[2019.11.22-11.47.58:089][  0]LogTemp: Display: Module 'AndroidTargetPlatform' loaded TargetPlatform 'Android_ATCClient'
[2019.11.22-11.47.58:090][  0]LogTemp: Display: Module 'AndroidTargetPlatform' loaded TargetPlatform 'Android_DXTClient'
[2019.11.22-11.47.58:090][  0]LogTemp: Display: Module 'AndroidTargetPlatform' loaded TargetPlatform 'Android_ETC1Client'
[2019.11.22-11.47.58:090][  0]LogTemp: Display: Module 'AndroidTargetPlatform' loaded TargetPlatform 'Android_ETC1aClient'
[2019.11.22-11.47.58:090][  0]LogTemp: Display: Module 'AndroidTargetPlatform' loaded TargetPlatform 'Android_ETC2Client'
[2019.11.22-11.47.58:090][  0]LogTemp: Display: Module 'AndroidTargetPlatform' loaded TargetPlatform 'Android_PVRTCClient'
[2019.11.22-11.47.58:090][  0]LogTemp: Display: Module 'AndroidTargetPlatform' loaded TargetPlatform 'Android_Multi'
[2019.11.22-11.47.58:090][  0]LogTemp: Display: Module 'AndroidTargetPlatform' loaded TargetPlatform 'Android_MultiClient'
[2019.11.22-11.47.58:092][  0]LogTemp: Display: Module 'HTML5TargetPlatform' loaded TargetPlatform 'HTML5'
[2019.11.22-11.47.58:142][  0]LogTemp: Display: Module 'IOSTargetPlatform' loaded TargetPlatform 'IOSClient'
[2019.11.22-11.47.58:143][  0]LogTemp: Display: Module 'IOSTargetPlatform' loaded TargetPlatform 'IOS'
[2019.11.22-11.47.58:164][  0]LogTemp: Display: Module 'TVOSTargetPlatform' loaded TargetPlatform 'TVOSClient'
[2019.11.22-11.47.58:164][  0]LogTemp: Display: Module 'TVOSTargetPlatform' loaded TargetPlatform 'TVOS'
[2019.11.22-11.47.58:176][  0]LogTemp: Display: Module 'LinuxClientTargetPlatform' loaded TargetPlatform 'LinuxClient'
[2019.11.22-11.47.58:188][  0]LogTemp: Display: Module 'LinuxNoEditorTargetPlatform' loaded TargetPlatform 'LinuxNoEditor'
[2019.11.22-11.47.58:200][  0]LogTemp: Display: Module 'LinuxServerTargetPlatform' loaded TargetPlatform 'LinuxServer'
[2019.11.22-11.47.58:212][  0]LogTemp: Display: Module 'LinuxTargetPlatform' loaded TargetPlatform 'Linux'
[2019.11.22-11.47.58:252][  0]LogTemp: Display: Module 'LuminTargetPlatform' loaded TargetPlatform 'Lumin'
[2019.11.22-11.47.58:252][  0]LogTemp: Display: Module 'LuminTargetPlatform' loaded TargetPlatform 'LuminClient'
[2019.11.22-11.47.58:252][  0]LogTargetPlatformManager: Display: Building Assets For Windows
[2019.11.22-11.47.58:265][  0]LogAudioDebug: Display: Lib vorbis DLL was dynamically loaded.
[2019.11.22-11.47.58:338][  0]LogShaderCompilers: Guid format shader working directory is -7 characters bigger than the processId version (../../../../../../Users/nesac/Desktop/VRDigiWrangler/Intermediate/Shaders/WorkingDirectory/19336/).
[2019.11.22-11.47.58:338][  0]LogShaderCompilers: Cleaned the shader compiler working directory 'C:/Users/nesac/AppData/Local/Temp/UnrealShaderWorkingDir/45AC16C34F4E054BDCD6FF90D230AC10/'.
[2019.11.22-11.47.58:340][  0]LogXGEController: Cleaning working directory: C:/Users/nesac/AppData/Local/Temp/UnrealXGEWorkingDir/
[2019.11.22-11.47.58:341][  0]LogXGEController: Cannot use XGE Controller as Incredibuild is not installed on this machine.
[2019.11.22-11.47.58:341][  0]LogShaderCompilers: Cannot use XGE Shader Compiler as Incredibuild is not installed on this machine.
[2019.11.22-11.47.58:341][  0]LogShaderCompilers: Display: Using Local Shader Compiler.
[2019.11.22-11.47.58:814][  0]LogDerivedDataCache: Display: Max Cache Size: 512 MB
[2019.11.22-11.47.58:855][  0]LogDerivedDataCache: Loaded boot cache 0.04s 71MB C:/Users/nesac/AppData/Local/UnrealEngine/4.22/DerivedDataCache/Boot.ddc.
[2019.11.22-11.47.58:855][  0]LogDerivedDataCache: Display: Loaded Boot cache: C:/Users/nesac/AppData/Local/UnrealEngine/4.22/DerivedDataCache/Boot.ddc
[2019.11.22-11.47.58:855][  0]LogDerivedDataCache: FDerivedDataBackendGraph:  Pak pak cache file ../../../../../../Users/nesac/Desktop/VRDigiWrangler/DerivedDataCache/DDC.ddp not found, will not use a pak cache.
[2019.11.22-11.47.58:855][  0]LogDerivedDataCache: Unable to find inner node Pak for hierarchical cache Hierarchy.
[2019.11.22-11.47.58:855][  0]LogDerivedDataCache: FDerivedDataBackendGraph:  CompressedPak pak cache file ../../../../../../Users/nesac/Desktop/VRDigiWrangler/DerivedDataCache/Compressed.ddp not found, will not use a pak cache.
[2019.11.22-11.47.58:855][  0]LogDerivedDataCache: Unable to find inner node CompressedPak for hierarchical cache Hierarchy.
[2019.11.22-11.47.58:866][  0]LogDerivedDataCache: Display: Pak cache opened for reading ../../../Engine/DerivedDataCache/Compressed.ddp.
[2019.11.22-11.47.58:866][  0]LogDerivedDataCache: FDerivedDataBackendGraph:  EnterprisePak pak cache file ../../../Enterprise/DerivedDataCache/Compressed.ddp not found, will not use a pak cache.
[2019.11.22-11.47.58:866][  0]LogDerivedDataCache: Unable to find inner node EnterprisePak for hierarchical cache Hierarchy.
[2019.11.22-11.47.58:879][  0]LogDerivedDataCache: Using Local data cache path C:/Users/nesac/AppData/Local/UnrealEngine/Common/DerivedDataCache: Writable
[2019.11.22-11.47.58:879][  0]LogDerivedDataCache: Shared data cache path not found in *engine.ini, will not use an Shared cache.
[2019.11.22-11.47.58:879][  0]LogDerivedDataCache: Unable to find inner node Shared for hierarchical cache Hierarchy.
[2019.11.22-11.47.58:910][  0]LogMaterial: Verifying Global Shaders for PCD3D_SM5
[2019.11.22-11.47.58:911][  0]LogSlate: Using FreeType 2.6.0
[2019.11.22-11.47.58:912][  0]LogSlate: SlateFontServices - WITH_FREETYPE: 1, WITH_HARFBUZZ: 1
[2019.11.22-11.47.58:985][  0]LogAssetRegistry: FAssetRegistry took 0.0327 seconds to start up
[2019.11.22-11.47.59:244][  0]LogInit: Selected Device Profile: [Windows]
[2019.11.22-11.47.59:367][  0]LogMeshReduction: Using QuadricMeshReduction for automatic static mesh reduction
[2019.11.22-11.47.59:367][  0]LogMeshReduction: Using SimplygonMeshReduction for automatic skeletal mesh reduction
[2019.11.22-11.47.59:367][  0]LogMeshReduction: Using ProxyLODMeshReduction for automatic mesh merging
[2019.11.22-11.47.59:367][  0]LogMeshReduction: No distributed automatic mesh merging module available
[2019.11.22-11.47.59:367][  0]LogMeshMerging: No distributed automatic mesh merging module available
[2019.11.22-11.47.59:376][  0]LogNetVersion: VRDigiWrangler 1.0.0, NetCL: 5660361, EngineNetVer: 10, GameNetVer: 0 (Checksum: 1591920321)
[2019.11.22-11.47.59:683][  0]LogPackageLocalizationCache: Processed 10 localized package path(s) for 1 prioritized culture(s) in 0.032593 seconds
[2019.11.22-11.47.59:688][  0]LogUObjectArray: 42205 objects as part of root set at end of initial load.
[2019.11.22-11.47.59:688][  0]LogUObjectAllocator: 7325032 out of 0 bytes used by permanent object pool.
[2019.11.22-11.47.59:688][  0]LogUObjectArray: CloseDisregardForGC: 0/0 objects in disregard for GC pool
[2019.11.22-11.48.00:428][  0]LogTcpMessaging: Initializing TcpMessaging bridge
[2019.11.22-11.48.00:446][  0]LogUdpMessaging: Initializing bridge on interface 0.0.0.0:0 to multicast group 230.0.0.1:6666.
[2019.11.22-11.48.00:601][  0]SourceControl: Source control is disabled
[2019.11.22-11.48.00:601][  0]SourceControl: Source control is disabled
[2019.11.22-11.48.00:604][  0]SourceControl: Source control is disabled
[2019.11.22-11.48.00:607][  0]SourceControl: Source control is disabled
[2019.11.22-11.48.00:717][  0]LogAndroidPermission: UAndroidPermissionCallbackProxy::GetInstance
[2019.11.22-11.48.01:427][  0]LogOcInput: OculusInput pre-init called
[2019.11.22-11.48.02:012][  0]LogEngine: Initializing Engine...
[2019.11.22-11.48.02:013][  0]LogHMD: Failed to initialize OpenVR with code 110
[2019.11.22-11.48.02:014][  0]LogStats: UGameplayTagsManager::InitializeManager -  0.000 s
[2019.11.22-11.48.02:182][  0]LogInit: Initializing FReadOnlyCVARCache
[2019.11.22-11.48.02:195][  0]LogAIModule: Creating AISystem for world Untitled
[2019.11.22-11.48.02:208][  0]LogInit: XAudio2 using 'Speakers (Realtek(R) Audio)' : 6 channels at 48 kHz using 32 bits per sample (channel mask 0x3f)
[2019.11.22-11.48.02:514][  0]LogInit: FAudioDevice initialized.
[2019.11.22-11.48.02:514][  0]LogNetVersion: Set ProjectVersion to 1.0.0.0. Version Checksum will be recalculated on next use.
[2019.11.22-11.48.02:557][  0]LogDerivedDataCache: Saved boot cache 0.04s 71MB C:/Users/nesac/AppData/Local/UnrealEngine/4.22/DerivedDataCache/Boot.ddc.
[2019.11.22-11.48.02:566][  0]LogInit: Texture streaming: Enabled
[2019.11.22-11.48.02:587][  0]LogEngineSessionManager: EngineSessionManager initialized
[2019.11.22-11.48.02:607][  0]LogInit: Transaction tracking system initialized
[2019.11.22-11.48.02:637][  0]BlueprintLog: New page: Editor Load
[2019.11.22-11.48.02:739][  0]LocalizationService: Localization service is disabled
[2019.11.22-11.48.03:008][  0]LogFileCache: Scanning file cache for directory 'C:/Users/nesac/Desktop/VRDigiWrangler/Content/' took 0.01s
[2019.11.22-11.48.03:008][  0]LogCook: Display: Max memory allowance for cook 16384mb min free memory 0mb
[2019.11.22-11.48.03:009][  0]LogCook: Display: Mobile HDR setting 1
[2019.11.22-11.48.03:200][  0]SourceControl: Source control is disabled
[2019.11.22-11.48.03:201][  0]Cmd: MAP LOAD FILE="../../../../../../Users/nesac/Desktop/VRDigiWrangler/Content/VRDigiWrangler.umap" TEMPLATE=0 SHOWPROGRESS=1 FEATURELEVEL=3
[2019.11.22-11.48.03:201][  0]LightingResults: New page: Lighting Build
[2019.11.22-11.48.03:203][  0]MapCheck: New page: Map Check
[2019.11.22-11.48.03:203][  0]LightingResults: New page: Lighting Build
[2019.11.22-11.48.03:230][  0]LogUObjectHash: Compacting FUObjectHashTables data took   1.32ms
[2019.11.22-11.48.03:299][  0]LogAIModule: Creating AISystem for world VRDigiWrangler
[2019.11.22-11.48.03:301][  0]PIE: Warning: AttachTo: '/Game/VRDigiWrangler.VRDigiWrangler:PersistentLevel.BP_MainPlayer_2.Capsule Component' root component cannot be attached to other components in the same actor. Aborting.
[2019.11.22-11.48.03:302][  0]LogEditorServer: Finished looking for orphan Actors (0.000 secs)
[2019.11.22-11.48.03:330][  0]LogUObjectHash: Compacting FUObjectHashTables data took   1.57ms
[2019.11.22-11.48.03:330][  0]Cmd: MAP CHECKDEP NOCLEARLOG
[2019.11.22-11.48.03:331][  0]MapCheck: Map check complete: 0 Error(s), 0 Warning(s), took 0.133ms to complete.
[2019.11.22-11.48.03:331][  0]LogFileHelpers: Loading map 'VRDigiWrangler' took 0.130
[2019.11.22-11.48.03:451][  0]LogSlate: Updating window title bar state: overlay mode, drag disabled, window buttons hidden, title bar hidden
[2019.11.22-11.48.03:457][  0]LogSlate: Updating window title bar state: overlay mode, drag disabled, window buttons hidden, title bar hidden
[2019.11.22-11.48.03:463][  0]LogSlate: Updating window title bar state: overlay mode, drag disabled, window buttons hidden, title bar hidden
[2019.11.22-11.48.03:470][  0]LogSlate: Updating window title bar state: overlay mode, drag disabled, window buttons hidden, title bar hidden
[2019.11.22-11.48.03:476][  0]LogCollectionManager: Loaded 0 collections in 0.001872 seconds
[2019.11.22-11.48.03:493][  0]LogFileCache: Scanning file cache for directory 'C:/Users/nesac/Desktop/VRDigiWrangler/Saved/Collections/' took 0.01s
[2019.11.22-11.48.03:493][  0]LogFileCache: Scanning file cache for directory 'C:/Users/nesac/Desktop/VRDigiWrangler/Content/Developers/ness/Collections/' took 0.00s
[2019.11.22-11.48.03:493][  0]LogFileCache: Scanning file cache for directory 'C:/Users/nesac/Desktop/VRDigiWrangler/Content/Collections/' took 0.00s
[2019.11.22-11.48.03:493][  0]LogCollectionManager: Rebuilt the GUID cache for 0 collections in 0.000000 seconds
[2019.11.22-11.48.03:501][  0]LogContentBrowser: Native class hierarchy populated in 0.0074 seconds. Added 2735 classes and 662 folders.
[2019.11.22-11.48.03:506][  0]LogContentBrowser: Native class hierarchy updated for 'WidgetCarousel' in 0.0003 seconds. Added 0 classes and 0 folders.
[2019.11.22-11.48.03:508][  0]LogPakFile: Registered encryption key '00000000000000000000000000000000': 0 pak files mounted, 0 remain pending
[2019.11.22-11.48.03:508][  0]LogPakFile: Registered encryption key '00000000000000000000000000000000': 0 pak files mounted, 0 remain pending
[2019.11.22-11.48.03:509][  0]LogPakFile: Registered encryption key '00000000000000000000000000000000': 0 pak files mounted, 0 remain pending
[2019.11.22-11.48.03:509][  0]LogPakFile: Registered encryption key '00000000000000000000000000000000': 0 pak files mounted, 0 remain pending
[2019.11.22-11.48.03:509][  0]LogPakFile: Registered encryption key '00000000000000000000000000000000': 0 pak files mounted, 0 remain pending
[2019.11.22-11.48.03:510][  0]LogPakFile: Registered encryption key '00000000000000000000000000000000': 0 pak files mounted, 0 remain pending
[2019.11.22-11.48.03:510][  0]LogPakFile: Registered encryption key '00000000000000000000000000000000': 0 pak files mounted, 0 remain pending
[2019.11.22-11.48.03:510][  0]LogPakFile: Registered encryption key '00000000000000000000000000000000': 0 pak files mounted, 0 remain pending
[2019.11.22-11.48.03:511][  0]LogPakFile: Registered encryption key '00000000000000000000000000000000': 0 pak files mounted, 0 remain pending
[2019.11.22-11.48.03:511][  0]LogPakFile: Registered encryption key '00000000000000000000000000000000': 0 pak files mounted, 0 remain pending
[2019.11.22-11.48.03:512][  0]LogPakFile: Registered encryption key '00000000000000000000000000000000': 0 pak files mounted, 0 remain pending
[2019.11.22-11.48.03:512][  0]LogPakFile: Registered encryption key '00000000000000000000000000000000': 0 pak files mounted, 0 remain pending
[2019.11.22-11.48.03:512][  0]LogPakFile: Registered encryption key '00000000000000000000000000000000': 0 pak files mounted, 0 remain pending
[2019.11.22-11.48.03:513][  0]LogPakFile: Registered encryption key '00000000000000000000000000000000': 0 pak files mounted, 0 remain pending
[2019.11.22-11.48.03:513][  0]LogPakFile: Registered encryption key '00000000000000000000000000000000': 0 pak files mounted, 0 remain pending
[2019.11.22-11.48.03:514][  0]LogPakFile: Registered encryption key '00000000000000000000000000000000': 0 pak files mounted, 0 remain pending
[2019.11.22-11.48.03:514][  0]LogPakFile: Registered encryption key '00000000000000000000000000000000': 0 pak files mounted, 0 remain pending
[2019.11.22-11.48.03:515][  0]LogPakFile: Registered encryption key '00000000000000000000000000000000': 0 pak files mounted, 0 remain pending
[2019.11.22-11.48.03:515][  0]LogPakFile: Registered encryption key '00000000000000000000000000000000': 0 pak files mounted, 0 remain pending
[2019.11.22-11.48.03:515][  0]LogPakFile: Registered encryption key '00000000000000000000000000000000': 0 pak files mounted, 0 remain pending
[2019.11.22-11.48.03:516][  0]LogPakFile: Registered encryption key '00000000000000000000000000000000': 0 pak files mounted, 0 remain pending
[2019.11.22-11.48.03:516][  0]LogPakFile: Registered encryption key '00000000000000000000000000000000': 0 pak files mounted, 0 remain pending
[2019.11.22-11.48.03:517][  0]LogPakFile: Registered encryption key '00000000000000000000000000000000': 0 pak files mounted, 0 remain pending
[2019.11.22-11.48.03:517][  0]LogPakFile: Registered encryption key '00000000000000000000000000000000': 0 pak files mounted, 0 remain pending
[2019.11.22-11.48.03:518][  0]LogPakFile: Registered encryption key '00000000000000000000000000000000': 0 pak files mounted, 0 remain pending
[2019.11.22-11.48.03:518][  0]LogPakFile: Registered encryption key '00000000000000000000000000000000': 0 pak files mounted, 0 remain pending
[2019.11.22-11.48.03:541][  0]LogContentBrowser: Native class hierarchy updated for 'AddContentDialog' in 0.0003 seconds. Added 0 classes and 0 folders.
[2019.11.22-11.48.03:547][  0]LogContentBrowser: Native class hierarchy updated for 'SceneOutliner' in 0.0004 seconds. Added 1 classes and 2 folders.
[2019.11.22-11.48.03:556][  0]LogSlate: Took 0.000293 seconds to synchronously load lazily loaded font '../../../Engine/Content/Slate/Fonts/Roboto-Regular.ttf' (155K)
[2019.11.22-11.48.03:559][  0]LogSlate: Took 0.000113 seconds to synchronously load lazily loaded font '../../../Engine/Content/Slate/Fonts/Roboto-Bold.ttf' (160K)
[2019.11.22-11.48.03:561][  0]LogSlate: Took 0.000103 seconds to synchronously load lazily loaded font '../../../Engine/Content/Editor/Slate/Fonts/FontAwesome.ttf' (139K)
[2019.11.22-11.48.03:602][  0]LogRenderer: Reallocating scene render targets to support 1224x436 Format 10 NumSamples 1 (Frame:1).
[2019.11.22-11.48.03:648][  0]LogSlate: Took 0.000124 seconds to synchronously load lazily loaded font '../../../Engine/Content/Slate/Fonts/Roboto-Light.ttf' (167K)
[2019.11.22-11.48.03:741][  0]LogContentBrowser: Native class hierarchy updated for 'HierarchicalLODOutliner' in 0.0006 seconds. Added 0 classes and 0 folders.
[2019.11.22-11.48.03:741][  0]LogLoad: (Engine Initialization) Total time: 8.75 seconds
[2019.11.22-11.48.03:741][  0]LogLoad: (Engine Initialization) Total Blueprint compile time: 0.00 seconds
[2019.11.22-11.48.03:783][  0]LogAssetRegistry: Asset discovery search completed in 4.8222 seconds
[2019.11.22-11.48.03:785][  0]LogCollectionManager: Rebuilt the object cache for 0 collections in 0.000000 seconds (found 0 objects)
[2019.11.22-11.48.03:785][  0]LogCollectionManager: Fixed up redirectors for 0 collections in 0.000100 seconds (updated 0 objects)
[2019.11.22-11.48.03:787][  0]LogContentStreaming: Texture pool size now 1000 MB
[2019.11.22-11.48.34:129][814]LogSlate: FSceneViewport::OnFocusLost() reason 0
[2019.11.22-11.48.51:407][534]LogSlate: Window 'Save Level As' being destroyed
[2019.11.22-11.48.51:416][534]LogSlate: Took 0.000228 seconds to synchronously load lazily loaded font '../../../Engine/Content/Slate/Fonts/Roboto-Light.ttf' (167K)
[2019.11.22-11.48.51:494][534]LogUObjectHash: Compacting FUObjectHashTables data took   1.46ms
[2019.11.22-11.48.51:549][534]LogAIModule: Creating AISystem for world VRDigiWrangler
[2019.11.22-11.48.51:555][534]Cmd: OBJ SAVEPACKAGE PACKAGE="/Game/Level/VRDigiWrangler" FILE="../../../../../../Users/nesac/Desktop/VRDigiWrangler/Content/Level/VRDigiWrangler.umap" SILENT=true AUTOSAVING=false KEEPDIRTY=false
[2019.11.22-11.48.51:587][534]LogUObjectHash: Compacting FUObjectHashTables data took   1.47ms
[2019.11.22-11.48.51:663][534]LogSavePackage: Moving '../../../../../../Users/nesac/Desktop/VRDigiWrangler/Saved/VRDigiWranglerB5AC5CE042E72BAC893C698AC4835929.tmp' to '../../../../../../Users/nesac/Desktop/VRDigiWrangler/Content/Level/VRDigiWrangler.umap'
[2019.11.22-11.48.51:669][534]Cmd: OBJ SAVEPACKAGE PACKAGE="/Game/Level/VRDigiWrangler_BuiltData" FILE="../../../../../../Users/nesac/Desktop/VRDigiWrangler/Content/Level/VRDigiWrangler_BuiltData.uasset" SILENT=true
[2019.11.22-11.48.51:680][534]LogSavePackage: Moving '../../../../../../Users/nesac/Desktop/VRDigiWrangler/Saved/VRDigiWrangler_BuiltData965825444DE698CD11F56E817BC487FF.tmp' to '../../../../../../Users/nesac/Desktop/VRDigiWrangler/Content/Level/VRDigiWrangler_BuiltData.uasset'
[2019.11.22-11.48.51:685][534]LogFileHelpers: Saving map 'VRDigiWrangler' took 0.273
[2019.11.22-11.48.51:686][534]Cmd: MAP LOAD FILE="../../../../../../Users/nesac/Desktop/VRDigiWrangler/Content/Level/VRDigiWrangler.umap" TEMPLATE=0 SHOWPROGRESS=1 FEATURELEVEL=3
[2019.11.22-11.48.51:701][534]LightingResults: New page: Lighting Build
[2019.11.22-11.48.51:701][534]LoadErrors: New page: Loading map: VRDigiWrangler.umap
[2019.11.22-11.48.51:705][534]MapCheck: New page: Map Check
[2019.11.22-11.48.51:705][534]LightingResults: New page: Lighting Build
[2019.11.22-11.48.51:729][534]LogUObjectHash: Compacting FUObjectHashTables data took   1.49ms
[2019.11.22-11.48.51:741][534]LogEditorServer: Finished looking for orphan Actors (0.000 secs)
[2019.11.22-11.48.51:765][534]LogUObjectHash: Compacting FUObjectHashTables data took   1.22ms
[2019.11.22-11.48.51:789][534]Cmd: MAP CHECKDEP NOCLEARLOG
[2019.11.22-11.48.51:789][534]MapCheck: Map check complete: 0 Error(s), 0 Warning(s), took 0.112ms to complete.
[2019.11.22-11.48.51:790][534]LogFileHelpers: Loading map 'VRDigiWrangler' took 0.104
[2019.11.22-11.48.57:398][870]LogAIModule: Creating AISystem for world NewWorld
[2019.11.22-11.48.57:421][870]LogUObjectHash: Compacting FUObjectHashTables data took   0.50ms
[2019.11.22-11.48.58:790][870]LogSlate: Window 'Delete Assets' being destroyed
[2019.11.22-11.48.58:866][870]LogUObjectHash: Compacting FUObjectHashTables data took   0.49ms
[2019.11.22-11.48.58:891][870]LogUObjectHash: Compacting FUObjectHashTables data took   0.50ms
[2019.11.22-11.48.58:914][870]LogUObjectHash: Compacting FUObjectHashTables data took   0.51ms
[2019.11.22-11.49.03:037][116]LogUObjectHash: Compacting FUObjectHashTables data took   0.57ms
[2019.11.22-11.49.11:056][553]LogSlate: Only BGRA pngs, bmps or icos are supported in by External Image Picker
[2019.11.22-11.49.37:209][103]LogSlate: Prevented a slow task dialog from being summoned while a context menu was open
[2019.11.22-11.49.40:557][228]LogSlate: Prevented a slow task dialog from being summoned while a context menu was open
[2019.11.22-11.50.13:844][219]LogSlate: Window 'Project Settings' being destroyed
[2019.11.22-11.50.13:847][219]LogSlate: Window 'Project Settings' being destroyed
[2019.11.22-11.50.29:562][161]LogSlate: Took 0.000136 seconds to synchronously load lazily loaded font '../../../Engine/Content/Slate/Fonts/Roboto-BoldCondensed.ttf' (158K)
[2019.11.22-11.50.45:957][107]Candidate modules for hot reload:
[2019.11.22-11.50.45:957][107]  VRDigiWrangler
[2019.11.22-11.50.45:958][107]Launching UnrealBuildTool... [C:/Program Files/Epic Games/UE_4.22/Engine/Binaries/DotNET/UnrealBuildTool.exe  -ModuleWithSuffix=VRDigiWrangler,4541 Win64 Development -TargetType=Editor -Project="C:/Users/nesac/Desktop/VRDigiWrangler/VRDigiWrangler.uproject" "C:/Users/nesac/Desktop/VRDigiWrangler/VRDigiWrangler.uproject"  -IgnoreJunk]
[2019.11.22-11.50.56:914][107]CompilerResultsLog: New page: Compilation - Nov 22, 2019, 1:50:56 AM
[2019.11.22-11.50.56:914][107]CompilerResultsLog: Creating makefile for VRDigiWranglerEditor (ini files are newer than makefile)
[2019.11.22-11.50.56:915][107]CompilerResultsLog: Parsing headers for VRDigiWranglerEditor
[2019.11.22-11.50.56:915][107]CompilerResultsLog:   Running UnrealHeaderTool "C:\Users\nesac\Desktop\VRDigiWrangler\VRDigiWrangler.uproject" "C:\Users\nesac\Desktop\VRDigiWrangler\Intermediate\Build\Win64\VRDigiWranglerEditor\Development\VRDigiWranglerEditor.uhtmanifest" -LogCmds="loginit warning, logexit warning, logdatabase error" -Unattended -WarningsAsErrors -installed
[2019.11.22-11.50.56:915][107]CompilerResultsLog: Reflection code generated for VRDigiWranglerEditor in 5.4842218 seconds
[2019.11.22-11.50.56:915][107]CompilerResultsLog: Failed to delete file 'C:\Users\nesac\Desktop\VRDigiWrangler\Binaries\Win64\UE4Editor-VRDigiWrangler.pdb'
[2019.11.22-11.50.56:915][107]CompilerResultsLog:     Exception: Access to the path 'C:\Users\nesac\Desktop\VRDigiWrangler\Binaries\Win64\UE4Editor-VRDigiWrangler.pdb' is denied.
[2019.11.22-11.50.56:915][107]CompilerResultsLog: Attempting to retry...
[2019.11.22-11.50.56:915][107]CompilerResultsLog: Failed to delete file 'C:\Users\nesac\Desktop\VRDigiWrangler\Binaries\Win64\UE4Editor-VRDigiWrangler.pdb'
[2019.11.22-11.50.56:915][107]CompilerResultsLog:     Exception: Access to the path 'C:\Users\nesac\Desktop\VRDigiWrangler\Binaries\Win64\UE4Editor-VRDigiWrangler.pdb' is denied.
[2019.11.22-11.50.56:916][107]CompilerResultsLog: Attempting to retry...
[2019.11.22-11.50.56:916][107]CompilerResultsLog: Failed to delete file 'C:\Users\nesac\Desktop\VRDigiWrangler\Binaries\Win64\UE4Editor-VRDigiWrangler.pdb'
[2019.11.22-11.50.56:916][107]CompilerResultsLog:     Exception: Access to the path 'C:\Users\nesac\Desktop\VRDigiWrangler\Binaries\Win64\UE4Editor-VRDigiWrangler.pdb' is denied.
[2019.11.22-11.50.56:916][107]CompilerResultsLog: ERROR: Exhausted all retries!
[2019.11.22-11.50.56:916][107]CompilerResultsLog: Using Visual Studio 2019 14.23.28105 toolchain (C:\Program Files (x86)\Microsoft Visual Studio\2019\Enterprise\VC\Tools\MSVC\14.23.28105) and Windows 10.0.18362.0 SDK (C:\Program Files (x86)\Windows Kits\10).
[2019.11.22-11.50.56:916][107]CompilerResultsLog: Building 6 actions with 12 processes...
[2019.11.22-11.50.56:916][107]CompilerResultsLog:   [1/6] VRDigiWrangler.init.gen.cpp
[2019.11.22-11.50.56:916][107]CompilerResultsLog:   [2/6] VRGameModeBase.cpp
[2019.11.22-11.50.56:916][107]CompilerResultsLog:   [3/6] VRGameModeBase.gen.cpp
[2019.11.22-11.50.56:916][107]CompilerResultsLog:   [4/6] UE4Editor-VRDigiWrangler-4541.lib
[2019.11.22-11.50.56:916][107]CompilerResultsLog:      Creating library C:\Users\nesac\Desktop\VRDigiWrangler\Intermediate\Build\Win64\UE4Editor\Development\VRDigiWrangler\UE4Editor-VRDigiWrangler-4541.lib and object C:\Users\nesac\Desktop\VRDigiWrangler\Intermediate\Build\Win64\UE4Editor\Development\VRDigiWrangler\UE4Editor-VRDigiWrangler-4541.exp
[2019.11.22-11.50.56:917][107]CompilerResultsLog:   [5/6] UE4Editor-VRDigiWrangler-4541.dll
[2019.11.22-11.50.56:917][107]CompilerResultsLog:      Creating library C:\Users\nesac\Desktop\VRDigiWrangler\Intermediate\Build\Win64\UE4Editor\Development\VRDigiWrangler\UE4Editor-VRDigiWrangler-4541.suppressed.lib and object C:\Users\nesac\Desktop\VRDigiWrangler\Intermediate\Build\Win64\UE4Editor\Development\VRDigiWrangler\UE4Editor-VRDigiWrangler-4541.suppressed.exp
[2019.11.22-11.50.56:917][107]CompilerResultsLog:   [6/6] VRDigiWranglerEditor.target
[2019.11.22-11.50.56:917][107]CompilerResultsLog: Total time in Parallel executor: 1.49 seconds
[2019.11.22-11.50.56:917][107]CompilerResultsLog: Total execution time: 10.86 seconds
[2019.11.22-11.50.56:917][107]LogMainFrame: MainFrame: Module compiling took 10.962 seconds
[2019.11.22-11.50.56:969][107]LogUObjectHash: Compacting FUObjectHashTables data took   2.57ms
[2019.11.22-11.50.56:999][107]LogClass: Could not find existing class VRGameModeBase in package /Script/VRDigiWrangler for HotReload, assuming new class
[2019.11.22-11.50.57:004][107]LogContentBrowser: Native class hierarchy updated for 'VRDigiWrangler' in 0.0004 seconds. Added 4 classes and 3 folders.
[2019.11.22-11.50.57:007][107]Display: HotReload successful (0 functions remapped  0 scriptstructs remapped)
[2019.11.22-11.50.57:175][107]LogUObjectHash: Compacting FUObjectHashTables data took   1.46ms
[2019.11.22-11.50.57:183][107]LogContentBrowser: Native class hierarchy populated in 0.0077 seconds. Added 2737 classes and 664 folders.
[2019.11.22-11.50.57:184][107]Display: HotReload took 11.4s.
[2019.11.22-11.50.57:185][107]Warning: HotReload operation took 11.4s.
[2019.11.22-11.50.57:886][107]LogSlate: Window 'Add C++ Class' being destroyed
[2019.11.22-11.50.57:925][108]LogHotReload: New module detected: UE4Editor-VRDigiWrangler-4541.dll
[2019.11.22-11.50.57:942][109]LogHotReload: Starting Hot-Reload from IDE
[2019.11.22-11.50.57:985][109]LogUObjectHash: Compacting FUObjectHashTables data took   0.58ms
[2019.11.22-11.50.57:988][109]LogContentBrowser: Native class hierarchy updated for 'VRDigiWrangler' in 0.0006 seconds. Added 4 classes and 3 folders.
[2019.11.22-11.50.57:992][109]Display: HotReload successful (0 functions remapped  0 scriptstructs remapped)
[2019.11.22-11.50.58:015][109]LogUObjectHash: Compacting FUObjectHashTables data took   0.58ms
[2019.11.22-11.50.58:023][109]LogContentBrowser: Native class hierarchy populated in 0.0079 seconds. Added 2737 classes and 664 folders.
[2019.11.22-11.50.58:025][109]Display: HotReload took  0.1s.
[2019.11.22-11.52.07:410][  3]Candidate modules for hot reload:
[2019.11.22-11.52.07:410][  3]  VRDigiWrangler
[2019.11.22-11.52.07:411][  3]Launching UnrealBuildTool... [C:/Program Files/Epic Games/UE_4.22/Engine/Binaries/DotNET/UnrealBuildTool.exe  -ModuleWithSuffix=VRDigiWrangler,4864 Win64 Development -TargetType=Editor -Project="C:/Users/nesac/Desktop/VRDigiWrangler/VRDigiWrangler.uproject" "C:/Users/nesac/Desktop/VRDigiWrangler/VRDigiWrangler.uproject"  -IgnoreJunk]
[2019.11.22-11.52.18:230][  3]CompilerResultsLog: New page: Compilation - Nov 22, 2019, 1:52:18 AM
[2019.11.22-11.52.18:230][  3]CompilerResultsLog: Invalidating makefile for VRDigiWranglerEditor (source file added)
[2019.11.22-11.52.18:230][  3]CompilerResultsLog: Parsing headers for VRDigiWranglerEditor
[2019.11.22-11.52.18:230][  3]CompilerResultsLog:   Running UnrealHeaderTool "C:\Users\nesac\Desktop\VRDigiWrangler\VRDigiWrangler.uproject" "C:\Users\nesac\Desktop\VRDigiWrangler\Intermediate\Build\Win64\VRDigiWranglerEditor\Development\VRDigiWranglerEditor.uhtmanifest" -LogCmds="loginit warning, logexit warning, logdatabase error" -Unattended -WarningsAsErrors -installed
[2019.11.22-11.52.18:230][  3]CompilerResultsLog: Reflection code generated for VRDigiWranglerEditor in 5.5399426 seconds
[2019.11.22-11.52.18:231][  3]CompilerResultsLog: Failed to delete file 'C:\Users\nesac\Desktop\VRDigiWrangler\Binaries\Win64\UE4Editor-VRDigiWrangler.pdb'
[2019.11.22-11.52.18:231][  3]CompilerResultsLog:     Exception: Access to the path 'C:\Users\nesac\Desktop\VRDigiWrangler\Binaries\Win64\UE4Editor-VRDigiWrangler.pdb' is denied.
[2019.11.22-11.52.18:231][  3]CompilerResultsLog: Attempting to retry...
[2019.11.22-11.52.18:231][  3]CompilerResultsLog: Failed to delete file 'C:\Users\nesac\Desktop\VRDigiWrangler\Binaries\Win64\UE4Editor-VRDigiWrangler.pdb'
[2019.11.22-11.52.18:231][  3]CompilerResultsLog:     Exception: Access to the path 'C:\Users\nesac\Desktop\VRDigiWrangler\Binaries\Win64\UE4Editor-VRDigiWrangler.pdb' is denied.
[2019.11.22-11.52.18:231][  3]CompilerResultsLog: Attempting to retry...
[2019.11.22-11.52.18:231][  3]CompilerResultsLog: Failed to delete file 'C:\Users\nesac\Desktop\VRDigiWrangler\Binaries\Win64\UE4Editor-VRDigiWrangler.pdb'
[2019.11.22-11.52.18:231][  3]CompilerResultsLog:     Exception: Access to the path 'C:\Users\nesac\Desktop\VRDigiWrangler\Binaries\Win64\UE4Editor-VRDigiWrangler.pdb' is denied.
[2019.11.22-11.52.18:231][  3]CompilerResultsLog: ERROR: Exhausted all retries!
[2019.11.22-11.52.18:231][  3]CompilerResultsLog: Using Visual Studio 2019 14.23.28105 toolchain (C:\Program Files (x86)\Microsoft Visual Studio\2019\Enterprise\VC\Tools\MSVC\14.23.28105) and Windows 10.0.18362.0 SDK (C:\Program Files (x86)\Windows Kits\10).
[2019.11.22-11.52.18:231][  3]CompilerResultsLog: Building 6 actions with 12 processes...
[2019.11.22-11.52.18:231][  3]CompilerResultsLog:   [1/6] VRDigiWrangler.init.gen.cpp
[2019.11.22-11.52.18:231][  3]CompilerResultsLog:   [2/6] VRGameStateBase.cpp
[2019.11.22-11.52.18:232][  3]CompilerResultsLog:   [3/6] VRGameStateBase.gen.cpp
[2019.11.22-11.52.18:232][  3]CompilerResultsLog:   [4/6] UE4Editor-VRDigiWrangler-4864.lib
[2019.11.22-11.52.18:232][  3]CompilerResultsLog:      Creating library C:\Users\nesac\Desktop\VRDigiWrangler\Intermediate\Build\Win64\UE4Editor\Development\VRDigiWrangler\UE4Editor-VRDigiWrangler-4864.lib and object C:\Users\nesac\Desktop\VRDigiWrangler\Intermediate\Build\Win64\UE4Editor\Development\VRDigiWrangler\UE4Editor-VRDigiWrangler-4864.exp
[2019.11.22-11.52.18:232][  3]CompilerResultsLog:   [5/6] UE4Editor-VRDigiWrangler-4864.dll
[2019.11.22-11.52.18:232][  3]CompilerResultsLog:      Creating library C:\Users\nesac\Desktop\VRDigiWrangler\Intermediate\Build\Win64\UE4Editor\Development\VRDigiWrangler\UE4Editor-VRDigiWrangler-4864.suppressed.lib and object C:\Users\nesac\Desktop\VRDigiWrangler\Intermediate\Build\Win64\UE4Editor\Development\VRDigiWrangler\UE4Editor-VRDigiWrangler-4864.suppressed.exp
[2019.11.22-11.52.18:232][  3]CompilerResultsLog:   [6/6] VRDigiWranglerEditor.target
[2019.11.22-11.52.18:232][  3]CompilerResultsLog: Total time in Parallel executor: 1.46 seconds
[2019.11.22-11.52.18:232][  3]CompilerResultsLog: Total execution time: 10.74 seconds
[2019.11.22-11.52.18:232][  3]LogMainFrame: MainFrame: Module compiling took 10.824 seconds
[2019.11.22-11.52.18:256][  3]LogUObjectHash: Compacting FUObjectHashTables data took   0.69ms
[2019.11.22-11.52.18:294][  3]LogClass: Could not find existing class VRGameStateBase in package /Script/VRDigiWrangler for HotReload, assuming new class
[2019.11.22-11.52.18:300][  3]LogContentBrowser: Native class hierarchy updated for 'VRDigiWrangler' in 0.0006 seconds. Added 5 classes and 3 folders.
[2019.11.22-11.52.18:303][  3]Display: HotReload successful (0 functions remapped  0 scriptstructs remapped)
[2019.11.22-11.52.18:357][  3]LogUObjectHash: Compacting FUObjectHashTables data took   2.19ms
[2019.11.22-11.52.18:366][  3]LogContentBrowser: Native class hierarchy populated in 0.0084 seconds. Added 2738 classes and 664 folders.
[2019.11.22-11.52.18:366][  3]Display: HotReload took 11.0s.
[2019.11.22-11.52.18:367][  3]Warning: HotReload operation took 11.0s.
[2019.11.22-11.52.19:149][  3]LogSlate: Window 'Add C++ Class' being destroyed
[2019.11.22-11.52.19:159][  3]LogHotReload: New module detected: UE4Editor-VRDigiWrangler-4864.dll
[2019.11.22-11.52.19:194][  4]LogHotReload: Starting Hot-Reload from IDE
[2019.11.22-11.52.19:237][  4]LogUObjectHash: Compacting FUObjectHashTables data took   0.58ms
[2019.11.22-11.52.19:242][  4]LogContentBrowser: Native class hierarchy updated for 'VRDigiWrangler' in 0.0005 seconds. Added 5 classes and 3 folders.
[2019.11.22-11.52.19:246][  4]Display: HotReload successful (0 functions remapped  0 scriptstructs remapped)
[2019.11.22-11.52.19:269][  4]LogUObjectHash: Compacting FUObjectHashTables data took   0.58ms
[2019.11.22-11.52.19:277][  4]LogContentBrowser: Native class hierarchy populated in 0.0078 seconds. Added 2738 classes and 664 folders.
[2019.11.22-11.52.19:279][  4]Display: HotReload took  0.1s.
